SF:/Users/dan/dev/callisto/callisto/src/authentication.rs
FN:381,_RINvXNvXNvNtCs4o3bEHjQXtz_8callisto14authentications3_1__NtB8_19GoogleTokenResponseNtNtCslPV0GBxWL6G_5serde2de11Deserialize11deserializeNtB3_14___FieldVisitorNtB1l_7Visitor9visit_strNtNtCsluz68QKaPup_10serde_json5error5ErrorECsbvs0OSPDwx5_8callisto
FN:391,_RINvXNvXNvNtCs4o3bEHjQXtz_8callisto14authentications4_1__NtB8_16GooglePublicKeysNtNtCslPV0GBxWL6G_5serde2de11Deserialize11deserializeNtB3_14___FieldVisitorNtB1i_7Visitor9visit_strNtNtCsluz68QKaPup_10serde_json5error5ErrorECsbvs0OSPDwx5_8callisto
FN:396,_RINvXNvXNvNtCs4o3bEHjQXtz_8callisto14authentications5_1__NtB8_15GooglePublicKeyNtNtCslPV0GBxWL6G_5serde2de11Deserialize11deserializeNtB3_14___FieldVisitorNtB1h_7Visitor9visit_strNtNtCsluz68QKaPup_10serde_json5error5ErrorECsbvs0OSPDwx5_8callisto
FN:360,_RINvXNvXNvNtCs4o3bEHjQXtz_8callisto14authentications_1__NtB8_12GoogleClaimsNtNtCslPV0GBxWL6G_5serde2de11Deserialize11deserializeNtB3_14___FieldVisitorNtB1d_7Visitor9visit_strNtNtCsluz68QKaPup_10serde_json5error5ErrorECsbvs0OSPDwx5_8callisto
FN:381,_RINvXs0_NvXNvNtCs4o3bEHjQXtz_8callisto14authentications3_1__NtBb_19GoogleTokenResponseNtNtCslPV0GBxWL6G_5serde2de11Deserialize11deserializeNtB6_9___VisitorNtB1o_7Visitor9visit_mapINtNtCsluz68QKaPup_10serde_json2de9MapAccessNtNtB2W_4read7StrReadEECsbvs0OSPDwx5_8callisto
FN:381,_RINvXs0_NvXNvNtCs4o3bEHjQXtz_8callisto14authentications3_1__NtBb_19GoogleTokenResponseNtNtCslPV0GBxWL6G_5serde2de11Deserialize11deserializeNtB6_9___VisitorNtB1o_7Visitor9visit_seqINtNtCsluz68QKaPup_10serde_json2de9SeqAccessNtNtB2W_4read7StrReadEECsbvs0OSPDwx5_8callisto
FN:391,_RINvXs0_NvXNvNtCs4o3bEHjQXtz_8callisto14authentications4_1__NtBb_16GooglePublicKeysNtNtCslPV0GBxWL6G_5serde2de11Deserialize11deserializeNtB6_9___VisitorNtB1l_7Visitor9visit_mapINtNtCsluz68QKaPup_10serde_json2de9MapAccessNtNtB2T_4read7StrReadEECsbvs0OSPDwx5_8callisto
FN:391,_RINvXs0_NvXNvNtCs4o3bEHjQXtz_8callisto14authentications4_1__NtBb_16GooglePublicKeysNtNtCslPV0GBxWL6G_5serde2de11Deserialize11deserializeNtB6_9___VisitorNtB1l_7Visitor9visit_seqINtNtCsluz68QKaPup_10serde_json2de9SeqAccessNtNtB2T_4read7StrReadEECsbvs0OSPDwx5_8callisto
FN:396,_RINvXs0_NvXNvNtCs4o3bEHjQXtz_8callisto14authentications5_1__NtBb_15GooglePublicKeyNtNtCslPV0GBxWL6G_5serde2de11Deserialize11deserializeNtB6_9___VisitorNtB1k_7Visitor9visit_mapINtNtCsluz68QKaPup_10serde_json2de9MapAccessNtNtB2S_4read7StrReadEECsbvs0OSPDwx5_8callisto
FN:396,_RINvXs0_NvXNvNtCs4o3bEHjQXtz_8callisto14authentications5_1__NtBb_15GooglePublicKeyNtNtCslPV0GBxWL6G_5serde2de11Deserialize11deserializeNtB6_9___VisitorNtB1k_7Visitor9visit_seqINtNtCsluz68QKaPup_10serde_json2de9SeqAccessNtNtB2S_4read7StrReadEECsbvs0OSPDwx5_8callisto
FN:360,_RINvXs0_NvXNvNtCs4o3bEHjQXtz_8callisto14authentications_1__NtBb_12GoogleClaimsNtNtCslPV0GBxWL6G_5serde2de11Deserialize11deserializeNtB6_9___VisitorNtB1g_7Visitor9visit_mapINtNtCsluz68QKaPup_10serde_json2de9MapAccessNtNtB2O_4read9SliceReadEECsbvs0OSPDwx5_8callisto
FN:360,_RINvXs0_NvXNvNtCs4o3bEHjQXtz_8callisto14authentications_1__NtBb_12GoogleClaimsNtNtCslPV0GBxWL6G_5serde2de11Deserialize11deserializeNtB6_9___VisitorNtB1g_7Visitor9visit_seqINtNtCsluz68QKaPup_10serde_json2de9SeqAccessNtNtB2O_4read9SliceReadEECsbvs0OSPDwx5_8callisto
FN:381,_RINvXs_NvXNvNtCs4o3bEHjQXtz_8callisto14authentications3_1__NtBa_19GoogleTokenResponseNtNtCslPV0GBxWL6G_5serde2de11Deserialize11deserializeNtB5_7___FieldB1l_11deserializeINtNtCsluz68QKaPup_10serde_json2de6MapKeyNtNtB2M_4read7StrReadEECsbvs0OSPDwx5_8callisto
FN:391,_RINvXs_NvXNvNtCs4o3bEHjQXtz_8callisto14authentications4_1__NtBa_16GooglePublicKeysNtNtCslPV0GBxWL6G_5serde2de11Deserialize11deserializeNtB5_7___FieldB1i_11deserializeINtNtCsluz68QKaPup_10serde_json2de6MapKeyNtNtB2J_4read7StrReadEECsbvs0OSPDwx5_8callisto
FN:396,_RINvXs_NvXNvNtCs4o3bEHjQXtz_8callisto14authentications5_1__NtBa_15GooglePublicKeyNtNtCslPV0GBxWL6G_5serde2de11Deserialize11deserializeNtB5_7___FieldB1h_11deserializeINtNtCsluz68QKaPup_10serde_json2de6MapKeyNtNtB2I_4read7StrReadEECsbvs0OSPDwx5_8callisto
FN:360,_RINvXs_NvXNvNtCs4o3bEHjQXtz_8callisto14authentications_1__NtBa_12GoogleClaimsNtNtCslPV0GBxWL6G_5serde2de11Deserialize11deserializeNtB5_7___FieldB1d_11deserializeINtNtCsluz68QKaPup_10serde_json2de6MapKeyNtNtB2E_4read9SliceReadEECsbvs0OSPDwx5_8callisto
FN:93,_RNCNCNvMNtCs4o3bEHjQXtz_8callisto14authenticationNtB6_13Authenticator24authenticate_google_user00Csbvs0OSPDwx5_8callisto
FN:116,_RNCNCNvMNtCs4o3bEHjQXtz_8callisto14authenticationNtB6_13Authenticator24authenticate_google_user0s0_0Csbvs0OSPDwx5_8callisto
FN:122,_RNCNCNvMNtCs4o3bEHjQXtz_8callisto14authenticationNtB6_13Authenticator24authenticate_google_user0s1_0Csbvs0OSPDwx5_8callisto
FN:133,_RNCNCNvMNtCs4o3bEHjQXtz_8callisto14authenticationNtB6_13Authenticator24authenticate_google_user0s2_0Csbvs0OSPDwx5_8callisto
FN:106,_RNCNCNvMNtCs4o3bEHjQXtz_8callisto14authenticationNtB6_13Authenticator24authenticate_google_user0s_0Csbvs0OSPDwx5_8callisto
FN:255,_RNCNCNvMNtCs4o3bEHjQXtz_8callisto14authenticationNtB6_13Authenticator24fetch_google_public_keys00Csbvs0OSPDwx5_8callisto
FN:36,_RNCNCNvMNtCs4o3bEHjQXtz_8callisto14authenticationNtB6_13Authenticator3new00Csbvs0OSPDwx5_8callisto
FN:289,_RNCNCNvNtCs4o3bEHjQXtz_8callisto14authentication31load_authorized_users_from_file00Csbvs0OSPDwx5_8callisto
FN:317,_RNCNCNvNtCs4o3bEHjQXtz_8callisto14authentication31load_authorized_users_from_file0s0_0Csbvs0OSPDwx5_8callisto
FN:308,_RNCNCNvNtCs4o3bEHjQXtz_8callisto14authentication31load_authorized_users_from_file0s_0Csbvs0OSPDwx5_8callisto
FN:199,_RNCNvMNtCs4o3bEHjQXtz_8callisto14authenticationNtB4_13Authenticator19check_authorization0Csbvs0OSPDwx5_8callisto
FN:58,_RNCNvMNtCs4o3bEHjQXtz_8callisto14authenticationNtB4_13Authenticator24authenticate_google_user0Csbvs0OSPDwx5_8callisto
FN:238,_RNCNvMNtCs4o3bEHjQXtz_8callisto14authenticationNtB4_13Authenticator24fetch_google_public_keys0Csbvs0OSPDwx5_8callisto
FN:35,_RNCNvMNtCs4o3bEHjQXtz_8callisto14authenticationNtB4_13Authenticator3new0Csbvs0OSPDwx5_8callisto
FN:287,_RNCNvNtCs4o3bEHjQXtz_8callisto14authentication31load_authorized_users_from_file0Csbvs0OSPDwx5_8callisto
FN:35,_RNvMNtCs4o3bEHjQXtz_8callisto14authenticationNtB2_13Authenticator3new
FN:55,_RNvMNtCs4o3bEHjQXtz_8callisto14authenticationNtB2_13Authenticator24authenticate_google_user
FN:188,_RNvMNtCs4o3bEHjQXtz_8callisto14authenticationNtB2_13Authenticator20validate_session_key
FN:196,_RNvMNtCs4o3bEHjQXtz_8callisto14authenticationNtB2_13Authenticator19check_authorization
FN:238,_RNvMNtCs4o3bEHjQXtz_8callisto14authenticationNtB2_13Authenticator24fetch_google_public_keys
FN:266,_RNvNtCs4o3bEHjQXtz_8callisto14authentication33load_google_credentials_from_file
FN:284,_RNvNtCs4o3bEHjQXtz_8callisto14authentication31load_authorized_users_from_file
FN:343,_RNvXs0_NtCs4o3bEHjQXtz_8callisto14authenticationNtB5_17TokenTimeoutErrorNtNtCslxZGBWDpKxU_4core3fmt7Display3fmt
FN:352,_RNvXs1_NtCs4o3bEHjQXtz_8callisto14authenticationNtB5_15InvalidKeyErrorNtNtCslxZGBWDpKxU_4core3fmt7Display3fmt
FN:360,_RNvXNvXNvNtCs4o3bEHjQXtz_8callisto14authentications_1__NtB7_12GoogleClaimsNtNtCslPV0GBxWL6G_5serde2de11Deserialize11deserializeNtB2_14___FieldVisitorNtB1c_7Visitor9expecting
FN:360,_RNvXs0_NvXNvNtCs4o3bEHjQXtz_8callisto14authentications_1__NtBa_12GoogleClaimsNtNtCslPV0GBxWL6G_5serde2de11Deserialize11deserializeNtB5_9___VisitorNtB1f_7Visitor9expecting
FN:372,_RNvXNvXNvNtCs4o3bEHjQXtz_8callisto14authentications1_1__NtB7_18GoogleTokenRequestNtNtCslPV0GBxWL6G_5serde2de11Deserialize11deserializeNtB2_14___FieldVisitorNtB1j_7Visitor9expecting
FN:372,_RNvXs0_NvXNvNtCs4o3bEHjQXtz_8callisto14authentications1_1__NtBa_18GoogleTokenRequestNtNtCslPV0GBxWL6G_5serde2de11Deserialize11deserializeNtB5_9___VisitorNtB1m_7Visitor9expecting
FN:381,_RNvXNvXNvNtCs4o3bEHjQXtz_8callisto14authentications3_1__NtB7_19GoogleTokenResponseNtNtCslPV0GBxWL6G_5serde2de11Deserialize11deserializeNtB2_14___FieldVisitorNtB1k_7Visitor9expecting
FN:381,_RNvXs0_NvXNvNtCs4o3bEHjQXtz_8callisto14authentications3_1__NtBa_19GoogleTokenResponseNtNtCslPV0GBxWL6G_5serde2de11Deserialize11deserializeNtB5_9___VisitorNtB1n_7Visitor9expecting
FN:391,_RNvXNvXNvNtCs4o3bEHjQXtz_8callisto14authentications4_1__NtB7_16GooglePublicKeysNtNtCslPV0GBxWL6G_5serde2de11Deserialize11deserializeNtB2_14___FieldVisitorNtB1h_7Visitor9expecting
FN:391,_RNvXs0_NvXNvNtCs4o3bEHjQXtz_8callisto14authentications4_1__NtBa_16GooglePublicKeysNtNtCslPV0GBxWL6G_5serde2de11Deserialize11deserializeNtB5_9___VisitorNtB1k_7Visitor9expecting
FN:396,_RNvXNvXNvNtCs4o3bEHjQXtz_8callisto14authentications5_1__NtB7_15GooglePublicKeyNtNtCslPV0GBxWL6G_5serde2de11Deserialize11deserializeNtB2_14___FieldVisitorNtB1g_7Visitor9expecting
FN:396,_RNvXs0_NvXNvNtCs4o3bEHjQXtz_8callisto14authentications5_1__NtBa_15GooglePublicKeyNtNtCslPV0GBxWL6G_5serde2de11Deserialize11deserializeNtB5_9___VisitorNtB1j_7Visitor9expecting
FN:404,_RNvXNvXNvNtCs4o3bEHjQXtz_8callisto14authentications6_1__NtB7_17GoogleCredentialsNtNtCslPV0GBxWL6G_5serde2de11Deserialize11deserializeNtB2_14___FieldVisitorNtB1i_7Visitor9expecting
FN:404,_RNvXs0_NvXNvNtCs4o3bEHjQXtz_8callisto14authentications6_1__NtBa_17GoogleCredentialsNtNtCslPV0GBxWL6G_5serde2de11Deserialize11deserializeNtB5_9___VisitorNtB1l_7Visitor9expecting
FN:415,_RNvXNvXNvNtCs4o3bEHjQXtz_8callisto14authentications7_1__NtB7_15GoogleCredsJsonNtNtCslPV0GBxWL6G_5serde2de11Deserialize11deserializeNtB2_14___FieldVisitorNtB1g_7Visitor9expecting
FN:415,_RNvXs0_NvXNvNtCs4o3bEHjQXtz_8callisto14authentications7_1__NtBa_15GoogleCredsJsonNtNtCslPV0GBxWL6G_5serde2de11Deserialize11deserializeNtB5_9___VisitorNtB1j_7Visitor9expecting
FN:267,_RNCNvNtCs4o3bEHjQXtz_8callisto14authentication33load_google_credentials_from_file0B5_
FN:274,_RNCNvNtCs4o3bEHjQXtz_8callisto14authentication33load_google_credentials_from_files_0B5_
FN:404,_RINvXNvXNvNtCs4o3bEHjQXtz_8callisto14authentications6_1__NtB8_17GoogleCredentialsNtNtCslPV0GBxWL6G_5serde2de11Deserialize11deserializeNtB3_14___FieldVisitorNtB1j_7Visitor9visit_strNtNtCsluz68QKaPup_10serde_json5error5ErrorEBa_
FN:404,_RINvXs_NvXNvNtCs4o3bEHjQXtz_8callisto14authentications6_1__NtBa_17GoogleCredentialsNtNtCslPV0GBxWL6G_5serde2de11Deserialize11deserializeNtB5_7___FieldB1j_11deserializeINtNtCsluz68QKaPup_10serde_json2de6MapKeyINtNtB2K_4read6IoReadINtNtNtNtCsiCh6V8dk32N_3std2io8buffered9bufreader9BufReaderNtNtB3O_2fs4FileEEEEBc_
FN:404,_RINvXs0_NvXNvNtCs4o3bEHjQXtz_8callisto14authentications6_1__NtBb_17GoogleCredentialsNtNtCslPV0GBxWL6G_5serde2de11Deserialize11deserializeNtB6_9___VisitorNtB1m_7Visitor9visit_seqINtNtCsluz68QKaPup_10serde_json2de9SeqAccessINtNtB2U_4read6IoReadINtNtNtNtCsiCh6V8dk32N_3std2io8buffered9bufreader9BufReaderNtNtB41_2fs4FileEEEEBd_
FN:404,_RINvXs0_NvXNvNtCs4o3bEHjQXtz_8callisto14authentications6_1__NtBb_17GoogleCredentialsNtNtCslPV0GBxWL6G_5serde2de11Deserialize11deserializeNtB6_9___VisitorNtB1m_7Visitor9visit_mapINtNtCsluz68QKaPup_10serde_json2de9MapAccessINtNtB2U_4read6IoReadINtNtNtNtCsiCh6V8dk32N_3std2io8buffered9bufreader9BufReaderNtNtB41_2fs4FileEEEEBd_
FN:415,_RINvXNvXNvNtCs4o3bEHjQXtz_8callisto14authentications7_1__NtB8_15GoogleCredsJsonNtNtCslPV0GBxWL6G_5serde2de11Deserialize11deserializeNtB3_14___FieldVisitorNtB1h_7Visitor9visit_strNtNtCsluz68QKaPup_10serde_json5error5ErrorEBa_
FN:415,_RINvXs_NvXNvNtCs4o3bEHjQXtz_8callisto14authentications7_1__NtBa_15GoogleCredsJsonNtNtCslPV0GBxWL6G_5serde2de11Deserialize11deserializeNtB5_7___FieldB1h_11deserializeINtNtCsluz68QKaPup_10serde_json2de6MapKeyINtNtB2I_4read6IoReadINtNtNtNtCsiCh6V8dk32N_3std2io8buffered9bufreader9BufReaderNtNtB3M_2fs4FileEEEEBc_
FN:415,_RINvXs0_NvXNvNtCs4o3bEHjQXtz_8callisto14authentications7_1__NtBb_15GoogleCredsJsonNtNtCslPV0GBxWL6G_5serde2de11Deserialize11deserializeNtB6_9___VisitorNtB1k_7Visitor9visit_seqINtNtCsluz68QKaPup_10serde_json2de9SeqAccessINtNtB2S_4read6IoReadINtNtNtNtCsiCh6V8dk32N_3std2io8buffered9bufreader9BufReaderNtNtB3Z_2fs4FileEEEEBd_
FN:415,_RINvXs0_NvXNvNtCs4o3bEHjQXtz_8callisto14authentications7_1__NtBb_15GoogleCredsJsonNtNtCslPV0GBxWL6G_5serde2de11Deserialize11deserializeNtB6_9___VisitorNtB1k_7Visitor9visit_mapINtNtCsluz68QKaPup_10serde_json2de9MapAccessINtNtB2S_4read6IoReadINtNtNtNtCsiCh6V8dk32N_3std2io8buffered9bufreader9BufReaderNtNtB3Z_2fs4FileEEEEBd_
FN:35,_RNCNvMNtCs4o3bEHjQXtz_8callisto14authenticationNtB4_13Authenticator3new0B6_
FN:36,_RNCNCNvMNtCs4o3bEHjQXtz_8callisto14authenticationNtB6_13Authenticator3new00B8_
FN:58,_RNCNvMNtCs4o3bEHjQXtz_8callisto14authenticationNtB4_13Authenticator24authenticate_google_user0B6_
FN:93,_RNCNCNvMNtCs4o3bEHjQXtz_8callisto14authenticationNtB6_13Authenticator24authenticate_google_user00B8_
FN:106,_RNCNCNvMNtCs4o3bEHjQXtz_8callisto14authenticationNtB6_13Authenticator24authenticate_google_user0s_0B8_
FN:116,_RNCNCNvMNtCs4o3bEHjQXtz_8callisto14authenticationNtB6_13Authenticator24authenticate_google_user0s0_0B8_
FN:122,_RNCNCNvMNtCs4o3bEHjQXtz_8callisto14authenticationNtB6_13Authenticator24authenticate_google_user0s1_0B8_
FN:133,_RNCNCNvMNtCs4o3bEHjQXtz_8callisto14authenticationNtB6_13Authenticator24authenticate_google_user0s2_0B8_
FN:199,_RNCNvMNtCs4o3bEHjQXtz_8callisto14authenticationNtB4_13Authenticator19check_authorization0B6_
FN:238,_RNCNvMNtCs4o3bEHjQXtz_8callisto14authenticationNtB4_13Authenticator24fetch_google_public_keys0B6_
FN:255,_RNCNCNvMNtCs4o3bEHjQXtz_8callisto14authenticationNtB6_13Authenticator24fetch_google_public_keys00B8_
FN:287,_RNCNvNtCs4o3bEHjQXtz_8callisto14authentication31load_authorized_users_from_file0B5_
FN:289,_RNCNCNvNtCs4o3bEHjQXtz_8callisto14authentication31load_authorized_users_from_file00B7_
FN:308,_RNCNCNvNtCs4o3bEHjQXtz_8callisto14authentication31load_authorized_users_from_file0s_0B7_
FN:317,_RNCNCNvNtCs4o3bEHjQXtz_8callisto14authentication31load_authorized_users_from_file0s0_0B7_
FN:360,_RINvXNvXNvNtCs4o3bEHjQXtz_8callisto14authentications_1__NtB8_12GoogleClaimsNtNtCslPV0GBxWL6G_5serde2de11Deserialize11deserializeNtB3_14___FieldVisitorNtB1d_7Visitor9visit_u64pEBa_
FN:360,_RINvXNvXNvNtCs4o3bEHjQXtz_8callisto14authentications_1__NtB8_12GoogleClaimsNtNtCslPV0GBxWL6G_5serde2de11Deserialize11deserializeNtB3_14___FieldVisitorNtB1d_7Visitor9visit_strpEBa_
FN:360,_RINvXNvXNvNtCs4o3bEHjQXtz_8callisto14authentications_1__NtB8_12GoogleClaimsNtNtCslPV0GBxWL6G_5serde2de11Deserialize11deserializeNtB3_14___FieldVisitorNtB1d_7Visitor11visit_bytespEBa_
FN:360,_RINvXs_NvXNvNtCs4o3bEHjQXtz_8callisto14authentications_1__NtBa_12GoogleClaimsNtNtCslPV0GBxWL6G_5serde2de11Deserialize11deserializeNtB5_7___FieldB1d_11deserializepEBc_
FN:360,_RINvXs0_NvXNvNtCs4o3bEHjQXtz_8callisto14authentications_1__NtBb_12GoogleClaimsNtNtCslPV0GBxWL6G_5serde2de11Deserialize11deserializeNtB6_9___VisitorNtB1g_7Visitor9visit_seqpEBd_
FN:360,_RINvXs0_NvXNvNtCs4o3bEHjQXtz_8callisto14authentications_1__NtBb_12GoogleClaimsNtNtCslPV0GBxWL6G_5serde2de11Deserialize11deserializeNtB6_9___VisitorNtB1g_7Visitor9visit_mappEBd_
FN:372,_RINvXNvXNvNtCs4o3bEHjQXtz_8callisto14authentications1_1__NtB8_18GoogleTokenRequestNtNtCslPV0GBxWL6G_5serde2de11Deserialize11deserializeNtB3_14___FieldVisitorNtB1k_7Visitor9visit_u64pEBa_
FN:372,_RINvXNvXNvNtCs4o3bEHjQXtz_8callisto14authentications1_1__NtB8_18GoogleTokenRequestNtNtCslPV0GBxWL6G_5serde2de11Deserialize11deserializeNtB3_14___FieldVisitorNtB1k_7Visitor9visit_strpEBa_
FN:372,_RINvXNvXNvNtCs4o3bEHjQXtz_8callisto14authentications1_1__NtB8_18GoogleTokenRequestNtNtCslPV0GBxWL6G_5serde2de11Deserialize11deserializeNtB3_14___FieldVisitorNtB1k_7Visitor11visit_bytespEBa_
FN:372,_RINvXs_NvXNvNtCs4o3bEHjQXtz_8callisto14authentications1_1__NtBa_18GoogleTokenRequestNtNtCslPV0GBxWL6G_5serde2de11Deserialize11deserializeNtB5_7___FieldB1k_11deserializepEBc_
FN:372,_RINvXs0_NvXNvNtCs4o3bEHjQXtz_8callisto14authentications1_1__NtBb_18GoogleTokenRequestNtNtCslPV0GBxWL6G_5serde2de11Deserialize11deserializeNtB6_9___VisitorNtB1n_7Visitor9visit_seqpEBd_
FN:372,_RINvXs0_NvXNvNtCs4o3bEHjQXtz_8callisto14authentications1_1__NtBb_18GoogleTokenRequestNtNtCslPV0GBxWL6G_5serde2de11Deserialize11deserializeNtB6_9___VisitorNtB1n_7Visitor9visit_mappEBd_
FN:381,_RINvXNvXNvNtCs4o3bEHjQXtz_8callisto14authentications3_1__NtB8_19GoogleTokenResponseNtNtCslPV0GBxWL6G_5serde2de11Deserialize11deserializeNtB3_14___FieldVisitorNtB1l_7Visitor9visit_u64pEBa_
FN:381,_RINvXNvXNvNtCs4o3bEHjQXtz_8callisto14authentications3_1__NtB8_19GoogleTokenResponseNtNtCslPV0GBxWL6G_5serde2de11Deserialize11deserializeNtB3_14___FieldVisitorNtB1l_7Visitor9visit_strpEBa_
FN:381,_RINvXNvXNvNtCs4o3bEHjQXtz_8callisto14authentications3_1__NtB8_19GoogleTokenResponseNtNtCslPV0GBxWL6G_5serde2de11Deserialize11deserializeNtB3_14___FieldVisitorNtB1l_7Visitor11visit_bytespEBa_
FN:381,_RINvXs_NvXNvNtCs4o3bEHjQXtz_8callisto14authentications3_1__NtBa_19GoogleTokenResponseNtNtCslPV0GBxWL6G_5serde2de11Deserialize11deserializeNtB5_7___FieldB1l_11deserializepEBc_
FN:381,_RINvXs0_NvXNvNtCs4o3bEHjQXtz_8callisto14authentications3_1__NtBb_19GoogleTokenResponseNtNtCslPV0GBxWL6G_5serde2de11Deserialize11deserializeNtB6_9___VisitorNtB1o_7Visitor9visit_seqpEBd_
FN:381,_RINvXs0_NvXNvNtCs4o3bEHjQXtz_8callisto14authentications3_1__NtBb_19GoogleTokenResponseNtNtCslPV0GBxWL6G_5serde2de11Deserialize11deserializeNtB6_9___VisitorNtB1o_7Visitor9visit_mappEBd_
FN:391,_RINvXNvXNvNtCs4o3bEHjQXtz_8callisto14authentications4_1__NtB8_16GooglePublicKeysNtNtCslPV0GBxWL6G_5serde2de11Deserialize11deserializeNtB3_14___FieldVisitorNtB1i_7Visitor9visit_u64pEBa_
FN:391,_RINvXNvXNvNtCs4o3bEHjQXtz_8callisto14authentications4_1__NtB8_16GooglePublicKeysNtNtCslPV0GBxWL6G_5serde2de11Deserialize11deserializeNtB3_14___FieldVisitorNtB1i_7Visitor9visit_strpEBa_
FN:391,_RINvXNvXNvNtCs4o3bEHjQXtz_8callisto14authentications4_1__NtB8_16GooglePublicKeysNtNtCslPV0GBxWL6G_5serde2de11Deserialize11deserializeNtB3_14___FieldVisitorNtB1i_7Visitor11visit_bytespEBa_
FN:391,_RINvXs_NvXNvNtCs4o3bEHjQXtz_8callisto14authentications4_1__NtBa_16GooglePublicKeysNtNtCslPV0GBxWL6G_5serde2de11Deserialize11deserializeNtB5_7___FieldB1i_11deserializepEBc_
FN:391,_RINvXs0_NvXNvNtCs4o3bEHjQXtz_8callisto14authentications4_1__NtBb_16GooglePublicKeysNtNtCslPV0GBxWL6G_5serde2de11Deserialize11deserializeNtB6_9___VisitorNtB1l_7Visitor9visit_seqpEBd_
FN:391,_RINvXs0_NvXNvNtCs4o3bEHjQXtz_8callisto14authentications4_1__NtBb_16GooglePublicKeysNtNtCslPV0GBxWL6G_5serde2de11Deserialize11deserializeNtB6_9___VisitorNtB1l_7Visitor9visit_mappEBd_
FN:396,_RINvXNvXNvNtCs4o3bEHjQXtz_8callisto14authentications5_1__NtB8_15GooglePublicKeyNtNtCslPV0GBxWL6G_5serde2de11Deserialize11deserializeNtB3_14___FieldVisitorNtB1h_7Visitor9visit_u64pEBa_
FN:396,_RINvXNvXNvNtCs4o3bEHjQXtz_8callisto14authentications5_1__NtB8_15GooglePublicKeyNtNtCslPV0GBxWL6G_5serde2de11Deserialize11deserializeNtB3_14___FieldVisitorNtB1h_7Visitor9visit_strpEBa_
FN:396,_RINvXNvXNvNtCs4o3bEHjQXtz_8callisto14authentications5_1__NtB8_15GooglePublicKeyNtNtCslPV0GBxWL6G_5serde2de11Deserialize11deserializeNtB3_14___FieldVisitorNtB1h_7Visitor11visit_bytespEBa_
FN:396,_RINvXs_NvXNvNtCs4o3bEHjQXtz_8callisto14authentications5_1__NtBa_15GooglePublicKeyNtNtCslPV0GBxWL6G_5serde2de11Deserialize11deserializeNtB5_7___FieldB1h_11deserializepEBc_
FN:396,_RINvXs0_NvXNvNtCs4o3bEHjQXtz_8callisto14authentications5_1__NtBb_15GooglePublicKeyNtNtCslPV0GBxWL6G_5serde2de11Deserialize11deserializeNtB6_9___VisitorNtB1k_7Visitor9visit_seqpEBd_
FN:396,_RINvXs0_NvXNvNtCs4o3bEHjQXtz_8callisto14authentications5_1__NtBb_15GooglePublicKeyNtNtCslPV0GBxWL6G_5serde2de11Deserialize11deserializeNtB6_9___VisitorNtB1k_7Visitor9visit_mappEBd_
FN:404,_RINvXNvXNvNtCs4o3bEHjQXtz_8callisto14authentications6_1__NtB8_17GoogleCredentialsNtNtCslPV0GBxWL6G_5serde2de11Deserialize11deserializeNtB3_14___FieldVisitorNtB1j_7Visitor9visit_u64pEBa_
FN:404,_RINvXNvXNvNtCs4o3bEHjQXtz_8callisto14authentications6_1__NtB8_17GoogleCredentialsNtNtCslPV0GBxWL6G_5serde2de11Deserialize11deserializeNtB3_14___FieldVisitorNtB1j_7Visitor11visit_bytespEBa_
FN:415,_RINvXNvXNvNtCs4o3bEHjQXtz_8callisto14authentications7_1__NtB8_15GoogleCredsJsonNtNtCslPV0GBxWL6G_5serde2de11Deserialize11deserializeNtB3_14___FieldVisitorNtB1h_7Visitor9visit_u64pEBa_
FN:415,_RINvXNvXNvNtCs4o3bEHjQXtz_8callisto14authentications7_1__NtB8_15GoogleCredsJsonNtNtCslPV0GBxWL6G_5serde2de11Deserialize11deserializeNtB3_14___FieldVisitorNtB1h_7Visitor11visit_bytespEBa_
FN:284,_RNvNtCsbIW9GKplEdi_8callisto14authentication31load_authorized_users_from_file
FN:35,_RNvMNtCsbIW9GKplEdi_8callisto14authenticationNtB2_13Authenticator3new
FN:35,_RNCNvMNtCsbIW9GKplEdi_8callisto14authenticationNtB4_13Authenticator3new0B6_
FN:36,_RNCNCNvMNtCsbIW9GKplEdi_8callisto14authenticationNtB6_13Authenticator3new00B8_
FN:55,_RNvMNtCsbIW9GKplEdi_8callisto14authenticationNtB2_13Authenticator24authenticate_google_user
FN:58,_RNCNvMNtCsbIW9GKplEdi_8callisto14authenticationNtB4_13Authenticator24authenticate_google_user0B6_
FN:93,_RNCNCNvMNtCsbIW9GKplEdi_8callisto14authenticationNtB6_13Authenticator24authenticate_google_user00B8_
FN:106,_RNCNCNvMNtCsbIW9GKplEdi_8callisto14authenticationNtB6_13Authenticator24authenticate_google_user0s_0B8_
FN:116,_RNCNCNvMNtCsbIW9GKplEdi_8callisto14authenticationNtB6_13Authenticator24authenticate_google_user0s0_0B8_
FN:122,_RNCNCNvMNtCsbIW9GKplEdi_8callisto14authenticationNtB6_13Authenticator24authenticate_google_user0s1_0B8_
FN:133,_RNCNCNvMNtCsbIW9GKplEdi_8callisto14authenticationNtB6_13Authenticator24authenticate_google_user0s2_0B8_
FN:188,_RNvMNtCsbIW9GKplEdi_8callisto14authenticationNtB2_13Authenticator20validate_session_key
FN:196,_RNvMNtCsbIW9GKplEdi_8callisto14authenticationNtB2_13Authenticator19check_authorization
FN:199,_RNCNvMNtCsbIW9GKplEdi_8callisto14authenticationNtB4_13Authenticator19check_authorization0B6_
FN:238,_RNvMNtCsbIW9GKplEdi_8callisto14authenticationNtB2_13Authenticator24fetch_google_public_keys
FN:238,_RNCNvMNtCsbIW9GKplEdi_8callisto14authenticationNtB4_13Authenticator24fetch_google_public_keys0B6_
FN:255,_RNCNCNvMNtCsbIW9GKplEdi_8callisto14authenticationNtB6_13Authenticator24fetch_google_public_keys00B8_
FN:266,_RNvNtCsbIW9GKplEdi_8callisto14authentication33load_google_credentials_from_file
FN:267,_RNCNvNtCsbIW9GKplEdi_8callisto14authentication33load_google_credentials_from_file0B5_
FN:274,_RNCNvNtCsbIW9GKplEdi_8callisto14authentication33load_google_credentials_from_files_0B5_
FN:343,_RNvXs0_NtCsbIW9GKplEdi_8callisto14authenticationNtB5_17TokenTimeoutErrorNtNtCslxZGBWDpKxU_4core3fmt7Display3fmt
FN:352,_RNvXs1_NtCsbIW9GKplEdi_8callisto14authenticationNtB5_15InvalidKeyErrorNtNtCslxZGBWDpKxU_4core3fmt7Display3fmt
FN:360,_RNvXNvXNvNtCsbIW9GKplEdi_8callisto14authentications_1__NtB7_12GoogleClaimsNtNtCslPV0GBxWL6G_5serde2de11Deserialize11deserializeNtB2_14___FieldVisitorNtB1c_7Visitor9expecting
FN:360,_RINvXNvXNvNtCsbIW9GKplEdi_8callisto14authentications_1__NtB8_12GoogleClaimsNtNtCslPV0GBxWL6G_5serde2de11Deserialize11deserializeNtB3_14___FieldVisitorNtB1d_7Visitor9visit_u64pEBa_
FN:360,_RINvXNvXNvNtCsbIW9GKplEdi_8callisto14authentications_1__NtB8_12GoogleClaimsNtNtCslPV0GBxWL6G_5serde2de11Deserialize11deserializeNtB3_14___FieldVisitorNtB1d_7Visitor9visit_strpEBa_
FN:360,_RINvXNvXNvNtCsbIW9GKplEdi_8callisto14authentications_1__NtB8_12GoogleClaimsNtNtCslPV0GBxWL6G_5serde2de11Deserialize11deserializeNtB3_14___FieldVisitorNtB1d_7Visitor11visit_bytespEBa_
FN:360,_RINvXs_NvXNvNtCsbIW9GKplEdi_8callisto14authentications_1__NtBa_12GoogleClaimsNtNtCslPV0GBxWL6G_5serde2de11Deserialize11deserializeNtB5_7___FieldB1d_11deserializepEBc_
FN:360,_RNvXs0_NvXNvNtCsbIW9GKplEdi_8callisto14authentications_1__NtBa_12GoogleClaimsNtNtCslPV0GBxWL6G_5serde2de11Deserialize11deserializeNtB5_9___VisitorNtB1f_7Visitor9expecting
FN:360,_RINvXs0_NvXNvNtCsbIW9GKplEdi_8callisto14authentications_1__NtBb_12GoogleClaimsNtNtCslPV0GBxWL6G_5serde2de11Deserialize11deserializeNtB6_9___VisitorNtB1g_7Visitor9visit_seqpEBd_
FN:360,_RINvXs0_NvXNvNtCsbIW9GKplEdi_8callisto14authentications_1__NtBb_12GoogleClaimsNtNtCslPV0GBxWL6G_5serde2de11Deserialize11deserializeNtB6_9___VisitorNtB1g_7Visitor9visit_mappEBd_
FN:372,_RNvXNvXNvNtCsbIW9GKplEdi_8callisto14authentications1_1__NtB7_18GoogleTokenRequestNtNtCslPV0GBxWL6G_5serde2de11Deserialize11deserializeNtB2_14___FieldVisitorNtB1j_7Visitor9expecting
FN:372,_RINvXNvXNvNtCsbIW9GKplEdi_8callisto14authentications1_1__NtB8_18GoogleTokenRequestNtNtCslPV0GBxWL6G_5serde2de11Deserialize11deserializeNtB3_14___FieldVisitorNtB1k_7Visitor9visit_u64pEBa_
FN:372,_RINvXNvXNvNtCsbIW9GKplEdi_8callisto14authentications1_1__NtB8_18GoogleTokenRequestNtNtCslPV0GBxWL6G_5serde2de11Deserialize11deserializeNtB3_14___FieldVisitorNtB1k_7Visitor9visit_strpEBa_
FN:372,_RINvXNvXNvNtCsbIW9GKplEdi_8callisto14authentications1_1__NtB8_18GoogleTokenRequestNtNtCslPV0GBxWL6G_5serde2de11Deserialize11deserializeNtB3_14___FieldVisitorNtB1k_7Visitor11visit_bytespEBa_
FN:372,_RINvXs_NvXNvNtCsbIW9GKplEdi_8callisto14authentications1_1__NtBa_18GoogleTokenRequestNtNtCslPV0GBxWL6G_5serde2de11Deserialize11deserializeNtB5_7___FieldB1k_11deserializepEBc_
FN:372,_RNvXs0_NvXNvNtCsbIW9GKplEdi_8callisto14authentications1_1__NtBa_18GoogleTokenRequestNtNtCslPV0GBxWL6G_5serde2de11Deserialize11deserializeNtB5_9___VisitorNtB1m_7Visitor9expecting
FN:372,_RINvXs0_NvXNvNtCsbIW9GKplEdi_8callisto14authentications1_1__NtBb_18GoogleTokenRequestNtNtCslPV0GBxWL6G_5serde2de11Deserialize11deserializeNtB6_9___VisitorNtB1n_7Visitor9visit_seqpEBd_
FN:372,_RINvXs0_NvXNvNtCsbIW9GKplEdi_8callisto14authentications1_1__NtBb_18GoogleTokenRequestNtNtCslPV0GBxWL6G_5serde2de11Deserialize11deserializeNtB6_9___VisitorNtB1n_7Visitor9visit_mappEBd_
FN:381,_RNvXNvXNvNtCsbIW9GKplEdi_8callisto14authentications3_1__NtB7_19GoogleTokenResponseNtNtCslPV0GBxWL6G_5serde2de11Deserialize11deserializeNtB2_14___FieldVisitorNtB1k_7Visitor9expecting
FN:381,_RINvXNvXNvNtCsbIW9GKplEdi_8callisto14authentications3_1__NtB8_19GoogleTokenResponseNtNtCslPV0GBxWL6G_5serde2de11Deserialize11deserializeNtB3_14___FieldVisitorNtB1l_7Visitor9visit_u64pEBa_
FN:381,_RINvXNvXNvNtCsbIW9GKplEdi_8callisto14authentications3_1__NtB8_19GoogleTokenResponseNtNtCslPV0GBxWL6G_5serde2de11Deserialize11deserializeNtB3_14___FieldVisitorNtB1l_7Visitor9visit_strpEBa_
FN:381,_RINvXNvXNvNtCsbIW9GKplEdi_8callisto14authentications3_1__NtB8_19GoogleTokenResponseNtNtCslPV0GBxWL6G_5serde2de11Deserialize11deserializeNtB3_14___FieldVisitorNtB1l_7Visitor11visit_bytespEBa_
FN:381,_RINvXs_NvXNvNtCsbIW9GKplEdi_8callisto14authentications3_1__NtBa_19GoogleTokenResponseNtNtCslPV0GBxWL6G_5serde2de11Deserialize11deserializeNtB5_7___FieldB1l_11deserializepEBc_
FN:381,_RNvXs0_NvXNvNtCsbIW9GKplEdi_8callisto14authentications3_1__NtBa_19GoogleTokenResponseNtNtCslPV0GBxWL6G_5serde2de11Deserialize11deserializeNtB5_9___VisitorNtB1n_7Visitor9expecting
FN:381,_RINvXs0_NvXNvNtCsbIW9GKplEdi_8callisto14authentications3_1__NtBb_19GoogleTokenResponseNtNtCslPV0GBxWL6G_5serde2de11Deserialize11deserializeNtB6_9___VisitorNtB1o_7Visitor9visit_seqpEBd_
FN:381,_RINvXs0_NvXNvNtCsbIW9GKplEdi_8callisto14authentications3_1__NtBb_19GoogleTokenResponseNtNtCslPV0GBxWL6G_5serde2de11Deserialize11deserializeNtB6_9___VisitorNtB1o_7Visitor9visit_mappEBd_
FN:391,_RNvXNvXNvNtCsbIW9GKplEdi_8callisto14authentications4_1__NtB7_16GooglePublicKeysNtNtCslPV0GBxWL6G_5serde2de11Deserialize11deserializeNtB2_14___FieldVisitorNtB1h_7Visitor9expecting
FN:391,_RINvXNvXNvNtCsbIW9GKplEdi_8callisto14authentications4_1__NtB8_16GooglePublicKeysNtNtCslPV0GBxWL6G_5serde2de11Deserialize11deserializeNtB3_14___FieldVisitorNtB1i_7Visitor9visit_u64pEBa_
FN:391,_RINvXNvXNvNtCsbIW9GKplEdi_8callisto14authentications4_1__NtB8_16GooglePublicKeysNtNtCslPV0GBxWL6G_5serde2de11Deserialize11deserializeNtB3_14___FieldVisitorNtB1i_7Visitor9visit_strpEBa_
FN:391,_RINvXNvXNvNtCsbIW9GKplEdi_8callisto14authentications4_1__NtB8_16GooglePublicKeysNtNtCslPV0GBxWL6G_5serde2de11Deserialize11deserializeNtB3_14___FieldVisitorNtB1i_7Visitor11visit_bytespEBa_
FN:391,_RINvXs_NvXNvNtCsbIW9GKplEdi_8callisto14authentications4_1__NtBa_16GooglePublicKeysNtNtCslPV0GBxWL6G_5serde2de11Deserialize11deserializeNtB5_7___FieldB1i_11deserializepEBc_
FN:391,_RNvXs0_NvXNvNtCsbIW9GKplEdi_8callisto14authentications4_1__NtBa_16GooglePublicKeysNtNtCslPV0GBxWL6G_5serde2de11Deserialize11deserializeNtB5_9___VisitorNtB1k_7Visitor9expecting
FN:391,_RINvXs0_NvXNvNtCsbIW9GKplEdi_8callisto14authentications4_1__NtBb_16GooglePublicKeysNtNtCslPV0GBxWL6G_5serde2de11Deserialize11deserializeNtB6_9___VisitorNtB1l_7Visitor9visit_seqpEBd_
FN:391,_RINvXs0_NvXNvNtCsbIW9GKplEdi_8callisto14authentications4_1__NtBb_16GooglePublicKeysNtNtCslPV0GBxWL6G_5serde2de11Deserialize11deserializeNtB6_9___VisitorNtB1l_7Visitor9visit_mappEBd_
FN:396,_RNvXNvXNvNtCsbIW9GKplEdi_8callisto14authentications5_1__NtB7_15GooglePublicKeyNtNtCslPV0GBxWL6G_5serde2de11Deserialize11deserializeNtB2_14___FieldVisitorNtB1g_7Visitor9expecting
FN:396,_RINvXNvXNvNtCsbIW9GKplEdi_8callisto14authentications5_1__NtB8_15GooglePublicKeyNtNtCslPV0GBxWL6G_5serde2de11Deserialize11deserializeNtB3_14___FieldVisitorNtB1h_7Visitor9visit_u64pEBa_
FN:396,_RINvXNvXNvNtCsbIW9GKplEdi_8callisto14authentications5_1__NtB8_15GooglePublicKeyNtNtCslPV0GBxWL6G_5serde2de11Deserialize11deserializeNtB3_14___FieldVisitorNtB1h_7Visitor9visit_strpEBa_
FN:396,_RINvXNvXNvNtCsbIW9GKplEdi_8callisto14authentications5_1__NtB8_15GooglePublicKeyNtNtCslPV0GBxWL6G_5serde2de11Deserialize11deserializeNtB3_14___FieldVisitorNtB1h_7Visitor11visit_bytespEBa_
FN:396,_RINvXs_NvXNvNtCsbIW9GKplEdi_8callisto14authentications5_1__NtBa_15GooglePublicKeyNtNtCslPV0GBxWL6G_5serde2de11Deserialize11deserializeNtB5_7___FieldB1h_11deserializepEBc_
FN:396,_RNvXs0_NvXNvNtCsbIW9GKplEdi_8callisto14authentications5_1__NtBa_15GooglePublicKeyNtNtCslPV0GBxWL6G_5serde2de11Deserialize11deserializeNtB5_9___VisitorNtB1j_7Visitor9expecting
FN:396,_RINvXs0_NvXNvNtCsbIW9GKplEdi_8callisto14authentications5_1__NtBb_15GooglePublicKeyNtNtCslPV0GBxWL6G_5serde2de11Deserialize11deserializeNtB6_9___VisitorNtB1k_7Visitor9visit_seqpEBd_
FN:396,_RINvXs0_NvXNvNtCsbIW9GKplEdi_8callisto14authentications5_1__NtBb_15GooglePublicKeyNtNtCslPV0GBxWL6G_5serde2de11Deserialize11deserializeNtB6_9___VisitorNtB1k_7Visitor9visit_mappEBd_
FN:404,_RNvXNvXNvNtCsbIW9GKplEdi_8callisto14authentications6_1__NtB7_17GoogleCredentialsNtNtCslPV0GBxWL6G_5serde2de11Deserialize11deserializeNtB2_14___FieldVisitorNtB1i_7Visitor9expecting
FN:404,_RINvXNvXNvNtCsbIW9GKplEdi_8callisto14authentications6_1__NtB8_17GoogleCredentialsNtNtCslPV0GBxWL6G_5serde2de11Deserialize11deserializeNtB3_14___FieldVisitorNtB1j_7Visitor9visit_u64pEBa_
FN:404,_RINvXNvXNvNtCsbIW9GKplEdi_8callisto14authentications6_1__NtB8_17GoogleCredentialsNtNtCslPV0GBxWL6G_5serde2de11Deserialize11deserializeNtB3_14___FieldVisitorNtB1j_7Visitor9visit_strpEBa_
FN:404,_RINvXNvXNvNtCsbIW9GKplEdi_8callisto14authentications6_1__NtB8_17GoogleCredentialsNtNtCslPV0GBxWL6G_5serde2de11Deserialize11deserializeNtB3_14___FieldVisitorNtB1j_7Visitor11visit_bytespEBa_
FN:404,_RINvXs_NvXNvNtCsbIW9GKplEdi_8callisto14authentications6_1__NtBa_17GoogleCredentialsNtNtCslPV0GBxWL6G_5serde2de11Deserialize11deserializeNtB5_7___FieldB1j_11deserializepEBc_
FN:404,_RNvXs0_NvXNvNtCsbIW9GKplEdi_8callisto14authentications6_1__NtBa_17GoogleCredentialsNtNtCslPV0GBxWL6G_5serde2de11Deserialize11deserializeNtB5_9___VisitorNtB1l_7Visitor9expecting
FN:404,_RINvXs0_NvXNvNtCsbIW9GKplEdi_8callisto14authentications6_1__NtBb_17GoogleCredentialsNtNtCslPV0GBxWL6G_5serde2de11Deserialize11deserializeNtB6_9___VisitorNtB1m_7Visitor9visit_seqpEBd_
FN:404,_RINvXs0_NvXNvNtCsbIW9GKplEdi_8callisto14authentications6_1__NtBb_17GoogleCredentialsNtNtCslPV0GBxWL6G_5serde2de11Deserialize11deserializeNtB6_9___VisitorNtB1m_7Visitor9visit_mappEBd_
FN:415,_RNvXNvXNvNtCsbIW9GKplEdi_8callisto14authentications7_1__NtB7_15GoogleCredsJsonNtNtCslPV0GBxWL6G_5serde2de11Deserialize11deserializeNtB2_14___FieldVisitorNtB1g_7Visitor9expecting
FN:415,_RINvXNvXNvNtCsbIW9GKplEdi_8callisto14authentications7_1__NtB8_15GoogleCredsJsonNtNtCslPV0GBxWL6G_5serde2de11Deserialize11deserializeNtB3_14___FieldVisitorNtB1h_7Visitor9visit_u64pEBa_
FN:415,_RINvXNvXNvNtCsbIW9GKplEdi_8callisto14authentications7_1__NtB8_15GoogleCredsJsonNtNtCslPV0GBxWL6G_5serde2de11Deserialize11deserializeNtB3_14___FieldVisitorNtB1h_7Visitor9visit_strpEBa_
FN:415,_RINvXNvXNvNtCsbIW9GKplEdi_8callisto14authentications7_1__NtB8_15GoogleCredsJsonNtNtCslPV0GBxWL6G_5serde2de11Deserialize11deserializeNtB3_14___FieldVisitorNtB1h_7Visitor11visit_bytespEBa_
FN:415,_RINvXs_NvXNvNtCsbIW9GKplEdi_8callisto14authentications7_1__NtBa_15GoogleCredsJsonNtNtCslPV0GBxWL6G_5serde2de11Deserialize11deserializeNtB5_7___FieldB1h_11deserializepEBc_
FN:415,_RNvXs0_NvXNvNtCsbIW9GKplEdi_8callisto14authentications7_1__NtBa_15GoogleCredsJsonNtNtCslPV0GBxWL6G_5serde2de11Deserialize11deserializeNtB5_9___VisitorNtB1j_7Visitor9expecting
FN:415,_RINvXs0_NvXNvNtCsbIW9GKplEdi_8callisto14authentications7_1__NtBb_15GoogleCredsJsonNtNtCslPV0GBxWL6G_5serde2de11Deserialize11deserializeNtB6_9___VisitorNtB1k_7Visitor9visit_seqpEBd_
FN:415,_RINvXs0_NvXNvNtCsbIW9GKplEdi_8callisto14authentications7_1__NtBb_15GoogleCredsJsonNtNtCslPV0GBxWL6G_5serde2de11Deserialize11deserializeNtB6_9___VisitorNtB1k_7Visitor9visit_mappEBd_
FN:287,_RNCNvNtCsbIW9GKplEdi_8callisto14authentication31load_authorized_users_from_file0B5_
FN:289,_RNCNCNvNtCsbIW9GKplEdi_8callisto14authentication31load_authorized_users_from_file00B7_
FN:308,_RNCNCNvNtCsbIW9GKplEdi_8callisto14authentication31load_authorized_users_from_file0s_0B7_
FN:317,_RNCNCNvNtCsbIW9GKplEdi_8callisto14authentication31load_authorized_users_from_file0s0_0B7_
FN:427,_RNvNtNtCsbIW9GKplEdi_8callisto14authentication5testss_35test_load_authorized_users_from_gcs
FN:427,_RNvNtNCNvNtNtCsbIW9GKplEdi_8callisto14authentication5testss_35test_load_authorized_users_from_gcs04init4init
FN:441,_RNvNtNtCsbIW9GKplEdi_8callisto14authentication5testss_36test_load_authorized_users_from_file
FN:441,_RNvNtNCNvNtNtCsbIW9GKplEdi_8callisto14authentication5testss_36test_load_authorized_users_from_file04init4init
FNDA:0,_RINvXNvXNvNtCs4o3bEHjQXtz_8callisto14authentications3_1__NtB8_19GoogleTokenResponseNtNtCslPV0GBxWL6G_5serde2de11Deserialize11deserializeNtB3_14___FieldVisitorNtB1l_7Visitor9visit_strNtNtCsluz68QKaPup_10serde_json5error5ErrorECsbvs0OSPDwx5_8callisto
FNDA:0,_RINvXNvXNvNtCs4o3bEHjQXtz_8callisto14authentications4_1__NtB8_16GooglePublicKeysNtNtCslPV0GBxWL6G_5serde2de11Deserialize11deserializeNtB3_14___FieldVisitorNtB1i_7Visitor9visit_strNtNtCsluz68QKaPup_10serde_json5error5ErrorECsbvs0OSPDwx5_8callisto
FNDA:0,_RINvXNvXNvNtCs4o3bEHjQXtz_8callisto14authentications5_1__NtB8_15GooglePublicKeyNtNtCslPV0GBxWL6G_5serde2de11Deserialize11deserializeNtB3_14___FieldVisitorNtB1h_7Visitor9visit_strNtNtCsluz68QKaPup_10serde_json5error5ErrorECsbvs0OSPDwx5_8callisto
FNDA:0,_RINvXNvXNvNtCs4o3bEHjQXtz_8callisto14authentications_1__NtB8_12GoogleClaimsNtNtCslPV0GBxWL6G_5serde2de11Deserialize11deserializeNtB3_14___FieldVisitorNtB1d_7Visitor9visit_strNtNtCsluz68QKaPup_10serde_json5error5ErrorECsbvs0OSPDwx5_8callisto
FNDA:0,_RINvXs0_NvXNvNtCs4o3bEHjQXtz_8callisto14authentications3_1__NtBb_19GoogleTokenResponseNtNtCslPV0GBxWL6G_5serde2de11Deserialize11deserializeNtB6_9___VisitorNtB1o_7Visitor9visit_mapINtNtCsluz68QKaPup_10serde_json2de9MapAccessNtNtB2W_4read7StrReadEECsbvs0OSPDwx5_8callisto
FNDA:0,_RINvXs0_NvXNvNtCs4o3bEHjQXtz_8callisto14authentications3_1__NtBb_19GoogleTokenResponseNtNtCslPV0GBxWL6G_5serde2de11Deserialize11deserializeNtB6_9___VisitorNtB1o_7Visitor9visit_seqINtNtCsluz68QKaPup_10serde_json2de9SeqAccessNtNtB2W_4read7StrReadEECsbvs0OSPDwx5_8callisto
FNDA:0,_RINvXs0_NvXNvNtCs4o3bEHjQXtz_8callisto14authentications4_1__NtBb_16GooglePublicKeysNtNtCslPV0GBxWL6G_5serde2de11Deserialize11deserializeNtB6_9___VisitorNtB1l_7Visitor9visit_mapINtNtCsluz68QKaPup_10serde_json2de9MapAccessNtNtB2T_4read7StrReadEECsbvs0OSPDwx5_8callisto
FNDA:0,_RINvXs0_NvXNvNtCs4o3bEHjQXtz_8callisto14authentications4_1__NtBb_16GooglePublicKeysNtNtCslPV0GBxWL6G_5serde2de11Deserialize11deserializeNtB6_9___VisitorNtB1l_7Visitor9visit_seqINtNtCsluz68QKaPup_10serde_json2de9SeqAccessNtNtB2T_4read7StrReadEECsbvs0OSPDwx5_8callisto
FNDA:0,_RINvXs0_NvXNvNtCs4o3bEHjQXtz_8callisto14authentications5_1__NtBb_15GooglePublicKeyNtNtCslPV0GBxWL6G_5serde2de11Deserialize11deserializeNtB6_9___VisitorNtB1k_7Visitor9visit_mapINtNtCsluz68QKaPup_10serde_json2de9MapAccessNtNtB2S_4read7StrReadEECsbvs0OSPDwx5_8callisto
FNDA:0,_RINvXs0_NvXNvNtCs4o3bEHjQXtz_8callisto14authentications5_1__NtBb_15GooglePublicKeyNtNtCslPV0GBxWL6G_5serde2de11Deserialize11deserializeNtB6_9___VisitorNtB1k_7Visitor9visit_seqINtNtCsluz68QKaPup_10serde_json2de9SeqAccessNtNtB2S_4read7StrReadEECsbvs0OSPDwx5_8callisto
FNDA:0,_RINvXs0_NvXNvNtCs4o3bEHjQXtz_8callisto14authentications_1__NtBb_12GoogleClaimsNtNtCslPV0GBxWL6G_5serde2de11Deserialize11deserializeNtB6_9___VisitorNtB1g_7Visitor9visit_mapINtNtCsluz68QKaPup_10serde_json2de9MapAccessNtNtB2O_4read9SliceReadEECsbvs0OSPDwx5_8callisto
FNDA:0,_RINvXs0_NvXNvNtCs4o3bEHjQXtz_8callisto14authentications_1__NtBb_12GoogleClaimsNtNtCslPV0GBxWL6G_5serde2de11Deserialize11deserializeNtB6_9___VisitorNtB1g_7Visitor9visit_seqINtNtCsluz68QKaPup_10serde_json2de9SeqAccessNtNtB2O_4read9SliceReadEECsbvs0OSPDwx5_8callisto
FNDA:0,_RINvXs_NvXNvNtCs4o3bEHjQXtz_8callisto14authentications3_1__NtBa_19GoogleTokenResponseNtNtCslPV0GBxWL6G_5serde2de11Deserialize11deserializeNtB5_7___FieldB1l_11deserializeINtNtCsluz68QKaPup_10serde_json2de6MapKeyNtNtB2M_4read7StrReadEECsbvs0OSPDwx5_8callisto
FNDA:0,_RINvXs_NvXNvNtCs4o3bEHjQXtz_8callisto14authentications4_1__NtBa_16GooglePublicKeysNtNtCslPV0GBxWL6G_5serde2de11Deserialize11deserializeNtB5_7___FieldB1i_11deserializeINtNtCsluz68QKaPup_10serde_json2de6MapKeyNtNtB2J_4read7StrReadEECsbvs0OSPDwx5_8callisto
FNDA:0,_RINvXs_NvXNvNtCs4o3bEHjQXtz_8callisto14authentications5_1__NtBa_15GooglePublicKeyNtNtCslPV0GBxWL6G_5serde2de11Deserialize11deserializeNtB5_7___FieldB1h_11deserializeINtNtCsluz68QKaPup_10serde_json2de6MapKeyNtNtB2I_4read7StrReadEECsbvs0OSPDwx5_8callisto
FNDA:0,_RINvXs_NvXNvNtCs4o3bEHjQXtz_8callisto14authentications_1__NtBa_12GoogleClaimsNtNtCslPV0GBxWL6G_5serde2de11Deserialize11deserializeNtB5_7___FieldB1d_11deserializeINtNtCsluz68QKaPup_10serde_json2de6MapKeyNtNtB2E_4read9SliceReadEECsbvs0OSPDwx5_8callisto
FNDA:0,_RNCNCNvMNtCs4o3bEHjQXtz_8callisto14authenticationNtB6_13Authenticator24authenticate_google_user00Csbvs0OSPDwx5_8callisto
FNDA:0,_RNCNCNvMNtCs4o3bEHjQXtz_8callisto14authenticationNtB6_13Authenticator24authenticate_google_user0s0_0Csbvs0OSPDwx5_8callisto
FNDA:0,_RNCNCNvMNtCs4o3bEHjQXtz_8callisto14authenticationNtB6_13Authenticator24authenticate_google_user0s1_0Csbvs0OSPDwx5_8callisto
FNDA:0,_RNCNCNvMNtCs4o3bEHjQXtz_8callisto14authenticationNtB6_13Authenticator24authenticate_google_user0s2_0Csbvs0OSPDwx5_8callisto
FNDA:0,_RNCNCNvMNtCs4o3bEHjQXtz_8callisto14authenticationNtB6_13Authenticator24authenticate_google_user0s_0Csbvs0OSPDwx5_8callisto
FNDA:0,_RNCNCNvMNtCs4o3bEHjQXtz_8callisto14authenticationNtB6_13Authenticator24fetch_google_public_keys00Csbvs0OSPDwx5_8callisto
FNDA:0,_RNCNCNvMNtCs4o3bEHjQXtz_8callisto14authenticationNtB6_13Authenticator3new00Csbvs0OSPDwx5_8callisto
FNDA:0,_RNCNCNvNtCs4o3bEHjQXtz_8callisto14authentication31load_authorized_users_from_file00Csbvs0OSPDwx5_8callisto
FNDA:0,_RNCNCNvNtCs4o3bEHjQXtz_8callisto14authentication31load_authorized_users_from_file0s0_0Csbvs0OSPDwx5_8callisto
FNDA:0,_RNCNCNvNtCs4o3bEHjQXtz_8callisto14authentication31load_authorized_users_from_file0s_0Csbvs0OSPDwx5_8callisto
FNDA:0,_RNCNvMNtCs4o3bEHjQXtz_8callisto14authenticationNtB4_13Authenticator19check_authorization0Csbvs0OSPDwx5_8callisto
FNDA:0,_RNCNvMNtCs4o3bEHjQXtz_8callisto14authenticationNtB4_13Authenticator24authenticate_google_user0Csbvs0OSPDwx5_8callisto
FNDA:0,_RNCNvMNtCs4o3bEHjQXtz_8callisto14authenticationNtB4_13Authenticator24fetch_google_public_keys0Csbvs0OSPDwx5_8callisto
FNDA:0,_RNCNvMNtCs4o3bEHjQXtz_8callisto14authenticationNtB4_13Authenticator3new0Csbvs0OSPDwx5_8callisto
FNDA:0,_RNCNvNtCs4o3bEHjQXtz_8callisto14authentication31load_authorized_users_from_file0Csbvs0OSPDwx5_8callisto
FNDA:0,_RNvMNtCs4o3bEHjQXtz_8callisto14authenticationNtB2_13Authenticator3new
FNDA:0,_RNvMNtCs4o3bEHjQXtz_8callisto14authenticationNtB2_13Authenticator24authenticate_google_user
FNDA:0,_RNvMNtCs4o3bEHjQXtz_8callisto14authenticationNtB2_13Authenticator20validate_session_key
FNDA:0,_RNvMNtCs4o3bEHjQXtz_8callisto14authenticationNtB2_13Authenticator19check_authorization
FNDA:0,_RNvMNtCs4o3bEHjQXtz_8callisto14authenticationNtB2_13Authenticator24fetch_google_public_keys
FNDA:0,_RNvNtCs4o3bEHjQXtz_8callisto14authentication33load_google_credentials_from_file
FNDA:0,_RNvNtCs4o3bEHjQXtz_8callisto14authentication31load_authorized_users_from_file
FNDA:0,_RNvXs0_NtCs4o3bEHjQXtz_8callisto14authenticationNtB5_17TokenTimeoutErrorNtNtCslxZGBWDpKxU_4core3fmt7Display3fmt
FNDA:0,_RNvXs1_NtCs4o3bEHjQXtz_8callisto14authenticationNtB5_15InvalidKeyErrorNtNtCslxZGBWDpKxU_4core3fmt7Display3fmt
FNDA:0,_RNvXNvXNvNtCs4o3bEHjQXtz_8callisto14authentications_1__NtB7_12GoogleClaimsNtNtCslPV0GBxWL6G_5serde2de11Deserialize11deserializeNtB2_14___FieldVisitorNtB1c_7Visitor9expecting
FNDA:0,_RNvXs0_NvXNvNtCs4o3bEHjQXtz_8callisto14authentications_1__NtBa_12GoogleClaimsNtNtCslPV0GBxWL6G_5serde2de11Deserialize11deserializeNtB5_9___VisitorNtB1f_7Visitor9expecting
FNDA:0,_RNvXNvXNvNtCs4o3bEHjQXtz_8callisto14authentications1_1__NtB7_18GoogleTokenRequestNtNtCslPV0GBxWL6G_5serde2de11Deserialize11deserializeNtB2_14___FieldVisitorNtB1j_7Visitor9expecting
FNDA:0,_RNvXs0_NvXNvNtCs4o3bEHjQXtz_8callisto14authentications1_1__NtBa_18GoogleTokenRequestNtNtCslPV0GBxWL6G_5serde2de11Deserialize11deserializeNtB5_9___VisitorNtB1m_7Visitor9expecting
FNDA:0,_RNvXNvXNvNtCs4o3bEHjQXtz_8callisto14authentications3_1__NtB7_19GoogleTokenResponseNtNtCslPV0GBxWL6G_5serde2de11Deserialize11deserializeNtB2_14___FieldVisitorNtB1k_7Visitor9expecting
FNDA:0,_RNvXs0_NvXNvNtCs4o3bEHjQXtz_8callisto14authentications3_1__NtBa_19GoogleTokenResponseNtNtCslPV0GBxWL6G_5serde2de11Deserialize11deserializeNtB5_9___VisitorNtB1n_7Visitor9expecting
FNDA:0,_RNvXNvXNvNtCs4o3bEHjQXtz_8callisto14authentications4_1__NtB7_16GooglePublicKeysNtNtCslPV0GBxWL6G_5serde2de11Deserialize11deserializeNtB2_14___FieldVisitorNtB1h_7Visitor9expecting
FNDA:0,_RNvXs0_NvXNvNtCs4o3bEHjQXtz_8callisto14authentications4_1__NtBa_16GooglePublicKeysNtNtCslPV0GBxWL6G_5serde2de11Deserialize11deserializeNtB5_9___VisitorNtB1k_7Visitor9expecting
FNDA:0,_RNvXNvXNvNtCs4o3bEHjQXtz_8callisto14authentications5_1__NtB7_15GooglePublicKeyNtNtCslPV0GBxWL6G_5serde2de11Deserialize11deserializeNtB2_14___FieldVisitorNtB1g_7Visitor9expecting
FNDA:0,_RNvXs0_NvXNvNtCs4o3bEHjQXtz_8callisto14authentications5_1__NtBa_15GooglePublicKeyNtNtCslPV0GBxWL6G_5serde2de11Deserialize11deserializeNtB5_9___VisitorNtB1j_7Visitor9expecting
FNDA:0,_RNvXNvXNvNtCs4o3bEHjQXtz_8callisto14authentications6_1__NtB7_17GoogleCredentialsNtNtCslPV0GBxWL6G_5serde2de11Deserialize11deserializeNtB2_14___FieldVisitorNtB1i_7Visitor9expecting
FNDA:0,_RNvXs0_NvXNvNtCs4o3bEHjQXtz_8callisto14authentications6_1__NtBa_17GoogleCredentialsNtNtCslPV0GBxWL6G_5serde2de11Deserialize11deserializeNtB5_9___VisitorNtB1l_7Visitor9expecting
FNDA:0,_RNvXNvXNvNtCs4o3bEHjQXtz_8callisto14authentications7_1__NtB7_15GoogleCredsJsonNtNtCslPV0GBxWL6G_5serde2de11Deserialize11deserializeNtB2_14___FieldVisitorNtB1g_7Visitor9expecting
FNDA:0,_RNvXs0_NvXNvNtCs4o3bEHjQXtz_8callisto14authentications7_1__NtBa_15GoogleCredsJsonNtNtCslPV0GBxWL6G_5serde2de11Deserialize11deserializeNtB5_9___VisitorNtB1j_7Visitor9expecting
FNDA:0,_RNCNvNtCs4o3bEHjQXtz_8callisto14authentication33load_google_credentials_from_file0B5_
FNDA:0,_RNCNvNtCs4o3bEHjQXtz_8callisto14authentication33load_google_credentials_from_files_0B5_
FNDA:0,_RINvXNvXNvNtCs4o3bEHjQXtz_8callisto14authentications6_1__NtB8_17GoogleCredentialsNtNtCslPV0GBxWL6G_5serde2de11Deserialize11deserializeNtB3_14___FieldVisitorNtB1j_7Visitor9visit_strNtNtCsluz68QKaPup_10serde_json5error5ErrorEBa_
FNDA:0,_RINvXs_NvXNvNtCs4o3bEHjQXtz_8callisto14authentications6_1__NtBa_17GoogleCredentialsNtNtCslPV0GBxWL6G_5serde2de11Deserialize11deserializeNtB5_7___FieldB1j_11deserializeINtNtCsluz68QKaPup_10serde_json2de6MapKeyINtNtB2K_4read6IoReadINtNtNtNtCsiCh6V8dk32N_3std2io8buffered9bufreader9BufReaderNtNtB3O_2fs4FileEEEEBc_
FNDA:0,_RINvXs0_NvXNvNtCs4o3bEHjQXtz_8callisto14authentications6_1__NtBb_17GoogleCredentialsNtNtCslPV0GBxWL6G_5serde2de11Deserialize11deserializeNtB6_9___VisitorNtB1m_7Visitor9visit_seqINtNtCsluz68QKaPup_10serde_json2de9SeqAccessINtNtB2U_4read6IoReadINtNtNtNtCsiCh6V8dk32N_3std2io8buffered9bufreader9BufReaderNtNtB41_2fs4FileEEEEBd_
FNDA:0,_RINvXs0_NvXNvNtCs4o3bEHjQXtz_8callisto14authentications6_1__NtBb_17GoogleCredentialsNtNtCslPV0GBxWL6G_5serde2de11Deserialize11deserializeNtB6_9___VisitorNtB1m_7Visitor9visit_mapINtNtCsluz68QKaPup_10serde_json2de9MapAccessINtNtB2U_4read6IoReadINtNtNtNtCsiCh6V8dk32N_3std2io8buffered9bufreader9BufReaderNtNtB41_2fs4FileEEEEBd_
FNDA:0,_RINvXNvXNvNtCs4o3bEHjQXtz_8callisto14authentications7_1__NtB8_15GoogleCredsJsonNtNtCslPV0GBxWL6G_5serde2de11Deserialize11deserializeNtB3_14___FieldVisitorNtB1h_7Visitor9visit_strNtNtCsluz68QKaPup_10serde_json5error5ErrorEBa_
FNDA:0,_RINvXs_NvXNvNtCs4o3bEHjQXtz_8callisto14authentications7_1__NtBa_15GoogleCredsJsonNtNtCslPV0GBxWL6G_5serde2de11Deserialize11deserializeNtB5_7___FieldB1h_11deserializeINtNtCsluz68QKaPup_10serde_json2de6MapKeyINtNtB2I_4read6IoReadINtNtNtNtCsiCh6V8dk32N_3std2io8buffered9bufreader9BufReaderNtNtB3M_2fs4FileEEEEBc_
FNDA:0,_RINvXs0_NvXNvNtCs4o3bEHjQXtz_8callisto14authentications7_1__NtBb_15GoogleCredsJsonNtNtCslPV0GBxWL6G_5serde2de11Deserialize11deserializeNtB6_9___VisitorNtB1k_7Visitor9visit_seqINtNtCsluz68QKaPup_10serde_json2de9SeqAccessINtNtB2S_4read6IoReadINtNtNtNtCsiCh6V8dk32N_3std2io8buffered9bufreader9BufReaderNtNtB3Z_2fs4FileEEEEBd_
FNDA:0,_RINvXs0_NvXNvNtCs4o3bEHjQXtz_8callisto14authentications7_1__NtBb_15GoogleCredsJsonNtNtCslPV0GBxWL6G_5serde2de11Deserialize11deserializeNtB6_9___VisitorNtB1k_7Visitor9visit_mapINtNtCsluz68QKaPup_10serde_json2de9MapAccessINtNtB2S_4read6IoReadINtNtNtNtCsiCh6V8dk32N_3std2io8buffered9bufreader9BufReaderNtNtB3Z_2fs4FileEEEEBd_
FNDA:0,_RNCNvMNtCs4o3bEHjQXtz_8callisto14authenticationNtB4_13Authenticator3new0B6_
FNDA:0,_RNCNCNvMNtCs4o3bEHjQXtz_8callisto14authenticationNtB6_13Authenticator3new00B8_
FNDA:0,_RNCNvMNtCs4o3bEHjQXtz_8callisto14authenticationNtB4_13Authenticator24authenticate_google_user0B6_
FNDA:0,_RNCNCNvMNtCs4o3bEHjQXtz_8callisto14authenticationNtB6_13Authenticator24authenticate_google_user00B8_
FNDA:0,_RNCNCNvMNtCs4o3bEHjQXtz_8callisto14authenticationNtB6_13Authenticator24authenticate_google_user0s_0B8_
FNDA:0,_RNCNCNvMNtCs4o3bEHjQXtz_8callisto14authenticationNtB6_13Authenticator24authenticate_google_user0s0_0B8_
FNDA:0,_RNCNCNvMNtCs4o3bEHjQXtz_8callisto14authenticationNtB6_13Authenticator24authenticate_google_user0s1_0B8_
FNDA:0,_RNCNCNvMNtCs4o3bEHjQXtz_8callisto14authenticationNtB6_13Authenticator24authenticate_google_user0s2_0B8_
FNDA:0,_RNCNvMNtCs4o3bEHjQXtz_8callisto14authenticationNtB4_13Authenticator19check_authorization0B6_
FNDA:0,_RNCNvMNtCs4o3bEHjQXtz_8callisto14authenticationNtB4_13Authenticator24fetch_google_public_keys0B6_
FNDA:0,_RNCNCNvMNtCs4o3bEHjQXtz_8callisto14authenticationNtB6_13Authenticator24fetch_google_public_keys00B8_
FNDA:0,_RNCNvNtCs4o3bEHjQXtz_8callisto14authentication31load_authorized_users_from_file0B5_
FNDA:0,_RNCNCNvNtCs4o3bEHjQXtz_8callisto14authentication31load_authorized_users_from_file00B7_
FNDA:0,_RNCNCNvNtCs4o3bEHjQXtz_8callisto14authentication31load_authorized_users_from_file0s_0B7_
FNDA:0,_RNCNCNvNtCs4o3bEHjQXtz_8callisto14authentication31load_authorized_users_from_file0s0_0B7_
FNDA:0,_RINvXNvXNvNtCs4o3bEHjQXtz_8callisto14authentications_1__NtB8_12GoogleClaimsNtNtCslPV0GBxWL6G_5serde2de11Deserialize11deserializeNtB3_14___FieldVisitorNtB1d_7Visitor9visit_u64pEBa_
FNDA:0,_RINvXNvXNvNtCs4o3bEHjQXtz_8callisto14authentications_1__NtB8_12GoogleClaimsNtNtCslPV0GBxWL6G_5serde2de11Deserialize11deserializeNtB3_14___FieldVisitorNtB1d_7Visitor9visit_strpEBa_
FNDA:0,_RINvXNvXNvNtCs4o3bEHjQXtz_8callisto14authentications_1__NtB8_12GoogleClaimsNtNtCslPV0GBxWL6G_5serde2de11Deserialize11deserializeNtB3_14___FieldVisitorNtB1d_7Visitor11visit_bytespEBa_
FNDA:0,_RINvXs_NvXNvNtCs4o3bEHjQXtz_8callisto14authentications_1__NtBa_12GoogleClaimsNtNtCslPV0GBxWL6G_5serde2de11Deserialize11deserializeNtB5_7___FieldB1d_11deserializepEBc_
FNDA:0,_RINvXs0_NvXNvNtCs4o3bEHjQXtz_8callisto14authentications_1__NtBb_12GoogleClaimsNtNtCslPV0GBxWL6G_5serde2de11Deserialize11deserializeNtB6_9___VisitorNtB1g_7Visitor9visit_seqpEBd_
FNDA:0,_RINvXs0_NvXNvNtCs4o3bEHjQXtz_8callisto14authentications_1__NtBb_12GoogleClaimsNtNtCslPV0GBxWL6G_5serde2de11Deserialize11deserializeNtB6_9___VisitorNtB1g_7Visitor9visit_mappEBd_
FNDA:0,_RINvXNvXNvNtCs4o3bEHjQXtz_8callisto14authentications1_1__NtB8_18GoogleTokenRequestNtNtCslPV0GBxWL6G_5serde2de11Deserialize11deserializeNtB3_14___FieldVisitorNtB1k_7Visitor9visit_u64pEBa_
FNDA:0,_RINvXNvXNvNtCs4o3bEHjQXtz_8callisto14authentications1_1__NtB8_18GoogleTokenRequestNtNtCslPV0GBxWL6G_5serde2de11Deserialize11deserializeNtB3_14___FieldVisitorNtB1k_7Visitor9visit_strpEBa_
FNDA:0,_RINvXNvXNvNtCs4o3bEHjQXtz_8callisto14authentications1_1__NtB8_18GoogleTokenRequestNtNtCslPV0GBxWL6G_5serde2de11Deserialize11deserializeNtB3_14___FieldVisitorNtB1k_7Visitor11visit_bytespEBa_
FNDA:0,_RINvXs_NvXNvNtCs4o3bEHjQXtz_8callisto14authentications1_1__NtBa_18GoogleTokenRequestNtNtCslPV0GBxWL6G_5serde2de11Deserialize11deserializeNtB5_7___FieldB1k_11deserializepEBc_
FNDA:0,_RINvXs0_NvXNvNtCs4o3bEHjQXtz_8callisto14authentications1_1__NtBb_18GoogleTokenRequestNtNtCslPV0GBxWL6G_5serde2de11Deserialize11deserializeNtB6_9___VisitorNtB1n_7Visitor9visit_seqpEBd_
FNDA:0,_RINvXs0_NvXNvNtCs4o3bEHjQXtz_8callisto14authentications1_1__NtBb_18GoogleTokenRequestNtNtCslPV0GBxWL6G_5serde2de11Deserialize11deserializeNtB6_9___VisitorNtB1n_7Visitor9visit_mappEBd_
FNDA:0,_RINvXNvXNvNtCs4o3bEHjQXtz_8callisto14authentications3_1__NtB8_19GoogleTokenResponseNtNtCslPV0GBxWL6G_5serde2de11Deserialize11deserializeNtB3_14___FieldVisitorNtB1l_7Visitor9visit_u64pEBa_
FNDA:0,_RINvXNvXNvNtCs4o3bEHjQXtz_8callisto14authentications3_1__NtB8_19GoogleTokenResponseNtNtCslPV0GBxWL6G_5serde2de11Deserialize11deserializeNtB3_14___FieldVisitorNtB1l_7Visitor9visit_strpEBa_
FNDA:0,_RINvXNvXNvNtCs4o3bEHjQXtz_8callisto14authentications3_1__NtB8_19GoogleTokenResponseNtNtCslPV0GBxWL6G_5serde2de11Deserialize11deserializeNtB3_14___FieldVisitorNtB1l_7Visitor11visit_bytespEBa_
FNDA:0,_RINvXs_NvXNvNtCs4o3bEHjQXtz_8callisto14authentications3_1__NtBa_19GoogleTokenResponseNtNtCslPV0GBxWL6G_5serde2de11Deserialize11deserializeNtB5_7___FieldB1l_11deserializepEBc_
FNDA:0,_RINvXs0_NvXNvNtCs4o3bEHjQXtz_8callisto14authentications3_1__NtBb_19GoogleTokenResponseNtNtCslPV0GBxWL6G_5serde2de11Deserialize11deserializeNtB6_9___VisitorNtB1o_7Visitor9visit_seqpEBd_
FNDA:0,_RINvXs0_NvXNvNtCs4o3bEHjQXtz_8callisto14authentications3_1__NtBb_19GoogleTokenResponseNtNtCslPV0GBxWL6G_5serde2de11Deserialize11deserializeNtB6_9___VisitorNtB1o_7Visitor9visit_mappEBd_
FNDA:0,_RINvXNvXNvNtCs4o3bEHjQXtz_8callisto14authentications4_1__NtB8_16GooglePublicKeysNtNtCslPV0GBxWL6G_5serde2de11Deserialize11deserializeNtB3_14___FieldVisitorNtB1i_7Visitor9visit_u64pEBa_
FNDA:0,_RINvXNvXNvNtCs4o3bEHjQXtz_8callisto14authentications4_1__NtB8_16GooglePublicKeysNtNtCslPV0GBxWL6G_5serde2de11Deserialize11deserializeNtB3_14___FieldVisitorNtB1i_7Visitor9visit_strpEBa_
FNDA:0,_RINvXNvXNvNtCs4o3bEHjQXtz_8callisto14authentications4_1__NtB8_16GooglePublicKeysNtNtCslPV0GBxWL6G_5serde2de11Deserialize11deserializeNtB3_14___FieldVisitorNtB1i_7Visitor11visit_bytespEBa_
FNDA:0,_RINvXs_NvXNvNtCs4o3bEHjQXtz_8callisto14authentications4_1__NtBa_16GooglePublicKeysNtNtCslPV0GBxWL6G_5serde2de11Deserialize11deserializeNtB5_7___FieldB1i_11deserializepEBc_
FNDA:0,_RINvXs0_NvXNvNtCs4o3bEHjQXtz_8callisto14authentications4_1__NtBb_16GooglePublicKeysNtNtCslPV0GBxWL6G_5serde2de11Deserialize11deserializeNtB6_9___VisitorNtB1l_7Visitor9visit_seqpEBd_
FNDA:0,_RINvXs0_NvXNvNtCs4o3bEHjQXtz_8callisto14authentications4_1__NtBb_16GooglePublicKeysNtNtCslPV0GBxWL6G_5serde2de11Deserialize11deserializeNtB6_9___VisitorNtB1l_7Visitor9visit_mappEBd_
FNDA:0,_RINvXNvXNvNtCs4o3bEHjQXtz_8callisto14authentications5_1__NtB8_15GooglePublicKeyNtNtCslPV0GBxWL6G_5serde2de11Deserialize11deserializeNtB3_14___FieldVisitorNtB1h_7Visitor9visit_u64pEBa_
FNDA:0,_RINvXNvXNvNtCs4o3bEHjQXtz_8callisto14authentications5_1__NtB8_15GooglePublicKeyNtNtCslPV0GBxWL6G_5serde2de11Deserialize11deserializeNtB3_14___FieldVisitorNtB1h_7Visitor9visit_strpEBa_
FNDA:0,_RINvXNvXNvNtCs4o3bEHjQXtz_8callisto14authentications5_1__NtB8_15GooglePublicKeyNtNtCslPV0GBxWL6G_5serde2de11Deserialize11deserializeNtB3_14___FieldVisitorNtB1h_7Visitor11visit_bytespEBa_
FNDA:0,_RINvXs_NvXNvNtCs4o3bEHjQXtz_8callisto14authentications5_1__NtBa_15GooglePublicKeyNtNtCslPV0GBxWL6G_5serde2de11Deserialize11deserializeNtB5_7___FieldB1h_11deserializepEBc_
FNDA:0,_RINvXs0_NvXNvNtCs4o3bEHjQXtz_8callisto14authentications5_1__NtBb_15GooglePublicKeyNtNtCslPV0GBxWL6G_5serde2de11Deserialize11deserializeNtB6_9___VisitorNtB1k_7Visitor9visit_seqpEBd_
FNDA:0,_RINvXs0_NvXNvNtCs4o3bEHjQXtz_8callisto14authentications5_1__NtBb_15GooglePublicKeyNtNtCslPV0GBxWL6G_5serde2de11Deserialize11deserializeNtB6_9___VisitorNtB1k_7Visitor9visit_mappEBd_
FNDA:0,_RINvXNvXNvNtCs4o3bEHjQXtz_8callisto14authentications6_1__NtB8_17GoogleCredentialsNtNtCslPV0GBxWL6G_5serde2de11Deserialize11deserializeNtB3_14___FieldVisitorNtB1j_7Visitor9visit_u64pEBa_
FNDA:0,_RINvXNvXNvNtCs4o3bEHjQXtz_8callisto14authentications6_1__NtB8_17GoogleCredentialsNtNtCslPV0GBxWL6G_5serde2de11Deserialize11deserializeNtB3_14___FieldVisitorNtB1j_7Visitor11visit_bytespEBa_
FNDA:0,_RINvXNvXNvNtCs4o3bEHjQXtz_8callisto14authentications7_1__NtB8_15GoogleCredsJsonNtNtCslPV0GBxWL6G_5serde2de11Deserialize11deserializeNtB3_14___FieldVisitorNtB1h_7Visitor9visit_u64pEBa_
FNDA:0,_RINvXNvXNvNtCs4o3bEHjQXtz_8callisto14authentications7_1__NtB8_15GoogleCredsJsonNtNtCslPV0GBxWL6G_5serde2de11Deserialize11deserializeNtB3_14___FieldVisitorNtB1h_7Visitor11visit_bytespEBa_
FNDA:2,_RNvNtCsbIW9GKplEdi_8callisto14authentication31load_authorized_users_from_file
FNDA:0,_RNvMNtCsbIW9GKplEdi_8callisto14authenticationNtB2_13Authenticator3new
FNDA:0,_RNCNvMNtCsbIW9GKplEdi_8callisto14authenticationNtB4_13Authenticator3new0B6_
FNDA:0,_RNCNCNvMNtCsbIW9GKplEdi_8callisto14authenticationNtB6_13Authenticator3new00B8_
FNDA:0,_RNvMNtCsbIW9GKplEdi_8callisto14authenticationNtB2_13Authenticator24authenticate_google_user
FNDA:0,_RNCNvMNtCsbIW9GKplEdi_8callisto14authenticationNtB4_13Authenticator24authenticate_google_user0B6_
FNDA:0,_RNCNCNvMNtCsbIW9GKplEdi_8callisto14authenticationNtB6_13Authenticator24authenticate_google_user00B8_
FNDA:0,_RNCNCNvMNtCsbIW9GKplEdi_8callisto14authenticationNtB6_13Authenticator24authenticate_google_user0s_0B8_
FNDA:0,_RNCNCNvMNtCsbIW9GKplEdi_8callisto14authenticationNtB6_13Authenticator24authenticate_google_user0s0_0B8_
FNDA:0,_RNCNCNvMNtCsbIW9GKplEdi_8callisto14authenticationNtB6_13Authenticator24authenticate_google_user0s1_0B8_
FNDA:0,_RNCNCNvMNtCsbIW9GKplEdi_8callisto14authenticationNtB6_13Authenticator24authenticate_google_user0s2_0B8_
FNDA:0,_RNvMNtCsbIW9GKplEdi_8callisto14authenticationNtB2_13Authenticator20validate_session_key
FNDA:0,_RNvMNtCsbIW9GKplEdi_8callisto14authenticationNtB2_13Authenticator19check_authorization
FNDA:0,_RNCNvMNtCsbIW9GKplEdi_8callisto14authenticationNtB4_13Authenticator19check_authorization0B6_
FNDA:0,_RNvMNtCsbIW9GKplEdi_8callisto14authenticationNtB2_13Authenticator24fetch_google_public_keys
FNDA:0,_RNCNvMNtCsbIW9GKplEdi_8callisto14authenticationNtB4_13Authenticator24fetch_google_public_keys0B6_
FNDA:0,_RNCNCNvMNtCsbIW9GKplEdi_8callisto14authenticationNtB6_13Authenticator24fetch_google_public_keys00B8_
FNDA:0,_RNvNtCsbIW9GKplEdi_8callisto14authentication33load_google_credentials_from_file
FNDA:0,_RNCNvNtCsbIW9GKplEdi_8callisto14authentication33load_google_credentials_from_file0B5_
FNDA:0,_RNCNvNtCsbIW9GKplEdi_8callisto14authentication33load_google_credentials_from_files_0B5_
FNDA:0,_RNvXs0_NtCsbIW9GKplEdi_8callisto14authenticationNtB5_17TokenTimeoutErrorNtNtCslxZGBWDpKxU_4core3fmt7Display3fmt
FNDA:0,_RNvXs1_NtCsbIW9GKplEdi_8callisto14authenticationNtB5_15InvalidKeyErrorNtNtCslxZGBWDpKxU_4core3fmt7Display3fmt
FNDA:0,_RNvXNvXNvNtCsbIW9GKplEdi_8callisto14authentications_1__NtB7_12GoogleClaimsNtNtCslPV0GBxWL6G_5serde2de11Deserialize11deserializeNtB2_14___FieldVisitorNtB1c_7Visitor9expecting
FNDA:0,_RINvXNvXNvNtCsbIW9GKplEdi_8callisto14authentications_1__NtB8_12GoogleClaimsNtNtCslPV0GBxWL6G_5serde2de11Deserialize11deserializeNtB3_14___FieldVisitorNtB1d_7Visitor9visit_u64pEBa_
FNDA:0,_RINvXNvXNvNtCsbIW9GKplEdi_8callisto14authentications_1__NtB8_12GoogleClaimsNtNtCslPV0GBxWL6G_5serde2de11Deserialize11deserializeNtB3_14___FieldVisitorNtB1d_7Visitor9visit_strpEBa_
FNDA:0,_RINvXNvXNvNtCsbIW9GKplEdi_8callisto14authentications_1__NtB8_12GoogleClaimsNtNtCslPV0GBxWL6G_5serde2de11Deserialize11deserializeNtB3_14___FieldVisitorNtB1d_7Visitor11visit_bytespEBa_
FNDA:0,_RINvXs_NvXNvNtCsbIW9GKplEdi_8callisto14authentications_1__NtBa_12GoogleClaimsNtNtCslPV0GBxWL6G_5serde2de11Deserialize11deserializeNtB5_7___FieldB1d_11deserializepEBc_
FNDA:0,_RNvXs0_NvXNvNtCsbIW9GKplEdi_8callisto14authentications_1__NtBa_12GoogleClaimsNtNtCslPV0GBxWL6G_5serde2de11Deserialize11deserializeNtB5_9___VisitorNtB1f_7Visitor9expecting
FNDA:0,_RINvXs0_NvXNvNtCsbIW9GKplEdi_8callisto14authentications_1__NtBb_12GoogleClaimsNtNtCslPV0GBxWL6G_5serde2de11Deserialize11deserializeNtB6_9___VisitorNtB1g_7Visitor9visit_seqpEBd_
FNDA:0,_RINvXs0_NvXNvNtCsbIW9GKplEdi_8callisto14authentications_1__NtBb_12GoogleClaimsNtNtCslPV0GBxWL6G_5serde2de11Deserialize11deserializeNtB6_9___VisitorNtB1g_7Visitor9visit_mappEBd_
FNDA:0,_RNvXNvXNvNtCsbIW9GKplEdi_8callisto14authentications1_1__NtB7_18GoogleTokenRequestNtNtCslPV0GBxWL6G_5serde2de11Deserialize11deserializeNtB2_14___FieldVisitorNtB1j_7Visitor9expecting
FNDA:0,_RINvXNvXNvNtCsbIW9GKplEdi_8callisto14authentications1_1__NtB8_18GoogleTokenRequestNtNtCslPV0GBxWL6G_5serde2de11Deserialize11deserializeNtB3_14___FieldVisitorNtB1k_7Visitor9visit_u64pEBa_
FNDA:0,_RINvXNvXNvNtCsbIW9GKplEdi_8callisto14authentications1_1__NtB8_18GoogleTokenRequestNtNtCslPV0GBxWL6G_5serde2de11Deserialize11deserializeNtB3_14___FieldVisitorNtB1k_7Visitor9visit_strpEBa_
FNDA:0,_RINvXNvXNvNtCsbIW9GKplEdi_8callisto14authentications1_1__NtB8_18GoogleTokenRequestNtNtCslPV0GBxWL6G_5serde2de11Deserialize11deserializeNtB3_14___FieldVisitorNtB1k_7Visitor11visit_bytespEBa_
FNDA:0,_RINvXs_NvXNvNtCsbIW9GKplEdi_8callisto14authentications1_1__NtBa_18GoogleTokenRequestNtNtCslPV0GBxWL6G_5serde2de11Deserialize11deserializeNtB5_7___FieldB1k_11deserializepEBc_
FNDA:0,_RNvXs0_NvXNvNtCsbIW9GKplEdi_8callisto14authentications1_1__NtBa_18GoogleTokenRequestNtNtCslPV0GBxWL6G_5serde2de11Deserialize11deserializeNtB5_9___VisitorNtB1m_7Visitor9expecting
FNDA:0,_RINvXs0_NvXNvNtCsbIW9GKplEdi_8callisto14authentications1_1__NtBb_18GoogleTokenRequestNtNtCslPV0GBxWL6G_5serde2de11Deserialize11deserializeNtB6_9___VisitorNtB1n_7Visitor9visit_seqpEBd_
FNDA:0,_RINvXs0_NvXNvNtCsbIW9GKplEdi_8callisto14authentications1_1__NtBb_18GoogleTokenRequestNtNtCslPV0GBxWL6G_5serde2de11Deserialize11deserializeNtB6_9___VisitorNtB1n_7Visitor9visit_mappEBd_
FNDA:0,_RNvXNvXNvNtCsbIW9GKplEdi_8callisto14authentications3_1__NtB7_19GoogleTokenResponseNtNtCslPV0GBxWL6G_5serde2de11Deserialize11deserializeNtB2_14___FieldVisitorNtB1k_7Visitor9expecting
FNDA:0,_RINvXNvXNvNtCsbIW9GKplEdi_8callisto14authentications3_1__NtB8_19GoogleTokenResponseNtNtCslPV0GBxWL6G_5serde2de11Deserialize11deserializeNtB3_14___FieldVisitorNtB1l_7Visitor9visit_u64pEBa_
FNDA:0,_RINvXNvXNvNtCsbIW9GKplEdi_8callisto14authentications3_1__NtB8_19GoogleTokenResponseNtNtCslPV0GBxWL6G_5serde2de11Deserialize11deserializeNtB3_14___FieldVisitorNtB1l_7Visitor9visit_strpEBa_
FNDA:0,_RINvXNvXNvNtCsbIW9GKplEdi_8callisto14authentications3_1__NtB8_19GoogleTokenResponseNtNtCslPV0GBxWL6G_5serde2de11Deserialize11deserializeNtB3_14___FieldVisitorNtB1l_7Visitor11visit_bytespEBa_
FNDA:0,_RINvXs_NvXNvNtCsbIW9GKplEdi_8callisto14authentications3_1__NtBa_19GoogleTokenResponseNtNtCslPV0GBxWL6G_5serde2de11Deserialize11deserializeNtB5_7___FieldB1l_11deserializepEBc_
FNDA:0,_RNvXs0_NvXNvNtCsbIW9GKplEdi_8callisto14authentications3_1__NtBa_19GoogleTokenResponseNtNtCslPV0GBxWL6G_5serde2de11Deserialize11deserializeNtB5_9___VisitorNtB1n_7Visitor9expecting
FNDA:0,_RINvXs0_NvXNvNtCsbIW9GKplEdi_8callisto14authentications3_1__NtBb_19GoogleTokenResponseNtNtCslPV0GBxWL6G_5serde2de11Deserialize11deserializeNtB6_9___VisitorNtB1o_7Visitor9visit_seqpEBd_
FNDA:0,_RINvXs0_NvXNvNtCsbIW9GKplEdi_8callisto14authentications3_1__NtBb_19GoogleTokenResponseNtNtCslPV0GBxWL6G_5serde2de11Deserialize11deserializeNtB6_9___VisitorNtB1o_7Visitor9visit_mappEBd_
FNDA:0,_RNvXNvXNvNtCsbIW9GKplEdi_8callisto14authentications4_1__NtB7_16GooglePublicKeysNtNtCslPV0GBxWL6G_5serde2de11Deserialize11deserializeNtB2_14___FieldVisitorNtB1h_7Visitor9expecting
FNDA:0,_RINvXNvXNvNtCsbIW9GKplEdi_8callisto14authentications4_1__NtB8_16GooglePublicKeysNtNtCslPV0GBxWL6G_5serde2de11Deserialize11deserializeNtB3_14___FieldVisitorNtB1i_7Visitor9visit_u64pEBa_
FNDA:0,_RINvXNvXNvNtCsbIW9GKplEdi_8callisto14authentications4_1__NtB8_16GooglePublicKeysNtNtCslPV0GBxWL6G_5serde2de11Deserialize11deserializeNtB3_14___FieldVisitorNtB1i_7Visitor9visit_strpEBa_
FNDA:0,_RINvXNvXNvNtCsbIW9GKplEdi_8callisto14authentications4_1__NtB8_16GooglePublicKeysNtNtCslPV0GBxWL6G_5serde2de11Deserialize11deserializeNtB3_14___FieldVisitorNtB1i_7Visitor11visit_bytespEBa_
FNDA:0,_RINvXs_NvXNvNtCsbIW9GKplEdi_8callisto14authentications4_1__NtBa_16GooglePublicKeysNtNtCslPV0GBxWL6G_5serde2de11Deserialize11deserializeNtB5_7___FieldB1i_11deserializepEBc_
FNDA:0,_RNvXs0_NvXNvNtCsbIW9GKplEdi_8callisto14authentications4_1__NtBa_16GooglePublicKeysNtNtCslPV0GBxWL6G_5serde2de11Deserialize11deserializeNtB5_9___VisitorNtB1k_7Visitor9expecting
FNDA:0,_RINvXs0_NvXNvNtCsbIW9GKplEdi_8callisto14authentications4_1__NtBb_16GooglePublicKeysNtNtCslPV0GBxWL6G_5serde2de11Deserialize11deserializeNtB6_9___VisitorNtB1l_7Visitor9visit_seqpEBd_
FNDA:0,_RINvXs0_NvXNvNtCsbIW9GKplEdi_8callisto14authentications4_1__NtBb_16GooglePublicKeysNtNtCslPV0GBxWL6G_5serde2de11Deserialize11deserializeNtB6_9___VisitorNtB1l_7Visitor9visit_mappEBd_
FNDA:0,_RNvXNvXNvNtCsbIW9GKplEdi_8callisto14authentications5_1__NtB7_15GooglePublicKeyNtNtCslPV0GBxWL6G_5serde2de11Deserialize11deserializeNtB2_14___FieldVisitorNtB1g_7Visitor9expecting
FNDA:0,_RINvXNvXNvNtCsbIW9GKplEdi_8callisto14authentications5_1__NtB8_15GooglePublicKeyNtNtCslPV0GBxWL6G_5serde2de11Deserialize11deserializeNtB3_14___FieldVisitorNtB1h_7Visitor9visit_u64pEBa_
FNDA:0,_RINvXNvXNvNtCsbIW9GKplEdi_8callisto14authentications5_1__NtB8_15GooglePublicKeyNtNtCslPV0GBxWL6G_5serde2de11Deserialize11deserializeNtB3_14___FieldVisitorNtB1h_7Visitor9visit_strpEBa_
FNDA:0,_RINvXNvXNvNtCsbIW9GKplEdi_8callisto14authentications5_1__NtB8_15GooglePublicKeyNtNtCslPV0GBxWL6G_5serde2de11Deserialize11deserializeNtB3_14___FieldVisitorNtB1h_7Visitor11visit_bytespEBa_
FNDA:0,_RINvXs_NvXNvNtCsbIW9GKplEdi_8callisto14authentications5_1__NtBa_15GooglePublicKeyNtNtCslPV0GBxWL6G_5serde2de11Deserialize11deserializeNtB5_7___FieldB1h_11deserializepEBc_
FNDA:0,_RNvXs0_NvXNvNtCsbIW9GKplEdi_8callisto14authentications5_1__NtBa_15GooglePublicKeyNtNtCslPV0GBxWL6G_5serde2de11Deserialize11deserializeNtB5_9___VisitorNtB1j_7Visitor9expecting
FNDA:0,_RINvXs0_NvXNvNtCsbIW9GKplEdi_8callisto14authentications5_1__NtBb_15GooglePublicKeyNtNtCslPV0GBxWL6G_5serde2de11Deserialize11deserializeNtB6_9___VisitorNtB1k_7Visitor9visit_seqpEBd_
FNDA:0,_RINvXs0_NvXNvNtCsbIW9GKplEdi_8callisto14authentications5_1__NtBb_15GooglePublicKeyNtNtCslPV0GBxWL6G_5serde2de11Deserialize11deserializeNtB6_9___VisitorNtB1k_7Visitor9visit_mappEBd_
FNDA:0,_RNvXNvXNvNtCsbIW9GKplEdi_8callisto14authentications6_1__NtB7_17GoogleCredentialsNtNtCslPV0GBxWL6G_5serde2de11Deserialize11deserializeNtB2_14___FieldVisitorNtB1i_7Visitor9expecting
FNDA:0,_RINvXNvXNvNtCsbIW9GKplEdi_8callisto14authentications6_1__NtB8_17GoogleCredentialsNtNtCslPV0GBxWL6G_5serde2de11Deserialize11deserializeNtB3_14___FieldVisitorNtB1j_7Visitor9visit_u64pEBa_
FNDA:0,_RINvXNvXNvNtCsbIW9GKplEdi_8callisto14authentications6_1__NtB8_17GoogleCredentialsNtNtCslPV0GBxWL6G_5serde2de11Deserialize11deserializeNtB3_14___FieldVisitorNtB1j_7Visitor9visit_strpEBa_
FNDA:0,_RINvXNvXNvNtCsbIW9GKplEdi_8callisto14authentications6_1__NtB8_17GoogleCredentialsNtNtCslPV0GBxWL6G_5serde2de11Deserialize11deserializeNtB3_14___FieldVisitorNtB1j_7Visitor11visit_bytespEBa_
FNDA:0,_RINvXs_NvXNvNtCsbIW9GKplEdi_8callisto14authentications6_1__NtBa_17GoogleCredentialsNtNtCslPV0GBxWL6G_5serde2de11Deserialize11deserializeNtB5_7___FieldB1j_11deserializepEBc_
FNDA:0,_RNvXs0_NvXNvNtCsbIW9GKplEdi_8callisto14authentications6_1__NtBa_17GoogleCredentialsNtNtCslPV0GBxWL6G_5serde2de11Deserialize11deserializeNtB5_9___VisitorNtB1l_7Visitor9expecting
FNDA:0,_RINvXs0_NvXNvNtCsbIW9GKplEdi_8callisto14authentications6_1__NtBb_17GoogleCredentialsNtNtCslPV0GBxWL6G_5serde2de11Deserialize11deserializeNtB6_9___VisitorNtB1m_7Visitor9visit_seqpEBd_
FNDA:0,_RINvXs0_NvXNvNtCsbIW9GKplEdi_8callisto14authentications6_1__NtBb_17GoogleCredentialsNtNtCslPV0GBxWL6G_5serde2de11Deserialize11deserializeNtB6_9___VisitorNtB1m_7Visitor9visit_mappEBd_
FNDA:0,_RNvXNvXNvNtCsbIW9GKplEdi_8callisto14authentications7_1__NtB7_15GoogleCredsJsonNtNtCslPV0GBxWL6G_5serde2de11Deserialize11deserializeNtB2_14___FieldVisitorNtB1g_7Visitor9expecting
FNDA:0,_RINvXNvXNvNtCsbIW9GKplEdi_8callisto14authentications7_1__NtB8_15GoogleCredsJsonNtNtCslPV0GBxWL6G_5serde2de11Deserialize11deserializeNtB3_14___FieldVisitorNtB1h_7Visitor9visit_u64pEBa_
FNDA:0,_RINvXNvXNvNtCsbIW9GKplEdi_8callisto14authentications7_1__NtB8_15GoogleCredsJsonNtNtCslPV0GBxWL6G_5serde2de11Deserialize11deserializeNtB3_14___FieldVisitorNtB1h_7Visitor9visit_strpEBa_
FNDA:0,_RINvXNvXNvNtCsbIW9GKplEdi_8callisto14authentications7_1__NtB8_15GoogleCredsJsonNtNtCslPV0GBxWL6G_5serde2de11Deserialize11deserializeNtB3_14___FieldVisitorNtB1h_7Visitor11visit_bytespEBa_
FNDA:0,_RINvXs_NvXNvNtCsbIW9GKplEdi_8callisto14authentications7_1__NtBa_15GoogleCredsJsonNtNtCslPV0GBxWL6G_5serde2de11Deserialize11deserializeNtB5_7___FieldB1h_11deserializepEBc_
FNDA:0,_RNvXs0_NvXNvNtCsbIW9GKplEdi_8callisto14authentications7_1__NtBa_15GoogleCredsJsonNtNtCslPV0GBxWL6G_5serde2de11Deserialize11deserializeNtB5_9___VisitorNtB1j_7Visitor9expecting
FNDA:0,_RINvXs0_NvXNvNtCsbIW9GKplEdi_8callisto14authentications7_1__NtBb_15GoogleCredsJsonNtNtCslPV0GBxWL6G_5serde2de11Deserialize11deserializeNtB6_9___VisitorNtB1k_7Visitor9visit_seqpEBd_
FNDA:0,_RINvXs0_NvXNvNtCsbIW9GKplEdi_8callisto14authentications7_1__NtBb_15GoogleCredsJsonNtNtCslPV0GBxWL6G_5serde2de11Deserialize11deserializeNtB6_9___VisitorNtB1k_7Visitor9visit_mappEBd_
FNDA:2,_RNCNvNtCsbIW9GKplEdi_8callisto14authentication31load_authorized_users_from_file0B5_
FNDA:0,_RNCNCNvNtCsbIW9GKplEdi_8callisto14authentication31load_authorized_users_from_file00B7_
FNDA:0,_RNCNCNvNtCsbIW9GKplEdi_8callisto14authentication31load_authorized_users_from_file0s_0B7_
FNDA:0,_RNCNCNvNtCsbIW9GKplEdi_8callisto14authentication31load_authorized_users_from_file0s0_0B7_
FNDA:1,_RNvNtNtCsbIW9GKplEdi_8callisto14authentication5testss_35test_load_authorized_users_from_gcs
FNDA:1,_RNvNtNCNvNtNtCsbIW9GKplEdi_8callisto14authentication5testss_35test_load_authorized_users_from_gcs04init4init
FNDA:1,_RNvNtNtCsbIW9GKplEdi_8callisto14authentication5testss_36test_load_authorized_users_from_file
FNDA:1,_RNvNtNCNvNtNtCsbIW9GKplEdi_8callisto14authentication5testss_36test_load_authorized_users_from_file04init4init
FNF:35
FNH:4
DA:35,0
DA:36,0
DA:37,0
DA:38,0
DA:39,0
DA:40,0
DA:41,0
DA:42,0
DA:43,0
DA:44,0
DA:45,0
DA:46,0
DA:47,0
DA:48,0
DA:49,0
DA:50,0
DA:51,0
DA:52,0
DA:53,0
DA:55,0
DA:56,0
DA:57,0
DA:58,0
DA:67,0
DA:68,0
DA:69,0
DA:70,0
DA:71,0
DA:72,0
DA:73,0
DA:74,0
DA:75,0
DA:76,0
DA:77,0
DA:78,0
DA:79,0
DA:80,0
DA:81,0
DA:82,0
DA:83,0
DA:85,0
DA:86,0
DA:87,0
DA:88,0
DA:89,0
DA:90,0
DA:93,0
DA:94,0
DA:95,0
DA:96,0
DA:97,0
DA:98,0
DA:99,0
DA:100,0
DA:101,0
DA:102,0
DA:103,0
DA:104,0
DA:105,0
DA:106,0
DA:107,0
DA:108,0
DA:109,0
DA:110,0
DA:111,0
DA:112,0
DA:113,0
DA:114,0
DA:115,0
DA:116,0
DA:117,0
DA:118,0
DA:119,0
DA:120,0
DA:121,0
DA:122,0
DA:123,0
DA:124,0
DA:127,0
DA:128,0
DA:129,0
DA:130,0
DA:131,0
DA:132,0
DA:133,0
DA:134,0
DA:142,0
DA:143,0
DA:144,0
DA:145,0
DA:146,0
DA:147,0
DA:148,0
DA:149,0
DA:152,0
DA:154,0
DA:155,0
DA:160,0
DA:161,0
DA:162,0
DA:163,0
DA:164,0
DA:165,0
DA:166,0
DA:167,0
DA:168,0
DA:169,0
DA:170,0
DA:171,0
DA:172,0
DA:173,0
DA:174,0
DA:175,0
DA:176,0
DA:177,0
DA:178,0
DA:179,0
DA:180,0
DA:181,0
DA:182,0
DA:183,0
DA:184,0
DA:185,0
DA:186,0
DA:188,0
DA:189,0
DA:190,0
DA:192,0
DA:194,0
DA:196,0
DA:197,0
DA:198,0
DA:199,0
DA:200,0
DA:201,0
DA:202,0
DA:203,0
DA:204,0
DA:205,0
DA:206,0
DA:207,0
DA:208,0
DA:209,0
DA:210,0
DA:211,0
DA:212,0
DA:214,0
DA:215,0
DA:216,0
DA:217,0
DA:220,0
DA:221,0
DA:222,0
DA:223,0
DA:224,0
DA:225,0
DA:226,0
DA:227,0
DA:228,0
DA:232,0
DA:233,0
DA:234,0
DA:235,0
DA:237,0
DA:238,0
DA:239,0
DA:240,0
DA:241,0
DA:242,0
DA:243,0
DA:244,0
DA:245,0
DA:249,0
DA:250,0
DA:251,0
DA:252,0
DA:253,0
DA:254,0
DA:255,0
DA:256,0
DA:257,0
DA:258,0
DA:259,0
DA:260,0
DA:261,0
DA:262,0
DA:263,0
DA:266,0
DA:267,0
DA:268,0
DA:269,0
DA:270,0
DA:271,0
DA:272,0
DA:273,0
DA:274,0
DA:275,0
DA:276,0
DA:277,0
DA:278,0
DA:279,0
DA:280,0
DA:281,0
DA:282,0
DA:284,2
DA:285,2
DA:286,2
DA:287,2
DA:288,2
DA:289,9
DA:290,0
DA:291,0
DA:292,0
DA:293,0
DA:294,1
DA:295,1
DA:298,1
DA:299,1
DA:300,1
DA:301,1
DA:302,1
DA:303,1
DA:304,1
DA:305,1
DA:306,1
DA:307,6
DA:308,1
DA:309,0
DA:310,0
DA:311,0
DA:312,0
DA:313,1
DA:314,1
DA:315,1
DA:316,1
DA:317,1
DA:318,0
DA:319,0
DA:320,0
DA:321,0
DA:322,1
DA:323,1
DA:325,1
DA:327,1
DA:328,1
DA:329,1
DA:330,1
DA:331,1
DA:333,2
DA:343,0
DA:344,0
DA:345,0
DA:352,0
DA:353,0
DA:354,0
DA:360,0
DA:372,0
DA:381,0
DA:391,0
DA:396,0
DA:404,0
DA:415,0
DA:427,2
DA:441,2
BRF:0
BRH:0
LF:281
LH:36
end_of_record
SF:/Users/dan/dev/callisto/callisto/src/combat.rs
FN:22,_RNCNvNtCs4o3bEHjQXtz_8callisto6combat9roll_dice0B5_
FN:358,_RNCNvNtCs4o3bEHjQXtz_8callisto6combat10apply_crit0B5_
FN:372,_RNCNvNtCs4o3bEHjQXtz_8callisto6combat10apply_crits_0B5_
FN:374,_RNCNvNtCs4o3bEHjQXtz_8callisto6combat10apply_crits0_0B5_
FN:495,_RNCNvNtCs4o3bEHjQXtz_8callisto6combat15find_range_band0B5_
FN:510,_RNCNvNtCs4o3bEHjQXtz_8callisto6combat15do_fire_actions0B5_
FN:643,_RNCNvNtCs4o3bEHjQXtz_8callisto6combat18create_sand_counts0B5_
FN:650,_RNCNCNvNtCs4o3bEHjQXtz_8callisto6combat18create_sand_counts00B7_
FN:653,_RNCNCNvNtCs4o3bEHjQXtz_8callisto6combat18create_sand_counts0s_0B7_
FN:17,_RNvNtCs4o3bEHjQXtz_8callisto6combat4roll
FN:21,_RNvNtCs4o3bEHjQXtz_8callisto6combat9roll_dice
FN:25,_RNvNtCs4o3bEHjQXtz_8callisto6combat6attack
FN:207,_RNvNtCs4o3bEHjQXtz_8callisto6combat11do_critical
FN:224,_RNvNtCs4o3bEHjQXtz_8callisto6combat10apply_crit
FN:492,_RNvNtCs4o3bEHjQXtz_8callisto6combat15find_range_band
FN:500,_RNvNtCs4o3bEHjQXtz_8callisto6combat15do_fire_actions
FN:640,_RNvNtCs4o3bEHjQXtz_8callisto6combat18create_sand_counts
FN:685,_RNvNtNtCsbIW9GKplEdi_8callisto6combat5testss_25test_missile_fire_actions
FN:685,_RNvNtNvNtNtCsbIW9GKplEdi_8callisto6combat5testss_25test_missile_fire_actions4init4init
FN:798,_RNvNtNtCsbIW9GKplEdi_8callisto6combat5testss_15test_apply_crit
FN:798,_RNvNtNvNtNtCsbIW9GKplEdi_8callisto6combat5testss_15test_apply_crit4init4init
FN:1034,_RNvNtNtCsbIW9GKplEdi_8callisto6combat5testss_11test_attack
FN:1034,_RNvNtNvNtNtCsbIW9GKplEdi_8callisto6combat5testss_11test_attack4init4init
FN:17,_RNvNtCsbIW9GKplEdi_8callisto6combat4roll
FN:21,_RNvNtCsbIW9GKplEdi_8callisto6combat9roll_dice
FN:25,_RNvNtCsbIW9GKplEdi_8callisto6combat6attack
FN:207,_RNvNtCsbIW9GKplEdi_8callisto6combat11do_critical
FN:224,_RNvNtCsbIW9GKplEdi_8callisto6combat10apply_crit
FN:492,_RNvNtCsbIW9GKplEdi_8callisto6combat15find_range_band
FN:500,_RNvNtCsbIW9GKplEdi_8callisto6combat15do_fire_actions
FN:640,_RNvNtCsbIW9GKplEdi_8callisto6combat18create_sand_counts
FN:779,_RNCNvNtNtCsbIW9GKplEdi_8callisto6combat5testss_25test_missile_fire_actions0B7_
FN:815,_RNCNvNtNtCsbIW9GKplEdi_8callisto6combat5testss_15test_apply_crit0B7_
FN:867,_RNCNvNtNtCsbIW9GKplEdi_8callisto6combat5testss_15test_apply_crits_0B7_
FN:878,_RNCNvNtNtCsbIW9GKplEdi_8callisto6combat5testss_15test_apply_crits0_0B7_
FN:896,_RNCNvNtNtCsbIW9GKplEdi_8callisto6combat5testss_15test_apply_crits1_0B7_
FN:941,_RNCNvNtNtCsbIW9GKplEdi_8callisto6combat5testss_15test_apply_crits2_0B7_
FN:954,_RNCNvNtNtCsbIW9GKplEdi_8callisto6combat5testss_15test_apply_crits3_0B7_
FN:997,_RNCNvNtNtCsbIW9GKplEdi_8callisto6combat5testss_15test_apply_crits4_0B7_
FN:1007,_RNCNvNtNtCsbIW9GKplEdi_8callisto6combat5testss_15test_apply_crits5_0B7_
FN:1257,_RNCNvNtNtCsbIW9GKplEdi_8callisto6combat5testss_11test_attack0B7_
FN:1148,_RNCNvNtNtCsbIW9GKplEdi_8callisto6combat5testss_11test_attacks_0B7_
FN:1156,_RNCNvNtNtCsbIW9GKplEdi_8callisto6combat5testss_11test_attacks0_0B7_
FN:1165,_RNCNvNtNtCsbIW9GKplEdi_8callisto6combat5testss_11test_attacks1_0B7_
FN:1171,_RNCNvNtNtCsbIW9GKplEdi_8callisto6combat5testss_11test_attacks2_0B7_
FN:1218,_RNCNvNtNtCsbIW9GKplEdi_8callisto6combat5testss_11test_attacks3_0B7_
FN:1237,_RNCNvNtNtCsbIW9GKplEdi_8callisto6combat5testss_11test_attacks4_0B7_
FN:1287,_RNCNvNtNtCsbIW9GKplEdi_8callisto6combat5testss_11test_attacks5_0B7_
FN:22,_RNCNvNtCsbIW9GKplEdi_8callisto6combat9roll_dice0B5_
FN:358,_RNCNvNtCsbIW9GKplEdi_8callisto6combat10apply_crit0B5_
FN:372,_RNCNvNtCsbIW9GKplEdi_8callisto6combat10apply_crits_0B5_
FN:374,_RNCNvNtCsbIW9GKplEdi_8callisto6combat10apply_crits0_0B5_
FN:495,_RNCNvNtCsbIW9GKplEdi_8callisto6combat15find_range_band0B5_
FN:510,_RNCNvNtCsbIW9GKplEdi_8callisto6combat15do_fire_actions0B5_
FN:643,_RNCNvNtCsbIW9GKplEdi_8callisto6combat18create_sand_counts0B5_
FN:650,_RNCNCNvNtCsbIW9GKplEdi_8callisto6combat18create_sand_counts00B7_
FN:653,_RNCNCNvNtCsbIW9GKplEdi_8callisto6combat18create_sand_counts0s_0B7_
FNDA:0,_RNCNvNtCs4o3bEHjQXtz_8callisto6combat9roll_dice0B5_
FNDA:0,_RNCNvNtCs4o3bEHjQXtz_8callisto6combat10apply_crit0B5_
FNDA:0,_RNCNvNtCs4o3bEHjQXtz_8callisto6combat10apply_crits_0B5_
FNDA:0,_RNCNvNtCs4o3bEHjQXtz_8callisto6combat10apply_crits0_0B5_
FNDA:0,_RNCNvNtCs4o3bEHjQXtz_8callisto6combat15find_range_band0B5_
FNDA:0,_RNCNvNtCs4o3bEHjQXtz_8callisto6combat15do_fire_actions0B5_
FNDA:0,_RNCNvNtCs4o3bEHjQXtz_8callisto6combat18create_sand_counts0B5_
FNDA:0,_RNCNCNvNtCs4o3bEHjQXtz_8callisto6combat18create_sand_counts00B7_
FNDA:0,_RNCNCNvNtCs4o3bEHjQXtz_8callisto6combat18create_sand_counts0s_0B7_
FNDA:0,_RNvNtCs4o3bEHjQXtz_8callisto6combat4roll
FNDA:0,_RNvNtCs4o3bEHjQXtz_8callisto6combat9roll_dice
FNDA:0,_RNvNtCs4o3bEHjQXtz_8callisto6combat6attack
FNDA:0,_RNvNtCs4o3bEHjQXtz_8callisto6combat11do_critical
FNDA:0,_RNvNtCs4o3bEHjQXtz_8callisto6combat10apply_crit
FNDA:0,_RNvNtCs4o3bEHjQXtz_8callisto6combat15find_range_band
FNDA:0,_RNvNtCs4o3bEHjQXtz_8callisto6combat15do_fire_actions
FNDA:0,_RNvNtCs4o3bEHjQXtz_8callisto6combat18create_sand_counts
FNDA:1,_RNvNtNtCsbIW9GKplEdi_8callisto6combat5testss_25test_missile_fire_actions
FNDA:1,_RNvNtNvNtNtCsbIW9GKplEdi_8callisto6combat5testss_25test_missile_fire_actions4init4init
FNDA:1,_RNvNtNtCsbIW9GKplEdi_8callisto6combat5testss_15test_apply_crit
FNDA:1,_RNvNtNvNtNtCsbIW9GKplEdi_8callisto6combat5testss_15test_apply_crit4init4init
FNDA:1,_RNvNtNtCsbIW9GKplEdi_8callisto6combat5testss_11test_attack
FNDA:1,_RNvNtNvNtNtCsbIW9GKplEdi_8callisto6combat5testss_11test_attack4init4init
FNDA:765,_RNvNtCsbIW9GKplEdi_8callisto6combat4roll
FNDA:301,_RNvNtCsbIW9GKplEdi_8callisto6combat9roll_dice
FNDA:79,_RNvNtCsbIW9GKplEdi_8callisto6combat6attack
FNDA:107,_RNvNtCsbIW9GKplEdi_8callisto6combat11do_critical
FNDA:185,_RNvNtCsbIW9GKplEdi_8callisto6combat10apply_crit
FNDA:79,_RNvNtCsbIW9GKplEdi_8callisto6combat15find_range_band
FNDA:12,_RNvNtCsbIW9GKplEdi_8callisto6combat15do_fire_actions
FNDA:19,_RNvNtCsbIW9GKplEdi_8callisto6combat18create_sand_counts
FNDA:3,_RNCNvNtNtCsbIW9GKplEdi_8callisto6combat5testss_25test_missile_fire_actions0B7_
FNDA:6,_RNCNvNtNtCsbIW9GKplEdi_8callisto6combat5testss_15test_apply_crit0B7_
FNDA:6,_RNCNvNtNtCsbIW9GKplEdi_8callisto6combat5testss_15test_apply_crits_0B7_
FNDA:6,_RNCNvNtNtCsbIW9GKplEdi_8callisto6combat5testss_15test_apply_crits0_0B7_
FNDA:6,_RNCNvNtNtCsbIW9GKplEdi_8callisto6combat5testss_15test_apply_crits1_0B7_
FNDA:6,_RNCNvNtNtCsbIW9GKplEdi_8callisto6combat5testss_15test_apply_crits2_0B7_
FNDA:6,_RNCNvNtNtCsbIW9GKplEdi_8callisto6combat5testss_15test_apply_crits3_0B7_
FNDA:6,_RNCNvNtNtCsbIW9GKplEdi_8callisto6combat5testss_15test_apply_crits4_0B7_
FNDA:6,_RNCNvNtNtCsbIW9GKplEdi_8callisto6combat5testss_15test_apply_crits5_0B7_
FNDA:11,_RNCNvNtNtCsbIW9GKplEdi_8callisto6combat5testss_11test_attack0B7_
FNDA:2,_RNCNvNtNtCsbIW9GKplEdi_8callisto6combat5testss_11test_attacks_0B7_
FNDA:14,_RNCNvNtNtCsbIW9GKplEdi_8callisto6combat5testss_11test_attacks0_0B7_
FNDA:8,_RNCNvNtNtCsbIW9GKplEdi_8callisto6combat5testss_11test_attacks1_0B7_
FNDA:3,_RNCNvNtNtCsbIW9GKplEdi_8callisto6combat5testss_11test_attacks2_0B7_
FNDA:1,_RNCNvNtNtCsbIW9GKplEdi_8callisto6combat5testss_11test_attacks3_0B7_
FNDA:3,_RNCNvNtNtCsbIW9GKplEdi_8callisto6combat5testss_11test_attacks4_0B7_
FNDA:2,_RNCNvNtNtCsbIW9GKplEdi_8callisto6combat5testss_11test_attacks5_0B7_
FNDA:738,_RNCNvNtCsbIW9GKplEdi_8callisto6combat9roll_dice0B5_
FNDA:62,_RNCNvNtCsbIW9GKplEdi_8callisto6combat10apply_crit0B5_
FNDA:38,_RNCNvNtCsbIW9GKplEdi_8callisto6combat10apply_crits_0B5_
FNDA:13,_RNCNvNtCsbIW9GKplEdi_8callisto6combat10apply_crits0_0B5_
FNDA:82,_RNCNvNtCsbIW9GKplEdi_8callisto6combat15find_range_band0B5_
FNDA:47,_RNCNvNtCsbIW9GKplEdi_8callisto6combat15do_fire_actions0B5_
FNDA:38,_RNCNvNtCsbIW9GKplEdi_8callisto6combat18create_sand_counts0B5_
FNDA:129,_RNCNCNvNtCsbIW9GKplEdi_8callisto6combat18create_sand_counts00B7_
FNDA:36,_RNCNCNvNtCsbIW9GKplEdi_8callisto6combat18create_sand_counts0s_0B7_
FNF:40
FNH:40
DA:17,765
DA:18,765
DA:19,765
DA:21,301
DA:22,738
DA:23,301
DA:25,79
DA:26,79
DA:27,79
DA:28,79
DA:29,79
DA:30,79
DA:31,79
DA:32,79
DA:33,79
DA:34,79
DA:35,79
DA:36,79
DA:37,79
DA:38,79
DA:39,79
DA:40,79
DA:41,79
DA:42,79
DA:43,79
DA:44,79
DA:45,79
DA:46,79
DA:47,79
DA:48,79
DA:49,79
DA:50,79
DA:51,79
DA:52,79
DA:53,79
DA:54,79
DA:55,79
DA:56,79
DA:57,79
DA:58,79
DA:63,24
DA:64,24
DA:65,24
DA:66,24
DA:67,24
DA:68,24
DA:69,55
DA:70,55
DA:71,55
DA:72,55
DA:73,55
DA:74,55
DA:75,55
DA:76,55
DA:77,55
DA:78,55
DA:79,55
DA:80,55
DA:81,55
DA:82,55
DA:83,55
DA:84,55
DA:85,55
DA:86,55
DA:87,55
DA:88,55
DA:89,55
DA:90,55
DA:91,55
DA:92,55
DA:93,55
DA:94,55
DA:95,55
DA:96,55
DA:97,55
DA:98,55
DA:99,55
DA:100,12
DA:101,12
DA:102,12
DA:103,12
DA:104,12
DA:105,12
DA:106,43
DA:109,43
DA:111,19
DA:112,19
DA:113,19
DA:114,19
DA:115,19
DA:116,19
DA:117,19
DA:118,19
DA:119,19
DA:120,19
DA:121,19
DA:122,19
DA:125,24
DA:126,16
DA:127,16
DA:128,16
DA:129,5
DA:130,5
DA:131,5
DA:132,3
DA:133,1
DA:134,1
DA:135,1
DA:136,1
DA:137,1
DA:138,1
DA:139,1
DA:140,1
DA:141,1
DA:144,24
DA:145,24
DA:146,24
DA:147,24
DA:148,24
DA:149,24
DA:150,24
DA:151,24
DA:152,24
DA:153,24
DA:154,24
DA:155,24
DA:156,24
DA:157,24
DA:168,43
DA:169,43
DA:170,43
DA:171,4
DA:172,4
DA:173,4
DA:174,4
DA:175,4
DA:176,4
DA:177,4
DA:178,4
DA:179,4
DA:180,4
DA:181,4
DA:182,4
DA:183,39
DA:184,43
DA:185,43
DA:186,43
DA:187,43
DA:188,43
DA:189,43
DA:190,43
DA:191,43
DA:192,43
DA:193,43
DA:194,43
DA:195,43
DA:196,43
DA:197,43
DA:198,43
DA:199,103
DA:200,103
DA:201,103
DA:203,43
DA:204,43
DA:205,79
DA:207,107
DA:208,107
DA:209,107
DA:210,107
DA:211,107
DA:212,107
DA:213,107
DA:214,107
DA:215,107
DA:216,107
DA:217,107
DA:218,107
DA:219,107
DA:220,107
DA:221,107
DA:222,107
DA:224,185
DA:225,185
DA:226,185
DA:227,185
DA:228,185
DA:229,185
DA:230,185
DA:231,185
DA:232,185
DA:233,185
DA:234,17
DA:235,17
DA:236,17
DA:237,17
DA:238,17
DA:239,17
DA:240,17
DA:241,17
DA:242,17
DA:243,17
DA:244,17
DA:245,17
DA:246,17
DA:247,17
DA:248,17
DA:249,17
[...]
FNDA:0,_RINvXs0_NvXNvNtCs4o3bEHjQXtz_8callisto4ships9_1__NtBb_10WeaponTypeNtNtCslPV0GBxWL6G_5serde2de11Deserialize11deserializeNtB6_9___VisitorNtB14_7Visitor10visit_enumINtNtCsluz68QKaPup_10serde_json2de13VariantAccessNtNtB2E_4read7StrReadEECsbCWGPIX13WY_9webserver
FNDA:33,_RINvXs0_NvXNvNtCs4o3bEHjQXtz_8callisto4ships9_1__NtBb_10WeaponTypeNtNtCslPV0GBxWL6G_5serde2de11Deserialize11deserializeNtB6_9___VisitorNtB14_7Visitor10visit_enumINtNtCsluz68QKaPup_10serde_json2de17UnitVariantAccessNtNtB2E_4read7StrReadEECsbCWGPIX13WY_9webserver
FNDA:0,_RINvXs0_NvXNvNtCs4o3bEHjQXtz_8callisto4shipsd_1__NtBb_7StealthNtNtCslPV0GBxWL6G_5serde2de11Deserialize11deserializeNtB6_9___VisitorNtB10_7Visitor10visit_enumINtNtCsluz68QKaPup_10serde_json2de13VariantAccessNtNtB2A_4read7StrReadEECsbCWGPIX13WY_9webserver
FNDA:1,_RINvXs0_NvXNvNtCs4o3bEHjQXtz_8callisto4shipsd_1__NtBb_7StealthNtNtCslPV0GBxWL6G_5serde2de11Deserialize11deserializeNtB6_9___VisitorNtB10_7Visitor10visit_enumINtNtCsluz68QKaPup_10serde_json2de17UnitVariantAccessNtNtB2A_4read7StrReadEECsbCWGPIX13WY_9webserver
FNDA:9,_RINvXs_NvXNvNtCs4o3bEHjQXtz_8callisto4ship1__NtBa_4ShipNtNtCslPV0GBxWL6G_5serde3ser9Serialize9serializeNtB5_s_15___SerializeWithBR_9serializeNtNtNtCsluz68QKaPup_10serde_json5value3ser10SerializerECsbCWGPIX13WY_9webserver
FNDA:92,_RINvXs_NvXNvNtCs4o3bEHjQXtz_8callisto4ships1_1__NtBa_18ShipDesignTemplateNtNtCslPV0GBxWL6G_5serde2de11Deserialize11deserializeNtB5_7___FieldB19_11deserializeINtNtCsluz68QKaPup_10serde_json2de6MapKeyNtNtB2A_4read7StrReadEECsbCWGPIX13WY_9webserver
FNDA:66,_RINvXs_NvXNvNtCs4o3bEHjQXtz_8callisto4ships3_1__NtBa_6WeaponNtNtCslPV0GBxWL6G_5serde2de11Deserialize11deserializeNtB5_7___FieldBW_11deserializeINtNtCsluz68QKaPup_10serde_json2de6MapKeyNtNtB2m_4read7StrReadEECsbCWGPIX13WY_9webserver
FNDA:33,_RINvXs_NvXNvNtCs4o3bEHjQXtz_8callisto4ships5_1__NtBa_11WeaponMountNtNtCslPV0GBxWL6G_5serde2de11Deserialize11deserializeNtB5_7___FieldB12_11deserializeQINtNtCsluz68QKaPup_10serde_json2de12DeserializerNtNtB2u_4read7StrReadEECsbCWGPIX13WY_9webserver
FNDA:1,_RINvXs_NvXNvNtCs4o3bEHjQXtz_8callisto4ships7_1__NtBa_7BaySizeNtNtCslPV0GBxWL6G_5serde2de11Deserialize11deserializeNtB5_7___FieldBX_11deserializeQINtNtCsluz68QKaPup_10serde_json2de12DeserializerNtNtB2o_4read7StrReadEECsbCWGPIX13WY_9webserver
FNDA:33,_RINvXs_NvXNvNtCs4o3bEHjQXtz_8callisto4ships9_1__NtBa_10WeaponTypeNtNtCslPV0GBxWL6G_5serde2de11Deserialize11deserializeNtB5_7___FieldB11_11deserializeQINtNtCsluz68QKaPup_10serde_json2de12DeserializerNtNtB2t_4read7StrReadEECsbCWGPIX13WY_9webserver
FNDA:1,_RINvXs_NvXNvNtCs4o3bEHjQXtz_8callisto4shipsd_1__NtBa_7StealthNtNtCslPV0GBxWL6G_5serde2de11Deserialize11deserializeNtB5_7___FieldBX_11deserializeQINtNtCsluz68QKaPup_10serde_json2de12DeserializerNtNtB2o_4read7StrReadEECsbCWGPIX13WY_9webserver
FNDA:9,_RNCINvMNvNtCs4o3bEHjQXtz_8callisto4shipse_1__NtB7_16TemplateNameOnly9serializeNtNtNtCsluz68QKaPup_10serde_json5value3ser10SerializerE0CsbCWGPIX13WY_9webserver
FNF:89
FNH:79
DA:21,15
DA:23,788
DA:70,2376
DA:88,2376
DA:94,1584
DA:101,48
DA:108,1584
DA:117,412
DA:127,48
DA:135,107
DA:151,66
DA:152,66
DA:153,66
DA:154,66
DA:155,66
DA:156,66
DA:157,66
DA:158,66
DA:159,66
DA:160,66
DA:161,66
DA:162,66
DA:163,66
DA:164,66
DA:165,66
DA:166,66
DA:167,66
DA:168,66
DA:169,66
DA:170,66
DA:171,66
DA:172,66
DA:173,66
DA:174,66
DA:175,66
DA:176,66
DA:177,66
DA:179,0
DA:180,0
DA:181,0
DA:182,0
DA:183,0
DA:184,0
DA:185,0
DA:186,0
DA:187,0
DA:188,0
DA:189,0
DA:190,0
DA:191,0
DA:193,13
DA:194,13
DA:195,13
DA:196,13
DA:197,13
DA:198,13
DA:199,13
DA:200,13
DA:201,10
DA:202,3
DA:203,3
DA:204,3
DA:206,0
DA:207,0
DA:208,0
DA:209,0
DA:212,7
DA:213,7
DA:216,3
DA:218,13
DA:220,25
DA:221,25
DA:222,25
DA:224,78
DA:225,78
DA:226,78
DA:228,131
DA:229,131
DA:230,131
DA:232,60
DA:233,60
DA:234,60
DA:236,55
DA:237,55
DA:238,55
DA:240,47
DA:241,47
DA:242,47
DA:244,0
DA:245,0
DA:246,0
DA:248,0
DA:249,0
DA:250,0
DA:255,4
DA:256,4
DA:257,4
DA:261,1002
DA:262,1002
DA:263,1002
DA:265,1
DA:266,1
DA:267,1
DA:269,550
DA:270,550
DA:271,550
DA:273,3
DA:274,3
DA:275,3
DA:277,142
DA:278,142
DA:279,142
DA:281,1
DA:282,1
DA:283,1
DA:285,46
DA:286,46
DA:287,46
DA:288,46
DA:289,46
DA:291,2
DA:292,44
DA:293,44
DA:294,44
DA:295,35
DA:296,35
DA:297,35
DA:298,35
DA:301,9
DA:302,9
DA:303,9
DA:305,9
DA:306,9
DA:307,9
DA:308,9
DA:309,9
DA:310,9
DA:311,9
DA:312,9
DA:313,9
DA:314,9
DA:315,9
DA:316,9
DA:317,9
DA:318,9
DA:319,9
DA:321,44
DA:322,46
DA:339,49
DA:340,44
DA:341,44
DA:342,44
DA:343,44
DA:347,23
DA:348,23
DA:349,23
DA:350,23
DA:351,23
DA:352,23
DA:355,23
DA:356,23
DA:357,161
DA:358,161
DA:359,161
DA:360,161
DA:361,23
DA:362,23
DA:363,23
DA:364,23
DA:367,23
DA:369,23
DA:370,23
DA:371,23
DA:372,0
DA:373,23
DA:374,23
DA:379,25
DA:380,25
DA:381,25
DA:383,25
DA:384,25
DA:385,0
DA:386,0
DA:387,0
DA:388,25
DA:389,0
DA:392,25
DA:393,0
DA:394,25
DA:395,25
DA:396,25
DA:397,25
DA:398,25
DA:399,25
DA:400,25
DA:404,2024
DA:405,2024
DA:406,2024
DA:410,2024
DA:411,2024
DA:413,0
DA:415,0
DA:417,0
DA:420,0
DA:422,0
DA:424,0
DA:427,0
DA:430,0
DA:432,0
DA:433,23
DA:434,115
DA:435,46
DA:436,1840
DA:438,2024
DA:442,0
DA:443,0
DA:444,0
DA:446,0
DA:448,0
DA:451,0
DA:452,0
DA:453,0
DA:454,0
DA:455,0
DA:456,0
DA:457,0
DA:459,0
DA:463,3
DA:464,3
DA:465,1
DA:466,1
DA:467,1
DA:468,0
DA:469,0
DA:471,3
DA:477,7
DA:478,7
DA:479,7
DA:480,3
DA:482,4
DA:484,7
DA:488,0
DA:489,0
DA:490,0
DA:491,0
DA:492,0
DA:493,0
DA:495,0
DA:499,0
DA:500,0
DA:501,0
DA:502,0
DA:503,0
DA:504,0
DA:506,0
DA:510,12
DA:511,12
DA:512,12
DA:516,73
DA:517,73
DA:518,12
DA:519,17
DA:520,20
DA:521,6
DA:522,18
DA:524,73
DA:528,13
DA:529,13
DA:530,1
DA:531,7
DA:532,0
DA:533,0
DA:534,0
DA:536,1
DA:537,1
DA:538,2
DA:539,2
DA:541,1
DA:543,13
DA:547,0
DA:548,0
DA:549,0
DA:553,0
DA:554,0
DA:555,0
DA:556,0
DA:557,0
DA:558,0
DA:559,0
DA:560,0
DA:561,0
DA:562,0
DA:563,0
DA:564,0
DA:565,0
DA:567,0
DA:571,106
DA:575,457
DA:576,457
DA:577,457
DA:581,75
DA:582,75
DA:583,75
DA:587,216
DA:588,216
DA:589,59
DA:590,216
DA:592,53
DA:603,4
DA:604,4
DA:605,4
DA:607,24
DA:608,24
DA:609,24
DA:613,259
DA:614,259
DA:615,259
DA:619,48
DA:620,48
DA:621,48
DA:624,7
DA:625,7
DA:626,7
DA:627,7
DA:629,11
DA:630,11
DA:631,11
DA:633,62
DA:634,62
DA:635,62
DA:637,2
DA:638,2
DA:639,2
DA:641,44
DA:642,44
DA:643,44
DA:645,13
DA:646,13
DA:647,2
DA:648,11
DA:650,13
DA:651,4
DA:652,2
DA:653,2
DA:654,9
DA:655,13
DA:660,71
DA:661,71
DA:665,40
DA:666,40
DA:667,2
DA:671,2
DA:672,2
DA:673,2
DA:674,2
DA:675,2
DA:676,2
DA:677,2
DA:678,2
DA:679,2
DA:680,1
DA:682,1
DA:689,29
DA:690,29
DA:691,29
DA:692,29
DA:694,71
DA:696,114
DA:697,114
DA:698,103
DA:700,11
DA:702,114
DA:706,24
DA:707,24
DA:708,24
DA:709,24
DA:710,24
DA:711,24
DA:712,24
DA:713,24
DA:714,24
DA:715,24
DA:716,24
DA:717,24
DA:718,24
DA:719,24
DA:720,24
DA:721,24
DA:722,24
DA:723,24
DA:724,24
DA:725,24
DA:726,24
DA:727,24
DA:728,24
DA:729,24
DA:730,24
DA:731,24
DA:732,24
DA:733,24
DA:734,24
DA:735,24
DA:736,24
DA:737,24
DA:738,24
DA:739,24
DA:740,24
DA:744,26
DA:745,26
DA:746,1
DA:747,0
DA:748,0
DA:749,0
DA:750,0
DA:751,0
DA:752,0
DA:753,1
DA:754,0
DA:755,1
DA:756,1
DA:757,0
DA:758,0
DA:759,1
DA:760,1
DA:761,1
DA:762,1
DA:763,1
DA:764,1
DA:765,1
DA:766,1
DA:767,1
DA:768,1
DA:769,1
DA:770,1
DA:771,1
DA:772,1
DA:773,1
DA:774,1
DA:775,1
DA:776,1
DA:777,1
DA:778,1
DA:779,1
DA:780,1
DA:782,25
DA:785,7
DA:786,7
DA:787,7
DA:788,5
DA:789,2
DA:790,2
DA:791,1
DA:793,6
DA:801,1
DA:802,1
DA:803,1
DA:804,1
DA:805,1
DA:806,1
DA:807,1
DA:808,1
DA:809,1
DA:810,1
DA:811,1
DA:813,6
DA:814,5
DA:815,5
DA:816,5
DA:817,5
DA:820,11
DA:821,10
DA:822,10
DA:823,10
DA:824,10
DA:826,1
DA:830,1
DA:831,1
DA:832,1
DA:835,1
DA:836,1
DA:837,1
DA:838,1
DA:839,1
DA:840,1
DA:841,1
DA:842,1
DA:846,1
DA:847,1
DA:848,1
DA:851,1
DA:852,1
DA:853,1
DA:854,1
DA:855,1
DA:856,1
DA:857,1
DA:858,1
DA:859,1
DA:860,1
DA:861,1
DA:862,1
DA:863,1
DA:864,1
DA:865,1
DA:866,1
DA:867,1
DA:868,1
DA:871,1
DA:872,1
DA:873,1
DA:874,1
DA:875,1
DA:876,1
DA:877,1
DA:878,1
DA:879,1
DA:882,1
DA:883,1
DA:884,1
DA:885,1
DA:888,1
DA:891,1
DA:892,1
DA:893,1
DA:894,1
DA:896,1
DA:897,1
DA:898,1
DA:899,1
DA:900,1
DA:901,1
DA:902,1
DA:903,1
DA:904,1
DA:905,1
DA:906,1
DA:909,1
DA:910,1
DA:911,1
DA:912,1
DA:913,1
DA:914,1
DA:915,1
DA:918,1
DA:919,1
DA:920,1
DA:921,1
DA:922,1
DA:923,1
DA:924,1
DA:927,1
DA:928,1
DA:929,1
DA:930,1
DA:931,1
DA:932,1
DA:933,1
DA:934,1
DA:935,1
DA:938,1
DA:939,1
DA:940,1
DA:941,1
DA:942,1
DA:943,1
DA:944,1
DA:945,1
DA:946,1
DA:947,1
DA:948,1
DA:949,1
DA:950,1
DA:951,1
DA:952,1
DA:955,1
DA:956,1
DA:957,1
DA:958,1
DA:959,1
DA:960,1
DA:961,1
DA:962,1
DA:963,1
DA:964,1
DA:965,1
DA:968,1
DA:969,1
DA:970,1
DA:971,1
DA:972,1
DA:973,1
DA:974,1
DA:975,1
DA:976,1
DA:979,1
DA:980,1
DA:981,1
DA:982,1
DA:983,1
DA:984,1
DA:985,1
DA:986,1
DA:987,1
DA:988,1
DA:991,1
DA:992,1
DA:993,1
DA:994,1
DA:995,1
DA:996,1
DA:997,1
DA:998,1
DA:999,1
DA:1000,1
DA:1001,1
DA:1002,1
DA:1003,1
DA:1004,1
DA:1005,1
DA:1006,1
DA:1007,1
DA:1010,1
DA:1011,1
DA:1012,1
DA:1013,1
DA:1014,1
DA:1015,1
DA:1016,1
DA:1019,1
DA:1020,1
DA:1021,1
DA:1022,1
DA:1023,1
DA:1024,1
DA:1025,1
DA:1026,1
DA:1027,1
DA:1028,1
DA:1029,1
DA:1032,1
DA:1033,1
DA:1034,1
DA:1035,1
DA:1036,1
DA:1037,1
DA:1038,1
DA:1039,1
DA:1041,1
DA:1100,1
DA:1101,1
DA:1102,1
DA:1103,1
DA:1104,1
DA:1105,1
DA:1106,1
DA:1107,1
DA:1108,1
DA:1109,1
DA:1110,1
DA:1111,1
DA:1112,1
DA:1113,1
DA:1114,1
DA:1115,1
DA:1116,1
DA:1117,1
DA:1118,1
DA:1119,1
DA:1120,1
DA:1123,1
DA:1124,1
DA:1125,1
DA:1126,1
DA:1127,1
DA:1128,1
DA:1129,1
DA:1130,1
DA:1131,1
DA:1132,1
DA:1133,1
DA:1134,1
DA:1137,1
DA:1138,1
DA:1139,1
DA:1140,1
DA:1141,1
DA:1144,1
DA:1145,1
DA:1146,1
DA:1147,1
DA:1148,1
DA:1151,1
DA:1152,1
DA:1153,1
DA:1154,1
DA:1155,1
DA:1156,1
DA:1157,1
DA:1158,1
DA:1159,1
DA:1160,1
DA:1163,1
DA:1164,1
DA:1165,1
DA:1166,2
DA:1167,2
DA:1168,1
DA:1169,1
DA:1170,0
DA:1172,2
DA:1174,1
DA:1175,1
BRF:0
BRH:0
LF:725
LH:626
end_of_record
SF:/Users/dan/dev/callisto/callisto/src/tests.rs
FN:284,_RNCNvNtCsbIW9GKplEdi_8callisto5testss_19test_update_missile0B5_
FN:551,_RNCNvNtCsbIW9GKplEdi_8callisto5testss_22test_exhausted_missile0B5_
FN:644,_RNCNvNtCsbIW9GKplEdi_8callisto5testss_14test_big_fight0B5_
FN:653,_RNCNvNtCsbIW9GKplEdi_8callisto5testss_14test_big_fights_0B5_
FN:662,_RNCNvNtCsbIW9GKplEdi_8callisto5testss_14test_big_fights0_0B5_
FN:873,_RNCNvNtCsbIW9GKplEdi_8callisto5testss_25test_missile_impact_close0B5_
FN:882,_RNCNvNtCsbIW9GKplEdi_8callisto5testss_25test_missile_impact_closes_0B5_
FN:913,_RNCNvNtCsbIW9GKplEdi_8callisto5testss_25test_missile_impact_closes0_0B5_
FN:922,_RNCNvNtCsbIW9GKplEdi_8callisto5testss_25test_missile_impact_closes1_0B5_
FN:22,_RNvNtCsbIW9GKplEdi_8callisto5tests22setup_test_with_server
FN:33,_RNvNtCsbIW9GKplEdi_8callisto5testss_15test_simple_get
FN:43,_RNvNtCsbIW9GKplEdi_8callisto5testss_13test_add_ship
FN:76,_RNvNtCsbIW9GKplEdi_8callisto5testss_20test_add_planet_ship
FN:229,_RNvNtCsbIW9GKplEdi_8callisto5testss_16test_update_ship
FN:256,_RNvNtCsbIW9GKplEdi_8callisto5testss_19test_update_missile
FN:330,_RNvNtCsbIW9GKplEdi_8callisto5testss_16test_remove_ship
FN:354,_RNvNtCsbIW9GKplEdi_8callisto5testss_21test_set_acceleration
FN:389,_RNvNtCsbIW9GKplEdi_8callisto5testss_23test_compute_path_basic
FN:451,_RNvNtCsbIW9GKplEdi_8callisto5testss_31test_compute_path_with_standoff
FN:510,_RNvNtCsbIW9GKplEdi_8callisto5testss_22test_exhausted_missile
FN:559,_RNvNtCsbIW9GKplEdi_8callisto5testss_17test_destroy_ship
FN:600,_RNvNtCsbIW9GKplEdi_8callisto5testss_14test_big_fight
FN:695,_RNvNtCsbIW9GKplEdi_8callisto5testss_13test_slugfest
FN:695,_RNvNtNvNtCsbIW9GKplEdi_8callisto5testss_13test_slugfest4init4init
FN:769,_RNvNtCsbIW9GKplEdi_8callisto5testss_17test_get_entities
FN:835,_RNvNtCsbIW9GKplEdi_8callisto5testss_16test_get_designs
FN:845,_RNvNtCsbIW9GKplEdi_8callisto5testss_25test_missile_impact_close
FNDA:5,_RNCNvNtCsbIW9GKplEdi_8callisto5testss_19test_update_missile0B5_
FNDA:3,_RNCNvNtCsbIW9GKplEdi_8callisto5testss_22test_exhausted_missile0B5_
FNDA:22,_RNCNvNtCsbIW9GKplEdi_8callisto5testss_14test_big_fight0B5_
FNDA:6,_RNCNvNtCsbIW9GKplEdi_8callisto5testss_14test_big_fights_0B5_
FNDA:7,_RNCNvNtCsbIW9GKplEdi_8callisto5testss_14test_big_fights0_0B5_
FNDA:5,_RNCNvNtCsbIW9GKplEdi_8callisto5testss_25test_missile_impact_close0B5_
FNDA:5,_RNCNvNtCsbIW9GKplEdi_8callisto5testss_25test_missile_impact_closes_0B5_
FNDA:5,_RNCNvNtCsbIW9GKplEdi_8callisto5testss_25test_missile_impact_closes0_0B5_
FNDA:5,_RNCNvNtCsbIW9GKplEdi_8callisto5testss_25test_missile_impact_closes1_0B5_
FNDA:16,_RNvNtCsbIW9GKplEdi_8callisto5tests22setup_test_with_server
FNDA:1,_RNvNtCsbIW9GKplEdi_8callisto5testss_15test_simple_get
FNDA:1,_RNvNtCsbIW9GKplEdi_8callisto5testss_13test_add_ship
FNDA:1,_RNvNtCsbIW9GKplEdi_8callisto5testss_20test_add_planet_ship
FNDA:1,_RNvNtCsbIW9GKplEdi_8callisto5testss_16test_update_ship
FNDA:1,_RNvNtCsbIW9GKplEdi_8callisto5testss_19test_update_missile
FNDA:1,_RNvNtCsbIW9GKplEdi_8callisto5testss_16test_remove_ship
FNDA:1,_RNvNtCsbIW9GKplEdi_8callisto5testss_21test_set_acceleration
FNDA:1,_RNvNtCsbIW9GKplEdi_8callisto5testss_23test_compute_path_basic
FNDA:1,_RNvNtCsbIW9GKplEdi_8callisto5testss_31test_compute_path_with_standoff
FNDA:1,_RNvNtCsbIW9GKplEdi_8callisto5testss_22test_exhausted_missile
FNDA:1,_RNvNtCsbIW9GKplEdi_8callisto5testss_17test_destroy_ship
FNDA:1,_RNvNtCsbIW9GKplEdi_8callisto5testss_14test_big_fight
FNDA:1,_RNvNtCsbIW9GKplEdi_8callisto5testss_13test_slugfest
FNDA:1,_RNvNtNvNtCsbIW9GKplEdi_8callisto5testss_13test_slugfest4init4init
FNDA:1,_RNvNtCsbIW9GKplEdi_8callisto5testss_17test_get_entities
FNDA:1,_RNvNtCsbIW9GKplEdi_8callisto5testss_16test_get_designs
FNDA:1,_RNvNtCsbIW9GKplEdi_8callisto5testss_25test_missile_impact_close
FNF:27
FNH:27
DA:22,16
DA:23,16
DA:24,16
DA:25,16
DA:26,16
DA:27,16
DA:33,1
DA:34,1
DA:35,1
DA:36,1
DA:37,1
DA:43,1
DA:44,1
DA:45,1
DA:46,1
DA:47,1
DA:48,1
DA:49,1
DA:50,1
DA:51,1
DA:52,1
DA:53,1
DA:54,1
DA:55,1
DA:56,1
DA:57,1
DA:58,1
DA:60,1
DA:61,1
DA:62,1
DA:63,1
DA:64,1
DA:65,1
DA:66,1
DA:67,1
DA:68,1
DA:69,1
DA:70,1
DA:76,1
DA:77,1
DA:78,1
DA:79,1
DA:80,1
DA:81,1
DA:82,1
DA:83,1
DA:85,1
DA:86,1
DA:87,1
DA:88,1
DA:89,1
DA:91,1
DA:92,1
DA:93,1
DA:94,1
DA:95,1
DA:96,1
DA:97,1
DA:98,1
DA:99,1
DA:100,1
DA:101,1
DA:102,1
DA:103,1
DA:104,1
DA:105,1
DA:106,1
DA:107,1
DA:108,1
DA:109,1
DA:110,1
DA:111,1
DA:112,1
DA:113,1
DA:114,1
DA:115,1
DA:116,1
DA:117,1
DA:118,1
DA:119,1
DA:120,1
DA:121,1
DA:122,1
DA:123,1
DA:124,1
DA:126,1
DA:127,1
DA:128,1
DA:129,1
DA:130,1
DA:131,1
DA:133,1
DA:134,1
DA:135,1
DA:136,1
DA:137,1
DA:138,1
DA:139,1
DA:140,1
DA:141,1
DA:142,1
DA:143,1
DA:144,1
DA:145,1
DA:146,1
DA:147,1
DA:148,1
DA:149,1
DA:150,1
DA:151,1
DA:152,1
DA:153,1
DA:154,1
DA:155,1
DA:156,1
DA:157,1
DA:158,1
DA:159,1
DA:160,1
DA:161,1
DA:162,1
DA:163,1
DA:164,1
DA:165,1
DA:166,1
DA:167,1
DA:168,1
DA:169,1
DA:170,1
DA:171,1
DA:172,1
DA:174,1
DA:175,1
DA:176,1
DA:177,1
DA:178,1
DA:180,1
DA:181,1
DA:182,1
DA:183,1
DA:184,1
DA:185,1
DA:186,1
DA:187,1
DA:188,1
DA:189,1
DA:190,1
DA:191,1
DA:192,1
DA:193,1
DA:194,1
DA:195,1
DA:196,1
DA:197,1
DA:198,1
DA:199,1
DA:200,1
DA:201,1
DA:202,1
DA:203,1
DA:204,1
DA:205,1
DA:206,1
DA:207,1
DA:208,1
DA:209,1
DA:210,1
DA:211,1
DA:212,1
DA:213,1
DA:214,1
DA:215,1
DA:216,1
DA:217,1
DA:218,1
DA:219,1
DA:220,1
DA:221,1
DA:222,1
DA:223,1
DA:229,1
DA:230,1
DA:231,1
DA:232,1
DA:233,1
DA:234,1
DA:235,1
DA:236,1
DA:238,1
DA:239,1
DA:241,1
DA:242,1
DA:243,1
DA:244,1
DA:245,1
DA:246,1
DA:247,1
DA:248,1
DA:249,1
DA:256,1
DA:257,1
DA:258,1
DA:259,1
DA:260,1
DA:261,1
DA:262,1
DA:263,1
DA:265,1
DA:266,1
DA:267,1
DA:268,1
DA:269,1
DA:271,1
DA:272,1
DA:273,1
DA:274,1
DA:275,1
DA:276,1
DA:277,1
DA:278,1
DA:279,1
DA:280,1
DA:281,1
DA:282,1
DA:283,1
DA:284,5
DA:285,1
DA:286,1
DA:287,1
DA:289,1
DA:290,1
DA:291,1
DA:292,1
DA:293,1
DA:294,1
DA:295,1
DA:296,1
DA:297,1
DA:298,1
DA:299,1
DA:300,1
DA:301,1
DA:302,1
DA:303,1
DA:304,1
DA:305,1
DA:306,1
DA:307,1
DA:308,1
DA:309,1
DA:310,1
DA:311,1
DA:312,1
DA:313,1
DA:314,1
DA:315,1
DA:316,1
DA:317,1
DA:318,1
DA:319,1
DA:320,1
DA:321,1
DA:322,1
DA:323,1
DA:324,1
DA:330,1
DA:331,1
DA:332,1
DA:333,1
DA:334,1
DA:335,1
DA:336,1
DA:338,1
DA:339,1
DA:341,1
DA:342,1
DA:343,1
DA:346,1
DA:347,1
DA:348,1
DA:354,1
DA:355,1
DA:356,1
DA:357,1
DA:358,1
DA:359,1
DA:360,1
DA:361,1
DA:363,1
DA:364,1
DA:365,1
DA:366,1
DA:367,1
DA:368,1
DA:369,1
DA:370,1
DA:372,1
DA:373,1
DA:374,1
DA:376,1
DA:377,1
DA:378,1
DA:379,1
DA:380,1
DA:381,1
DA:382,1
DA:383,1
DA:389,1
DA:390,1
DA:391,1
DA:392,1
DA:393,1
DA:394,1
DA:395,1
DA:396,1
DA:398,1
DA:399,1
DA:400,1
DA:401,1
DA:402,1
DA:403,1
DA:404,1
DA:405,1
DA:406,1
DA:407,1
DA:408,1
DA:409,1
DA:410,1
DA:411,1
DA:412,1
DA:413,1
DA:414,1
DA:415,1
DA:416,1
DA:417,1
DA:418,1
DA:419,1
DA:420,1
DA:421,1
DA:422,1
DA:423,1
DA:424,1
DA:425,1
DA:426,1
DA:427,1
DA:428,1
DA:429,1
DA:430,1
DA:431,1
DA:432,1
DA:434,1
DA:435,1
DA:436,1
DA:437,1
DA:438,1
DA:439,1
DA:440,1
DA:441,1
DA:442,1
DA:443,1
DA:445,0
DA:447,1
DA:448,1
DA:451,1
DA:452,1
DA:453,1
DA:454,1
DA:455,1
DA:456,1
DA:457,1
DA:458,1
DA:460,1
DA:461,1
DA:462,1
DA:463,1
DA:464,1
DA:465,1
DA:466,1
DA:467,1
DA:468,1
DA:469,1
DA:470,1
DA:471,1
DA:472,1
DA:473,1
DA:474,1
DA:475,1
DA:476,1
DA:477,1
DA:478,1
DA:479,1
DA:480,1
DA:481,1
DA:482,1
DA:483,1
DA:484,1
DA:485,1
DA:486,1
DA:487,1
DA:488,1
DA:489,1
DA:490,1
DA:491,1
DA:493,1
DA:494,1
DA:495,1
DA:496,1
DA:497,1
DA:498,1
DA:499,1
DA:500,1
DA:501,1
DA:502,1
DA:504,0
DA:506,1
DA:507,1
DA:510,1
DA:511,1
DA:512,1
DA:513,1
DA:514,1
DA:515,1
DA:516,1
DA:517,1
DA:518,1
DA:521,1
DA:522,1
DA:523,1
DA:524,1
DA:525,1
DA:528,1
DA:529,1
DA:530,1
DA:531,1
DA:532,1
DA:533,1
DA:534,1
DA:536,0
DA:540,10
DA:541,9
DA:542,9
DA:546,1
DA:547,1
DA:548,1
DA:549,1
DA:550,1
DA:551,3
DA:552,1
DA:554,0
DA:556,1
DA:559,1
DA:560,1
DA:561,1
DA:562,1
DA:563,1
DA:564,1
DA:565,1
DA:568,1
DA:569,1
DA:570,1
DA:571,1
DA:572,1
DA:575,1
DA:576,1
DA:577,1
DA:578,1
DA:579,1
DA:580,1
DA:581,1
DA:582,1
DA:583,1
DA:584,1
DA:585,1
DA:586,1
DA:587,1
DA:588,1
DA:589,1
DA:590,1
DA:591,1
DA:592,1
DA:593,1
DA:594,1
DA:595,1
DA:596,1
DA:597,1
DA:600,1
DA:601,1
DA:602,1
DA:603,1
DA:604,1
DA:605,1
DA:606,1
DA:607,1
DA:609,1
DA:610,1
DA:611,1
DA:612,1
DA:613,1
DA:615,1
DA:616,1
DA:617,1
DA:618,1
DA:619,1
DA:620,1
DA:621,1
DA:622,1
DA:623,1
DA:624,1
DA:625,1
DA:626,1
DA:627,1
DA:628,1
DA:629,1
DA:630,1
DA:631,1
DA:632,1
DA:633,1
DA:634,1
DA:635,1
DA:636,1
DA:637,1
DA:638,1
DA:639,1
DA:640,1
DA:641,1
DA:642,1
DA:643,1
DA:644,22
DA:645,22
DA:646,15
DA:648,7
DA:650,22
DA:651,1
DA:652,1
DA:653,6
DA:654,6
DA:655,6
DA:656,6
DA:657,6
DA:658,1
DA:659,1
DA:660,1
DA:661,1
DA:662,7
DA:663,1
DA:664,1
DA:665,1
DA:667,1
DA:668,1
DA:669,1
DA:670,1
DA:671,1
DA:672,1
DA:673,1
DA:674,1
DA:675,1
DA:676,1
DA:677,1
DA:678,1
DA:679,1
DA:680,1
DA:681,1
DA:682,1
DA:683,1
DA:684,1
DA:685,1
DA:686,1
DA:687,1
DA:688,1
DA:689,1
DA:690,1
DA:691,1
DA:692,1
DA:693,1
DA:695,1
DA:769,1
DA:770,1
DA:771,1
DA:772,1
DA:773,1
DA:774,1
DA:775,1
DA:776,1
DA:777,1
DA:778,1
DA:781,1
DA:782,1
DA:783,1
DA:784,1
DA:785,1
DA:786,1
DA:787,1
DA:788,1
DA:789,1
DA:790,1
DA:791,1
DA:792,1
DA:793,1
DA:794,1
DA:795,1
DA:796,1
DA:797,1
DA:798,1
DA:799,1
DA:800,1
DA:801,1
DA:802,1
DA:803,1
DA:804,1
DA:805,1
DA:806,1
DA:807,1
DA:808,1
DA:809,1
DA:810,1
DA:811,1
DA:812,1
DA:813,1
DA:814,1
DA:815,1
DA:816,1
DA:817,1
DA:818,1
DA:819,1
DA:820,1
DA:823,1
DA:824,1
DA:825,1
DA:826,1
DA:827,1
DA:830,1
DA:831,1
DA:835,1
DA:836,1
DA:837,1
DA:838,1
DA:839,1
DA:840,1
DA:841,1
DA:842,1
DA:845,1
DA:846,1
DA:847,1
DA:848,1
DA:849,1
DA:850,1
DA:851,1
DA:852,1
DA:853,1
DA:856,1
DA:857,1
DA:858,1
DA:859,1
DA:860,1
DA:863,1
DA:864,1
DA:865,1
DA:866,1
DA:867,1
DA:868,1
DA:869,1
DA:870,1
DA:871,1
DA:872,1
DA:873,5
DA:874,0
DA:879,1
DA:880,1
DA:881,1
DA:882,5
DA:883,0
DA:887,1
DA:888,1
DA:889,1
DA:890,1
DA:891,1
DA:892,0
DA:896,1
DA:897,1
DA:898,1
DA:899,1
DA:900,1
DA:903,1
DA:904,1
DA:905,1
DA:906,1
DA:907,1
DA:908,1
DA:909,1
DA:910,1
DA:911,1
DA:912,1
DA:913,5
DA:914,0
DA:919,1
DA:920,1
DA:921,1
DA:922,5
DA:923,0
DA:927,1
DA:928,1
DA:929,1
DA:930,1
DA:931,1
DA:932,0
DA:934,1
BRF:0
BRH:0
LF:718
LH:708
end_of_record