SF:/Users/dan/dev/callisto/callisto/src/authentication.rs
FN:460,_RINvXs0_NvXNvNtCsiTt89doBtG0_8callisto14authentications4_1__NtBb_16GooglePublicKeysNtNtCslP8pCdZvzhl_5serde2de11Deserialize11deserializeNtB6_9___VisitorNtB1l_7Visitor9visit_mapINtNtCskfneH1zHfCU_10serde_json2de9MapAccessNtNtB2T_4read7StrReadEECs674NsGghrBh_8callisto
FN:460,_RINvXs0_NvXNvNtCsiTt89doBtG0_8callisto14authentications4_1__NtBb_16GooglePublicKeysNtNtCslP8pCdZvzhl_5serde2de11Deserialize11deserializeNtB6_9___VisitorNtB1l_7Visitor9visit_seqINtNtCskfneH1zHfCU_10serde_json2de9SeqAccessNtNtB2T_4read7StrReadEECs674NsGghrBh_8callisto
FN:465,_RINvXs0_NvXNvNtCsiTt89doBtG0_8callisto14authentications5_1__NtBb_15GooglePublicKeyNtNtCslP8pCdZvzhl_5serde2de11Deserialize11deserializeNtB6_9___VisitorNtB1k_7Visitor9visit_mapINtNtCskfneH1zHfCU_10serde_json2de9MapAccessNtNtB2S_4read7StrReadEECs674NsGghrBh_8callisto
FN:465,_RINvXs0_NvXNvNtCsiTt89doBtG0_8callisto14authentications5_1__NtBb_15GooglePublicKeyNtNtCslP8pCdZvzhl_5serde2de11Deserialize11deserializeNtB6_9___VisitorNtB1k_7Visitor9visit_seqINtNtCskfneH1zHfCU_10serde_json2de9SeqAccessNtNtB2S_4read7StrReadEECs674NsGghrBh_8callisto
FN:460,_RINvXs_NvXNvNtCsiTt89doBtG0_8callisto14authentications4_1__NtBa_16GooglePublicKeysNtNtCslP8pCdZvzhl_5serde2de11Deserialize11deserializeNtB5_7___FieldB1i_11deserializeINtNtCskfneH1zHfCU_10serde_json2de6MapKeyNtNtB2J_4read7StrReadEECs674NsGghrBh_8callisto
FN:465,_RINvXs_NvXNvNtCsiTt89doBtG0_8callisto14authentications5_1__NtBa_15GooglePublicKeyNtNtCslP8pCdZvzhl_5serde2de11Deserialize11deserializeNtB5_7___FieldB1h_11deserializeINtNtCskfneH1zHfCU_10serde_json2de6MapKeyNtNtB2I_4read7StrReadEECs674NsGghrBh_8callisto
FN:108,_RNCNCNvMNtCsiTt89doBtG0_8callisto14authenticationNtB6_19GoogleAuthenticator24fetch_google_public_keys00Cs674NsGghrBh_8callisto
FN:324,_RNCNCNvNtCsiTt89doBtG0_8callisto14authentication31load_authorized_users_from_file00Cs674NsGghrBh_8callisto
FN:93,_RNCNvMNtCsiTt89doBtG0_8callisto14authenticationNtB4_19GoogleAuthenticator24fetch_google_public_keys0Cs674NsGghrBh_8callisto
FN:74,_RNCNvMNtCsiTt89doBtG0_8callisto14authenticationNtB4_19GoogleAuthenticator3new0Cs674NsGghrBh_8callisto
FN:321,_RNCNvNtCsiTt89doBtG0_8callisto14authentication31load_authorized_users_from_file0Cs674NsGghrBh_8callisto
FN:74,_RNCNvMNtCsiTt89doBtG0_8callisto14authenticationNtB4_19GoogleAuthenticator3new0B6_
FN:93,_RNCNvMNtCsiTt89doBtG0_8callisto14authenticationNtB4_19GoogleAuthenticator24fetch_google_public_keys0B6_
FN:108,_RNCNCNvMNtCsiTt89doBtG0_8callisto14authenticationNtB6_19GoogleAuthenticator24fetch_google_public_keys00B8_
FN:321,_RNCNvNtCsiTt89doBtG0_8callisto14authentication31load_authorized_users_from_file0B5_
FN:324,_RNCNCNvNtCsiTt89doBtG0_8callisto14authentication31load_authorized_users_from_file00B7_
FN:441,_RINvXs_NvXNvNtCsiTt89doBtG0_8callisto14authentications1_1__NtBa_18GoogleTokenRequestNtNtCslP8pCdZvzhl_5serde2de11Deserialize11deserializeNtB5_7___FieldB1k_11deserializepEBc_
FN:441,_RINvXs0_NvXNvNtCsiTt89doBtG0_8callisto14authentications1_1__NtBb_18GoogleTokenRequestNtNtCslP8pCdZvzhl_5serde2de11Deserialize11deserializeNtB6_9___VisitorNtB1n_7Visitor9visit_seqpEBd_
FN:441,_RINvXs0_NvXNvNtCsiTt89doBtG0_8callisto14authentications1_1__NtBb_18GoogleTokenRequestNtNtCslP8pCdZvzhl_5serde2de11Deserialize11deserializeNtB6_9___VisitorNtB1n_7Visitor9visit_mappEBd_
FN:460,_RINvXs_NvXNvNtCsiTt89doBtG0_8callisto14authentications4_1__NtBa_16GooglePublicKeysNtNtCslP8pCdZvzhl_5serde2de11Deserialize11deserializeNtB5_7___FieldB1i_11deserializepEBc_
FN:460,_RINvXs0_NvXNvNtCsiTt89doBtG0_8callisto14authentications4_1__NtBb_16GooglePublicKeysNtNtCslP8pCdZvzhl_5serde2de11Deserialize11deserializeNtB6_9___VisitorNtB1l_7Visitor9visit_seqpEBd_
FN:460,_RINvXs0_NvXNvNtCsiTt89doBtG0_8callisto14authentications4_1__NtBb_16GooglePublicKeysNtNtCslP8pCdZvzhl_5serde2de11Deserialize11deserializeNtB6_9___VisitorNtB1l_7Visitor9visit_mappEBd_
FN:465,_RINvXs_NvXNvNtCsiTt89doBtG0_8callisto14authentications5_1__NtBa_15GooglePublicKeyNtNtCslP8pCdZvzhl_5serde2de11Deserialize11deserializeNtB5_7___FieldB1h_11deserializepEBc_
FN:465,_RINvXs0_NvXNvNtCsiTt89doBtG0_8callisto14authentications5_1__NtBb_15GooglePublicKeyNtNtCslP8pCdZvzhl_5serde2de11Deserialize11deserializeNtB6_9___VisitorNtB1k_7Visitor9visit_seqpEBd_
FN:465,_RINvXs0_NvXNvNtCsiTt89doBtG0_8callisto14authentications5_1__NtBb_15GooglePublicKeyNtNtCslP8pCdZvzhl_5serde2de11Deserialize11deserializeNtB6_9___VisitorNtB1k_7Visitor9visit_mappEBd_
FN:74,_RNvMNtCsiTt89doBtG0_8callisto14authenticationNtB2_19GoogleAuthenticator3new
FN:93,_RNvMNtCsiTt89doBtG0_8callisto14authenticationNtB2_19GoogleAuthenticator24fetch_google_public_keys
FN:299,_RNvNtCsiTt89doBtG0_8callisto14authentication33load_google_credentials_from_file
FN:319,_RNvNtCsiTt89doBtG0_8callisto14authentication31load_authorized_users_from_file
FN:335,_RNvMs_NtCsiTt89doBtG0_8callisto14authenticationNtB4_17MockAuthenticator3new
FN:401,_RNvXs1_NtCsiTt89doBtG0_8callisto14authenticationNtB5_17TokenTimeoutErrorNtNtCsdwlQpJenJj9_4core3fmt7Display3fmt
FN:410,_RNvXs2_NtCsiTt89doBtG0_8callisto14authenticationNtB5_15InvalidKeyErrorNtNtCsdwlQpJenJj9_4core3fmt7Display3fmt
FN:421,_RNvXs4_NtCsiTt89doBtG0_8callisto14authenticationNtB5_21UnauthorizedUserErrorNtNtCsdwlQpJenJj9_4core3fmt7Display3fmt
FN:118,_RNvXs6_NtCsiTt89doBtG0_8callisto14authenticationNtB5_19GoogleAuthenticatorNtB5_13Authenticator14get_web_server
FN:240,_RNvXs6_NtCsiTt89doBtG0_8callisto14authenticationNtB5_19GoogleAuthenticatorNtB5_13Authenticator17authenticate_user
FN:246,_RNvXs6_NtCsiTt89doBtG0_8callisto14authenticationNtB5_19GoogleAuthenticatorNtB5_13Authenticator20validate_session_key
FN:285,_RNvXs6_NtCsiTt89doBtG0_8callisto14authenticationNtB5_19GoogleAuthenticatorNtB5_13Authenticator19check_authorization
FN:345,_RNvXs7_NtCsiTt89doBtG0_8callisto14authenticationNtB5_17MockAuthenticatorNtB5_13Authenticator14get_web_server
FN:362,_RNvXs7_NtCsiTt89doBtG0_8callisto14authenticationNtB5_17MockAuthenticatorNtB5_13Authenticator17authenticate_user
FN:364,_RNvXs7_NtCsiTt89doBtG0_8callisto14authenticationNtB5_17MockAuthenticatorNtB5_13Authenticator20validate_session_key
FN:390,_RNvXs7_NtCsiTt89doBtG0_8callisto14authenticationNtB5_17MockAuthenticatorNtB5_13Authenticator19check_authorization
FN:429,_RNvXNvXNvNtCsiTt89doBtG0_8callisto14authentications_1__NtB7_12GoogleClaimsNtNtCslP8pCdZvzhl_5serde2de11Deserialize11deserializeNtB2_14___FieldVisitorNtB1c_7Visitor9expecting
FN:429,_RNvXs0_NvXNvNtCsiTt89doBtG0_8callisto14authentications_1__NtBa_12GoogleClaimsNtNtCslP8pCdZvzhl_5serde2de11Deserialize11deserializeNtB5_9___VisitorNtB1f_7Visitor9expecting
FN:441,_RNvXNvXNvNtCsiTt89doBtG0_8callisto14authentications1_1__NtB7_18GoogleTokenRequestNtNtCslP8pCdZvzhl_5serde2de11Deserialize11deserializeNtB2_14___FieldVisitorNtB1j_7Visitor9expecting
FN:441,_RNvXs0_NvXNvNtCsiTt89doBtG0_8callisto14authentications1_1__NtBa_18GoogleTokenRequestNtNtCslP8pCdZvzhl_5serde2de11Deserialize11deserializeNtB5_9___VisitorNtB1m_7Visitor9expecting
FN:450,_RNvXNvXNvNtCsiTt89doBtG0_8callisto14authentications3_1__NtB7_19GoogleTokenResponseNtNtCslP8pCdZvzhl_5serde2de11Deserialize11deserializeNtB2_14___FieldVisitorNtB1k_7Visitor9expecting
FN:450,_RNvXs0_NvXNvNtCsiTt89doBtG0_8callisto14authentications3_1__NtBa_19GoogleTokenResponseNtNtCslP8pCdZvzhl_5serde2de11Deserialize11deserializeNtB5_9___VisitorNtB1n_7Visitor9expecting
FN:460,_RNvXNvXNvNtCsiTt89doBtG0_8callisto14authentications4_1__NtB7_16GooglePublicKeysNtNtCslP8pCdZvzhl_5serde2de11Deserialize11deserializeNtB2_14___FieldVisitorNtB1h_7Visitor9expecting
FN:460,_RNvXs0_NvXNvNtCsiTt89doBtG0_8callisto14authentications4_1__NtBa_16GooglePublicKeysNtNtCslP8pCdZvzhl_5serde2de11Deserialize11deserializeNtB5_9___VisitorNtB1k_7Visitor9expecting
FN:465,_RNvXNvXNvNtCsiTt89doBtG0_8callisto14authentications5_1__NtB7_15GooglePublicKeyNtNtCslP8pCdZvzhl_5serde2de11Deserialize11deserializeNtB2_14___FieldVisitorNtB1g_7Visitor9expecting
FN:465,_RNvXs0_NvXNvNtCsiTt89doBtG0_8callisto14authentications5_1__NtBa_15GooglePublicKeyNtNtCslP8pCdZvzhl_5serde2de11Deserialize11deserializeNtB5_9___VisitorNtB1j_7Visitor9expecting
FN:473,_RNvXNvXNvNtCsiTt89doBtG0_8callisto14authentications6_1__NtB7_17GoogleCredentialsNtNtCslP8pCdZvzhl_5serde2de11Deserialize11deserializeNtB2_14___FieldVisitorNtB1i_7Visitor9expecting
FN:473,_RNvXs0_NvXNvNtCsiTt89doBtG0_8callisto14authentications6_1__NtBa_17GoogleCredentialsNtNtCslP8pCdZvzhl_5serde2de11Deserialize11deserializeNtB5_9___VisitorNtB1l_7Visitor9expecting
FN:484,_RNvXNvXNvNtCsiTt89doBtG0_8callisto14authentications7_1__NtB7_15GoogleCredsJsonNtNtCslP8pCdZvzhl_5serde2de11Deserialize11deserializeNtB2_14___FieldVisitorNtB1g_7Visitor9expecting
FN:484,_RNvXs0_NvXNvNtCsiTt89doBtG0_8callisto14authentications7_1__NtBa_15GoogleCredsJsonNtNtCslP8pCdZvzhl_5serde2de11Deserialize11deserializeNtB5_9___VisitorNtB1j_7Visitor9expecting
FN:301,_RNCNvNtCsiTt89doBtG0_8callisto14authentication33load_google_credentials_from_file0B5_
FN:304,_RNCNvNtCsiTt89doBtG0_8callisto14authentication33load_google_credentials_from_files_0B5_
FN:125,_RNCNvXs6_NtCsiTt89doBtG0_8callisto14authenticationNtB7_19GoogleAuthenticatorNtB7_13Authenticator17authenticate_user0B9_
FN:155,_RNCNCNvXs6_NtCsiTt89doBtG0_8callisto14authenticationNtB9_19GoogleAuthenticatorNtB9_13Authenticator17authenticate_user00Bb_
FN:160,_RNCNCNvXs6_NtCsiTt89doBtG0_8callisto14authenticationNtB9_19GoogleAuthenticatorNtB9_13Authenticator17authenticate_user0s_0Bb_
FN:167,_RNCNCNvXs6_NtCsiTt89doBtG0_8callisto14authenticationNtB9_19GoogleAuthenticatorNtB9_13Authenticator17authenticate_user0s0_0Bb_
FN:170,_RNCNCNvXs6_NtCsiTt89doBtG0_8callisto14authenticationNtB9_19GoogleAuthenticatorNtB9_13Authenticator17authenticate_user0s1_0Bb_
FN:181,_RNCNCNvXs6_NtCsiTt89doBtG0_8callisto14authenticationNtB9_19GoogleAuthenticatorNtB9_13Authenticator17authenticate_user0s2_0Bb_
FN:257,_RNCNvXs6_NtCsiTt89doBtG0_8callisto14authenticationNtB7_19GoogleAuthenticatorNtB7_13Authenticator19check_authorization0B9_
FN:266,_RNCNCNvXs6_NtCsiTt89doBtG0_8callisto14authenticationNtB9_19GoogleAuthenticatorNtB9_13Authenticator19check_authorization00Bb_
FN:352,_RNCNvXs7_NtCsiTt89doBtG0_8callisto14authenticationNtB7_17MockAuthenticatorNtB7_13Authenticator17authenticate_user0B9_
FN:381,_RNCNvXs7_NtCsiTt89doBtG0_8callisto14authenticationNtB7_17MockAuthenticatorNtB7_13Authenticator19check_authorization0B9_
FN:386,_RNCNCNvXs7_NtCsiTt89doBtG0_8callisto14authenticationNtB9_17MockAuthenticatorNtB9_13Authenticator19check_authorization00Bb_
FN:429,_RINvXs_NvXNvNtCsiTt89doBtG0_8callisto14authentications_1__NtBa_12GoogleClaimsNtNtCslP8pCdZvzhl_5serde2de11Deserialize11deserializeNtB5_7___FieldB1d_11deserializeINtNtCskfneH1zHfCU_10serde_json2de6MapKeyNtNtB2E_4read9SliceReadEEBc_
FN:429,_RINvXs0_NvXNvNtCsiTt89doBtG0_8callisto14authentications_1__NtBb_12GoogleClaimsNtNtCslP8pCdZvzhl_5serde2de11Deserialize11deserializeNtB6_9___VisitorNtB1g_7Visitor9visit_seqINtNtCskfneH1zHfCU_10serde_json2de9SeqAccessNtNtB2O_4read9SliceReadEEBd_
FN:429,_RINvXs0_NvXNvNtCsiTt89doBtG0_8callisto14authentications_1__NtBb_12GoogleClaimsNtNtCslP8pCdZvzhl_5serde2de11Deserialize11deserializeNtB6_9___VisitorNtB1g_7Visitor9visit_mapINtNtCskfneH1zHfCU_10serde_json2de9MapAccessNtNtB2O_4read9SliceReadEEBd_
FN:450,_RINvXs_NvXNvNtCsiTt89doBtG0_8callisto14authentications3_1__NtBa_19GoogleTokenResponseNtNtCslP8pCdZvzhl_5serde2de11Deserialize11deserializeNtB5_7___FieldB1l_11deserializeINtNtCskfneH1zHfCU_10serde_json2de6MapKeyNtNtB2M_4read7StrReadEEBc_
FN:450,_RINvXs0_NvXNvNtCsiTt89doBtG0_8callisto14authentications3_1__NtBb_19GoogleTokenResponseNtNtCslP8pCdZvzhl_5serde2de11Deserialize11deserializeNtB6_9___VisitorNtB1o_7Visitor9visit_seqINtNtCskfneH1zHfCU_10serde_json2de9SeqAccessNtNtB2W_4read7StrReadEEBd_
FN:450,_RINvXs0_NvXNvNtCsiTt89doBtG0_8callisto14authentications3_1__NtBb_19GoogleTokenResponseNtNtCslP8pCdZvzhl_5serde2de11Deserialize11deserializeNtB6_9___VisitorNtB1o_7Visitor9visit_mapINtNtCskfneH1zHfCU_10serde_json2de9MapAccessNtNtB2W_4read7StrReadEEBd_
FN:473,_RINvXs_NvXNvNtCsiTt89doBtG0_8callisto14authentications6_1__NtBa_17GoogleCredentialsNtNtCslP8pCdZvzhl_5serde2de11Deserialize11deserializeNtB5_7___FieldB1j_11deserializeINtNtCskfneH1zHfCU_10serde_json2de6MapKeyINtNtB2K_4read6IoReadINtNtNtNtCs9WEPyIzIF4R_3std2io8buffered9bufreader9BufReaderNtNtB3O_2fs4FileEEEEBc_
FN:473,_RINvXs0_NvXNvNtCsiTt89doBtG0_8callisto14authentications6_1__NtBb_17GoogleCredentialsNtNtCslP8pCdZvzhl_5serde2de11Deserialize11deserializeNtB6_9___VisitorNtB1m_7Visitor9visit_seqINtNtCskfneH1zHfCU_10serde_json2de9SeqAccessINtNtB2U_4read6IoReadINtNtNtNtCs9WEPyIzIF4R_3std2io8buffered9bufreader9BufReaderNtNtB41_2fs4FileEEEEBd_
FN:473,_RINvXs0_NvXNvNtCsiTt89doBtG0_8callisto14authentications6_1__NtBb_17GoogleCredentialsNtNtCslP8pCdZvzhl_5serde2de11Deserialize11deserializeNtB6_9___VisitorNtB1m_7Visitor9visit_mapINtNtCskfneH1zHfCU_10serde_json2de9MapAccessINtNtB2U_4read6IoReadINtNtNtNtCs9WEPyIzIF4R_3std2io8buffered9bufreader9BufReaderNtNtB41_2fs4FileEEEEBd_
FN:484,_RINvXs_NvXNvNtCsiTt89doBtG0_8callisto14authentications7_1__NtBa_15GoogleCredsJsonNtNtCslP8pCdZvzhl_5serde2de11Deserialize11deserializeNtB5_7___FieldB1h_11deserializeINtNtCskfneH1zHfCU_10serde_json2de6MapKeyINtNtB2I_4read6IoReadINtNtNtNtCs9WEPyIzIF4R_3std2io8buffered9bufreader9BufReaderNtNtB3M_2fs4FileEEEEBc_
FN:484,_RINvXs0_NvXNvNtCsiTt89doBtG0_8callisto14authentications7_1__NtBb_15GoogleCredsJsonNtNtCslP8pCdZvzhl_5serde2de11Deserialize11deserializeNtB6_9___VisitorNtB1k_7Visitor9visit_seqINtNtCskfneH1zHfCU_10serde_json2de9SeqAccessINtNtB2S_4read6IoReadINtNtNtNtCs9WEPyIzIF4R_3std2io8buffered9bufreader9BufReaderNtNtB3Z_2fs4FileEEEEBd_
FN:484,_RINvXs0_NvXNvNtCsiTt89doBtG0_8callisto14authentications7_1__NtBb_15GoogleCredsJsonNtNtCslP8pCdZvzhl_5serde2de11Deserialize11deserializeNtB6_9___VisitorNtB1k_7Visitor9visit_mapINtNtCskfneH1zHfCU_10serde_json2de9MapAccessINtNtB2S_4read6IoReadINtNtNtNtCs9WEPyIzIF4R_3std2io8buffered9bufreader9BufReaderNtNtB3Z_2fs4FileEEEEBd_
FN:74,_RNvMNtCs3PTuMfwxQVD_8callisto14authenticationNtB2_19GoogleAuthenticator3new
FN:93,_RNvMNtCs3PTuMfwxQVD_8callisto14authenticationNtB2_19GoogleAuthenticator24fetch_google_public_keys
FN:299,_RNvNtCs3PTuMfwxQVD_8callisto14authentication33load_google_credentials_from_file
FN:319,_RNvNtCs3PTuMfwxQVD_8callisto14authentication31load_authorized_users_from_file
FN:335,_RNvMs_NtCs3PTuMfwxQVD_8callisto14authenticationNtB4_17MockAuthenticator3new
FN:345,_RNvXs7_NtCs3PTuMfwxQVD_8callisto14authenticationNtB5_17MockAuthenticatorNtB5_13Authenticator14get_web_server
FN:362,_RNvXs7_NtCs3PTuMfwxQVD_8callisto14authenticationNtB5_17MockAuthenticatorNtB5_13Authenticator17authenticate_user
FN:364,_RNvXs7_NtCs3PTuMfwxQVD_8callisto14authenticationNtB5_17MockAuthenticatorNtB5_13Authenticator20validate_session_key
FN:390,_RNvXs7_NtCs3PTuMfwxQVD_8callisto14authenticationNtB5_17MockAuthenticatorNtB5_13Authenticator19check_authorization
FN:460,_RNvXs0_NvXNvNtCs3PTuMfwxQVD_8callisto14authentications4_1__NtBa_16GooglePublicKeysNtNtCslP8pCdZvzhl_5serde2de11Deserialize11deserializeNtB5_9___VisitorNtB1k_7Visitor9expecting
FN:465,_RNvXs0_NvXNvNtCs3PTuMfwxQVD_8callisto14authentications5_1__NtBa_15GooglePublicKeyNtNtCslP8pCdZvzhl_5serde2de11Deserialize11deserializeNtB5_9___VisitorNtB1j_7Visitor9expecting
FN:473,_RNvXs0_NvXNvNtCs3PTuMfwxQVD_8callisto14authentications6_1__NtBa_17GoogleCredentialsNtNtCslP8pCdZvzhl_5serde2de11Deserialize11deserializeNtB5_9___VisitorNtB1l_7Visitor9expecting
FN:484,_RNvXs0_NvXNvNtCs3PTuMfwxQVD_8callisto14authentications7_1__NtBa_15GoogleCredsJsonNtNtCslP8pCdZvzhl_5serde2de11Deserialize11deserializeNtB5_9___VisitorNtB1j_7Visitor9expecting
FN:496,_RNvNtNtCs3PTuMfwxQVD_8callisto14authentication5testss_23test_mock_authenticator
FN:525,_RNvNtNtCs3PTuMfwxQVD_8callisto14authentication5testss_25test_bad_credentials_file
FN:525,_RNvNtNCNvNtNtCs3PTuMfwxQVD_8callisto14authentication5testss_25test_bad_credentials_file04init4init
FN:541,_RNvNtNtCs3PTuMfwxQVD_8callisto14authentication5testss_35test_load_authorized_users_from_gcs
FN:541,_RNvNtNCNvNtNtCs3PTuMfwxQVD_8callisto14authentication5testss_35test_load_authorized_users_from_gcs04init4init
FN:554,_RNvNtNtCs3PTuMfwxQVD_8callisto14authentication5testss_36test_load_authorized_users_from_file
FN:554,_RNvNtNCNvNtNtCs3PTuMfwxQVD_8callisto14authentication5testss_36test_load_authorized_users_from_file04init4init
FN:566,_RNvNtNtCs3PTuMfwxQVD_8callisto14authentication5testss_38test_load_google_credentials_from_file
FN:566,_RNvNtNCNvNtNtCs3PTuMfwxQVD_8callisto14authentication5testss_38test_load_google_credentials_from_file04init4init
FN:576,_RNvNtNtCs3PTuMfwxQVD_8callisto14authentication5testss_29test_fetch_google_public_keys
FN:576,_RNvNtNCNvNtNtCs3PTuMfwxQVD_8callisto14authentication5testss_29test_fetch_google_public_keys04init4init
FN:118,_RNvXs6_NtCs3PTuMfwxQVD_8callisto14authenticationNtB5_19GoogleAuthenticatorNtB5_13Authenticator14get_web_server
FN:240,_RNvXs6_NtCs3PTuMfwxQVD_8callisto14authenticationNtB5_19GoogleAuthenticatorNtB5_13Authenticator17authenticate_user
FN:125,_RNCNvXs6_NtCs3PTuMfwxQVD_8callisto14authenticationNtB7_19GoogleAuthenticatorNtB7_13Authenticator17authenticate_user0B9_
FN:155,_RNCNCNvXs6_NtCs3PTuMfwxQVD_8callisto14authenticationNtB9_19GoogleAuthenticatorNtB9_13Authenticator17authenticate_user00Bb_
FN:160,_RNCNCNvXs6_NtCs3PTuMfwxQVD_8callisto14authenticationNtB9_19GoogleAuthenticatorNtB9_13Authenticator17authenticate_user0s_0Bb_
FN:167,_RNCNCNvXs6_NtCs3PTuMfwxQVD_8callisto14authenticationNtB9_19GoogleAuthenticatorNtB9_13Authenticator17authenticate_user0s0_0Bb_
FN:170,_RNCNCNvXs6_NtCs3PTuMfwxQVD_8callisto14authenticationNtB9_19GoogleAuthenticatorNtB9_13Authenticator17authenticate_user0s1_0Bb_
FN:181,_RNCNCNvXs6_NtCs3PTuMfwxQVD_8callisto14authenticationNtB9_19GoogleAuthenticatorNtB9_13Authenticator17authenticate_user0s2_0Bb_
FN:246,_RNvXs6_NtCs3PTuMfwxQVD_8callisto14authenticationNtB5_19GoogleAuthenticatorNtB5_13Authenticator20validate_session_key
FN:285,_RNvXs6_NtCs3PTuMfwxQVD_8callisto14authenticationNtB5_19GoogleAuthenticatorNtB5_13Authenticator19check_authorization
FN:257,_RNCNvXs6_NtCs3PTuMfwxQVD_8callisto14authenticationNtB7_19GoogleAuthenticatorNtB7_13Authenticator19check_authorization0B9_
FN:266,_RNCNCNvXs6_NtCs3PTuMfwxQVD_8callisto14authenticationNtB9_19GoogleAuthenticatorNtB9_13Authenticator19check_authorization00Bb_
FN:401,_RNvXs1_NtCs3PTuMfwxQVD_8callisto14authenticationNtB5_17TokenTimeoutErrorNtNtCsdwlQpJenJj9_4core3fmt7Display3fmt
FN:410,_RNvXs2_NtCs3PTuMfwxQVD_8callisto14authenticationNtB5_15InvalidKeyErrorNtNtCsdwlQpJenJj9_4core3fmt7Display3fmt
FN:421,_RNvXs4_NtCs3PTuMfwxQVD_8callisto14authenticationNtB5_21UnauthorizedUserErrorNtNtCsdwlQpJenJj9_4core3fmt7Display3fmt
FN:429,_RNvXNvXNvNtCs3PTuMfwxQVD_8callisto14authentications_1__NtB7_12GoogleClaimsNtNtCslP8pCdZvzhl_5serde2de11Deserialize11deserializeNtB2_14___FieldVisitorNtB1c_7Visitor9expecting
FN:429,_RINvXs_NvXNvNtCs3PTuMfwxQVD_8callisto14authentications_1__NtBa_12GoogleClaimsNtNtCslP8pCdZvzhl_5serde2de11Deserialize11deserializeNtB5_7___FieldB1d_11deserializepEBc_
FN:429,_RNvXs0_NvXNvNtCs3PTuMfwxQVD_8callisto14authentications_1__NtBa_12GoogleClaimsNtNtCslP8pCdZvzhl_5serde2de11Deserialize11deserializeNtB5_9___VisitorNtB1f_7Visitor9expecting
FN:429,_RINvXs0_NvXNvNtCs3PTuMfwxQVD_8callisto14authentications_1__NtBb_12GoogleClaimsNtNtCslP8pCdZvzhl_5serde2de11Deserialize11deserializeNtB6_9___VisitorNtB1g_7Visitor9visit_seqpEBd_
FN:429,_RINvXs0_NvXNvNtCs3PTuMfwxQVD_8callisto14authentications_1__NtBb_12GoogleClaimsNtNtCslP8pCdZvzhl_5serde2de11Deserialize11deserializeNtB6_9___VisitorNtB1g_7Visitor9visit_mappEBd_
FN:441,_RNvXNvXNvNtCs3PTuMfwxQVD_8callisto14authentications1_1__NtB7_18GoogleTokenRequestNtNtCslP8pCdZvzhl_5serde2de11Deserialize11deserializeNtB2_14___FieldVisitorNtB1j_7Visitor9expecting
FN:441,_RINvXs_NvXNvNtCs3PTuMfwxQVD_8callisto14authentications1_1__NtBa_18GoogleTokenRequestNtNtCslP8pCdZvzhl_5serde2de11Deserialize11deserializeNtB5_7___FieldB1k_11deserializepEBc_
FN:441,_RNvXs0_NvXNvNtCs3PTuMfwxQVD_8callisto14authentications1_1__NtBa_18GoogleTokenRequestNtNtCslP8pCdZvzhl_5serde2de11Deserialize11deserializeNtB5_9___VisitorNtB1m_7Visitor9expecting
FN:441,_RINvXs0_NvXNvNtCs3PTuMfwxQVD_8callisto14authentications1_1__NtBb_18GoogleTokenRequestNtNtCslP8pCdZvzhl_5serde2de11Deserialize11deserializeNtB6_9___VisitorNtB1n_7Visitor9visit_seqpEBd_
FN:441,_RINvXs0_NvXNvNtCs3PTuMfwxQVD_8callisto14authentications1_1__NtBb_18GoogleTokenRequestNtNtCslP8pCdZvzhl_5serde2de11Deserialize11deserializeNtB6_9___VisitorNtB1n_7Visitor9visit_mappEBd_
FN:450,_RNvXNvXNvNtCs3PTuMfwxQVD_8callisto14authentications3_1__NtB7_19GoogleTokenResponseNtNtCslP8pCdZvzhl_5serde2de11Deserialize11deserializeNtB2_14___FieldVisitorNtB1k_7Visitor9expecting
FN:450,_RINvXs_NvXNvNtCs3PTuMfwxQVD_8callisto14authentications3_1__NtBa_19GoogleTokenResponseNtNtCslP8pCdZvzhl_5serde2de11Deserialize11deserializeNtB5_7___FieldB1l_11deserializepEBc_
FN:450,_RNvXs0_NvXNvNtCs3PTuMfwxQVD_8callisto14authentications3_1__NtBa_19GoogleTokenResponseNtNtCslP8pCdZvzhl_5serde2de11Deserialize11deserializeNtB5_9___VisitorNtB1n_7Visitor9expecting
FN:450,_RINvXs0_NvXNvNtCs3PTuMfwxQVD_8callisto14authentications3_1__NtBb_19GoogleTokenResponseNtNtCslP8pCdZvzhl_5serde2de11Deserialize11deserializeNtB6_9___VisitorNtB1o_7Visitor9visit_seqpEBd_
FN:450,_RINvXs0_NvXNvNtCs3PTuMfwxQVD_8callisto14authentications3_1__NtBb_19GoogleTokenResponseNtNtCslP8pCdZvzhl_5serde2de11Deserialize11deserializeNtB6_9___VisitorNtB1o_7Visitor9visit_mappEBd_
FN:460,_RNvXNvXNvNtCs3PTuMfwxQVD_8callisto14authentications4_1__NtB7_16GooglePublicKeysNtNtCslP8pCdZvzhl_5serde2de11Deserialize11deserializeNtB2_14___FieldVisitorNtB1h_7Visitor9expecting
FN:465,_RNvXNvXNvNtCs3PTuMfwxQVD_8callisto14authentications5_1__NtB7_15GooglePublicKeyNtNtCslP8pCdZvzhl_5serde2de11Deserialize11deserializeNtB2_14___FieldVisitorNtB1g_7Visitor9expecting
FN:473,_RNvXNvXNvNtCs3PTuMfwxQVD_8callisto14authentications6_1__NtB7_17GoogleCredentialsNtNtCslP8pCdZvzhl_5serde2de11Deserialize11deserializeNtB2_14___FieldVisitorNtB1i_7Visitor9expecting
FN:484,_RNvXNvXNvNtCs3PTuMfwxQVD_8callisto14authentications7_1__NtB7_15GoogleCredsJsonNtNtCslP8pCdZvzhl_5serde2de11Deserialize11deserializeNtB2_14___FieldVisitorNtB1g_7Visitor9expecting
FN:74,_RNCNvMNtCs3PTuMfwxQVD_8callisto14authenticationNtB4_19GoogleAuthenticator3new0B6_
FN:93,_RNCNvMNtCs3PTuMfwxQVD_8callisto14authenticationNtB4_19GoogleAuthenticator24fetch_google_public_keys0B6_
FN:108,_RNCNCNvMNtCs3PTuMfwxQVD_8callisto14authenticationNtB6_19GoogleAuthenticator24fetch_google_public_keys00B8_
FN:301,_RNCNvNtCs3PTuMfwxQVD_8callisto14authentication33load_google_credentials_from_file0B5_
FN:304,_RNCNvNtCs3PTuMfwxQVD_8callisto14authentication33load_google_credentials_from_files_0B5_
FN:321,_RNCNvNtCs3PTuMfwxQVD_8callisto14authentication31load_authorized_users_from_file0B5_
FN:324,_RNCNCNvNtCs3PTuMfwxQVD_8callisto14authentication31load_authorized_users_from_file00B7_
FN:352,_RNCNvXs7_NtCs3PTuMfwxQVD_8callisto14authenticationNtB7_17MockAuthenticatorNtB7_13Authenticator17authenticate_user0B9_
FN:381,_RNCNvXs7_NtCs3PTuMfwxQVD_8callisto14authenticationNtB7_17MockAuthenticatorNtB7_13Authenticator19check_authorization0B9_
FN:386,_RNCNCNvXs7_NtCs3PTuMfwxQVD_8callisto14authenticationNtB9_17MockAuthenticatorNtB9_13Authenticator19check_authorization00Bb_
FN:460,_RINvXs_NvXNvNtCs3PTuMfwxQVD_8callisto14authentications4_1__NtBa_16GooglePublicKeysNtNtCslP8pCdZvzhl_5serde2de11Deserialize11deserializeNtB5_7___FieldB1i_11deserializeINtNtCskfneH1zHfCU_10serde_json2de6MapKeyNtNtB2J_4read7StrReadEEBc_
FN:460,_RINvXs0_NvXNvNtCs3PTuMfwxQVD_8callisto14authentications4_1__NtBb_16GooglePublicKeysNtNtCslP8pCdZvzhl_5serde2de11Deserialize11deserializeNtB6_9___VisitorNtB1l_7Visitor9visit_seqINtNtCskfneH1zHfCU_10serde_json2de9SeqAccessNtNtB2T_4read7StrReadEEBd_
FN:460,_RINvXs0_NvXNvNtCs3PTuMfwxQVD_8callisto14authentications4_1__NtBb_16GooglePublicKeysNtNtCslP8pCdZvzhl_5serde2de11Deserialize11deserializeNtB6_9___VisitorNtB1l_7Visitor9visit_mapINtNtCskfneH1zHfCU_10serde_json2de9MapAccessNtNtB2T_4read7StrReadEEBd_
FN:465,_RINvXs_NvXNvNtCs3PTuMfwxQVD_8callisto14authentications5_1__NtBa_15GooglePublicKeyNtNtCslP8pCdZvzhl_5serde2de11Deserialize11deserializeNtB5_7___FieldB1h_11deserializeINtNtCskfneH1zHfCU_10serde_json2de6MapKeyNtNtB2I_4read7StrReadEEBc_
FN:465,_RINvXs0_NvXNvNtCs3PTuMfwxQVD_8callisto14authentications5_1__NtBb_15GooglePublicKeyNtNtCslP8pCdZvzhl_5serde2de11Deserialize11deserializeNtB6_9___VisitorNtB1k_7Visitor9visit_seqINtNtCskfneH1zHfCU_10serde_json2de9SeqAccessNtNtB2S_4read7StrReadEEBd_
FN:465,_RINvXs0_NvXNvNtCs3PTuMfwxQVD_8callisto14authentications5_1__NtBb_15GooglePublicKeyNtNtCslP8pCdZvzhl_5serde2de11Deserialize11deserializeNtB6_9___VisitorNtB1k_7Visitor9visit_mapINtNtCskfneH1zHfCU_10serde_json2de9MapAccessNtNtB2S_4read7StrReadEEBd_
FN:473,_RINvXs_NvXNvNtCs3PTuMfwxQVD_8callisto14authentications6_1__NtBa_17GoogleCredentialsNtNtCslP8pCdZvzhl_5serde2de11Deserialize11deserializeNtB5_7___FieldB1j_11deserializeINtNtCskfneH1zHfCU_10serde_json2de6MapKeyINtNtB2K_4read6IoReadINtNtNtNtCs9WEPyIzIF4R_3std2io8buffered9bufreader9BufReaderNtNtB3O_2fs4FileEEEEBc_
FN:473,_RINvXs0_NvXNvNtCs3PTuMfwxQVD_8callisto14authentications6_1__NtBb_17GoogleCredentialsNtNtCslP8pCdZvzhl_5serde2de11Deserialize11deserializeNtB6_9___VisitorNtB1m_7Visitor9visit_seqINtNtCskfneH1zHfCU_10serde_json2de9SeqAccessINtNtB2U_4read6IoReadINtNtNtNtCs9WEPyIzIF4R_3std2io8buffered9bufreader9BufReaderNtNtB41_2fs4FileEEEEBd_
FN:473,_RINvXs0_NvXNvNtCs3PTuMfwxQVD_8callisto14authentications6_1__NtBb_17GoogleCredentialsNtNtCslP8pCdZvzhl_5serde2de11Deserialize11deserializeNtB6_9___VisitorNtB1m_7Visitor9visit_mapINtNtCskfneH1zHfCU_10serde_json2de9MapAccessINtNtB2U_4read6IoReadINtNtNtNtCs9WEPyIzIF4R_3std2io8buffered9bufreader9BufReaderNtNtB41_2fs4FileEEEEBd_
FN:484,_RINvXs_NvXNvNtCs3PTuMfwxQVD_8callisto14authentications7_1__NtBa_15GoogleCredsJsonNtNtCslP8pCdZvzhl_5serde2de11Deserialize11deserializeNtB5_7___FieldB1h_11deserializeINtNtCskfneH1zHfCU_10serde_json2de6MapKeyINtNtB2I_4read6IoReadINtNtNtNtCs9WEPyIzIF4R_3std2io8buffered9bufreader9BufReaderNtNtB3M_2fs4FileEEEEBc_
FN:484,_RINvXs0_NvXNvNtCs3PTuMfwxQVD_8callisto14authentications7_1__NtBb_15GoogleCredsJsonNtNtCslP8pCdZvzhl_5serde2de11Deserialize11deserializeNtB6_9___VisitorNtB1k_7Visitor9visit_seqINtNtCskfneH1zHfCU_10serde_json2de9SeqAccessINtNtB2S_4read6IoReadINtNtNtNtCs9WEPyIzIF4R_3std2io8buffered9bufreader9BufReaderNtNtB3Z_2fs4FileEEEEBd_
FN:484,_RINvXs0_NvXNvNtCs3PTuMfwxQVD_8callisto14authentications7_1__NtBb_15GoogleCredsJsonNtNtCslP8pCdZvzhl_5serde2de11Deserialize11deserializeNtB6_9___VisitorNtB1k_7Visitor9visit_mapINtNtCskfneH1zHfCU_10serde_json2de9MapAccessINtNtB2S_4read6IoReadINtNtNtNtCs9WEPyIzIF4R_3std2io8buffered9bufreader9BufReaderNtNtB3Z_2fs4FileEEEEBd_
FN:496,_RNCNvNtNtCs3PTuMfwxQVD_8callisto14authentication5testss_23test_mock_authenticator0B7_
FNDA:0,_RINvXs0_NvXNvNtCsiTt89doBtG0_8callisto14authentications4_1__NtBb_16GooglePublicKeysNtNtCslP8pCdZvzhl_5serde2de11Deserialize11deserializeNtB6_9___VisitorNtB1l_7Visitor9visit_mapINtNtCskfneH1zHfCU_10serde_json2de9MapAccessNtNtB2T_4read7StrReadEECs674NsGghrBh_8callisto
FNDA:0,_RINvXs0_NvXNvNtCsiTt89doBtG0_8callisto14authentications4_1__NtBb_16GooglePublicKeysNtNtCslP8pCdZvzhl_5serde2de11Deserialize11deserializeNtB6_9___VisitorNtB1l_7Visitor9visit_seqINtNtCskfneH1zHfCU_10serde_json2de9SeqAccessNtNtB2T_4read7StrReadEECs674NsGghrBh_8callisto
FNDA:0,_RINvXs0_NvXNvNtCsiTt89doBtG0_8callisto14authentications5_1__NtBb_15GooglePublicKeyNtNtCslP8pCdZvzhl_5serde2de11Deserialize11deserializeNtB6_9___VisitorNtB1k_7Visitor9visit_mapINtNtCskfneH1zHfCU_10serde_json2de9MapAccessNtNtB2S_4read7StrReadEECs674NsGghrBh_8callisto
FNDA:0,_RINvXs0_NvXNvNtCsiTt89doBtG0_8callisto14authentications5_1__NtBb_15GooglePublicKeyNtNtCslP8pCdZvzhl_5serde2de11Deserialize11deserializeNtB6_9___VisitorNtB1k_7Visitor9visit_seqINtNtCskfneH1zHfCU_10serde_json2de9SeqAccessNtNtB2S_4read7StrReadEECs674NsGghrBh_8callisto
FNDA:0,_RINvXs_NvXNvNtCsiTt89doBtG0_8callisto14authentications4_1__NtBa_16GooglePublicKeysNtNtCslP8pCdZvzhl_5serde2de11Deserialize11deserializeNtB5_7___FieldB1i_11deserializeINtNtCskfneH1zHfCU_10serde_json2de6MapKeyNtNtB2J_4read7StrReadEECs674NsGghrBh_8callisto
FNDA:0,_RINvXs_NvXNvNtCsiTt89doBtG0_8callisto14authentications5_1__NtBa_15GooglePublicKeyNtNtCslP8pCdZvzhl_5serde2de11Deserialize11deserializeNtB5_7___FieldB1h_11deserializeINtNtCskfneH1zHfCU_10serde_json2de6MapKeyNtNtB2I_4read7StrReadEECs674NsGghrBh_8callisto
FNDA:0,_RNCNCNvMNtCsiTt89doBtG0_8callisto14authenticationNtB6_19GoogleAuthenticator24fetch_google_public_keys00Cs674NsGghrBh_8callisto
FNDA:0,_RNCNCNvNtCsiTt89doBtG0_8callisto14authentication31load_authorized_users_from_file00Cs674NsGghrBh_8callisto
FNDA:0,_RNCNvMNtCsiTt89doBtG0_8callisto14authenticationNtB4_19GoogleAuthenticator24fetch_google_public_keys0Cs674NsGghrBh_8callisto
FNDA:0,_RNCNvMNtCsiTt89doBtG0_8callisto14authenticationNtB4_19GoogleAuthenticator3new0Cs674NsGghrBh_8callisto
FNDA:0,_RNCNvNtCsiTt89doBtG0_8callisto14authentication31load_authorized_users_from_file0Cs674NsGghrBh_8callisto
FNDA:0,_RNCNvMNtCsiTt89doBtG0_8callisto14authenticationNtB4_19GoogleAuthenticator3new0B6_
FNDA:0,_RNCNvMNtCsiTt89doBtG0_8callisto14authenticationNtB4_19GoogleAuthenticator24fetch_google_public_keys0B6_
FNDA:0,_RNCNCNvMNtCsiTt89doBtG0_8callisto14authenticationNtB6_19GoogleAuthenticator24fetch_google_public_keys00B8_
FNDA:0,_RNCNvNtCsiTt89doBtG0_8callisto14authentication31load_authorized_users_from_file0B5_
FNDA:0,_RNCNCNvNtCsiTt89doBtG0_8callisto14authentication31load_authorized_users_from_file00B7_
FNDA:0,_RINvXs_NvXNvNtCsiTt89doBtG0_8callisto14authentications1_1__NtBa_18GoogleTokenRequestNtNtCslP8pCdZvzhl_5serde2de11Deserialize11deserializeNtB5_7___FieldB1k_11deserializepEBc_
FNDA:0,_RINvXs0_NvXNvNtCsiTt89doBtG0_8callisto14authentications1_1__NtBb_18GoogleTokenRequestNtNtCslP8pCdZvzhl_5serde2de11Deserialize11deserializeNtB6_9___VisitorNtB1n_7Visitor9visit_seqpEBd_
FNDA:0,_RINvXs0_NvXNvNtCsiTt89doBtG0_8callisto14authentications1_1__NtBb_18GoogleTokenRequestNtNtCslP8pCdZvzhl_5serde2de11Deserialize11deserializeNtB6_9___VisitorNtB1n_7Visitor9visit_mappEBd_
FNDA:0,_RINvXs_NvXNvNtCsiTt89doBtG0_8callisto14authentications4_1__NtBa_16GooglePublicKeysNtNtCslP8pCdZvzhl_5serde2de11Deserialize11deserializeNtB5_7___FieldB1i_11deserializepEBc_
FNDA:0,_RINvXs0_NvXNvNtCsiTt89doBtG0_8callisto14authentications4_1__NtBb_16GooglePublicKeysNtNtCslP8pCdZvzhl_5serde2de11Deserialize11deserializeNtB6_9___VisitorNtB1l_7Visitor9visit_seqpEBd_
FNDA:0,_RINvXs0_NvXNvNtCsiTt89doBtG0_8callisto14authentications4_1__NtBb_16GooglePublicKeysNtNtCslP8pCdZvzhl_5serde2de11Deserialize11deserializeNtB6_9___VisitorNtB1l_7Visitor9visit_mappEBd_
FNDA:0,_RINvXs_NvXNvNtCsiTt89doBtG0_8callisto14authentications5_1__NtBa_15GooglePublicKeyNtNtCslP8pCdZvzhl_5serde2de11Deserialize11deserializeNtB5_7___FieldB1h_11deserializepEBc_
FNDA:0,_RINvXs0_NvXNvNtCsiTt89doBtG0_8callisto14authentications5_1__NtBb_15GooglePublicKeyNtNtCslP8pCdZvzhl_5serde2de11Deserialize11deserializeNtB6_9___VisitorNtB1k_7Visitor9visit_seqpEBd_
FNDA:0,_RINvXs0_NvXNvNtCsiTt89doBtG0_8callisto14authentications5_1__NtBb_15GooglePublicKeyNtNtCslP8pCdZvzhl_5serde2de11Deserialize11deserializeNtB6_9___VisitorNtB1k_7Visitor9visit_mappEBd_
FNDA:0,_RNvMNtCsiTt89doBtG0_8callisto14authenticationNtB2_19GoogleAuthenticator3new
FNDA:0,_RNvMNtCsiTt89doBtG0_8callisto14authenticationNtB2_19GoogleAuthenticator24fetch_google_public_keys
FNDA:0,_RNvNtCsiTt89doBtG0_8callisto14authentication33load_google_credentials_from_file
FNDA:0,_RNvNtCsiTt89doBtG0_8callisto14authentication31load_authorized_users_from_file
FNDA:19,_RNvMs_NtCsiTt89doBtG0_8callisto14authenticationNtB4_17MockAuthenticator3new
FNDA:0,_RNvXs1_NtCsiTt89doBtG0_8callisto14authenticationNtB5_17TokenTimeoutErrorNtNtCsdwlQpJenJj9_4core3fmt7Display3fmt
FNDA:0,_RNvXs2_NtCsiTt89doBtG0_8callisto14authenticationNtB5_15InvalidKeyErrorNtNtCsdwlQpJenJj9_4core3fmt7Display3fmt
FNDA:0,_RNvXs4_NtCsiTt89doBtG0_8callisto14authenticationNtB5_21UnauthorizedUserErrorNtNtCsdwlQpJenJj9_4core3fmt7Display3fmt
FNDA:0,_RNvXs6_NtCsiTt89doBtG0_8callisto14authenticationNtB5_19GoogleAuthenticatorNtB5_13Authenticator14get_web_server
FNDA:0,_RNvXs6_NtCsiTt89doBtG0_8callisto14authenticationNtB5_19GoogleAuthenticatorNtB5_13Authenticator17authenticate_user
FNDA:0,_RNvXs6_NtCsiTt89doBtG0_8callisto14authenticationNtB5_19GoogleAuthenticatorNtB5_13Authenticator20validate_session_key
FNDA:0,_RNvXs6_NtCsiTt89doBtG0_8callisto14authenticationNtB5_19GoogleAuthenticatorNtB5_13Authenticator19check_authorization
FNDA:98,_RNvXs7_NtCsiTt89doBtG0_8callisto14authenticationNtB5_17MockAuthenticatorNtB5_13Authenticator14get_web_server
FNDA:18,_RNvXs7_NtCsiTt89doBtG0_8callisto14authenticationNtB5_17MockAuthenticatorNtB5_13Authenticator17authenticate_user
FNDA:78,_RNvXs7_NtCsiTt89doBtG0_8callisto14authenticationNtB5_17MockAuthenticatorNtB5_13Authenticator20validate_session_key
FNDA:0,_RNvXs7_NtCsiTt89doBtG0_8callisto14authenticationNtB5_17MockAuthenticatorNtB5_13Authenticator19check_authorization
FNDA:0,_RNvXNvXNvNtCsiTt89doBtG0_8callisto14authentications_1__NtB7_12GoogleClaimsNtNtCslP8pCdZvzhl_5serde2de11Deserialize11deserializeNtB2_14___FieldVisitorNtB1c_7Visitor9expecting
FNDA:0,_RNvXs0_NvXNvNtCsiTt89doBtG0_8callisto14authentications_1__NtBa_12GoogleClaimsNtNtCslP8pCdZvzhl_5serde2de11Deserialize11deserializeNtB5_9___VisitorNtB1f_7Visitor9expecting
FNDA:0,_RNvXNvXNvNtCsiTt89doBtG0_8callisto14authentications1_1__NtB7_18GoogleTokenRequestNtNtCslP8pCdZvzhl_5serde2de11Deserialize11deserializeNtB2_14___FieldVisitorNtB1j_7Visitor9expecting
FNDA:0,_RNvXs0_NvXNvNtCsiTt89doBtG0_8callisto14authentications1_1__NtBa_18GoogleTokenRequestNtNtCslP8pCdZvzhl_5serde2de11Deserialize11deserializeNtB5_9___VisitorNtB1m_7Visitor9expecting
FNDA:0,_RNvXNvXNvNtCsiTt89doBtG0_8callisto14authentications3_1__NtB7_19GoogleTokenResponseNtNtCslP8pCdZvzhl_5serde2de11Deserialize11deserializeNtB2_14___FieldVisitorNtB1k_7Visitor9expecting
FNDA:0,_RNvXs0_NvXNvNtCsiTt89doBtG0_8callisto14authentications3_1__NtBa_19GoogleTokenResponseNtNtCslP8pCdZvzhl_5serde2de11Deserialize11deserializeNtB5_9___VisitorNtB1n_7Visitor9expecting
FNDA:0,_RNvXNvXNvNtCsiTt89doBtG0_8callisto14authentications4_1__NtB7_16GooglePublicKeysNtNtCslP8pCdZvzhl_5serde2de11Deserialize11deserializeNtB2_14___FieldVisitorNtB1h_7Visitor9expecting
FNDA:0,_RNvXs0_NvXNvNtCsiTt89doBtG0_8callisto14authentications4_1__NtBa_16GooglePublicKeysNtNtCslP8pCdZvzhl_5serde2de11Deserialize11deserializeNtB5_9___VisitorNtB1k_7Visitor9expecting
FNDA:0,_RNvXNvXNvNtCsiTt89doBtG0_8callisto14authentications5_1__NtB7_15GooglePublicKeyNtNtCslP8pCdZvzhl_5serde2de11Deserialize11deserializeNtB2_14___FieldVisitorNtB1g_7Visitor9expecting
FNDA:0,_RNvXs0_NvXNvNtCsiTt89doBtG0_8callisto14authentications5_1__NtBa_15GooglePublicKeyNtNtCslP8pCdZvzhl_5serde2de11Deserialize11deserializeNtB5_9___VisitorNtB1j_7Visitor9expecting
FNDA:0,_RNvXNvXNvNtCsiTt89doBtG0_8callisto14authentications6_1__NtB7_17GoogleCredentialsNtNtCslP8pCdZvzhl_5serde2de11Deserialize11deserializeNtB2_14___FieldVisitorNtB1i_7Visitor9expecting
FNDA:0,_RNvXs0_NvXNvNtCsiTt89doBtG0_8callisto14authentications6_1__NtBa_17GoogleCredentialsNtNtCslP8pCdZvzhl_5serde2de11Deserialize11deserializeNtB5_9___VisitorNtB1l_7Visitor9expecting
FNDA:0,_RNvXNvXNvNtCsiTt89doBtG0_8callisto14authentications7_1__NtB7_15GoogleCredsJsonNtNtCslP8pCdZvzhl_5serde2de11Deserialize11deserializeNtB2_14___FieldVisitorNtB1g_7Visitor9expecting
FNDA:0,_RNvXs0_NvXNvNtCsiTt89doBtG0_8callisto14authentications7_1__NtBa_15GoogleCredsJsonNtNtCslP8pCdZvzhl_5serde2de11Deserialize11deserializeNtB5_9___VisitorNtB1j_7Visitor9expecting
FNDA:0,_RNCNvNtCsiTt89doBtG0_8callisto14authentication33load_google_credentials_from_file0B5_
FNDA:0,_RNCNvNtCsiTt89doBtG0_8callisto14authentication33load_google_credentials_from_files_0B5_
FNDA:0,_RNCNvXs6_NtCsiTt89doBtG0_8callisto14authenticationNtB7_19GoogleAuthenticatorNtB7_13Authenticator17authenticate_user0B9_
FNDA:0,_RNCNCNvXs6_NtCsiTt89doBtG0_8callisto14authenticationNtB9_19GoogleAuthenticatorNtB9_13Authenticator17authenticate_user00Bb_
FNDA:0,_RNCNCNvXs6_NtCsiTt89doBtG0_8callisto14authenticationNtB9_19GoogleAuthenticatorNtB9_13Authenticator17authenticate_user0s_0Bb_
FNDA:0,_RNCNCNvXs6_NtCsiTt89doBtG0_8callisto14authenticationNtB9_19GoogleAuthenticatorNtB9_13Authenticator17authenticate_user0s0_0Bb_
FNDA:0,_RNCNCNvXs6_NtCsiTt89doBtG0_8callisto14authenticationNtB9_19GoogleAuthenticatorNtB9_13Authenticator17authenticate_user0s1_0Bb_
FNDA:0,_RNCNCNvXs6_NtCsiTt89doBtG0_8callisto14authenticationNtB9_19GoogleAuthenticatorNtB9_13Authenticator17authenticate_user0s2_0Bb_
FNDA:0,_RNCNvXs6_NtCsiTt89doBtG0_8callisto14authenticationNtB7_19GoogleAuthenticatorNtB7_13Authenticator19check_authorization0B9_
FNDA:0,_RNCNCNvXs6_NtCsiTt89doBtG0_8callisto14authenticationNtB9_19GoogleAuthenticatorNtB9_13Authenticator19check_authorization00Bb_
FNDA:18,_RNCNvXs7_NtCsiTt89doBtG0_8callisto14authenticationNtB7_17MockAuthenticatorNtB7_13Authenticator17authenticate_user0B9_
FNDA:0,_RNCNvXs7_NtCsiTt89doBtG0_8callisto14authenticationNtB7_17MockAuthenticatorNtB7_13Authenticator19check_authorization0B9_
FNDA:0,_RNCNCNvXs7_NtCsiTt89doBtG0_8callisto14authenticationNtB9_17MockAuthenticatorNtB9_13Authenticator19check_authorization00Bb_
FNDA:0,_RINvXs_NvXNvNtCsiTt89doBtG0_8callisto14authentications_1__NtBa_12GoogleClaimsNtNtCslP8pCdZvzhl_5serde2de11Deserialize11deserializeNtB5_7___FieldB1d_11deserializeINtNtCskfneH1zHfCU_10serde_json2de6MapKeyNtNtB2E_4read9SliceReadEEBc_
FNDA:0,_RINvXs0_NvXNvNtCsiTt89doBtG0_8callisto14authentications_1__NtBb_12GoogleClaimsNtNtCslP8pCdZvzhl_5serde2de11Deserialize11deserializeNtB6_9___VisitorNtB1g_7Visitor9visit_seqINtNtCskfneH1zHfCU_10serde_json2de9SeqAccessNtNtB2O_4read9SliceReadEEBd_
FNDA:0,_RINvXs0_NvXNvNtCsiTt89doBtG0_8callisto14authentications_1__NtBb_12GoogleClaimsNtNtCslP8pCdZvzhl_5serde2de11Deserialize11deserializeNtB6_9___VisitorNtB1g_7Visitor9visit_mapINtNtCskfneH1zHfCU_10serde_json2de9MapAccessNtNtB2O_4read9SliceReadEEBd_
FNDA:0,_RINvXs_NvXNvNtCsiTt89doBtG0_8callisto14authentications3_1__NtBa_19GoogleTokenResponseNtNtCslP8pCdZvzhl_5serde2de11Deserialize11deserializeNtB5_7___FieldB1l_11deserializeINtNtCskfneH1zHfCU_10serde_json2de6MapKeyNtNtB2M_4read7StrReadEEBc_
FNDA:0,_RINvXs0_NvXNvNtCsiTt89doBtG0_8callisto14authentications3_1__NtBb_19GoogleTokenResponseNtNtCslP8pCdZvzhl_5serde2de11Deserialize11deserializeNtB6_9___VisitorNtB1o_7Visitor9visit_seqINtNtCskfneH1zHfCU_10serde_json2de9SeqAccessNtNtB2W_4read7StrReadEEBd_
FNDA:0,_RINvXs0_NvXNvNtCsiTt89doBtG0_8callisto14authentications3_1__NtBb_19GoogleTokenResponseNtNtCslP8pCdZvzhl_5serde2de11Deserialize11deserializeNtB6_9___VisitorNtB1o_7Visitor9visit_mapINtNtCskfneH1zHfCU_10serde_json2de9MapAccessNtNtB2W_4read7StrReadEEBd_
FNDA:0,_RINvXs_NvXNvNtCsiTt89doBtG0_8callisto14authentications6_1__NtBa_17GoogleCredentialsNtNtCslP8pCdZvzhl_5serde2de11Deserialize11deserializeNtB5_7___FieldB1j_11deserializeINtNtCskfneH1zHfCU_10serde_json2de6MapKeyINtNtB2K_4read6IoReadINtNtNtNtCs9WEPyIzIF4R_3std2io8buffered9bufreader9BufReaderNtNtB3O_2fs4FileEEEEBc_
FNDA:0,_RINvXs0_NvXNvNtCsiTt89doBtG0_8callisto14authentications6_1__NtBb_17GoogleCredentialsNtNtCslP8pCdZvzhl_5serde2de11Deserialize11deserializeNtB6_9___VisitorNtB1m_7Visitor9visit_seqINtNtCskfneH1zHfCU_10serde_json2de9SeqAccessINtNtB2U_4read6IoReadINtNtNtNtCs9WEPyIzIF4R_3std2io8buffered9bufreader9BufReaderNtNtB41_2fs4FileEEEEBd_
FNDA:0,_RINvXs0_NvXNvNtCsiTt89doBtG0_8callisto14authentications6_1__NtBb_17GoogleCredentialsNtNtCslP8pCdZvzhl_5serde2de11Deserialize11deserializeNtB6_9___VisitorNtB1m_7Visitor9visit_mapINtNtCskfneH1zHfCU_10serde_json2de9MapAccessINtNtB2U_4read6IoReadINtNtNtNtCs9WEPyIzIF4R_3std2io8buffered9bufreader9BufReaderNtNtB41_2fs4FileEEEEBd_
FNDA:0,_RINvXs_NvXNvNtCsiTt89doBtG0_8callisto14authentications7_1__NtBa_15GoogleCredsJsonNtNtCslP8pCdZvzhl_5serde2de11Deserialize11deserializeNtB5_7___FieldB1h_11deserializeINtNtCskfneH1zHfCU_10serde_json2de6MapKeyINtNtB2I_4read6IoReadINtNtNtNtCs9WEPyIzIF4R_3std2io8buffered9bufreader9BufReaderNtNtB3M_2fs4FileEEEEBc_
FNDA:0,_RINvXs0_NvXNvNtCsiTt89doBtG0_8callisto14authentications7_1__NtBb_15GoogleCredsJsonNtNtCslP8pCdZvzhl_5serde2de11Deserialize11deserializeNtB6_9___VisitorNtB1k_7Visitor9visit_seqINtNtCskfneH1zHfCU_10serde_json2de9SeqAccessINtNtB2S_4read6IoReadINtNtNtNtCs9WEPyIzIF4R_3std2io8buffered9bufreader9BufReaderNtNtB3Z_2fs4FileEEEEBd_
FNDA:0,_RINvXs0_NvXNvNtCsiTt89doBtG0_8callisto14authentications7_1__NtBb_15GoogleCredsJsonNtNtCslP8pCdZvzhl_5serde2de11Deserialize11deserializeNtB6_9___VisitorNtB1k_7Visitor9visit_mapINtNtCskfneH1zHfCU_10serde_json2de9MapAccessINtNtB2S_4read6IoReadINtNtNtNtCs9WEPyIzIF4R_3std2io8buffered9bufreader9BufReaderNtNtB3Z_2fs4FileEEEEBd_
FNDA:2,_RNvMNtCs3PTuMfwxQVD_8callisto14authenticationNtB2_19GoogleAuthenticator3new
FNDA:2,_RNvMNtCs3PTuMfwxQVD_8callisto14authenticationNtB2_19GoogleAuthenticator24fetch_google_public_keys
FNDA:3,_RNvNtCs3PTuMfwxQVD_8callisto14authentication33load_google_credentials_from_file
FNDA:3,_RNvNtCs3PTuMfwxQVD_8callisto14authentication31load_authorized_users_from_file
FNDA:23,_RNvMs_NtCs3PTuMfwxQVD_8callisto14authenticationNtB4_17MockAuthenticator3new
FNDA:0,_RNvXs7_NtCs3PTuMfwxQVD_8callisto14authenticationNtB5_17MockAuthenticatorNtB5_13Authenticator14get_web_server
FNDA:2,_RNvXs7_NtCs3PTuMfwxQVD_8callisto14authenticationNtB5_17MockAuthenticatorNtB5_13Authenticator17authenticate_user
FNDA:2,_RNvXs7_NtCs3PTuMfwxQVD_8callisto14authenticationNtB5_17MockAuthenticatorNtB5_13Authenticator20validate_session_key
FNDA:0,_RNvXs7_NtCs3PTuMfwxQVD_8callisto14authenticationNtB5_17MockAuthenticatorNtB5_13Authenticator19check_authorization
FNDA:0,_RNvXs0_NvXNvNtCs3PTuMfwxQVD_8callisto14authentications4_1__NtBa_16GooglePublicKeysNtNtCslP8pCdZvzhl_5serde2de11Deserialize11deserializeNtB5_9___VisitorNtB1k_7Visitor9expecting
FNDA:0,_RNvXs0_NvXNvNtCs3PTuMfwxQVD_8callisto14authentications5_1__NtBa_15GooglePublicKeyNtNtCslP8pCdZvzhl_5serde2de11Deserialize11deserializeNtB5_9___VisitorNtB1j_7Visitor9expecting
FNDA:0,_RNvXs0_NvXNvNtCs3PTuMfwxQVD_8callisto14authentications6_1__NtBa_17GoogleCredentialsNtNtCslP8pCdZvzhl_5serde2de11Deserialize11deserializeNtB5_9___VisitorNtB1l_7Visitor9expecting
FNDA:0,_RNvXs0_NvXNvNtCs3PTuMfwxQVD_8callisto14authentications7_1__NtBa_15GoogleCredsJsonNtNtCslP8pCdZvzhl_5serde2de11Deserialize11deserializeNtB5_9___VisitorNtB1j_7Visitor9expecting
FNDA:1,_RNvNtNtCs3PTuMfwxQVD_8callisto14authentication5testss_23test_mock_authenticator
FNDA:1,_RNvNtNtCs3PTuMfwxQVD_8callisto14authentication5testss_25test_bad_credentials_file
FNDA:1,_RNvNtNCNvNtNtCs3PTuMfwxQVD_8callisto14authentication5testss_25test_bad_credentials_file04init4init
FNDA:1,_RNvNtNtCs3PTuMfwxQVD_8callisto14authentication5testss_35test_load_authorized_users_from_gcs
FNDA:1,_RNvNtNCNvNtNtCs3PTuMfwxQVD_8callisto14authentication5testss_35test_load_authorized_users_from_gcs04init4init
FNDA:1,_RNvNtNtCs3PTuMfwxQVD_8callisto14authentication5testss_36test_load_authorized_users_from_file
FNDA:1,_RNvNtNCNvNtNtCs3PTuMfwxQVD_8callisto14authentication5testss_36test_load_authorized_users_from_file04init4init
FNDA:1,_RNvNtNtCs3PTuMfwxQVD_8callisto14authentication5testss_38test_load_google_credentials_from_file
FNDA:1,_RNvNtNCNvNtNtCs3PTuMfwxQVD_8callisto14authentication5testss_38test_load_google_credentials_from_file04init4init
FNDA:1,_RNvNtNtCs3PTuMfwxQVD_8callisto14authentication5testss_29test_fetch_google_public_keys
FNDA:1,_RNvNtNCNvNtNtCs3PTuMfwxQVD_8callisto14authentication5testss_29test_fetch_google_public_keys04init4init
FNDA:0,_RNvXs6_NtCs3PTuMfwxQVD_8callisto14authenticationNtB5_19GoogleAuthenticatorNtB5_13Authenticator14get_web_server
FNDA:0,_RNvXs6_NtCs3PTuMfwxQVD_8callisto14authenticationNtB5_19GoogleAuthenticatorNtB5_13Authenticator17authenticate_user
FNDA:0,_RNCNvXs6_NtCs3PTuMfwxQVD_8callisto14authenticationNtB7_19GoogleAuthenticatorNtB7_13Authenticator17authenticate_user0B9_
FNDA:0,_RNCNCNvXs6_NtCs3PTuMfwxQVD_8callisto14authenticationNtB9_19GoogleAuthenticatorNtB9_13Authenticator17authenticate_user00Bb_
FNDA:0,_RNCNCNvXs6_NtCs3PTuMfwxQVD_8callisto14authenticationNtB9_19GoogleAuthenticatorNtB9_13Authenticator17authenticate_user0s_0Bb_
FNDA:0,_RNCNCNvXs6_NtCs3PTuMfwxQVD_8callisto14authenticationNtB9_19GoogleAuthenticatorNtB9_13Authenticator17authenticate_user0s0_0Bb_
FNDA:0,_RNCNCNvXs6_NtCs3PTuMfwxQVD_8callisto14authenticationNtB9_19GoogleAuthenticatorNtB9_13Authenticator17authenticate_user0s1_0Bb_
FNDA:0,_RNCNCNvXs6_NtCs3PTuMfwxQVD_8callisto14authenticationNtB9_19GoogleAuthenticatorNtB9_13Authenticator17authenticate_user0s2_0Bb_
FNDA:0,_RNvXs6_NtCs3PTuMfwxQVD_8callisto14authenticationNtB5_19GoogleAuthenticatorNtB5_13Authenticator20validate_session_key
FNDA:0,_RNvXs6_NtCs3PTuMfwxQVD_8callisto14authenticationNtB5_19GoogleAuthenticatorNtB5_13Authenticator19check_authorization
FNDA:0,_RNCNvXs6_NtCs3PTuMfwxQVD_8callisto14authenticationNtB7_19GoogleAuthenticatorNtB7_13Authenticator19check_authorization0B9_
FNDA:0,_RNCNCNvXs6_NtCs3PTuMfwxQVD_8callisto14authenticationNtB9_19GoogleAuthenticatorNtB9_13Authenticator19check_authorization00Bb_
FNDA:0,_RNvXs1_NtCs3PTuMfwxQVD_8callisto14authenticationNtB5_17TokenTimeoutErrorNtNtCsdwlQpJenJj9_4core3fmt7Display3fmt
FNDA:0,_RNvXs2_NtCs3PTuMfwxQVD_8callisto14authenticationNtB5_15InvalidKeyErrorNtNtCsdwlQpJenJj9_4core3fmt7Display3fmt
FNDA:0,_RNvXs4_NtCs3PTuMfwxQVD_8callisto14authenticationNtB5_21UnauthorizedUserErrorNtNtCsdwlQpJenJj9_4core3fmt7Display3fmt
FNDA:0,_RNvXNvXNvNtCs3PTuMfwxQVD_8callisto14authentications_1__NtB7_12GoogleClaimsNtNtCslP8pCdZvzhl_5serde2de11Deserialize11deserializeNtB2_14___FieldVisitorNtB1c_7Visitor9expecting
FNDA:0,_RINvXs_NvXNvNtCs3PTuMfwxQVD_8callisto14authentications_1__NtBa_12GoogleClaimsNtNtCslP8pCdZvzhl_5serde2de11Deserialize11deserializeNtB5_7___FieldB1d_11deserializepEBc_
FNDA:0,_RNvXs0_NvXNvNtCs3PTuMfwxQVD_8callisto14authentications_1__NtBa_12GoogleClaimsNtNtCslP8pCdZvzhl_5serde2de11Deserialize11deserializeNtB5_9___VisitorNtB1f_7Visitor9expecting
FNDA:0,_RINvXs0_NvXNvNtCs3PTuMfwxQVD_8callisto14authentications_1__NtBb_12GoogleClaimsNtNtCslP8pCdZvzhl_5serde2de11Deserialize11deserializeNtB6_9___VisitorNtB1g_7Visitor9visit_seqpEBd_
FNDA:0,_RINvXs0_NvXNvNtCs3PTuMfwxQVD_8callisto14authentications_1__NtBb_12GoogleClaimsNtNtCslP8pCdZvzhl_5serde2de11Deserialize11deserializeNtB6_9___VisitorNtB1g_7Visitor9visit_mappEBd_
FNDA:0,_RNvXNvXNvNtCs3PTuMfwxQVD_8callisto14authentications1_1__NtB7_18GoogleTokenRequestNtNtCslP8pCdZvzhl_5serde2de11Deserialize11deserializeNtB2_14___FieldVisitorNtB1j_7Visitor9expecting
FNDA:0,_RINvXs_NvXNvNtCs3PTuMfwxQVD_8callisto14authentications1_1__NtBa_18GoogleTokenRequestNtNtCslP8pCdZvzhl_5serde2de11Deserialize11deserializeNtB5_7___FieldB1k_11deserializepEBc_
FNDA:0,_RNvXs0_NvXNvNtCs3PTuMfwxQVD_8callisto14authentications1_1__NtBa_18GoogleTokenRequestNtNtCslP8pCdZvzhl_5serde2de11Deserialize11deserializeNtB5_9___VisitorNtB1m_7Visitor9expecting
FNDA:0,_RINvXs0_NvXNvNtCs3PTuMfwxQVD_8callisto14authentications1_1__NtBb_18GoogleTokenRequestNtNtCslP8pCdZvzhl_5serde2de11Deserialize11deserializeNtB6_9___VisitorNtB1n_7Visitor9visit_seqpEBd_
FNDA:0,_RINvXs0_NvXNvNtCs3PTuMfwxQVD_8callisto14authentications1_1__NtBb_18GoogleTokenRequestNtNtCslP8pCdZvzhl_5serde2de11Deserialize11deserializeNtB6_9___VisitorNtB1n_7Visitor9visit_mappEBd_
FNDA:0,_RNvXNvXNvNtCs3PTuMfwxQVD_8callisto14authentications3_1__NtB7_19GoogleTokenResponseNtNtCslP8pCdZvzhl_5serde2de11Deserialize11deserializeNtB2_14___FieldVisitorNtB1k_7Visitor9expecting
FNDA:0,_RINvXs_NvXNvNtCs3PTuMfwxQVD_8callisto14authentications3_1__NtBa_19GoogleTokenResponseNtNtCslP8pCdZvzhl_5serde2de11Deserialize11deserializeNtB5_7___FieldB1l_11deserializepEBc_
FNDA:0,_RNvXs0_NvXNvNtCs3PTuMfwxQVD_8callisto14authentications3_1__NtBa_19GoogleTokenResponseNtNtCslP8pCdZvzhl_5serde2de11Deserialize11deserializeNtB5_9___VisitorNtB1n_7Visitor9expecting
FNDA:0,_RINvXs0_NvXNvNtCs3PTuMfwxQVD_8callisto14authentications3_1__NtBb_19GoogleTokenResponseNtNtCslP8pCdZvzhl_5serde2de11Deserialize11deserializeNtB6_9___VisitorNtB1o_7Visitor9visit_seqpEBd_
FNDA:0,_RINvXs0_NvXNvNtCs3PTuMfwxQVD_8callisto14authentications3_1__NtBb_19GoogleTokenResponseNtNtCslP8pCdZvzhl_5serde2de11Deserialize11deserializeNtB6_9___VisitorNtB1o_7Visitor9visit_mappEBd_
FNDA:0,_RNvXNvXNvNtCs3PTuMfwxQVD_8callisto14authentications4_1__NtB7_16GooglePublicKeysNtNtCslP8pCdZvzhl_5serde2de11Deserialize11deserializeNtB2_14___FieldVisitorNtB1h_7Visitor9expecting
FNDA:0,_RNvXNvXNvNtCs3PTuMfwxQVD_8callisto14authentications5_1__NtB7_15GooglePublicKeyNtNtCslP8pCdZvzhl_5serde2de11Deserialize11deserializeNtB2_14___FieldVisitorNtB1g_7Visitor9expecting
FNDA:0,_RNvXNvXNvNtCs3PTuMfwxQVD_8callisto14authentications6_1__NtB7_17GoogleCredentialsNtNtCslP8pCdZvzhl_5serde2de11Deserialize11deserializeNtB2_14___FieldVisitorNtB1i_7Visitor9expecting
FNDA:0,_RNvXNvXNvNtCs3PTuMfwxQVD_8callisto14authentications7_1__NtB7_15GoogleCredsJsonNtNtCslP8pCdZvzhl_5serde2de11Deserialize11deserializeNtB2_14___FieldVisitorNtB1g_7Visitor9expecting
FNDA:2,_RNCNvMNtCs3PTuMfwxQVD_8callisto14authenticationNtB4_19GoogleAuthenticator3new0B6_
FNDA:2,_RNCNvMNtCs3PTuMfwxQVD_8callisto14authenticationNtB4_19GoogleAuthenticator24fetch_google_public_keys0B6_
FNDA:0,_RNCNCNvMNtCs3PTuMfwxQVD_8callisto14authenticationNtB6_19GoogleAuthenticator24fetch_google_public_keys00B8_
FNDA:1,_RNCNvNtCs3PTuMfwxQVD_8callisto14authentication33load_google_credentials_from_file0B5_
FNDA:0,_RNCNvNtCs3PTuMfwxQVD_8callisto14authentication33load_google_credentials_from_files_0B5_
FNDA:3,_RNCNvNtCs3PTuMfwxQVD_8callisto14authentication31load_authorized_users_from_file0B5_
FNDA:0,_RNCNCNvNtCs3PTuMfwxQVD_8callisto14authentication31load_authorized_users_from_file00B7_
FNDA:2,_RNCNvXs7_NtCs3PTuMfwxQVD_8callisto14authenticationNtB7_17MockAuthenticatorNtB7_13Authenticator17authenticate_user0B9_
FNDA:0,_RNCNvXs7_NtCs3PTuMfwxQVD_8callisto14authenticationNtB7_17MockAuthenticatorNtB7_13Authenticator19check_authorization0B9_
FNDA:0,_RNCNCNvXs7_NtCs3PTuMfwxQVD_8callisto14authenticationNtB9_17MockAuthenticatorNtB9_13Authenticator19check_authorization00Bb_
FNDA:2,_RINvXs_NvXNvNtCs3PTuMfwxQVD_8callisto14authentications4_1__NtBa_16GooglePublicKeysNtNtCslP8pCdZvzhl_5serde2de11Deserialize11deserializeNtB5_7___FieldB1i_11deserializeINtNtCskfneH1zHfCU_10serde_json2de6MapKeyNtNtB2J_4read7StrReadEEBc_
FNDA:0,_RINvXs0_NvXNvNtCs3PTuMfwxQVD_8callisto14authentications4_1__NtBb_16GooglePublicKeysNtNtCslP8pCdZvzhl_5serde2de11Deserialize11deserializeNtB6_9___VisitorNtB1l_7Visitor9visit_seqINtNtCskfneH1zHfCU_10serde_json2de9SeqAccessNtNtB2T_4read7StrReadEEBd_
FNDA:0,_RINvXs0_NvXNvNtCs3PTuMfwxQVD_8callisto14authentications4_1__NtBb_16GooglePublicKeysNtNtCslP8pCdZvzhl_5serde2de11Deserialize11deserializeNtB6_9___VisitorNtB1l_7Visitor9visit_mapINtNtCskfneH1zHfCU_10serde_json2de9MapAccessNtNtB2T_4read7StrReadEEBd_
FNDA:24,_RINvXs_NvXNvNtCs3PTuMfwxQVD_8callisto14authentications5_1__NtBa_15GooglePublicKeyNtNtCslP8pCdZvzhl_5serde2de11Deserialize11deserializeNtB5_7___FieldB1h_11deserializeINtNtCskfneH1zHfCU_10serde_json2de6MapKeyNtNtB2I_4read7StrReadEEBc_
FNDA:0,_RINvXs0_NvXNvNtCs3PTuMfwxQVD_8callisto14authentications5_1__NtBb_15GooglePublicKeyNtNtCslP8pCdZvzhl_5serde2de11Deserialize11deserializeNtB6_9___VisitorNtB1k_7Visitor9visit_seqINtNtCskfneH1zHfCU_10serde_json2de9SeqAccessNtNtB2S_4read7StrReadEEBd_
FNDA:0,_RINvXs0_NvXNvNtCs3PTuMfwxQVD_8callisto14authentications5_1__NtBb_15GooglePublicKeyNtNtCslP8pCdZvzhl_5serde2de11Deserialize11deserializeNtB6_9___VisitorNtB1k_7Visitor9visit_mapINtNtCskfneH1zHfCU_10serde_json2de9MapAccessNtNtB2S_4read7StrReadEEBd_
FNDA:16,_RINvXs_NvXNvNtCs3PTuMfwxQVD_8callisto14authentications6_1__NtBa_17GoogleCredentialsNtNtCslP8pCdZvzhl_5serde2de11Deserialize11deserializeNtB5_7___FieldB1j_11deserializeINtNtCskfneH1zHfCU_10serde_json2de6MapKeyINtNtB2K_4read6IoReadINtNtNtNtCs9WEPyIzIF4R_3std2io8buffered9bufreader9BufReaderNtNtB3O_2fs4FileEEEEBc_
FNDA:0,_RINvXs0_NvXNvNtCs3PTuMfwxQVD_8callisto14authentications6_1__NtBb_17GoogleCredentialsNtNtCslP8pCdZvzhl_5serde2de11Deserialize11deserializeNtB6_9___VisitorNtB1m_7Visitor9visit_seqINtNtCskfneH1zHfCU_10serde_json2de9SeqAccessINtNtB2U_4read6IoReadINtNtNtNtCs9WEPyIzIF4R_3std2io8buffered9bufreader9BufReaderNtNtB41_2fs4FileEEEEBd_
FNDA:0,_RINvXs0_NvXNvNtCs3PTuMfwxQVD_8callisto14authentications6_1__NtBb_17GoogleCredentialsNtNtCslP8pCdZvzhl_5serde2de11Deserialize11deserializeNtB6_9___VisitorNtB1m_7Visitor9visit_mapINtNtCskfneH1zHfCU_10serde_json2de9MapAccessINtNtB2U_4read6IoReadINtNtNtNtCs9WEPyIzIF4R_3std2io8buffered9bufreader9BufReaderNtNtB41_2fs4FileEEEEBd_
FNDA:2,_RINvXs_NvXNvNtCs3PTuMfwxQVD_8callisto14authentications7_1__NtBa_15GoogleCredsJsonNtNtCslP8pCdZvzhl_5serde2de11Deserialize11deserializeNtB5_7___FieldB1h_11deserializeINtNtCskfneH1zHfCU_10serde_json2de6MapKeyINtNtB2I_4read6IoReadINtNtNtNtCs9WEPyIzIF4R_3std2io8buffered9bufreader9BufReaderNtNtB3M_2fs4FileEEEEBc_
FNDA:0,_RINvXs0_NvXNvNtCs3PTuMfwxQVD_8callisto14authentications7_1__NtBb_15GoogleCredsJsonNtNtCslP8pCdZvzhl_5serde2de11Deserialize11deserializeNtB6_9___VisitorNtB1k_7Visitor9visit_seqINtNtCskfneH1zHfCU_10serde_json2de9SeqAccessINtNtB2S_4read6IoReadINtNtNtNtCs9WEPyIzIF4R_3std2io8buffered9bufreader9BufReaderNtNtB3Z_2fs4FileEEEEBd_
FNDA:0,_RINvXs0_NvXNvNtCs3PTuMfwxQVD_8callisto14authentications7_1__NtBb_15GoogleCredsJsonNtNtCslP8pCdZvzhl_5serde2de11Deserialize11deserializeNtB6_9___VisitorNtB1k_7Visitor9visit_mapINtNtCskfneH1zHfCU_10serde_json2de9MapAccessINtNtB2S_4read6IoReadINtNtNtNtCs9WEPyIzIF4R_3std2io8buffered9bufreader9BufReaderNtNtB3Z_2fs4FileEEEEBd_
FNDA:1,_RNCNvNtNtCs3PTuMfwxQVD_8callisto14authentication5testss_23test_mock_authenticator0B7_
FNF:55
FNH:24
DA:74,2
DA:75,2
DA:76,2
DA:77,2
DA:78,1
DA:79,1
DA:80,1
DA:81,1
DA:82,1
DA:83,1
DA:84,1
DA:85,1
DA:86,1
DA:87,1
DA:88,1
DA:90,1
DA:91,1
DA:93,2
DA:94,2
DA:95,2
DA:96,2
DA:97,2
DA:98,2
DA:99,2
DA:100,2
DA:104,2
DA:105,2
DA:106,2
DA:107,2
DA:108,2
DA:109,0
DA:110,2
DA:111,2
DA:112,2
DA:113,2
DA:118,0
DA:119,0
DA:120,0
DA:125,0
DA:129,0
DA:130,0
DA:131,0
DA:132,0
DA:133,0
DA:134,0
DA:135,0
DA:136,0
DA:137,0
DA:138,0
DA:139,0
DA:140,0
DA:141,0
DA:142,0
DA:143,0
DA:144,0
DA:145,0
DA:147,0
DA:148,0
DA:149,0
DA:150,0
DA:151,0
DA:152,0
DA:155,0
DA:156,0
DA:157,0
DA:158,0
DA:159,0
DA:160,0
DA:161,0
DA:162,0
DA:163,0
DA:164,0
DA:165,0
DA:166,0
DA:167,0
DA:168,0
DA:169,0
DA:170,0
DA:171,0
DA:172,0
DA:175,0
DA:176,0
DA:177,0
DA:178,0
DA:179,0
DA:180,0
DA:181,0
DA:182,0
DA:190,0
DA:191,0
DA:192,0
DA:193,0
DA:194,0
DA:195,0
DA:196,0
DA:197,0
DA:200,0
DA:202,0
DA:203,0
DA:208,0
DA:209,0
DA:210,0
DA:211,0
DA:212,0
DA:213,0
DA:214,0
DA:215,0
DA:216,0
DA:217,0
DA:218,0
DA:219,0
DA:220,0
DA:221,0
DA:222,0
DA:223,0
DA:224,0
DA:225,0
DA:226,0
DA:227,0
DA:228,0
DA:229,0
DA:230,0
DA:231,0
DA:232,0
DA:233,0
DA:234,0
DA:235,0
DA:236,0
DA:237,0
DA:238,0
DA:239,0
DA:240,0
DA:246,0
DA:247,0
DA:248,0
DA:250,0
DA:252,0
DA:257,0
DA:258,0
DA:259,0
DA:260,0
DA:261,0
DA:262,0
DA:263,0
DA:264,0
DA:265,0
DA:266,0
DA:267,0
DA:268,0
DA:269,0
DA:270,0
DA:271,0
DA:272,0
DA:274,0
DA:275,0
DA:276,0
DA:277,0
DA:280,0
DA:281,0
DA:282,0
DA:283,0
DA:285,0
DA:299,3
DA:300,3
DA:301,3
DA:302,3
DA:303,3
DA:304,3
DA:305,3
DA:306,3
DA:307,3
DA:319,3
DA:320,3
DA:321,3
DA:322,3
DA:323,3
DA:324,3
DA:325,3
DA:335,42
DA:336,42
DA:337,42
DA:338,42
DA:339,42
DA:340,42
DA:345,98
DA:346,98
DA:347,98
DA:352,20
DA:353,20
DA:354,20
DA:355,20
DA:356,20
DA:357,20
DA:358,20
DA:359,20
DA:360,20
DA:361,20
DA:362,40
DA:364,80
DA:365,80
DA:370,79
DA:374,1
DA:376,80
DA:381,0
DA:382,0
DA:383,0
DA:384,0
DA:385,0
DA:386,0
DA:387,0
DA:388,0
DA:389,0
DA:390,0
DA:401,0
DA:402,0
DA:403,0
DA:410,0
DA:411,0
DA:412,0
DA:421,0
DA:422,0
DA:423,0
DA:429,0
DA:441,0
DA:450,0
DA:460,2
DA:465,24
DA:473,16
DA:484,2
DA:496,1
DA:497,1
DA:498,1
DA:499,1
DA:500,1
DA:501,1
DA:502,1
DA:503,1
DA:504,1
DA:505,1
DA:506,1
DA:507,1
DA:508,1
DA:509,1
DA:510,1
DA:511,1
DA:512,1
DA:513,1
DA:514,1
DA:515,1
DA:516,1
DA:517,1
DA:518,1
DA:519,1
DA:520,1
DA:525,2
DA:541,2
DA:554,2
DA:566,2
DA:576,2
BRF:0
BRH:0
LF:303
LH:132
end_of_record
SF:/Users/dan/dev/callisto/callisto/src/combat.rs
FN:28,_RNCNvNtCsiTt89doBtG0_8callisto6combat9roll_dice0B5_
FN:467,_RNCNvNtCsiTt89doBtG0_8callisto6combat10apply_crit0B5_
FN:469,_RNCNvNtCsiTt89doBtG0_8callisto6combat10apply_crits_0B5_
FN:484,_RNCNvNtCsiTt89doBtG0_8callisto6combat10apply_crits0_0B5_
FN:486,_RNCNvNtCsiTt89doBtG0_8callisto6combat10apply_crits1_0B5_
FN:602,_RNCNvNtCsiTt89doBtG0_8callisto6combat15find_range_band0B5_
FN:624,_RINvNtCsiTt89doBtG0_8callisto6combat15do_fire_actionsNtNtNtCs9WEPyIzIF4R_3std4hash6random11RandomStateEB4_
FN:644,_RNCINvNtCsiTt89doBtG0_8callisto6combat15do_fire_actionsNtNtNtCs9WEPyIzIF4R_3std4hash6random11RandomStateE0B6_
FN:785,_RINvNtCsiTt89doBtG0_8callisto6combat18create_sand_countsNtNtNtCs9WEPyIzIF4R_3std4hash6random11RandomStateEB4_
FN:790,_RNCINvNtCsiTt89doBtG0_8callisto6combat18create_sand_countsNtNtNtCs9WEPyIzIF4R_3std4hash6random11RandomStateE0B6_
FN:797,_RNCNCINvNtCsiTt89doBtG0_8callisto6combat18create_sand_countsNtNtNtCs9WEPyIzIF4R_3std4hash6random11RandomStateE00B8_
FN:18,_RNvNtCsiTt89doBtG0_8callisto6combat4roll
FN:22,_RNvNtCsiTt89doBtG0_8callisto6combat9roll_dice
FN:32,_RNvNtCsiTt89doBtG0_8callisto6combat17task_chain_impact
FN:62,_RNvNtCsiTt89doBtG0_8callisto6combat6attack
FN:313,_RNvNtCsiTt89doBtG0_8callisto6combat11do_critical
FN:333,_RNvNtCsiTt89doBtG0_8callisto6combat10apply_crit
FN:599,_RNvNtCsiTt89doBtG0_8callisto6combat15find_range_band
FN:18,_RNvNtCs3PTuMfwxQVD_8callisto6combat4roll
FN:22,_RNvNtCs3PTuMfwxQVD_8callisto6combat9roll_dice
FN:32,_RNvNtCs3PTuMfwxQVD_8callisto6combat17task_chain_impact
FN:62,_RNvNtCs3PTuMfwxQVD_8callisto6combat6attack
FN:313,_RNvNtCs3PTuMfwxQVD_8callisto6combat11do_critical
FN:333,_RNvNtCs3PTuMfwxQVD_8callisto6combat10apply_crit
FN:599,_RNvNtCs3PTuMfwxQVD_8callisto6combat15find_range_band
FN:839,_RNvNtNvNtNtCs3PTuMfwxQVD_8callisto6combat5testss_25test_missile_fire_actions4init4init
FN:960,_RNvNtNvNtNtCs3PTuMfwxQVD_8callisto6combat5testss_15test_apply_crit4init4init
FN:1198,_RNvNtNvNtNtCs3PTuMfwxQVD_8callisto6combat5testss_11test_attack4init4init
FN:1465,_RNvNtNvNtNtCs3PTuMfwxQVD_8callisto6combat5testss_21test_attack_range_mod4init4init
FN:1527,_RNvNtNtCs3PTuMfwxQVD_8callisto6combat5testss_24test_attack_out_of_range
FN:28,_RNCNvNtCs3PTuMfwxQVD_8callisto6combat9roll_dice0B5_
FN:467,_RNCNvNtCs3PTuMfwxQVD_8callisto6combat10apply_crit0B5_
FN:469,_RNCNvNtCs3PTuMfwxQVD_8callisto6combat10apply_crits_0B5_
FN:484,_RNCNvNtCs3PTuMfwxQVD_8callisto6combat10apply_crits0_0B5_
FN:486,_RNCNvNtCs3PTuMfwxQVD_8callisto6combat10apply_crits1_0B5_
FN:602,_RNCNvNtCs3PTuMfwxQVD_8callisto6combat15find_range_band0B5_
FN:624,_RINvNtCs3PTuMfwxQVD_8callisto6combat15do_fire_actionsNtNtNtCs9WEPyIzIF4R_3std4hash6random11RandomStateEB4_
FN:644,_RNCINvNtCs3PTuMfwxQVD_8callisto6combat15do_fire_actionsNtNtNtCs9WEPyIzIF4R_3std4hash6random11RandomStateE0B6_
FN:785,_RINvNtCs3PTuMfwxQVD_8callisto6combat18create_sand_countsNtNtNtCs9WEPyIzIF4R_3std4hash6random11RandomStateEB4_
FN:790,_RNCINvNtCs3PTuMfwxQVD_8callisto6combat18create_sand_countsNtNtNtCs9WEPyIzIF4R_3std4hash6random11RandomStateE0B6_
FN:797,_RNCNCINvNtCs3PTuMfwxQVD_8callisto6combat18create_sand_countsNtNtNtCs9WEPyIzIF4R_3std4hash6random11RandomStateE00B8_
FN:941,_RNCNvNtNtCs3PTuMfwxQVD_8callisto6combat5testss_25test_missile_fire_actions0B7_
FN:978,_RNCNvNtNtCs3PTuMfwxQVD_8callisto6combat5testss_15test_apply_crit0B7_
FN:1031,_RNCNvNtNtCs3PTuMfwxQVD_8callisto6combat5testss_15test_apply_crits_0B7_
FN:1042,_RNCNvNtNtCs3PTuMfwxQVD_8callisto6combat5testss_15test_apply_crits0_0B7_
FN:1060,_RNCNvNtNtCs3PTuMfwxQVD_8callisto6combat5testss_15test_apply_crits1_0B7_
FN:1105,_RNCNvNtNtCs3PTuMfwxQVD_8callisto6combat5testss_15test_apply_crits2_0B7_
FN:1118,_RNCNvNtNtCs3PTuMfwxQVD_8callisto6combat5testss_15test_apply_crits3_0B7_
FN:1161,_RNCNvNtNtCs3PTuMfwxQVD_8callisto6combat5testss_15test_apply_crits4_0B7_
FN:1171,_RNCNvNtNtCs3PTuMfwxQVD_8callisto6combat5testss_15test_apply_crits5_0B7_
FN:1430,_RNCNvNtNtCs3PTuMfwxQVD_8callisto6combat5testss_11test_attack0B7_
FN:1316,_RNCNvNtNtCs3PTuMfwxQVD_8callisto6combat5testss_11test_attacks_0B7_
FN:1323,_RNCNvNtNtCs3PTuMfwxQVD_8callisto6combat5testss_11test_attacks0_0B7_
FN:1334,_RNCNvNtNtCs3PTuMfwxQVD_8callisto6combat5testss_11test_attacks1_0B7_
FN:1340,_RNCNvNtNtCs3PTuMfwxQVD_8callisto6combat5testss_11test_attacks2_0B7_
FN:1389,_RNCNvNtNtCs3PTuMfwxQVD_8callisto6combat5testss_11test_attacks3_0B7_
FN:1409,_RNCNvNtNtCs3PTuMfwxQVD_8callisto6combat5testss_11test_attacks4_0B7_
FN:1461,_RNCNvNtNtCs3PTuMfwxQVD_8callisto6combat5testss_11test_attacks5_0B7_
FN:1494,_RNCNvNtNtCs3PTuMfwxQVD_8callisto6combat5testss_21test_attack_range_mod0B7_
FN:1513,_RNCNvNtNtCs3PTuMfwxQVD_8callisto6combat5testss_21test_attack_range_mods_0B7_
FN:1523,_RNCNvNtNtCs3PTuMfwxQVD_8callisto6combat5testss_21test_attack_range_mods0_0B7_
FN:1594,_RNCNvNtNtCs3PTuMfwxQVD_8callisto6combat5testss_24test_attack_out_of_range0B7_
FNDA:18,_RNCNvNtCsiTt89doBtG0_8callisto6combat9roll_dice0B5_
FNDA:0,_RNCNvNtCsiTt89doBtG0_8callisto6combat10apply_crit0B5_
FNDA:0,_RNCNvNtCsiTt89doBtG0_8callisto6combat10apply_crits_0B5_
FNDA:0,_RNCNvNtCsiTt89doBtG0_8callisto6combat10apply_crits0_0B5_
FNDA:0,_RNCNvNtCsiTt89doBtG0_8callisto6combat10apply_crits1_0B5_
FNDA:3,_RNCNvNtCsiTt89doBtG0_8callisto6combat15find_range_band0B5_
FNDA:1,_RINvNtCsiTt89doBtG0_8callisto6combat15do_fire_actionsNtNtNtCs9WEPyIzIF4R_3std4hash6random11RandomStateEB4_
FNDA:1,_RNCINvNtCsiTt89doBtG0_8callisto6combat15do_fire_actionsNtNtNtCs9WEPyIzIF4R_3std4hash6random11RandomStateE0B6_
FNDA:2,_RINvNtCsiTt89doBtG0_8callisto6combat18create_sand_countsNtNtNtCs9WEPyIzIF4R_3std4hash6random11RandomStateEB4_
FNDA:3,_RNCINvNtCsiTt89doBtG0_8callisto6combat18create_sand_countsNtNtNtCs9WEPyIzIF4R_3std4hash6random11RandomStateE0B6_
FNDA:8,_RNCNCINvNtCsiTt89doBtG0_8callisto6combat18create_sand_countsNtNtNtCs9WEPyIzIF4R_3std4hash6random11RandomStateE00B8_
FNDA:18,_RNvNtCsiTt89doBtG0_8callisto6combat4roll
FNDA:6,_RNvNtCsiTt89doBtG0_8callisto6combat9roll_dice
FNDA:0,_RNvNtCsiTt89doBtG0_8callisto6combat17task_chain_impact
FNDA:3,_RNvNtCsiTt89doBtG0_8callisto6combat6attack
FNDA:0,_RNvNtCsiTt89doBtG0_8callisto6combat11do_critical
FNDA:0,_RNvNtCsiTt89doBtG0_8callisto6combat10apply_crit
FNDA:3,_RNvNtCsiTt89doBtG0_8callisto6combat15find_range_band
FNDA:1197,_RNvNtCs3PTuMfwxQVD_8callisto6combat4roll
FNDA:434,_RNvNtCs3PTuMfwxQVD_8callisto6combat9roll_dice
FNDA:2,_RNvNtCs3PTuMfwxQVD_8callisto6combat17task_chain_impact
FNDA:90,_RNvNtCs3PTuMfwxQVD_8callisto6combat6attack
FNDA:188,_RNvNtCs3PTuMfwxQVD_8callisto6combat11do_critical
FNDA:274,_RNvNtCs3PTuMfwxQVD_8callisto6combat10apply_crit
FNDA:92,_RNvNtCs3PTuMfwxQVD_8callisto6combat15find_range_band
FNDA:1,_RNvNtNvNtNtCs3PTuMfwxQVD_8callisto6combat5testss_25test_missile_fire_actions4init4init
FNDA:1,_RNvNtNvNtNtCs3PTuMfwxQVD_8callisto6combat5testss_15test_apply_crit4init4init
FNDA:1,_RNvNtNvNtNtCs3PTuMfwxQVD_8callisto6combat5testss_11test_attack4init4init
FNDA:1,_RNvNtNvNtNtCs3PTuMfwxQVD_8callisto6combat5testss_21test_attack_range_mod4init4init
FNDA:1,_RNvNtNtCs3PTuMfwxQVD_8callisto6combat5testss_24test_attack_out_of_range
FNDA:1168,_RNCNvNtCs3PTuMfwxQVD_8callisto6combat9roll_dice0B5_
FNDA:93,_RNCNvNtCs3PTuMfwxQVD_8callisto6combat10apply_crit0B5_
FNDA:0,_RNCNvNtCs3PTuMfwxQVD_8callisto6combat10apply_crits_0B5_
FNDA:61,_RNCNvNtCs3PTuMfwxQVD_8callisto6combat10apply_crits0_0B5_
FNDA:21,_RNCNvNtCs3PTuMfwxQVD_8callisto6combat10apply_crits1_0B5_
FNDA:107,_RNCNvNtCs3PTuMfwxQVD_8callisto6combat15find_range_band0B5_
FNDA:15,_RINvNtCs3PTuMfwxQVD_8callisto6combat15do_fire_actionsNtNtNtCs9WEPyIzIF4R_3std4hash6random11RandomStateEB4_
FNDA:59,_RNCINvNtCs3PTuMfwxQVD_8callisto6combat15do_fire_actionsNtNtNtCs9WEPyIzIF4R_3std4hash6random11RandomStateE0B6_
FNDA:21,_RINvNtCs3PTuMfwxQVD_8callisto6combat18create_sand_countsNtNtNtCs9WEPyIzIF4R_3std4hash6random11RandomStateEB4_
FNDA:42,_RNCINvNtCs3PTuMfwxQVD_8callisto6combat18create_sand_countsNtNtNtCs9WEPyIzIF4R_3std4hash6random11RandomStateE0B6_
FNDA:143,_RNCNCINvNtCs3PTuMfwxQVD_8callisto6combat18create_sand_countsNtNtNtCs9WEPyIzIF4R_3std4hash6random11RandomStateE00B8_
FNDA:3,_RNCNvNtNtCs3PTuMfwxQVD_8callisto6combat5testss_25test_missile_fire_actions0B7_
FNDA:6,_RNCNvNtNtCs3PTuMfwxQVD_8callisto6combat5testss_15test_apply_crit0B7_
FNDA:6,_RNCNvNtNtCs3PTuMfwxQVD_8callisto6combat5testss_15test_apply_crits_0B7_
FNDA:6,_RNCNvNtNtCs3PTuMfwxQVD_8callisto6combat5testss_15test_apply_crits0_0B7_
FNDA:6,_RNCNvNtNtCs3PTuMfwxQVD_8callisto6combat5testss_15test_apply_crits1_0B7_
FNDA:6,_RNCNvNtNtCs3PTuMfwxQVD_8callisto6combat5testss_15test_apply_crits2_0B7_
FNDA:6,_RNCNvNtNtCs3PTuMfwxQVD_8callisto6combat5testss_15test_apply_crits3_0B7_
FNDA:6,_RNCNvNtNtCs3PTuMfwxQVD_8callisto6combat5testss_15test_apply_crits4_0B7_
FNDA:6,_RNCNvNtNtCs3PTuMfwxQVD_8callisto6combat5testss_15test_apply_crits5_0B7_
FNDA:2,_RNCNvNtNtCs3PTuMfwxQVD_8callisto6combat5testss_11test_attack0B7_
FNDA:5,_RNCNvNtNtCs3PTuMfwxQVD_8callisto6combat5testss_11test_attacks_0B7_
FNDA:0,_RNCNvNtNtCs3PTuMfwxQVD_8callisto6combat5testss_11test_attacks0_0B7_
FNDA:8,_RNCNvNtNtCs3PTuMfwxQVD_8callisto6combat5testss_11test_attacks1_0B7_
FNDA:1,_RNCNvNtNtCs3PTuMfwxQVD_8callisto6combat5testss_11test_attacks2_0B7_
FNDA:0,_RNCNvNtNtCs3PTuMfwxQVD_8callisto6combat5testss_11test_attacks3_0B7_
FNDA:2,_RNCNvNtNtCs3PTuMfwxQVD_8callisto6combat5testss_11test_attacks4_0B7_
FNDA:2,_RNCNvNtNtCs3PTuMfwxQVD_8callisto6combat5testss_11test_attacks5_0B7_
FNDA:1,_RNCNvNtNtCs3PTuMfwxQVD_8callisto6combat5testss_21test_attack_range_mod0B7_
FNDA:1,_RNCNvNtNtCs3PTuMfwxQVD_8callisto6combat5testss_21test_attack_range_mods_0B7_
FNDA:1,_RNCNvNtNtCs3PTuMfwxQVD_8callisto6combat5testss_21test_attack_range_mods0_0B7_
FNDA:2,_RNCNvNtNtCs3PTuMfwxQVD_8callisto6combat5testss_24test_attack_out_of_range0B7_
FNF:44
FNH:41
DA:18,1215
DA:19,1215
DA:20,1215
DA:22,440
DA:23,440
DA:25,0
DA:26,440
DA:27,440
DA:28,1186
DA:29,440
DA:32,2
DA:33,2
DA:34,2
DA:35,2
DA:36,0
DA:37,0
DA:38,2
DA:39,0
DA:41,2
DA:62,93
DA:63,93
DA:64,93
DA:65,93
DA:66,93
DA:67,93
DA:68,93
DA:69,93
DA:70,93
DA:71,93
DA:72,93
DA:73,93
DA:74,93
DA:75,93
DA:76,93
DA:77,93
DA:78,93
DA:79,93
DA:92,93
DA:99,3
DA:100,3
DA:102,90
DA:105,93
DA:106,37
DA:107,56
DA:108,54
DA:117,2
DA:118,2
DA:119,2
DA:120,2
DA:121,2
DA:122,2
DA:136,91
DA:138,91
DA:139,91
DA:140,91
DA:141,91
DA:142,91
DA:147,25
DA:148,25
DA:149,25
DA:150,25
DA:151,25
DA:152,25
DA:153,66
DA:154,66
DA:155,66
DA:156,66
DA:157,66
DA:158,66
DA:159,66
DA:160,66
DA:161,66
DA:162,66
DA:163,66
DA:164,66
DA:165,66
DA:166,66
DA:167,66
DA:168,66
DA:169,66
DA:170,66
DA:171,1
DA:173,65
DA:176,66
DA:177,52
DA:189,14
DA:190,14
DA:191,14
DA:192,14
DA:193,14
DA:194,14
DA:209,52
DA:211,14
DA:212,14
DA:213,14
DA:214,14
DA:215,14
DA:216,14
DA:217,14
DA:218,14
DA:219,14
DA:220,14
DA:221,14
DA:222,14
DA:225,38
DA:226,27
DA:227,27
DA:228,27
DA:229,27
DA:230,8
DA:231,8
DA:232,8
DA:233,3
DA:234,1
DA:235,1
DA:236,1
DA:237,1
DA:238,1
DA:239,1
DA:240,1
DA:241,1
DA:242,1
DA:245,38
DA:246,38
DA:247,38
DA:248,38
DA:249,38
DA:250,38
DA:251,38
DA:252,38
DA:253,38
DA:254,38
DA:255,38
DA:256,38
DA:257,38
DA:258,38
DA:269,52
DA:270,52
DA:271,52
DA:272,9
DA:273,9
DA:274,9
DA:275,9
DA:276,9
DA:277,9
DA:278,9
DA:279,9
DA:280,9
DA:281,9
DA:282,9
DA:283,9
DA:284,9
DA:285,43
DA:289,52
DA:290,52
DA:291,52
DA:292,52
DA:293,52
DA:294,52
DA:295,52
DA:296,52
DA:297,52
DA:298,52
DA:299,52
DA:300,52
DA:301,52
DA:302,52
DA:303,52
DA:304,52
DA:305,179
DA:306,179
DA:307,179
DA:309,52
DA:310,52
DA:311,93
DA:313,188
DA:314,188
DA:315,9
DA:317,179
DA:318,179
DA:321,188
DA:322,188
DA:323,188
DA:324,188
DA:325,188
DA:326,188
DA:327,188
DA:328,188
DA:329,188
DA:330,188
DA:333,274
DA:334,274
DA:335,274
DA:336,274
DA:337,274
DA:338,274
DA:339,274
DA:340,274
DA:341,274
DA:342,274
DA:343,62
DA:344,62
DA:345,62
DA:346,62
DA:347,62
DA:348,62
DA:349,62
DA:350,62
DA:351,62
DA:352,62
DA:353,62
DA:354,62
DA:355,62
DA:356,62
DA:357,62
DA:358,62
DA:360,212
DA:361,212
DA:362,212
DA:365,3
DA:366,3
DA:367,3
DA:368,3
DA:369,3
DA:372,2
DA:373,2
DA:374,2
DA:375,2
DA:376,2
DA:379,8
DA:380,2
DA:381,2
DA:382,2
DA:383,2
DA:384,2
DA:386,6
DA:387,6
DA:388,6
DA:389,6
DA:390,6
DA:391,6
DA:395,3
DA:396,3
DA:397,3
DA:398,3
DA:399,3
DA:400,3
DA:403,2
DA:404,2
DA:405,2
DA:406,2
DA:407,2
DA:409,9
DA:410,7
DA:411,7
DA:412,7
DA:413,7
DA:414,7
DA:415,7
DA:417,2
DA:418,2
DA:419,2
DA:420,2
DA:421,2
DA:422,2
DA:423,2
DA:424,2
DA:425,2
DA:426,2
DA:427,2
DA:428,2
DA:429,2
DA:431,18
DA:432,12
DA:433,5
DA:434,4
DA:435,3
DA:436,0
DA:438,12
DA:439,12
DA:440,12
DA:441,12
DA:442,12
DA:443,12
DA:445,6
DA:446,6
DA:447,6
DA:448,6
DA:449,6
DA:450,6
DA:451,6
DA:452,6
DA:453,6
DA:454,6
DA:455,6
DA:456,6
DA:457,6
DA:460,7
DA:461,7
DA:462,7
DA:463,7
DA:464,7
DA:466,23
DA:467,93
DA:468,23
DA:469,21
DA:470,0
DA:471,0
DA:472,21
DA:473,21
DA:474,21
DA:475,21
DA:476,21
DA:477,21
DA:478,21
DA:479,21
DA:480,21
DA:481,21
DA:482,21
DA:483,21
DA:484,61
DA:485,21
DA:486,21
DA:487,21
DA:488,21
DA:489,21
DA:490,21
DA:491,21
DA:492,21
DA:493,21
DA:494,21
DA:496,2
DA:497,2
DA:498,2
DA:499,2
DA:501,23
DA:502,3
DA:503,2
DA:504,18
DA:506,23
DA:508,15
DA:509,15
DA:510,4
DA:511,3
DA:512,8
DA:513,4
DA:516,15
DA:517,15
DA:518,15
DA:519,15
DA:520,15
DA:521,15
DA:522,15
DA:523,4
DA:524,11
DA:525,15
DA:527,23
DA:528,23
DA:529,23
DA:530,23
DA:531,23
DA:532,23
DA:533,23
DA:534,23
DA:537,4
DA:538,4
DA:539,4
DA:540,4
DA:541,4
DA:544,3
DA:545,3
DA:546,3
DA:547,3
DA:548,3
DA:549,3
DA:550,3
DA:553,25
DA:554,25
DA:555,25
DA:556,25
DA:557,25
DA:560,16
DA:561,16
DA:562,16
DA:563,16
DA:564,16
DA:566,6
DA:567,6
DA:568,6
DA:569,6
DA:570,6
DA:572,12
DA:573,12
DA:574,12
DA:575,12
DA:576,12
DA:577,12
DA:578,12
DA:579,6
DA:580,6
DA:581,12
DA:584,21
DA:585,21
DA:586,21
DA:587,21
DA:588,21
DA:590,12
DA:591,12
DA:592,12
DA:593,12
DA:594,12
DA:597,274
DA:599,95
DA:600,95
DA:601,95
DA:602,110
DA:603,95
DA:604,95
DA:605,95
DA:624,16
DA:625,16
DA:626,16
DA:627,16
DA:628,16
DA:629,16
DA:630,16
DA:631,16
DA:633,16
DA:634,2
DA:635,2
DA:636,2
DA:637,2
DA:639,14
DA:642,16
DA:643,16
DA:644,60
DA:645,60
DA:646,60
DA:647,60
DA:652,0
DA:653,60
DA:654,60
DA:655,60
DA:656,60
DA:657,60
DA:658,60
DA:659,60
DA:660,60
DA:661,60
DA:662,60
DA:663,60
DA:664,60
DA:665,60
DA:666,60
DA:671,0
DA:672,60
DA:673,60
DA:674,60
DA:675,60
DA:676,60
DA:677,60
DA:678,60
DA:681,17
DA:682,13
DA:683,1
DA:684,1
DA:685,1
DA:686,1
DA:688,197
DA:689,197
DA:690,197
DA:691,197
DA:692,197
DA:693,197
DA:702,17
DA:703,17
DA:704,17
DA:705,17
DA:706,17
DA:707,17
DA:717,25
DA:718,25
DA:719,9
DA:720,9
DA:721,9
DA:722,9
DA:723,9
DA:731,4
DA:732,4
DA:733,4
DA:734,4
DA:735,4
DA:736,4
DA:737,4
DA:747,5
DA:748,5
DA:749,5
DA:750,5
DA:751,5
DA:760,16
DA:764,25
DA:765,25
DA:775,18
DA:778,60
DA:779,16
DA:780,16
DA:781,16
DA:782,16
DA:785,23
DA:786,23
DA:787,23
DA:788,23
DA:789,23
DA:790,45
DA:791,45
DA:792,45
DA:793,45
DA:794,45
DA:795,45
DA:796,45
DA:797,151
DA:798,151
DA:799,38
DA:800,38
DA:801,38
DA:802,38
DA:803,38
DA:806,0
DA:810,0
DA:814,113
DA:816,151
DA:817,45
DA:818,45
DA:819,45
DA:820,23
DA:821,23
DA:839,1
DA:941,3
DA:960,1
DA:978,6
DA:1031,6
DA:1042,6
DA:1060,6
DA:1105,6
DA:1118,6
DA:1161,6
DA:1171,6
DA:1198,1
DA:1316,10
DA:1323,4
DA:1334,8
DA:1340,1
DA:1389,1
DA:1409,2
DA:1430,5
DA:1461,2
DA:1465,1
DA:1494,1
DA:1513,1
DA:1523,1
DA:1527,1
DA:1528,1
DA:1529,1
DA:1530,1
DA:1531,1
DA:1532,1
DA:1533,1
DA:1534,1
DA:1535,1
DA:1536,1
DA:1537,1
DA:1538,1
DA:1539,1
DA:1540,1
DA:1541,1
DA:1542,1
DA:1543,1
DA:1544,1
DA:1545,1
DA:1546,1
DA:1547,1
DA:1548,1
DA:1549,1
DA:1550,1
DA:1551,1
DA:1552,1
DA:1553,1
DA:1554,1
DA:1555,1
DA:1556,1
DA:1557,1
DA:1558,1
DA:1559,1
DA:1560,1
DA:1561,1
DA:1563,1
DA:1564,1
DA:1565,1
DA:1566,1
DA:1567,1
DA:1568,0
DA:1573,1
DA:1574,1
DA:1575,1
DA:1576,1
DA:1577,1
DA:1578,1
DA:1579,1
DA:1580,1
DA:1581,1
DA:1582,1
DA:1583,1
DA:1584,1
DA:1585,1
DA:1586,1
DA:1587,1
DA:1588,1
DA:1590,1
DA:1591,1
DA:1592,1
DA:1593,1
DA:1594,2
DA:1595,0
DA:1597,1
BRF:0
BRH:0
LF:638
LH:623
end_of_record
SF:/Users/dan/dev/callisto/callisto/src/computer.rs
FN:20,_RINvXs_NvXNvNtCsiTt89doBtG0_8callisto8computers_1__NtBa_16FlightPathResultNtNtCslP8pCdZvzhl_5serde2de11Deserialize11deserializeNtB5_7___FieldB1a_11deserializepEBc_
FN:20,_RNCINvXs0_NvXNvNtCsiTt89doBtG0_8callisto8computers_1__NtBd_16FlightPathResultNtNtCslP8pCdZvzhl_5serde2de11Deserialize11deserializeNtB8_9___VisitorNtB1f_7Visitor9visit_seqpE0Bf_
FN:20,_RNCINvXs0_NvXNvNtCsiTt89doBtG0_8callisto8computers_1__NtBd_16FlightPathResultNtNtCslP8pCdZvzhl_5serde2de11Deserialize11deserializeNtB8_9___VisitorNtB1f_7Visitor9visit_seqpEs_0Bf_
FN:52,_RNvMNtCsiTt89doBtG0_8callisto8computerNtB2_12FlightParams3new
FN:70,_RNvMNtCsiTt89doBtG0_8callisto8computerNtB2_12FlightParams6pos_eq
FN:84,_RNvMNtCsiTt89doBtG0_8callisto8computerNtB2_12FlightParams6vel_eq
FN:92,_RNvMNtCsiTt89doBtG0_8callisto8computerNtB2_12FlightParams10best_guess
FN:164,_RNvMNtCsiTt89doBtG0_8callisto8computerNtB2_12FlightParams19compute_flight_path
FN:291,_RNvXs_NtCsiTt89doBtG0_8callisto8computerNtB4_12FlightParamsNtNtNtCse1ttzsNQ56Y_5gomez4core4base7Problem6domain
FN:370,_RNvMs1_NtCsiTt89doBtG0_8callisto8computerNtB5_12TargetParams3new
FN:386,_RNvMs1_NtCsiTt89doBtG0_8callisto8computerNtB5_12TargetParams5solve
FN:407,_RNvMs1_NtCsiTt89doBtG0_8callisto8computerNtB5_12TargetParams12compute_path
FN:433,_RNvMs1_NtCsiTt89doBtG0_8callisto8computerNtB5_12TargetParams19compute_target_path
FN:546,_RNvXs2_NtCsiTt89doBtG0_8callisto8computerNtB5_12TargetParamsNtNtNtCse1ttzsNQ56Y_5gomez4core4base7Problem6domain
FN:20,_RNvXNvXNvNtCsiTt89doBtG0_8callisto8computers_1__NtB7_16FlightPathResultNtNtCslP8pCdZvzhl_5serde2de11Deserialize11deserializeNtB2_14___FieldVisitorNtB19_7Visitor9expecting
FN:20,_RNvXs0_NvXNvNtCsiTt89doBtG0_8callisto8computers_1__NtBa_16FlightPathResultNtNtCslP8pCdZvzhl_5serde2de11Deserialize11deserializeNtB5_9___VisitorNtB1c_7Visitor9expecting
FN:177,_RNCNvMNtCsiTt89doBtG0_8callisto8computerNtB4_12FlightParams19compute_flight_path0B6_
FN:323,_RINvXs0_NtCsiTt89doBtG0_8callisto8computerNtB6_12FlightParamsNtNtNtCse1ttzsNQ56Y_5gomez4core6system6System4evalINtNtNtCs9Mhh5cncX8F_8nalgebra4base11vec_storage10VecStoragedNtNtB1Q_9dimension3DynINtB2M_5ConstKj1_EEB1L_EB8_
FN:323,_RINvXs0_NtCsiTt89doBtG0_8callisto8computerNtB6_12FlightParamsNtNtNtCse1ttzsNQ56Y_5gomez4core6system6System4evalINtNtNtCs9Mhh5cncX8F_8nalgebra4base11vec_storage10VecStoragedNtNtB1Q_9dimension3DynINtB2M_5ConstKj1_EEINtNtB1Q_11matrix_view14ViewStorageMutdB2K_B36_B36_B2K_EEB8_
FN:393,_RNCNvMs1_NtCsiTt89doBtG0_8callisto8computerNtB7_12TargetParams5solve0B9_
FN:451,_RNCNvMs1_NtCsiTt89doBtG0_8callisto8computerNtB7_12TargetParams19compute_target_path0B9_
FN:502,_RNCNvMs1_NtCsiTt89doBtG0_8callisto8computerNtB7_12TargetParams19compute_target_paths_0B9_
FN:509,_RNCNvMs1_NtCsiTt89doBtG0_8callisto8computerNtB7_12TargetParams19compute_target_paths0_0B9_
FN:565,_RINvXs3_NtCsiTt89doBtG0_8callisto8computerNtB6_12TargetParamsNtNtNtCse1ttzsNQ56Y_5gomez4core6system6System4evalINtNtNtCs9Mhh5cncX8F_8nalgebra4base11vec_storage10VecStoragedNtNtB1Q_9dimension3DynINtB2M_5ConstKj1_EEB1L_EB8_
FN:565,_RINvXs3_NtCsiTt89doBtG0_8callisto8computerNtB6_12TargetParamsNtNtNtCse1ttzsNQ56Y_5gomez4core6system6System4evalINtNtNtCs9Mhh5cncX8F_8nalgebra4base11vec_storage10VecStoragedNtNtB1Q_9dimension3DynINtB2M_5ConstKj1_EEINtNtB1Q_11matrix_view14ViewStorageMutdB2K_B36_B36_B2K_EEB8_
FN:20,_RINvXNvXNvNtCsiTt89doBtG0_8callisto8computer1__NtB8_16FlightPathResultNtNtCslP8pCdZvzhl_5serde3ser9Serialize9serializeNtB3_15___SerializeWithB16_9serializeQINtNtCskfneH1zHfCU_10serde_json3ser10SerializerQINtNtCs3NOyuRaisWM_5alloc3vec3VechEEEBa_
FN:20,_RINvXs_NvXNvNtCsiTt89doBtG0_8callisto8computer1__NtBa_16FlightPathResultNtNtCslP8pCdZvzhl_5serde3ser9Serialize9serializeNtB5_s_15___SerializeWithB18_9serializeQINtNtCskfneH1zHfCU_10serde_json3ser10SerializerQINtNtCs3NOyuRaisWM_5alloc3vec3VechEEEBc_
FN:599,_RNvNtNtCs3PTuMfwxQVD_8callisto8computer5tests9pos_error
FN:603,_RNvNtNtCs3PTuMfwxQVD_8callisto8computer5tests9vel_error
FN:614,_RNvNtNvNtNtCs3PTuMfwxQVD_8callisto8computer5testss_24test_compute_flight_path4init4init
FN:666,_RNvNtNvNtNtCs3PTuMfwxQVD_8callisto8computer5testss_50test_compute_flight_path_with_null_target_velocity4init4init
FN:727,_RNvNtNvNtNtCs3PTuMfwxQVD_8callisto8computer5testss_37test_compute_flight_short_first_accel4init4init
FN:794,_RNvNtNvNtNtCs3PTuMfwxQVD_8callisto8computer5testss_26test_fast_velocity_compute4init4init
FN:847,_RNvNtNvNtNtCs3PTuMfwxQVD_8callisto8computer5testss_45test_compute_flight_path_with_target_velocity4init4init
FN:924,_RNvNtNvNtNtCs3PTuMfwxQVD_8callisto8computer5testss_38test_compute_flight_path_zero_velocity4init4init
FN:988,_RNvNtNvNtNtCs3PTuMfwxQVD_8callisto8computer5testss_44test_compute_flight_path_acceleration_limits4init4init
FN:1040,_RNvNtNvNtNtCs3PTuMfwxQVD_8callisto8computer5testss_44test_compute_flight_plan_to_current_location4init4init
FN:20,_RNvXNvXNvNtCs3PTuMfwxQVD_8callisto8computers_1__NtB7_16FlightPathResultNtNtCslP8pCdZvzhl_5serde2de11Deserialize11deserializeNtB2_14___FieldVisitorNtB19_7Visitor9expecting
FN:177,_RNCNvMNtCs3PTuMfwxQVD_8callisto8computerNtB4_12FlightParams19compute_flight_path0B6_
FN:323,_RINvXs0_NtCs3PTuMfwxQVD_8callisto8computerNtB6_12FlightParamsNtNtNtCse1ttzsNQ56Y_5gomez4core6system6System4evalINtNtNtCs9Mhh5cncX8F_8nalgebra4base11vec_storage10VecStoragedNtNtB1Q_9dimension3DynINtB2M_5ConstKj1_EEB1L_EB8_
FN:323,_RINvXs0_NtCs3PTuMfwxQVD_8callisto8computerNtB6_12FlightParamsNtNtNtCse1ttzsNQ56Y_5gomez4core6system6System4evalINtNtNtCs9Mhh5cncX8F_8nalgebra4base11vec_storage10VecStoragedNtNtB1Q_9dimension3DynINtB2M_5ConstKj1_EEINtNtB1Q_11matrix_view14ViewStorageMutdB2K_B36_B36_B2K_EEB8_
FN:393,_RNCNvMs1_NtCs3PTuMfwxQVD_8callisto8computerNtB7_12TargetParams5solve0B9_
FN:451,_RNCNvMs1_NtCs3PTuMfwxQVD_8callisto8computerNtB7_12TargetParams19compute_target_path0B9_
FN:502,_RNCNvMs1_NtCs3PTuMfwxQVD_8callisto8computerNtB7_12TargetParams19compute_target_paths_0B9_
FN:509,_RNCNvMs1_NtCs3PTuMfwxQVD_8callisto8computerNtB7_12TargetParams19compute_target_paths0_0B9_
FN:565,_RINvXs3_NtCs3PTuMfwxQVD_8callisto8computerNtB6_12TargetParamsNtNtNtCse1ttzsNQ56Y_5gomez4core6system6System4evalINtNtNtCs9Mhh5cncX8F_8nalgebra4base11vec_storage10VecStoragedNtNtB1Q_9dimension3DynINtB2M_5ConstKj1_EEB1L_EB8_
FN:565,_RINvXs3_NtCs3PTuMfwxQVD_8callisto8computerNtB6_12TargetParamsNtNtNtCse1ttzsNQ56Y_5gomez4core6system6System4evalINtNtNtCs9Mhh5cncX8F_8nalgebra4base11vec_storage10VecStoragedNtNtB1Q_9dimension3DynINtB2M_5ConstKj1_EEINtNtB1Q_11matrix_view14ViewStorageMutdB2K_B36_B36_B2K_EEB8_
FN:20,_RINvXNvXNvNtCs3PTuMfwxQVD_8callisto8computer1__NtB8_16FlightPathResultNtNtCslP8pCdZvzhl_5serde3ser9Serialize9serializeNtB3_15___SerializeWithB16_9serializeQINtNtCskfneH1zHfCU_10serde_json3ser10SerializerQINtNtCs3NOyuRaisWM_5alloc3vec3VechEEEBa_
FN:20,_RINvXs_NvXNvNtCs3PTuMfwxQVD_8callisto8computer1__NtBa_16FlightPathResultNtNtCslP8pCdZvzhl_5serde3ser9Serialize9serializeNtB5_s_15___SerializeWithB18_9serializeQINtNtCskfneH1zHfCU_10serde_json3ser10SerializerQINtNtCs3NOyuRaisWM_5alloc3vec3VechEEEBc_
FN:20,_RINvXs_NvXNvNtCs3PTuMfwxQVD_8callisto8computers_1__NtBa_16FlightPathResultNtNtCslP8pCdZvzhl_5serde2de11Deserialize11deserializeNtB5_7___FieldB1a_11deserializeINtNtCskfneH1zHfCU_10serde_json2de6MapKeyNtNtB2B_4read7StrReadEEBc_
FN:20,_RNCINvXs0_NvXNvNtCs3PTuMfwxQVD_8callisto8computers_1__NtBd_16FlightPathResultNtNtCslP8pCdZvzhl_5serde2de11Deserialize11deserializeNtB8_9___VisitorNtB1f_7Visitor9visit_seqINtNtCskfneH1zHfCU_10serde_json2de9SeqAccessNtNtB2N_4read7StrReadEE0Bf_
FN:20,_RNCINvXs0_NvXNvNtCs3PTuMfwxQVD_8callisto8computers_1__NtBd_16FlightPathResultNtNtCslP8pCdZvzhl_5serde2de11Deserialize11deserializeNtB8_9___VisitorNtB1f_7Visitor9visit_seqINtNtCskfneH1zHfCU_10serde_json2de9SeqAccessNtNtB2N_4read7StrReadEEs_0Bf_
FN:52,_RNvMNtCs3PTuMfwxQVD_8callisto8computerNtB2_12FlightParams3new
FN:70,_RNvMNtCs3PTuMfwxQVD_8callisto8computerNtB2_12FlightParams6pos_eq
FN:84,_RNvMNtCs3PTuMfwxQVD_8callisto8computerNtB2_12FlightParams6vel_eq
[...]
FNDA:53,_RINvXs_NvXNvNtCsiTt89doBtG0_8callisto4ships5_1__NtBa_11WeaponMountNtNtCslP8pCdZvzhl_5serde2de11Deserialize11deserializeNtB5_7___FieldB12_11deserializeQINtNtCskfneH1zHfCU_10serde_json2de12DeserializerNtNtB2u_4read7StrReadEECsd47zK0Ai32O_9webserver
FNDA:318,_RINvXs_NvXNvNtCsiTt89doBtG0_8callisto4ships5_1__NtBa_11WeaponMountNtNtCslP8pCdZvzhl_5serde2de11Deserialize11deserializeNtB5_7___FieldB12_11deserializeQINtNtCskfneH1zHfCU_10serde_json2de12DeserializerNtNtB2u_4read9SliceReadEECsd47zK0Ai32O_9webserver
FNDA:1,_RINvXs_NvXNvNtCsiTt89doBtG0_8callisto4ships7_1__NtBa_7BaySizeNtNtCslP8pCdZvzhl_5serde2de11Deserialize11deserializeNtB5_7___FieldBX_11deserializeQINtNtCskfneH1zHfCU_10serde_json2de12DeserializerNtNtB2o_4read7StrReadEECsd47zK0Ai32O_9webserver
FNDA:6,_RINvXs_NvXNvNtCsiTt89doBtG0_8callisto4ships7_1__NtBa_7BaySizeNtNtCslP8pCdZvzhl_5serde2de11Deserialize11deserializeNtB5_7___FieldBX_11deserializeQINtNtCskfneH1zHfCU_10serde_json2de12DeserializerNtNtB2o_4read9SliceReadEECsd47zK0Ai32O_9webserver
FNDA:53,_RINvXs_NvXNvNtCsiTt89doBtG0_8callisto4ships9_1__NtBa_10WeaponTypeNtNtCslP8pCdZvzhl_5serde2de11Deserialize11deserializeNtB5_7___FieldB11_11deserializeQINtNtCskfneH1zHfCU_10serde_json2de12DeserializerNtNtB2t_4read7StrReadEECsd47zK0Ai32O_9webserver
FNDA:318,_RINvXs_NvXNvNtCsiTt89doBtG0_8callisto4ships9_1__NtBa_10WeaponTypeNtNtCslP8pCdZvzhl_5serde2de11Deserialize11deserializeNtB5_7___FieldB11_11deserializeQINtNtCskfneH1zHfCU_10serde_json2de12DeserializerNtNtB2t_4read9SliceReadEECsd47zK0Ai32O_9webserver
FNDA:78,_RINvXs_NvXNvNtCsiTt89doBtG0_8callisto4shipsb_1__NtBa_7SensorsNtNtCslP8pCdZvzhl_5serde2de11Deserialize11deserializeNtB5_7___FieldBX_11deserializeQINtNtCskfneH1zHfCU_10serde_json2de12DeserializerNtNtB2o_4read9SliceReadEECsd47zK0Ai32O_9webserver
FNDA:1,_RINvXs_NvXNvNtCsiTt89doBtG0_8callisto4shipsd_1__NtBa_7StealthNtNtCslP8pCdZvzhl_5serde2de11Deserialize11deserializeNtB5_7___FieldBX_11deserializeQINtNtCskfneH1zHfCU_10serde_json2de12DeserializerNtNtB2o_4read7StrReadEECsd47zK0Ai32O_9webserver
FNDA:6,_RINvXs_NvXNvNtCsiTt89doBtG0_8callisto4shipsd_1__NtBa_7StealthNtNtCslP8pCdZvzhl_5serde2de11Deserialize11deserializeNtB5_7___FieldBX_11deserializeQINtNtCskfneH1zHfCU_10serde_json2de12DeserializerNtNtB2o_4read9SliceReadEECsd47zK0Ai32O_9webserver
FNDA:9,_RNCINvMNvNtCsiTt89doBtG0_8callisto4shipsg_1__NtB7_16TemplateNameOnly9serializeNtNtNtCskfneH1zHfCU_10serde_json5value3ser10SerializerE0Csd47zK0Ai32O_9webserver
FNDA:5,_RNCNCNvNtCsiTt89doBtG0_8callisto4ship26config_test_ship_templates00Csd47zK0Ai32O_9webserver
FNDA:78,_RNCNCNvNtCsiTt89doBtG0_8callisto4ship29load_ship_templates_from_file00Csd47zK0Ai32O_9webserver
FNDA:6,_RNCNvNtCsiTt89doBtG0_8callisto4ship26config_test_ship_templates0Csd47zK0Ai32O_9webserver
FNDA:6,_RNCNvNtCsiTt89doBtG0_8callisto4ship29load_ship_templates_from_file0Csd47zK0Ai32O_9webserver
FNF:122
FNH:112
DA:27,807
DA:82,8330
DA:100,5194
DA:106,2597
DA:113,49
DA:120,2597
DA:129,682
DA:149,0
DA:150,0
DA:151,0
DA:154,49
DA:162,4
DA:179,92
DA:180,92
DA:181,92
DA:182,92
DA:183,92
DA:184,92
DA:185,92
DA:186,92
DA:187,92
DA:188,92
DA:189,92
DA:190,92
DA:191,92
DA:192,92
DA:193,92
DA:194,92
DA:195,92
DA:196,92
DA:197,92
DA:198,92
DA:199,92
DA:200,92
DA:201,92
DA:202,92
DA:203,92
DA:204,92
DA:205,92
DA:206,92
DA:207,92
DA:208,92
DA:210,2
DA:211,2
DA:212,2
DA:213,2
DA:214,2
DA:215,2
DA:216,2
DA:217,2
DA:218,2
DA:219,2
DA:220,2
DA:221,2
DA:222,2
DA:223,2
DA:230,14
DA:231,14
DA:232,14
DA:233,14
DA:234,14
DA:235,14
DA:236,14
DA:237,14
DA:238,12
DA:239,4
DA:240,3
DA:241,3
DA:243,1
DA:244,1
DA:245,1
DA:246,1
DA:249,8
DA:250,8
DA:253,2
DA:255,14
DA:258,42
DA:259,42
DA:260,42
DA:261,42
DA:262,42
DA:263,42
DA:266,130
DA:267,130
DA:268,130
DA:271,158
DA:272,158
DA:273,158
DA:275,114
DA:276,114
DA:277,114
DA:280,118
DA:281,118
DA:282,118
DA:285,60
DA:286,60
DA:287,60
DA:290,106
DA:291,106
DA:292,106
DA:294,1
DA:295,1
DA:296,1
DA:303,11
DA:304,11
DA:305,11
DA:306,11
DA:307,11
DA:308,11
DA:309,11
DA:310,11
DA:311,11
DA:312,11
DA:315,8
DA:316,8
DA:317,2
DA:318,2
DA:319,2
DA:320,2
DA:321,2
DA:322,2
DA:323,2
DA:324,2
DA:325,2
DA:326,2
DA:329,9
DA:330,6
DA:331,6
DA:334,9
DA:335,5
DA:337,1
DA:338,1
DA:339,1
DA:340,1
DA:342,4
DA:343,4
DA:346,4
DA:347,4
DA:351,11
DA:353,3
DA:354,3
DA:355,0
DA:356,3
DA:357,3
DA:358,3
DA:361,18
DA:362,18
DA:363,18
DA:364,43
DA:365,43
DA:366,43
DA:367,43
DA:370,99
DA:371,99
DA:372,99
DA:376,4
DA:377,4
DA:378,4
DA:382,1151
DA:383,1151
DA:384,1151
DA:386,1
DA:387,1
DA:388,1
DA:390,632
DA:391,632
DA:392,632
DA:394,5
DA:395,5
DA:396,5
DA:398,153
DA:399,153
DA:400,153
DA:402,1
DA:403,1
DA:404,1
DA:406,53
DA:407,53
DA:408,53
DA:409,53
DA:410,53
DA:412,2
DA:413,51
DA:414,51
DA:415,51
DA:416,42
DA:417,42
DA:418,42
DA:419,42
DA:422,9
DA:423,9
DA:424,9
DA:426,9
DA:427,9
DA:428,9
DA:429,9
DA:430,9
DA:431,9
DA:432,9
DA:433,9
DA:434,9
DA:435,9
DA:436,9
DA:437,9
DA:438,9
DA:439,9
DA:440,9
DA:441,9
DA:442,9
DA:444,51
DA:445,53
DA:462,70
DA:463,51
DA:464,51
DA:465,51
DA:466,51
DA:474,48
DA:475,48
DA:476,48
DA:477,48
DA:478,48
DA:481,48
DA:482,48
DA:483,624
DA:484,624
DA:485,624
DA:486,624
DA:487,48
DA:488,48
DA:489,48
DA:490,48
DA:497,29
DA:499,29
DA:500,29
DA:501,29
DA:502,29
DA:503,27
DA:504,29
DA:505,29
DA:511,47
DA:512,47
DA:513,47
DA:515,47
DA:516,0
DA:517,2
DA:518,7
DA:519,37
DA:520,1
DA:523,47
DA:524,1
DA:525,46
DA:526,46
DA:527,46
DA:528,46
DA:529,46
DA:530,46
DA:531,46
DA:532,46
DA:533,46
DA:534,47
DA:538,19
DA:539,19
DA:540,19
DA:544,19
DA:545,19
DA:546,19
DA:547,19
DA:548,19
DA:550,1
DA:552,2
DA:554,1
DA:557,1
DA:559,2
DA:561,1
DA:564,1
DA:567,2
DA:569,2
DA:570,1
DA:571,3
DA:572,1
DA:573,1
DA:575,19
DA:580,5
DA:581,5
DA:582,2
DA:584,3
DA:586,5
DA:589,10
DA:590,10
DA:591,2
DA:592,2
DA:593,2
DA:594,2
DA:595,2
DA:597,10
DA:601,18
DA:602,18
DA:603,4
DA:604,4
DA:605,4
DA:606,3
DA:607,3
DA:609,18
DA:615,10
DA:616,10
DA:617,10
DA:618,10
DA:619,10
DA:620,4
DA:624,6
DA:626,10
DA:630,4
DA:631,4
DA:632,2
DA:633,1
DA:634,1
DA:636,4
DA:640,6
DA:641,6
DA:642,2
DA:643,2
DA:644,1
DA:645,1
DA:647,6
DA:651,14
DA:652,14
DA:653,14
DA:657,100
DA:658,100
DA:659,23
DA:660,20
DA:661,29
DA:662,10
DA:663,18
DA:665,100
DA:669,21
DA:670,21
DA:671,1
DA:672,13
DA:673,2
DA:674,0
DA:675,0
DA:677,1
DA:678,1
DA:679,2
DA:680,2
DA:682,1
DA:684,21
DA:689,5
DA:690,5
DA:691,5
DA:697,56
DA:698,56
DA:699,21
DA:700,14
DA:701,4
DA:702,17
DA:704,56
DA:708,11
DA:709,11
DA:710,1
DA:711,1
DA:712,1
DA:713,1
DA:714,1
DA:715,1
DA:716,1
DA:717,1
DA:718,1
DA:719,1
DA:720,1
DA:722,11
DA:730,2
DA:731,2
DA:732,2
DA:736,1
DA:737,1
DA:738,1
DA:742,1
DA:743,1
DA:744,1
DA:748,78
DA:752,489
DA:753,489
DA:754,489
DA:758,78
DA:759,78
DA:760,78
DA:765,218
DA:766,218
DA:767,58
DA:768,218
DA:770,4
DA:781,4
DA:782,4
DA:783,4
DA:785,31
DA:786,31
DA:787,31
DA:792,267
DA:793,267
DA:794,267
DA:799,67
DA:800,67
DA:801,67
DA:804,7
DA:805,7
DA:806,7
DA:807,7
DA:809,11
DA:810,11
DA:811,11
DA:814,65
DA:815,65
DA:816,65
DA:819,2
DA:820,2
DA:821,2
DA:824,51
DA:825,51
DA:826,51
DA:828,13
DA:829,13
DA:830,2
DA:831,11
DA:833,13
DA:834,4
DA:835,2
DA:836,2
DA:837,9
DA:838,13
DA:848,74
DA:849,74
DA:853,40
DA:854,40
DA:856,34
DA:857,2
DA:858,2
DA:859,2
DA:860,2
DA:861,2
DA:862,2
DA:863,2
DA:864,2
DA:865,2
DA:866,2
DA:867,2
DA:868,2
DA:869,1
DA:871,1
DA:879,32
DA:880,32
DA:881,32
DA:882,32
DA:886,74
DA:888,114
DA:889,114
DA:890,103
DA:892,11
DA:894,114
DA:898,33
DA:899,33
DA:900,33
DA:901,33
DA:902,33
DA:903,33
DA:904,33
DA:905,33
DA:906,33
DA:907,33
DA:908,33
DA:909,33
DA:910,33
DA:911,33
DA:912,33
DA:913,33
DA:914,33
DA:915,33
DA:916,33
DA:917,33
DA:918,33
DA:919,33
DA:920,33
DA:921,33
DA:922,33
DA:923,33
DA:924,33
DA:925,33
DA:926,33
DA:927,33
DA:928,33
DA:929,33
DA:930,33
DA:931,33
DA:932,33
DA:936,77
DA:937,77
DA:938,2
DA:939,2
DA:940,2
DA:941,2
DA:942,2
DA:943,2
DA:944,2
DA:945,2
DA:946,2
DA:947,2
DA:948,2
DA:949,2
DA:950,2
DA:951,2
DA:952,2
DA:953,2
DA:954,2
DA:955,2
DA:956,2
DA:957,2
DA:958,2
DA:959,2
DA:960,2
DA:961,2
DA:962,2
DA:963,2
DA:964,2
DA:965,2
DA:966,2
DA:967,2
DA:968,2
DA:969,2
DA:970,2
DA:971,2
DA:972,9
DA:974,68
DA:977,72
DA:978,72
DA:979,72
DA:980,52
DA:981,36
DA:982,26
DA:983,4
DA:985,68
DA:993,1
DA:1034,1
DA:1075,1
DA:1079,9
DA:1084,1
DA:1088,4
DA:1093,1
DA:1103,1
DA:1149,1
DA:1191,1
DA:1244,1
DA:1295,1
DA:1354,1
DA:1379,1
DA:1434,1
DA:1473,1
DA:1494,1
DA:1526,1
DA:1598,1
DA:1628,1
DA:1712,1
DA:1713,1
DA:1714,1
DA:1715,1
DA:1716,1
DA:1717,1
DA:1720,1
DA:1721,1
DA:1722,1
DA:1723,1
DA:1724,1
DA:1725,1
DA:1728,1
DA:1729,1
DA:1730,1
DA:1731,1
DA:1732,1
DA:1734,1
DA:1735,1
DA:1736,1
DA:1737,1
DA:1740,1
DA:1741,1
DA:1742,1
DA:1743,1
DA:1744,1
DA:1745,1
DA:1746,1
DA:1749,1
DA:1750,1
DA:1751,1
DA:1752,1
DA:1753,1
DA:1755,1
DA:1756,1
DA:1757,1
DA:1758,1
DA:1761,1
DA:1762,1
DA:1763,1
DA:1764,1
DA:1765,1
DA:1766,1
DA:1767,1
DA:1768,1
DA:1769,1
DA:1771,6
DA:1772,5
DA:1773,5
DA:1775,1
DA:1778,1
DA:1779,1
DA:1780,1
DA:1781,1
DA:1782,1
DA:1783,1
DA:1784,1
DA:1785,1
DA:1786,1
DA:1787,1
DA:1788,1
DA:1789,1
DA:1790,1
DA:1791,1
DA:1792,1
DA:1793,1
DA:1794,1
DA:1795,1
DA:1796,1
DA:1797,1
DA:1800,1
DA:1807,1
DA:1808,1
DA:1809,1
DA:1810,1
DA:1813,1
DA:1814,1
DA:1815,1
DA:1816,1
DA:1819,1
DA:1820,1
DA:1821,1
DA:1822,1
DA:1825,1
DA:1826,1
DA:1827,1
DA:1828,1
DA:1829,1
DA:1830,1
DA:1831,1
DA:1832,1
DA:1833,1
DA:1834,1
DA:1835,1
DA:1836,1
DA:1837,1
DA:1838,1
DA:1840,12
DA:1841,11
DA:1843,1
BRF:0
BRH:0
LF:680
LH:664
end_of_record
SF:/Users/dan/dev/callisto/callisto/src/tests.rs
FN:28,_RNvNtCs3PTuMfwxQVD_8callisto5tests22setup_test_with_server
FN:46,_RNvNtCs3PTuMfwxQVD_8callisto5testss_15test_simple_get
FN:46,_RNvNtNCNvNtCs3PTuMfwxQVD_8callisto5testss_15test_simple_get04init4init
FN:56,_RNvNtCs3PTuMfwxQVD_8callisto5testss_13test_add_ship
FN:56,_RNvNtNCNvNtCs3PTuMfwxQVD_8callisto5testss_13test_add_ship04init4init
FN:92,_RNvNtCs3PTuMfwxQVD_8callisto5testss_20test_add_planet_ship
FN:92,_RNvNtNCNvNtCs3PTuMfwxQVD_8callisto5testss_20test_add_planet_ship04init4init
FN:257,_RNvNtCs3PTuMfwxQVD_8callisto5testss_16test_update_ship
FN:257,_RNvNtNCNvNtCs3PTuMfwxQVD_8callisto5testss_16test_update_ship04init4init
FN:284,_RNvNtCs3PTuMfwxQVD_8callisto5testss_19test_update_missile
FN:284,_RNvNtNCNvNtCs3PTuMfwxQVD_8callisto5testss_19test_update_missile04init4init
FN:360,_RNvNtCs3PTuMfwxQVD_8callisto5testss_16test_remove_ship
FN:360,_RNvNtNCNvNtCs3PTuMfwxQVD_8callisto5testss_16test_remove_ship04init4init
FN:384,_RNvNtCs3PTuMfwxQVD_8callisto5testss_21test_set_acceleration
FN:384,_RNvNtNCNvNtCs3PTuMfwxQVD_8callisto5testss_21test_set_acceleration04init4init
FN:419,_RNvNtCs3PTuMfwxQVD_8callisto5testss_23test_compute_path_basic
FN:419,_RNvNtNCNvNtCs3PTuMfwxQVD_8callisto5testss_23test_compute_path_basic04init4init
FN:481,_RNvNtCs3PTuMfwxQVD_8callisto5testss_31test_compute_path_with_standoff
FN:481,_RNvNtNCNvNtCs3PTuMfwxQVD_8callisto5testss_31test_compute_path_with_standoff04init4init
FN:540,_RNvNtCs3PTuMfwxQVD_8callisto5testss_22test_exhausted_missile
FN:540,_RNvNtNCNvNtCs3PTuMfwxQVD_8callisto5testss_22test_exhausted_missile04init4init
FN:587,_RNvNtCs3PTuMfwxQVD_8callisto5testss_17test_destroy_ship
FN:587,_RNvNtNCNvNtCs3PTuMfwxQVD_8callisto5testss_17test_destroy_ship04init4init
FN:626,_RNvNtCs3PTuMfwxQVD_8callisto5testss_16test_called_shot
FN:626,_RNvNtNCNvNtCs3PTuMfwxQVD_8callisto5testss_16test_called_shot04init4init
FN:667,_RNvNtCs3PTuMfwxQVD_8callisto5testss_14test_big_fight
FN:667,_RNvNtNCNvNtCs3PTuMfwxQVD_8callisto5testss_14test_big_fight04init4init
FN:765,_RNvNtCs3PTuMfwxQVD_8callisto5testss_20test_fight_with_crew
FN:765,_RNvNtNCNvNtCs3PTuMfwxQVD_8callisto5testss_20test_fight_with_crew04init4init
FN:873,_RNvNtCs3PTuMfwxQVD_8callisto5testss_13test_slugfest
FN:873,_RNvNtNCNvNtCs3PTuMfwxQVD_8callisto5testss_13test_slugfest04init4init
FN:964,_RNvNtCs3PTuMfwxQVD_8callisto5testss_17test_get_entities
FN:964,_RNvNtNCNvNtCs3PTuMfwxQVD_8callisto5testss_17test_get_entities04init4init
FN:1027,_RNvNtCs3PTuMfwxQVD_8callisto5testss_16test_get_designs
FN:1027,_RNvNtNCNvNtCs3PTuMfwxQVD_8callisto5testss_16test_get_designs04init4init
FN:1035,_RNvNtCs3PTuMfwxQVD_8callisto5testss_25test_missile_impact_close
FN:1035,_RNvNtNCNvNtCs3PTuMfwxQVD_8callisto5testss_25test_missile_impact_close04init4init
FN:1121,_RNvNtCs3PTuMfwxQVD_8callisto5testss_16test_set_agility
FN:1121,_RNvNtNCNvNtCs3PTuMfwxQVD_8callisto5testss_16test_set_agility04init4init
FN:1164,_RNvNtCs3PTuMfwxQVD_8callisto5testss_32test_set_crew_actions_aid_gunner
FN:1164,_RNvNtNCNvNtCs3PTuMfwxQVD_8callisto5testss_32test_set_crew_actions_aid_gunner04init4init
FN:1228,_RNvNtCs3PTuMfwxQVD_8callisto5testss_18test_load_scenario
FN:28,_RNCNvNtCs3PTuMfwxQVD_8callisto5tests22setup_test_with_server0B5_
FN:311,_RNCNCNvNtCs3PTuMfwxQVD_8callisto5testss_19test_update_missile00B7_
FN:580,_RNCNCNvNtCs3PTuMfwxQVD_8callisto5testss_22test_exhausted_missile00B7_
FN:662,_RNCNCNvNtCs3PTuMfwxQVD_8callisto5testss_16test_called_shot00B7_
FN:658,_RNCNCNvNtCs3PTuMfwxQVD_8callisto5testss_16test_called_shot0s_0B7_
FN:663,_RNCNCNvNtCs3PTuMfwxQVD_8callisto5testss_16test_called_shot0s0_0B7_
FN:664,_RNCNCNvNtCs3PTuMfwxQVD_8callisto5testss_16test_called_shot0s1_0B7_
FN:664,_RNCNCNvNtCs3PTuMfwxQVD_8callisto5testss_16test_called_shot0s2_0B7_
FN:710,_RNCNCNvNtCs3PTuMfwxQVD_8callisto5testss_14test_big_fight00B7_
FN:719,_RNCNCNvNtCs3PTuMfwxQVD_8callisto5testss_14test_big_fight0s_0B7_
FN:728,_RNCNCNvNtCs3PTuMfwxQVD_8callisto5testss_14test_big_fight0s0_0B7_
FN:818,_RNCNCNvNtCs3PTuMfwxQVD_8callisto5testss_20test_fight_with_crew00B7_
FN:827,_RNCNCNvNtCs3PTuMfwxQVD_8callisto5testss_20test_fight_with_crew0s_0B7_
FN:836,_RNCNCNvNtCs3PTuMfwxQVD_8callisto5testss_20test_fight_with_crew0s0_0B7_
FN:1062,_RNCNCNvNtCs3PTuMfwxQVD_8callisto5testss_25test_missile_impact_close00B7_
FN:1070,_RNCNCNvNtCs3PTuMfwxQVD_8callisto5testss_25test_missile_impact_close0s_0B7_
FN:1099,_RNCNCNvNtCs3PTuMfwxQVD_8callisto5testss_25test_missile_impact_close0s0_0B7_
FN:1107,_RNCNCNvNtCs3PTuMfwxQVD_8callisto5testss_25test_missile_impact_close0s1_0B7_
FN:1228,_RNCNvNtCs3PTuMfwxQVD_8callisto5testss_18test_load_scenario0B5_
FNDA:21,_RNvNtCs3PTuMfwxQVD_8callisto5tests22setup_test_with_server
FNDA:1,_RNvNtCs3PTuMfwxQVD_8callisto5testss_15test_simple_get
FNDA:1,_RNvNtNCNvNtCs3PTuMfwxQVD_8callisto5testss_15test_simple_get04init4init
FNDA:1,_RNvNtCs3PTuMfwxQVD_8callisto5testss_13test_add_ship
FNDA:1,_RNvNtNCNvNtCs3PTuMfwxQVD_8callisto5testss_13test_add_ship04init4init
FNDA:1,_RNvNtCs3PTuMfwxQVD_8callisto5testss_20test_add_planet_ship
FNDA:1,_RNvNtNCNvNtCs3PTuMfwxQVD_8callisto5testss_20test_add_planet_ship04init4init
FNDA:1,_RNvNtCs3PTuMfwxQVD_8callisto5testss_16test_update_ship
FNDA:1,_RNvNtNCNvNtCs3PTuMfwxQVD_8callisto5testss_16test_update_ship04init4init
FNDA:1,_RNvNtCs3PTuMfwxQVD_8callisto5testss_19test_update_missile
FNDA:1,_RNvNtNCNvNtCs3PTuMfwxQVD_8callisto5testss_19test_update_missile04init4init
FNDA:1,_RNvNtCs3PTuMfwxQVD_8callisto5testss_16test_remove_ship
FNDA:1,_RNvNtNCNvNtCs3PTuMfwxQVD_8callisto5testss_16test_remove_ship04init4init
FNDA:1,_RNvNtCs3PTuMfwxQVD_8callisto5testss_21test_set_acceleration
FNDA:1,_RNvNtNCNvNtCs3PTuMfwxQVD_8callisto5testss_21test_set_acceleration04init4init
FNDA:1,_RNvNtCs3PTuMfwxQVD_8callisto5testss_23test_compute_path_basic
FNDA:1,_RNvNtNCNvNtCs3PTuMfwxQVD_8callisto5testss_23test_compute_path_basic04init4init
FNDA:1,_RNvNtCs3PTuMfwxQVD_8callisto5testss_31test_compute_path_with_standoff
FNDA:1,_RNvNtNCNvNtCs3PTuMfwxQVD_8callisto5testss_31test_compute_path_with_standoff04init4init
FNDA:1,_RNvNtCs3PTuMfwxQVD_8callisto5testss_22test_exhausted_missile
FNDA:1,_RNvNtNCNvNtCs3PTuMfwxQVD_8callisto5testss_22test_exhausted_missile04init4init
FNDA:1,_RNvNtCs3PTuMfwxQVD_8callisto5testss_17test_destroy_ship
FNDA:1,_RNvNtNCNvNtCs3PTuMfwxQVD_8callisto5testss_17test_destroy_ship04init4init
FNDA:1,_RNvNtCs3PTuMfwxQVD_8callisto5testss_16test_called_shot
FNDA:1,_RNvNtNCNvNtCs3PTuMfwxQVD_8callisto5testss_16test_called_shot04init4init
FNDA:1,_RNvNtCs3PTuMfwxQVD_8callisto5testss_14test_big_fight
FNDA:1,_RNvNtNCNvNtCs3PTuMfwxQVD_8callisto5testss_14test_big_fight04init4init
FNDA:1,_RNvNtCs3PTuMfwxQVD_8callisto5testss_20test_fight_with_crew
FNDA:1,_RNvNtNCNvNtCs3PTuMfwxQVD_8callisto5testss_20test_fight_with_crew04init4init
FNDA:1,_RNvNtCs3PTuMfwxQVD_8callisto5testss_13test_slugfest
FNDA:1,_RNvNtNCNvNtCs3PTuMfwxQVD_8callisto5testss_13test_slugfest04init4init
FNDA:1,_RNvNtCs3PTuMfwxQVD_8callisto5testss_17test_get_entities
FNDA:1,_RNvNtNCNvNtCs3PTuMfwxQVD_8callisto5testss_17test_get_entities04init4init
FNDA:1,_RNvNtCs3PTuMfwxQVD_8callisto5testss_16test_get_designs
FNDA:1,_RNvNtNCNvNtCs3PTuMfwxQVD_8callisto5testss_16test_get_designs04init4init
FNDA:1,_RNvNtCs3PTuMfwxQVD_8callisto5testss_25test_missile_impact_close
FNDA:1,_RNvNtNCNvNtCs3PTuMfwxQVD_8callisto5testss_25test_missile_impact_close04init4init
FNDA:1,_RNvNtCs3PTuMfwxQVD_8callisto5testss_16test_set_agility
FNDA:1,_RNvNtNCNvNtCs3PTuMfwxQVD_8callisto5testss_16test_set_agility04init4init
FNDA:1,_RNvNtCs3PTuMfwxQVD_8callisto5testss_32test_set_crew_actions_aid_gunner
FNDA:1,_RNvNtNCNvNtCs3PTuMfwxQVD_8callisto5testss_32test_set_crew_actions_aid_gunner04init4init
FNDA:1,_RNvNtCs3PTuMfwxQVD_8callisto5testss_18test_load_scenario
FNDA:21,_RNCNvNtCs3PTuMfwxQVD_8callisto5tests22setup_test_with_server0B5_
FNDA:1,_RNCNCNvNtCs3PTuMfwxQVD_8callisto5testss_19test_update_missile00B7_
FNDA:3,_RNCNCNvNtCs3PTuMfwxQVD_8callisto5testss_22test_exhausted_missile00B7_
FNDA:14,_RNCNCNvNtCs3PTuMfwxQVD_8callisto5testss_16test_called_shot00B7_
FNDA:3,_RNCNCNvNtCs3PTuMfwxQVD_8callisto5testss_16test_called_shot0s_0B7_
FNDA:7,_RNCNCNvNtCs3PTuMfwxQVD_8callisto5testss_16test_called_shot0s0_0B7_
FNDA:7,_RNCNCNvNtCs3PTuMfwxQVD_8callisto5testss_16test_called_shot0s1_0B7_
FNDA:1,_RNCNCNvNtCs3PTuMfwxQVD_8callisto5testss_16test_called_shot0s2_0B7_
FNDA:22,_RNCNCNvNtCs3PTuMfwxQVD_8callisto5testss_14test_big_fight00B7_
FNDA:6,_RNCNCNvNtCs3PTuMfwxQVD_8callisto5testss_14test_big_fight0s_0B7_
FNDA:7,_RNCNCNvNtCs3PTuMfwxQVD_8callisto5testss_14test_big_fight0s0_0B7_
FNDA:21,_RNCNCNvNtCs3PTuMfwxQVD_8callisto5testss_20test_fight_with_crew00B7_
FNDA:4,_RNCNCNvNtCs3PTuMfwxQVD_8callisto5testss_20test_fight_with_crew0s_0B7_
FNDA:5,_RNCNCNvNtCs3PTuMfwxQVD_8callisto5testss_20test_fight_with_crew0s0_0B7_
FNDA:5,_RNCNCNvNtCs3PTuMfwxQVD_8callisto5testss_25test_missile_impact_close00B7_
FNDA:5,_RNCNCNvNtCs3PTuMfwxQVD_8callisto5testss_25test_missile_impact_close0s_0B7_
FNDA:5,_RNCNCNvNtCs3PTuMfwxQVD_8callisto5testss_25test_missile_impact_close0s0_0B7_
FNDA:5,_RNCNCNvNtCs3PTuMfwxQVD_8callisto5testss_25test_missile_impact_close0s1_0B7_
FNDA:1,_RNCNvNtCs3PTuMfwxQVD_8callisto5testss_18test_load_scenario0B5_
FNF:41
FNH:41
DA:28,21
DA:29,21
DA:30,21
DA:32,21
DA:33,21
DA:34,21
DA:35,21
DA:36,21
DA:37,21
DA:38,21
DA:39,21
DA:40,21
DA:41,21
DA:46,2
DA:56,2
DA:92,2
DA:257,2
DA:284,2
DA:311,5
DA:360,2
DA:384,2
DA:419,2
DA:481,2
DA:540,2
DA:580,3
DA:587,2
DA:626,2
DA:658,3
DA:662,14
DA:663,7
DA:664,7
DA:667,2
DA:710,22
DA:711,22
DA:712,15
DA:714,7
DA:716,22
DA:719,6
DA:720,6
DA:721,6
DA:722,6
DA:723,6
DA:728,7
DA:765,2
DA:818,21
DA:819,21
DA:820,16
DA:822,5
DA:824,21
DA:827,4
DA:828,4
DA:829,4
DA:830,4
DA:831,4
DA:836,5
DA:873,2
DA:964,2
DA:1027,2
DA:1035,2
DA:1062,5
DA:1070,5
DA:1099,5
DA:1107,5
DA:1121,2
DA:1164,2
DA:1228,1
DA:1229,1
DA:1230,1
DA:1231,1
DA:1232,1
DA:1233,1
DA:1234,1
DA:1235,1
DA:1236,1
DA:1237,1
DA:1238,1
DA:1239,1
DA:1240,1
DA:1241,1
DA:1242,1
DA:1243,1
DA:1244,1
DA:1245,1
DA:1246,1
DA:1247,1
DA:1248,1
DA:1249,1
DA:1250,1
DA:1251,1
DA:1252,1
DA:1253,1
DA:1254,1
DA:1255,1
DA:1256,1
DA:1257,1
DA:1258,1
DA:1259,1
DA:1260,1
DA:1261,1
DA:1262,1
DA:1263,1
DA:1264,1
DA:1265,1
DA:1266,1
DA:1267,1
DA:1268,1
DA:1269,1
DA:1270,1
DA:1271,1
DA:1272,1
DA:1273,1
DA:1274,1
DA:1275,1
DA:1276,1
DA:1277,1
DA:1278,1
DA:1279,1
DA:1280,1
DA:1281,1
DA:1282,1
DA:1283,1
DA:1284,1
DA:1285,1
DA:1286,1
DA:1287,1
DA:1288,1
DA:1289,1
DA:1290,1
DA:1291,1
DA:1292,1
DA:1293,1
BRF:0
BRH:0
LF:175
LH:175
end_of_record