SF:/Users/dan/dev/callisto/callisto/src/authentication.rs
FN:392,_RINvXNvXNvNtCsfea7MOTEEuD_8callisto14authentications4_1__NtB8_16GooglePublicKeysNtNtCs8pDKiTx8cJZ_5serde2de11Deserialize11deserializeNtB3_14___FieldVisitorNtB1i_7Visitor9visit_strNtNtCse3EK68OXEkC_10serde_json5error5ErrorECs9GcA01ye7rZ_8callisto
FN:397,_RINvXNvXNvNtCsfea7MOTEEuD_8callisto14authentications5_1__NtB8_15GooglePublicKeyNtNtCs8pDKiTx8cJZ_5serde2de11Deserialize11deserializeNtB3_14___FieldVisitorNtB1h_7Visitor9visit_strNtNtCse3EK68OXEkC_10serde_json5error5ErrorECs9GcA01ye7rZ_8callisto
FN:392,_RINvXs0_NvXNvNtCsfea7MOTEEuD_8callisto14authentications4_1__NtBb_16GooglePublicKeysNtNtCs8pDKiTx8cJZ_5serde2de11Deserialize11deserializeNtB6_9___VisitorNtB1l_7Visitor9visit_mapINtNtCse3EK68OXEkC_10serde_json2de9MapAccessNtNtB2T_4read7StrReadEECs9GcA01ye7rZ_8callisto
FN:392,_RINvXs0_NvXNvNtCsfea7MOTEEuD_8callisto14authentications4_1__NtBb_16GooglePublicKeysNtNtCs8pDKiTx8cJZ_5serde2de11Deserialize11deserializeNtB6_9___VisitorNtB1l_7Visitor9visit_seqINtNtCse3EK68OXEkC_10serde_json2de9SeqAccessNtNtB2T_4read7StrReadEECs9GcA01ye7rZ_8callisto
FN:397,_RINvXs0_NvXNvNtCsfea7MOTEEuD_8callisto14authentications5_1__NtBb_15GooglePublicKeyNtNtCs8pDKiTx8cJZ_5serde2de11Deserialize11deserializeNtB6_9___VisitorNtB1k_7Visitor9visit_mapINtNtCse3EK68OXEkC_10serde_json2de9MapAccessNtNtB2S_4read7StrReadEECs9GcA01ye7rZ_8callisto
FN:397,_RINvXs0_NvXNvNtCsfea7MOTEEuD_8callisto14authentications5_1__NtBb_15GooglePublicKeyNtNtCs8pDKiTx8cJZ_5serde2de11Deserialize11deserializeNtB6_9___VisitorNtB1k_7Visitor9visit_seqINtNtCse3EK68OXEkC_10serde_json2de9SeqAccessNtNtB2S_4read7StrReadEECs9GcA01ye7rZ_8callisto
FN:392,_RINvXs_NvXNvNtCsfea7MOTEEuD_8callisto14authentications4_1__NtBa_16GooglePublicKeysNtNtCs8pDKiTx8cJZ_5serde2de11Deserialize11deserializeNtB5_7___FieldB1i_11deserializeINtNtCse3EK68OXEkC_10serde_json2de6MapKeyNtNtB2J_4read7StrReadEECs9GcA01ye7rZ_8callisto
FN:397,_RINvXs_NvXNvNtCsfea7MOTEEuD_8callisto14authentications5_1__NtBa_15GooglePublicKeyNtNtCs8pDKiTx8cJZ_5serde2de11Deserialize11deserializeNtB5_7___FieldB1h_11deserializeINtNtCse3EK68OXEkC_10serde_json2de6MapKeyNtNtB2I_4read7StrReadEECs9GcA01ye7rZ_8callisto
FN:97,_RNCNCNvMNtCsfea7MOTEEuD_8callisto14authenticationNtB6_19GoogleAuthenticator24fetch_google_public_keys00Cs9GcA01ye7rZ_8callisto
FN:59,_RNCNCNvMNtCsfea7MOTEEuD_8callisto14authenticationNtB6_19GoogleAuthenticator3new00Cs9GcA01ye7rZ_8callisto
FN:322,_RNCNCNvNtCsfea7MOTEEuD_8callisto14authentication31load_authorized_users_from_file00Cs9GcA01ye7rZ_8callisto
FN:82,_RNCNvMNtCsfea7MOTEEuD_8callisto14authenticationNtB4_19GoogleAuthenticator24fetch_google_public_keys0Cs9GcA01ye7rZ_8callisto
FN:58,_RNCNvMNtCsfea7MOTEEuD_8callisto14authenticationNtB4_19GoogleAuthenticator3new0Cs9GcA01ye7rZ_8callisto
FN:319,_RNCNvNtCsfea7MOTEEuD_8callisto14authentication31load_authorized_users_from_file0Cs9GcA01ye7rZ_8callisto
FN:300,_RNCNvNtCsfea7MOTEEuD_8callisto14authentication33load_google_credentials_from_file0B5_
FN:307,_RNCNvNtCsfea7MOTEEuD_8callisto14authentication33load_google_credentials_from_files_0B5_
FN:117,_RNCNvXs5_NtCsfea7MOTEEuD_8callisto14authenticationNtB7_19GoogleAuthenticatorNtB7_13Authenticator17authenticate_user0B9_
FN:152,_RNCNCNvXs5_NtCsfea7MOTEEuD_8callisto14authenticationNtB9_19GoogleAuthenticatorNtB9_13Authenticator17authenticate_user00Bb_
FN:160,_RNCNCNvXs5_NtCsfea7MOTEEuD_8callisto14authenticationNtB9_19GoogleAuthenticatorNtB9_13Authenticator17authenticate_user0s_0Bb_
FN:170,_RNCNCNvXs5_NtCsfea7MOTEEuD_8callisto14authenticationNtB9_19GoogleAuthenticatorNtB9_13Authenticator17authenticate_user0s0_0Bb_
FN:176,_RNCNCNvXs5_NtCsfea7MOTEEuD_8callisto14authenticationNtB9_19GoogleAuthenticatorNtB9_13Authenticator17authenticate_user0s1_0Bb_
FN:187,_RNCNCNvXs5_NtCsfea7MOTEEuD_8callisto14authenticationNtB9_19GoogleAuthenticatorNtB9_13Authenticator17authenticate_user0s2_0Bb_
FN:263,_RNCNvXs5_NtCsfea7MOTEEuD_8callisto14authenticationNtB7_19GoogleAuthenticatorNtB7_13Authenticator19check_authorization0B9_
FN:272,_RNCNCNvXs5_NtCsfea7MOTEEuD_8callisto14authenticationNtB9_19GoogleAuthenticatorNtB9_13Authenticator19check_authorization00Bb_
FN:361,_RINvXNvXNvNtCsfea7MOTEEuD_8callisto14authentications_1__NtB8_12GoogleClaimsNtNtCs8pDKiTx8cJZ_5serde2de11Deserialize11deserializeNtB3_14___FieldVisitorNtB1d_7Visitor9visit_strNtNtCse3EK68OXEkC_10serde_json5error5ErrorEBa_
FN:361,_RINvXs_NvXNvNtCsfea7MOTEEuD_8callisto14authentications_1__NtBa_12GoogleClaimsNtNtCs8pDKiTx8cJZ_5serde2de11Deserialize11deserializeNtB5_7___FieldB1d_11deserializeINtNtCse3EK68OXEkC_10serde_json2de6MapKeyNtNtB2E_4read9SliceReadEEBc_
FN:361,_RINvXs0_NvXNvNtCsfea7MOTEEuD_8callisto14authentications_1__NtBb_12GoogleClaimsNtNtCs8pDKiTx8cJZ_5serde2de11Deserialize11deserializeNtB6_9___VisitorNtB1g_7Visitor9visit_seqINtNtCse3EK68OXEkC_10serde_json2de9SeqAccessNtNtB2O_4read9SliceReadEEBd_
FN:361,_RINvXs0_NvXNvNtCsfea7MOTEEuD_8callisto14authentications_1__NtBb_12GoogleClaimsNtNtCs8pDKiTx8cJZ_5serde2de11Deserialize11deserializeNtB6_9___VisitorNtB1g_7Visitor9visit_mapINtNtCse3EK68OXEkC_10serde_json2de9MapAccessNtNtB2O_4read9SliceReadEEBd_
FN:382,_RINvXNvXNvNtCsfea7MOTEEuD_8callisto14authentications3_1__NtB8_19GoogleTokenResponseNtNtCs8pDKiTx8cJZ_5serde2de11Deserialize11deserializeNtB3_14___FieldVisitorNtB1l_7Visitor9visit_strNtNtCse3EK68OXEkC_10serde_json5error5ErrorEBa_
FN:382,_RINvXs_NvXNvNtCsfea7MOTEEuD_8callisto14authentications3_1__NtBa_19GoogleTokenResponseNtNtCs8pDKiTx8cJZ_5serde2de11Deserialize11deserializeNtB5_7___FieldB1l_11deserializeINtNtCse3EK68OXEkC_10serde_json2de6MapKeyNtNtB2M_4read7StrReadEEBc_
FN:382,_RINvXs0_NvXNvNtCsfea7MOTEEuD_8callisto14authentications3_1__NtBb_19GoogleTokenResponseNtNtCs8pDKiTx8cJZ_5serde2de11Deserialize11deserializeNtB6_9___VisitorNtB1o_7Visitor9visit_seqINtNtCse3EK68OXEkC_10serde_json2de9SeqAccessNtNtB2W_4read7StrReadEEBd_
FN:382,_RINvXs0_NvXNvNtCsfea7MOTEEuD_8callisto14authentications3_1__NtBb_19GoogleTokenResponseNtNtCs8pDKiTx8cJZ_5serde2de11Deserialize11deserializeNtB6_9___VisitorNtB1o_7Visitor9visit_mapINtNtCse3EK68OXEkC_10serde_json2de9MapAccessNtNtB2W_4read7StrReadEEBd_
FN:405,_RINvXNvXNvNtCsfea7MOTEEuD_8callisto14authentications6_1__NtB8_17GoogleCredentialsNtNtCs8pDKiTx8cJZ_5serde2de11Deserialize11deserializeNtB3_14___FieldVisitorNtB1j_7Visitor9visit_strNtNtCse3EK68OXEkC_10serde_json5error5ErrorEBa_
FN:405,_RINvXs_NvXNvNtCsfea7MOTEEuD_8callisto14authentications6_1__NtBa_17GoogleCredentialsNtNtCs8pDKiTx8cJZ_5serde2de11Deserialize11deserializeNtB5_7___FieldB1j_11deserializeINtNtCse3EK68OXEkC_10serde_json2de6MapKeyINtNtB2K_4read6IoReadINtNtNtNtCs27l1GJC5rMQ_3std2io8buffered9bufreader9BufReaderNtNtB3O_2fs4FileEEEEBc_
FN:405,_RINvXs0_NvXNvNtCsfea7MOTEEuD_8callisto14authentications6_1__NtBb_17GoogleCredentialsNtNtCs8pDKiTx8cJZ_5serde2de11Deserialize11deserializeNtB6_9___VisitorNtB1m_7Visitor9visit_seqINtNtCse3EK68OXEkC_10serde_json2de9SeqAccessINtNtB2U_4read6IoReadINtNtNtNtCs27l1GJC5rMQ_3std2io8buffered9bufreader9BufReaderNtNtB41_2fs4FileEEEEBd_
FN:405,_RINvXs0_NvXNvNtCsfea7MOTEEuD_8callisto14authentications6_1__NtBb_17GoogleCredentialsNtNtCs8pDKiTx8cJZ_5serde2de11Deserialize11deserializeNtB6_9___VisitorNtB1m_7Visitor9visit_mapINtNtCse3EK68OXEkC_10serde_json2de9MapAccessINtNtB2U_4read6IoReadINtNtNtNtCs27l1GJC5rMQ_3std2io8buffered9bufreader9BufReaderNtNtB41_2fs4FileEEEEBd_
FN:416,_RINvXNvXNvNtCsfea7MOTEEuD_8callisto14authentications7_1__NtB8_15GoogleCredsJsonNtNtCs8pDKiTx8cJZ_5serde2de11Deserialize11deserializeNtB3_14___FieldVisitorNtB1h_7Visitor9visit_strNtNtCse3EK68OXEkC_10serde_json5error5ErrorEBa_
FN:416,_RINvXs_NvXNvNtCsfea7MOTEEuD_8callisto14authentications7_1__NtBa_15GoogleCredsJsonNtNtCs8pDKiTx8cJZ_5serde2de11Deserialize11deserializeNtB5_7___FieldB1h_11deserializeINtNtCse3EK68OXEkC_10serde_json2de6MapKeyINtNtB2I_4read6IoReadINtNtNtNtCs27l1GJC5rMQ_3std2io8buffered9bufreader9BufReaderNtNtB3M_2fs4FileEEEEBc_
FN:416,_RINvXs0_NvXNvNtCsfea7MOTEEuD_8callisto14authentications7_1__NtBb_15GoogleCredsJsonNtNtCs8pDKiTx8cJZ_5serde2de11Deserialize11deserializeNtB6_9___VisitorNtB1k_7Visitor9visit_seqINtNtCse3EK68OXEkC_10serde_json2de9SeqAccessINtNtB2S_4read6IoReadINtNtNtNtCs27l1GJC5rMQ_3std2io8buffered9bufreader9BufReaderNtNtB3Z_2fs4FileEEEEBd_
FN:416,_RINvXs0_NvXNvNtCsfea7MOTEEuD_8callisto14authentications7_1__NtBb_15GoogleCredsJsonNtNtCs8pDKiTx8cJZ_5serde2de11Deserialize11deserializeNtB6_9___VisitorNtB1k_7Visitor9visit_mapINtNtCse3EK68OXEkC_10serde_json2de9MapAccessINtNtB2S_4read6IoReadINtNtNtNtCs27l1GJC5rMQ_3std2io8buffered9bufreader9BufReaderNtNtB3Z_2fs4FileEEEEBd_
FN:58,_RNCNvMNtCsfea7MOTEEuD_8callisto14authenticationNtB4_19GoogleAuthenticator3new0B6_
FN:59,_RNCNCNvMNtCsfea7MOTEEuD_8callisto14authenticationNtB6_19GoogleAuthenticator3new00B8_
FN:82,_RNCNvMNtCsfea7MOTEEuD_8callisto14authenticationNtB4_19GoogleAuthenticator24fetch_google_public_keys0B6_
FN:97,_RNCNCNvMNtCsfea7MOTEEuD_8callisto14authenticationNtB6_19GoogleAuthenticator24fetch_google_public_keys00B8_
FN:319,_RNCNvNtCsfea7MOTEEuD_8callisto14authentication31load_authorized_users_from_file0B5_
FN:322,_RNCNCNvNtCsfea7MOTEEuD_8callisto14authentication31load_authorized_users_from_file00B7_
FN:361,_RINvXNvXNvNtCsfea7MOTEEuD_8callisto14authentications_1__NtB8_12GoogleClaimsNtNtCs8pDKiTx8cJZ_5serde2de11Deserialize11deserializeNtB3_14___FieldVisitorNtB1d_7Visitor9visit_u64pEBa_
FN:361,_RINvXNvXNvNtCsfea7MOTEEuD_8callisto14authentications_1__NtB8_12GoogleClaimsNtNtCs8pDKiTx8cJZ_5serde2de11Deserialize11deserializeNtB3_14___FieldVisitorNtB1d_7Visitor11visit_bytespEBa_
FN:373,_RINvXNvXNvNtCsfea7MOTEEuD_8callisto14authentications1_1__NtB8_18GoogleTokenRequestNtNtCs8pDKiTx8cJZ_5serde2de11Deserialize11deserializeNtB3_14___FieldVisitorNtB1k_7Visitor9visit_u64pEBa_
FN:373,_RINvXNvXNvNtCsfea7MOTEEuD_8callisto14authentications1_1__NtB8_18GoogleTokenRequestNtNtCs8pDKiTx8cJZ_5serde2de11Deserialize11deserializeNtB3_14___FieldVisitorNtB1k_7Visitor9visit_strpEBa_
FN:373,_RINvXNvXNvNtCsfea7MOTEEuD_8callisto14authentications1_1__NtB8_18GoogleTokenRequestNtNtCs8pDKiTx8cJZ_5serde2de11Deserialize11deserializeNtB3_14___FieldVisitorNtB1k_7Visitor11visit_bytespEBa_
FN:373,_RINvXs_NvXNvNtCsfea7MOTEEuD_8callisto14authentications1_1__NtBa_18GoogleTokenRequestNtNtCs8pDKiTx8cJZ_5serde2de11Deserialize11deserializeNtB5_7___FieldB1k_11deserializepEBc_
FN:373,_RINvXs0_NvXNvNtCsfea7MOTEEuD_8callisto14authentications1_1__NtBb_18GoogleTokenRequestNtNtCs8pDKiTx8cJZ_5serde2de11Deserialize11deserializeNtB6_9___VisitorNtB1n_7Visitor9visit_seqpEBd_
FN:373,_RINvXs0_NvXNvNtCsfea7MOTEEuD_8callisto14authentications1_1__NtBb_18GoogleTokenRequestNtNtCs8pDKiTx8cJZ_5serde2de11Deserialize11deserializeNtB6_9___VisitorNtB1n_7Visitor9visit_mappEBd_
FN:382,_RINvXNvXNvNtCsfea7MOTEEuD_8callisto14authentications3_1__NtB8_19GoogleTokenResponseNtNtCs8pDKiTx8cJZ_5serde2de11Deserialize11deserializeNtB3_14___FieldVisitorNtB1l_7Visitor9visit_u64pEBa_
FN:382,_RINvXNvXNvNtCsfea7MOTEEuD_8callisto14authentications3_1__NtB8_19GoogleTokenResponseNtNtCs8pDKiTx8cJZ_5serde2de11Deserialize11deserializeNtB3_14___FieldVisitorNtB1l_7Visitor11visit_bytespEBa_
FN:392,_RINvXNvXNvNtCsfea7MOTEEuD_8callisto14authentications4_1__NtB8_16GooglePublicKeysNtNtCs8pDKiTx8cJZ_5serde2de11Deserialize11deserializeNtB3_14___FieldVisitorNtB1i_7Visitor9visit_u64pEBa_
FN:392,_RINvXNvXNvNtCsfea7MOTEEuD_8callisto14authentications4_1__NtB8_16GooglePublicKeysNtNtCs8pDKiTx8cJZ_5serde2de11Deserialize11deserializeNtB3_14___FieldVisitorNtB1i_7Visitor9visit_strpEBa_
FN:392,_RINvXNvXNvNtCsfea7MOTEEuD_8callisto14authentications4_1__NtB8_16GooglePublicKeysNtNtCs8pDKiTx8cJZ_5serde2de11Deserialize11deserializeNtB3_14___FieldVisitorNtB1i_7Visitor11visit_bytespEBa_
FN:392,_RINvXs_NvXNvNtCsfea7MOTEEuD_8callisto14authentications4_1__NtBa_16GooglePublicKeysNtNtCs8pDKiTx8cJZ_5serde2de11Deserialize11deserializeNtB5_7___FieldB1i_11deserializepEBc_
FN:392,_RINvXs0_NvXNvNtCsfea7MOTEEuD_8callisto14authentications4_1__NtBb_16GooglePublicKeysNtNtCs8pDKiTx8cJZ_5serde2de11Deserialize11deserializeNtB6_9___VisitorNtB1l_7Visitor9visit_seqpEBd_
FN:392,_RINvXs0_NvXNvNtCsfea7MOTEEuD_8callisto14authentications4_1__NtBb_16GooglePublicKeysNtNtCs8pDKiTx8cJZ_5serde2de11Deserialize11deserializeNtB6_9___VisitorNtB1l_7Visitor9visit_mappEBd_
FN:397,_RINvXNvXNvNtCsfea7MOTEEuD_8callisto14authentications5_1__NtB8_15GooglePublicKeyNtNtCs8pDKiTx8cJZ_5serde2de11Deserialize11deserializeNtB3_14___FieldVisitorNtB1h_7Visitor9visit_u64pEBa_
FN:397,_RINvXNvXNvNtCsfea7MOTEEuD_8callisto14authentications5_1__NtB8_15GooglePublicKeyNtNtCs8pDKiTx8cJZ_5serde2de11Deserialize11deserializeNtB3_14___FieldVisitorNtB1h_7Visitor9visit_strpEBa_
FN:397,_RINvXNvXNvNtCsfea7MOTEEuD_8callisto14authentications5_1__NtB8_15GooglePublicKeyNtNtCs8pDKiTx8cJZ_5serde2de11Deserialize11deserializeNtB3_14___FieldVisitorNtB1h_7Visitor11visit_bytespEBa_
FN:397,_RINvXs_NvXNvNtCsfea7MOTEEuD_8callisto14authentications5_1__NtBa_15GooglePublicKeyNtNtCs8pDKiTx8cJZ_5serde2de11Deserialize11deserializeNtB5_7___FieldB1h_11deserializepEBc_
FN:397,_RINvXs0_NvXNvNtCsfea7MOTEEuD_8callisto14authentications5_1__NtBb_15GooglePublicKeyNtNtCs8pDKiTx8cJZ_5serde2de11Deserialize11deserializeNtB6_9___VisitorNtB1k_7Visitor9visit_seqpEBd_
FN:397,_RINvXs0_NvXNvNtCsfea7MOTEEuD_8callisto14authentications5_1__NtBb_15GooglePublicKeyNtNtCs8pDKiTx8cJZ_5serde2de11Deserialize11deserializeNtB6_9___VisitorNtB1k_7Visitor9visit_mappEBd_
FN:405,_RINvXNvXNvNtCsfea7MOTEEuD_8callisto14authentications6_1__NtB8_17GoogleCredentialsNtNtCs8pDKiTx8cJZ_5serde2de11Deserialize11deserializeNtB3_14___FieldVisitorNtB1j_7Visitor9visit_u64pEBa_
FN:405,_RINvXNvXNvNtCsfea7MOTEEuD_8callisto14authentications6_1__NtB8_17GoogleCredentialsNtNtCs8pDKiTx8cJZ_5serde2de11Deserialize11deserializeNtB3_14___FieldVisitorNtB1j_7Visitor11visit_bytespEBa_
FN:416,_RINvXNvXNvNtCsfea7MOTEEuD_8callisto14authentications7_1__NtB8_15GoogleCredsJsonNtNtCs8pDKiTx8cJZ_5serde2de11Deserialize11deserializeNtB3_14___FieldVisitorNtB1h_7Visitor9visit_u64pEBa_
FN:416,_RINvXNvXNvNtCsfea7MOTEEuD_8callisto14authentications7_1__NtB8_15GoogleCredsJsonNtNtCs8pDKiTx8cJZ_5serde2de11Deserialize11deserializeNtB3_14___FieldVisitorNtB1h_7Visitor11visit_bytespEBa_
FN:58,_RNvMNtCsfea7MOTEEuD_8callisto14authenticationNtB2_19GoogleAuthenticator3new
FN:82,_RNvMNtCsfea7MOTEEuD_8callisto14authenticationNtB2_19GoogleAuthenticator24fetch_google_public_keys
FN:299,_RNvNtCsfea7MOTEEuD_8callisto14authentication33load_google_credentials_from_file
FN:317,_RNvNtCsfea7MOTEEuD_8callisto14authentication31load_authorized_users_from_file
FN:333,_RNvXs0_NtCsfea7MOTEEuD_8callisto14authenticationNtB5_17TokenTimeoutErrorNtNtCs9f3LFPSIp77_4core3fmt7Display3fmt
FN:342,_RNvXs1_NtCsfea7MOTEEuD_8callisto14authenticationNtB5_15InvalidKeyErrorNtNtCs9f3LFPSIp77_4core3fmt7Display3fmt
FN:353,_RNvXs3_NtCsfea7MOTEEuD_8callisto14authenticationNtB5_21UnauthorizedUserErrorNtNtCs9f3LFPSIp77_4core3fmt7Display3fmt
FN:110,_RNvXs5_NtCsfea7MOTEEuD_8callisto14authenticationNtB5_19GoogleAuthenticatorNtB5_13Authenticator14get_web_server
FN:246,_RNvXs5_NtCsfea7MOTEEuD_8callisto14authenticationNtB5_19GoogleAuthenticatorNtB5_13Authenticator17authenticate_user
FN:252,_RNvXs5_NtCsfea7MOTEEuD_8callisto14authenticationNtB5_19GoogleAuthenticatorNtB5_13Authenticator20validate_session_key
FN:294,_RNvXs5_NtCsfea7MOTEEuD_8callisto14authenticationNtB5_19GoogleAuthenticatorNtB5_13Authenticator19check_authorization
FN:361,_RNvXNvXNvNtCsfea7MOTEEuD_8callisto14authentications_1__NtB7_12GoogleClaimsNtNtCs8pDKiTx8cJZ_5serde2de11Deserialize11deserializeNtB2_14___FieldVisitorNtB1c_7Visitor9expecting
FN:361,_RNvXs0_NvXNvNtCsfea7MOTEEuD_8callisto14authentications_1__NtBa_12GoogleClaimsNtNtCs8pDKiTx8cJZ_5serde2de11Deserialize11deserializeNtB5_9___VisitorNtB1f_7Visitor9expecting
FN:373,_RNvXNvXNvNtCsfea7MOTEEuD_8callisto14authentications1_1__NtB7_18GoogleTokenRequestNtNtCs8pDKiTx8cJZ_5serde2de11Deserialize11deserializeNtB2_14___FieldVisitorNtB1j_7Visitor9expecting
FN:373,_RNvXs0_NvXNvNtCsfea7MOTEEuD_8callisto14authentications1_1__NtBa_18GoogleTokenRequestNtNtCs8pDKiTx8cJZ_5serde2de11Deserialize11deserializeNtB5_9___VisitorNtB1m_7Visitor9expecting
FN:382,_RNvXNvXNvNtCsfea7MOTEEuD_8callisto14authentications3_1__NtB7_19GoogleTokenResponseNtNtCs8pDKiTx8cJZ_5serde2de11Deserialize11deserializeNtB2_14___FieldVisitorNtB1k_7Visitor9expecting
FN:382,_RNvXs0_NvXNvNtCsfea7MOTEEuD_8callisto14authentications3_1__NtBa_19GoogleTokenResponseNtNtCs8pDKiTx8cJZ_5serde2de11Deserialize11deserializeNtB5_9___VisitorNtB1n_7Visitor9expecting
FN:392,_RNvXNvXNvNtCsfea7MOTEEuD_8callisto14authentications4_1__NtB7_16GooglePublicKeysNtNtCs8pDKiTx8cJZ_5serde2de11Deserialize11deserializeNtB2_14___FieldVisitorNtB1h_7Visitor9expecting
FN:392,_RNvXs0_NvXNvNtCsfea7MOTEEuD_8callisto14authentications4_1__NtBa_16GooglePublicKeysNtNtCs8pDKiTx8cJZ_5serde2de11Deserialize11deserializeNtB5_9___VisitorNtB1k_7Visitor9expecting
FN:397,_RNvXNvXNvNtCsfea7MOTEEuD_8callisto14authentications5_1__NtB7_15GooglePublicKeyNtNtCs8pDKiTx8cJZ_5serde2de11Deserialize11deserializeNtB2_14___FieldVisitorNtB1g_7Visitor9expecting
FN:397,_RNvXs0_NvXNvNtCsfea7MOTEEuD_8callisto14authentications5_1__NtBa_15GooglePublicKeyNtNtCs8pDKiTx8cJZ_5serde2de11Deserialize11deserializeNtB5_9___VisitorNtB1j_7Visitor9expecting
FN:405,_RNvXNvXNvNtCsfea7MOTEEuD_8callisto14authentications6_1__NtB7_17GoogleCredentialsNtNtCs8pDKiTx8cJZ_5serde2de11Deserialize11deserializeNtB2_14___FieldVisitorNtB1i_7Visitor9expecting
FN:405,_RNvXs0_NvXNvNtCsfea7MOTEEuD_8callisto14authentications6_1__NtBa_17GoogleCredentialsNtNtCs8pDKiTx8cJZ_5serde2de11Deserialize11deserializeNtB5_9___VisitorNtB1l_7Visitor9expecting
FN:416,_RNvXNvXNvNtCsfea7MOTEEuD_8callisto14authentications7_1__NtB7_15GoogleCredsJsonNtNtCs8pDKiTx8cJZ_5serde2de11Deserialize11deserializeNtB2_14___FieldVisitorNtB1g_7Visitor9expecting
FN:416,_RNvXs0_NvXNvNtCsfea7MOTEEuD_8callisto14authentications7_1__NtBa_15GoogleCredsJsonNtNtCs8pDKiTx8cJZ_5serde2de11Deserialize11deserializeNtB5_9___VisitorNtB1j_7Visitor9expecting
FN:58,_RNvMNtCs7qlPgKAh4Ju_8callisto14authenticationNtB2_19GoogleAuthenticator3new
FN:58,_RNCNvMNtCs7qlPgKAh4Ju_8callisto14authenticationNtB4_19GoogleAuthenticator3new0B6_
FN:59,_RNCNCNvMNtCs7qlPgKAh4Ju_8callisto14authenticationNtB6_19GoogleAuthenticator3new00B8_
FN:82,_RNvMNtCs7qlPgKAh4Ju_8callisto14authenticationNtB2_19GoogleAuthenticator24fetch_google_public_keys
FN:82,_RNCNvMNtCs7qlPgKAh4Ju_8callisto14authenticationNtB4_19GoogleAuthenticator24fetch_google_public_keys0B6_
FN:97,_RNCNCNvMNtCs7qlPgKAh4Ju_8callisto14authenticationNtB6_19GoogleAuthenticator24fetch_google_public_keys00B8_
FN:110,_RNvXs5_NtCs7qlPgKAh4Ju_8callisto14authenticationNtB5_19GoogleAuthenticatorNtB5_13Authenticator14get_web_server
FN:246,_RNvXs5_NtCs7qlPgKAh4Ju_8callisto14authenticationNtB5_19GoogleAuthenticatorNtB5_13Authenticator17authenticate_user
FN:117,_RNCNvXs5_NtCs7qlPgKAh4Ju_8callisto14authenticationNtB7_19GoogleAuthenticatorNtB7_13Authenticator17authenticate_user0B9_
FN:152,_RNCNCNvXs5_NtCs7qlPgKAh4Ju_8callisto14authenticationNtB9_19GoogleAuthenticatorNtB9_13Authenticator17authenticate_user00Bb_
FN:160,_RNCNCNvXs5_NtCs7qlPgKAh4Ju_8callisto14authenticationNtB9_19GoogleAuthenticatorNtB9_13Authenticator17authenticate_user0s_0Bb_
FN:170,_RNCNCNvXs5_NtCs7qlPgKAh4Ju_8callisto14authenticationNtB9_19GoogleAuthenticatorNtB9_13Authenticator17authenticate_user0s0_0Bb_
FN:176,_RNCNCNvXs5_NtCs7qlPgKAh4Ju_8callisto14authenticationNtB9_19GoogleAuthenticatorNtB9_13Authenticator17authenticate_user0s1_0Bb_
FN:187,_RNCNCNvXs5_NtCs7qlPgKAh4Ju_8callisto14authenticationNtB9_19GoogleAuthenticatorNtB9_13Authenticator17authenticate_user0s2_0Bb_
FN:252,_RNvXs5_NtCs7qlPgKAh4Ju_8callisto14authenticationNtB5_19GoogleAuthenticatorNtB5_13Authenticator20validate_session_key
FN:294,_RNvXs5_NtCs7qlPgKAh4Ju_8callisto14authenticationNtB5_19GoogleAuthenticatorNtB5_13Authenticator19check_authorization
FN:263,_RNCNvXs5_NtCs7qlPgKAh4Ju_8callisto14authenticationNtB7_19GoogleAuthenticatorNtB7_13Authenticator19check_authorization0B9_
FN:272,_RNCNCNvXs5_NtCs7qlPgKAh4Ju_8callisto14authenticationNtB9_19GoogleAuthenticatorNtB9_13Authenticator19check_authorization00Bb_
FN:299,_RNvNtCs7qlPgKAh4Ju_8callisto14authentication33load_google_credentials_from_file
FN:300,_RNCNvNtCs7qlPgKAh4Ju_8callisto14authentication33load_google_credentials_from_file0B5_
FN:307,_RNCNvNtCs7qlPgKAh4Ju_8callisto14authentication33load_google_credentials_from_files_0B5_
FN:333,_RNvXs0_NtCs7qlPgKAh4Ju_8callisto14authenticationNtB5_17TokenTimeoutErrorNtNtCs9f3LFPSIp77_4core3fmt7Display3fmt
FN:342,_RNvXs1_NtCs7qlPgKAh4Ju_8callisto14authenticationNtB5_15InvalidKeyErrorNtNtCs9f3LFPSIp77_4core3fmt7Display3fmt
FN:353,_RNvXs3_NtCs7qlPgKAh4Ju_8callisto14authenticationNtB5_21UnauthorizedUserErrorNtNtCs9f3LFPSIp77_4core3fmt7Display3fmt
FN:361,_RNvXNvXNvNtCs7qlPgKAh4Ju_8callisto14authentications_1__NtB7_12GoogleClaimsNtNtCs8pDKiTx8cJZ_5serde2de11Deserialize11deserializeNtB2_14___FieldVisitorNtB1c_7Visitor9expecting
FN:361,_RINvXNvXNvNtCs7qlPgKAh4Ju_8callisto14authentications_1__NtB8_12GoogleClaimsNtNtCs8pDKiTx8cJZ_5serde2de11Deserialize11deserializeNtB3_14___FieldVisitorNtB1d_7Visitor9visit_u64pEBa_
FN:361,_RINvXNvXNvNtCs7qlPgKAh4Ju_8callisto14authentications_1__NtB8_12GoogleClaimsNtNtCs8pDKiTx8cJZ_5serde2de11Deserialize11deserializeNtB3_14___FieldVisitorNtB1d_7Visitor9visit_strpEBa_
FN:361,_RINvXNvXNvNtCs7qlPgKAh4Ju_8callisto14authentications_1__NtB8_12GoogleClaimsNtNtCs8pDKiTx8cJZ_5serde2de11Deserialize11deserializeNtB3_14___FieldVisitorNtB1d_7Visitor11visit_bytespEBa_
FN:361,_RINvXs_NvXNvNtCs7qlPgKAh4Ju_8callisto14authentications_1__NtBa_12GoogleClaimsNtNtCs8pDKiTx8cJZ_5serde2de11Deserialize11deserializeNtB5_7___FieldB1d_11deserializepEBc_
FN:361,_RNvXs0_NvXNvNtCs7qlPgKAh4Ju_8callisto14authentications_1__NtBa_12GoogleClaimsNtNtCs8pDKiTx8cJZ_5serde2de11Deserialize11deserializeNtB5_9___VisitorNtB1f_7Visitor9expecting
FN:361,_RINvXs0_NvXNvNtCs7qlPgKAh4Ju_8callisto14authentications_1__NtBb_12GoogleClaimsNtNtCs8pDKiTx8cJZ_5serde2de11Deserialize11deserializeNtB6_9___VisitorNtB1g_7Visitor9visit_seqpEBd_
FN:361,_RINvXs0_NvXNvNtCs7qlPgKAh4Ju_8callisto14authentications_1__NtBb_12GoogleClaimsNtNtCs8pDKiTx8cJZ_5serde2de11Deserialize11deserializeNtB6_9___VisitorNtB1g_7Visitor9visit_mappEBd_
FN:373,_RNvXNvXNvNtCs7qlPgKAh4Ju_8callisto14authentications1_1__NtB7_18GoogleTokenRequestNtNtCs8pDKiTx8cJZ_5serde2de11Deserialize11deserializeNtB2_14___FieldVisitorNtB1j_7Visitor9expecting
FN:373,_RINvXNvXNvNtCs7qlPgKAh4Ju_8callisto14authentications1_1__NtB8_18GoogleTokenRequestNtNtCs8pDKiTx8cJZ_5serde2de11Deserialize11deserializeNtB3_14___FieldVisitorNtB1k_7Visitor9visit_u64pEBa_
FN:373,_RINvXNvXNvNtCs7qlPgKAh4Ju_8callisto14authentications1_1__NtB8_18GoogleTokenRequestNtNtCs8pDKiTx8cJZ_5serde2de11Deserialize11deserializeNtB3_14___FieldVisitorNtB1k_7Visitor9visit_strpEBa_
FN:373,_RINvXNvXNvNtCs7qlPgKAh4Ju_8callisto14authentications1_1__NtB8_18GoogleTokenRequestNtNtCs8pDKiTx8cJZ_5serde2de11Deserialize11deserializeNtB3_14___FieldVisitorNtB1k_7Visitor11visit_bytespEBa_
FN:373,_RINvXs_NvXNvNtCs7qlPgKAh4Ju_8callisto14authentications1_1__NtBa_18GoogleTokenRequestNtNtCs8pDKiTx8cJZ_5serde2de11Deserialize11deserializeNtB5_7___FieldB1k_11deserializepEBc_
FN:373,_RNvXs0_NvXNvNtCs7qlPgKAh4Ju_8callisto14authentications1_1__NtBa_18GoogleTokenRequestNtNtCs8pDKiTx8cJZ_5serde2de11Deserialize11deserializeNtB5_9___VisitorNtB1m_7Visitor9expecting
FN:373,_RINvXs0_NvXNvNtCs7qlPgKAh4Ju_8callisto14authentications1_1__NtBb_18GoogleTokenRequestNtNtCs8pDKiTx8cJZ_5serde2de11Deserialize11deserializeNtB6_9___VisitorNtB1n_7Visitor9visit_seqpEBd_
FN:373,_RINvXs0_NvXNvNtCs7qlPgKAh4Ju_8callisto14authentications1_1__NtBb_18GoogleTokenRequestNtNtCs8pDKiTx8cJZ_5serde2de11Deserialize11deserializeNtB6_9___VisitorNtB1n_7Visitor9visit_mappEBd_
FN:382,_RNvXNvXNvNtCs7qlPgKAh4Ju_8callisto14authentications3_1__NtB7_19GoogleTokenResponseNtNtCs8pDKiTx8cJZ_5serde2de11Deserialize11deserializeNtB2_14___FieldVisitorNtB1k_7Visitor9expecting
FN:382,_RINvXNvXNvNtCs7qlPgKAh4Ju_8callisto14authentications3_1__NtB8_19GoogleTokenResponseNtNtCs8pDKiTx8cJZ_5serde2de11Deserialize11deserializeNtB3_14___FieldVisitorNtB1l_7Visitor9visit_u64pEBa_
FN:382,_RINvXNvXNvNtCs7qlPgKAh4Ju_8callisto14authentications3_1__NtB8_19GoogleTokenResponseNtNtCs8pDKiTx8cJZ_5serde2de11Deserialize11deserializeNtB3_14___FieldVisitorNtB1l_7Visitor9visit_strpEBa_
FN:382,_RINvXNvXNvNtCs7qlPgKAh4Ju_8callisto14authentications3_1__NtB8_19GoogleTokenResponseNtNtCs8pDKiTx8cJZ_5serde2de11Deserialize11deserializeNtB3_14___FieldVisitorNtB1l_7Visitor11visit_bytespEBa_
FN:382,_RINvXs_NvXNvNtCs7qlPgKAh4Ju_8callisto14authentications3_1__NtBa_19GoogleTokenResponseNtNtCs8pDKiTx8cJZ_5serde2de11Deserialize11deserializeNtB5_7___FieldB1l_11deserializepEBc_
FN:382,_RNvXs0_NvXNvNtCs7qlPgKAh4Ju_8callisto14authentications3_1__NtBa_19GoogleTokenResponseNtNtCs8pDKiTx8cJZ_5serde2de11Deserialize11deserializeNtB5_9___VisitorNtB1n_7Visitor9expecting
FN:382,_RINvXs0_NvXNvNtCs7qlPgKAh4Ju_8callisto14authentications3_1__NtBb_19GoogleTokenResponseNtNtCs8pDKiTx8cJZ_5serde2de11Deserialize11deserializeNtB6_9___VisitorNtB1o_7Visitor9visit_seqpEBd_
FN:382,_RINvXs0_NvXNvNtCs7qlPgKAh4Ju_8callisto14authentications3_1__NtBb_19GoogleTokenResponseNtNtCs8pDKiTx8cJZ_5serde2de11Deserialize11deserializeNtB6_9___VisitorNtB1o_7Visitor9visit_mappEBd_
FN:392,_RNvXNvXNvNtCs7qlPgKAh4Ju_8callisto14authentications4_1__NtB7_16GooglePublicKeysNtNtCs8pDKiTx8cJZ_5serde2de11Deserialize11deserializeNtB2_14___FieldVisitorNtB1h_7Visitor9expecting
FN:392,_RINvXNvXNvNtCs7qlPgKAh4Ju_8callisto14authentications4_1__NtB8_16GooglePublicKeysNtNtCs8pDKiTx8cJZ_5serde2de11Deserialize11deserializeNtB3_14___FieldVisitorNtB1i_7Visitor9visit_u64pEBa_
FN:392,_RINvXNvXNvNtCs7qlPgKAh4Ju_8callisto14authentications4_1__NtB8_16GooglePublicKeysNtNtCs8pDKiTx8cJZ_5serde2de11Deserialize11deserializeNtB3_14___FieldVisitorNtB1i_7Visitor9visit_strpEBa_
FN:392,_RINvXNvXNvNtCs7qlPgKAh4Ju_8callisto14authentications4_1__NtB8_16GooglePublicKeysNtNtCs8pDKiTx8cJZ_5serde2de11Deserialize11deserializeNtB3_14___FieldVisitorNtB1i_7Visitor11visit_bytespEBa_
FN:392,_RINvXs_NvXNvNtCs7qlPgKAh4Ju_8callisto14authentications4_1__NtBa_16GooglePublicKeysNtNtCs8pDKiTx8cJZ_5serde2de11Deserialize11deserializeNtB5_7___FieldB1i_11deserializepEBc_
FN:392,_RNvXs0_NvXNvNtCs7qlPgKAh4Ju_8callisto14authentications4_1__NtBa_16GooglePublicKeysNtNtCs8pDKiTx8cJZ_5serde2de11Deserialize11deserializeNtB5_9___VisitorNtB1k_7Visitor9expecting
FN:392,_RINvXs0_NvXNvNtCs7qlPgKAh4Ju_8callisto14authentications4_1__NtBb_16GooglePublicKeysNtNtCs8pDKiTx8cJZ_5serde2de11Deserialize11deserializeNtB6_9___VisitorNtB1l_7Visitor9visit_seqpEBd_
FN:392,_RINvXs0_NvXNvNtCs7qlPgKAh4Ju_8callisto14authentications4_1__NtBb_16GooglePublicKeysNtNtCs8pDKiTx8cJZ_5serde2de11Deserialize11deserializeNtB6_9___VisitorNtB1l_7Visitor9visit_mappEBd_
FN:397,_RNvXNvXNvNtCs7qlPgKAh4Ju_8callisto14authentications5_1__NtB7_15GooglePublicKeyNtNtCs8pDKiTx8cJZ_5serde2de11Deserialize11deserializeNtB2_14___FieldVisitorNtB1g_7Visitor9expecting
FN:397,_RINvXNvXNvNtCs7qlPgKAh4Ju_8callisto14authentications5_1__NtB8_15GooglePublicKeyNtNtCs8pDKiTx8cJZ_5serde2de11Deserialize11deserializeNtB3_14___FieldVisitorNtB1h_7Visitor9visit_u64pEBa_
FN:397,_RINvXNvXNvNtCs7qlPgKAh4Ju_8callisto14authentications5_1__NtB8_15GooglePublicKeyNtNtCs8pDKiTx8cJZ_5serde2de11Deserialize11deserializeNtB3_14___FieldVisitorNtB1h_7Visitor9visit_strpEBa_
FN:397,_RINvXNvXNvNtCs7qlPgKAh4Ju_8callisto14authentications5_1__NtB8_15GooglePublicKeyNtNtCs8pDKiTx8cJZ_5serde2de11Deserialize11deserializeNtB3_14___FieldVisitorNtB1h_7Visitor11visit_bytespEBa_
FN:397,_RINvXs_NvXNvNtCs7qlPgKAh4Ju_8callisto14authentications5_1__NtBa_15GooglePublicKeyNtNtCs8pDKiTx8cJZ_5serde2de11Deserialize11deserializeNtB5_7___FieldB1h_11deserializepEBc_
FN:397,_RNvXs0_NvXNvNtCs7qlPgKAh4Ju_8callisto14authentications5_1__NtBa_15GooglePublicKeyNtNtCs8pDKiTx8cJZ_5serde2de11Deserialize11deserializeNtB5_9___VisitorNtB1j_7Visitor9expecting
FN:397,_RINvXs0_NvXNvNtCs7qlPgKAh4Ju_8callisto14authentications5_1__NtBb_15GooglePublicKeyNtNtCs8pDKiTx8cJZ_5serde2de11Deserialize11deserializeNtB6_9___VisitorNtB1k_7Visitor9visit_seqpEBd_
FN:397,_RINvXs0_NvXNvNtCs7qlPgKAh4Ju_8callisto14authentications5_1__NtBb_15GooglePublicKeyNtNtCs8pDKiTx8cJZ_5serde2de11Deserialize11deserializeNtB6_9___VisitorNtB1k_7Visitor9visit_mappEBd_
FN:405,_RNvXNvXNvNtCs7qlPgKAh4Ju_8callisto14authentications6_1__NtB7_17GoogleCredentialsNtNtCs8pDKiTx8cJZ_5serde2de11Deserialize11deserializeNtB2_14___FieldVisitorNtB1i_7Visitor9expecting
FN:405,_RINvXNvXNvNtCs7qlPgKAh4Ju_8callisto14authentications6_1__NtB8_17GoogleCredentialsNtNtCs8pDKiTx8cJZ_5serde2de11Deserialize11deserializeNtB3_14___FieldVisitorNtB1j_7Visitor9visit_u64pEBa_
FN:405,_RINvXNvXNvNtCs7qlPgKAh4Ju_8callisto14authentications6_1__NtB8_17GoogleCredentialsNtNtCs8pDKiTx8cJZ_5serde2de11Deserialize11deserializeNtB3_14___FieldVisitorNtB1j_7Visitor9visit_strpEBa_
FN:405,_RINvXNvXNvNtCs7qlPgKAh4Ju_8callisto14authentications6_1__NtB8_17GoogleCredentialsNtNtCs8pDKiTx8cJZ_5serde2de11Deserialize11deserializeNtB3_14___FieldVisitorNtB1j_7Visitor11visit_bytespEBa_
FN:405,_RINvXs_NvXNvNtCs7qlPgKAh4Ju_8callisto14authentications6_1__NtBa_17GoogleCredentialsNtNtCs8pDKiTx8cJZ_5serde2de11Deserialize11deserializeNtB5_7___FieldB1j_11deserializepEBc_
FN:405,_RNvXs0_NvXNvNtCs7qlPgKAh4Ju_8callisto14authentications6_1__NtBa_17GoogleCredentialsNtNtCs8pDKiTx8cJZ_5serde2de11Deserialize11deserializeNtB5_9___VisitorNtB1l_7Visitor9expecting
FN:405,_RINvXs0_NvXNvNtCs7qlPgKAh4Ju_8callisto14authentications6_1__NtBb_17GoogleCredentialsNtNtCs8pDKiTx8cJZ_5serde2de11Deserialize11deserializeNtB6_9___VisitorNtB1m_7Visitor9visit_seqpEBd_
FN:405,_RINvXs0_NvXNvNtCs7qlPgKAh4Ju_8callisto14authentications6_1__NtBb_17GoogleCredentialsNtNtCs8pDKiTx8cJZ_5serde2de11Deserialize11deserializeNtB6_9___VisitorNtB1m_7Visitor9visit_mappEBd_
FN:416,_RNvXNvXNvNtCs7qlPgKAh4Ju_8callisto14authentications7_1__NtB7_15GoogleCredsJsonNtNtCs8pDKiTx8cJZ_5serde2de11Deserialize11deserializeNtB2_14___FieldVisitorNtB1g_7Visitor9expecting
FN:416,_RINvXNvXNvNtCs7qlPgKAh4Ju_8callisto14authentications7_1__NtB8_15GoogleCredsJsonNtNtCs8pDKiTx8cJZ_5serde2de11Deserialize11deserializeNtB3_14___FieldVisitorNtB1h_7Visitor9visit_u64pEBa_
FN:416,_RINvXNvXNvNtCs7qlPgKAh4Ju_8callisto14authentications7_1__NtB8_15GoogleCredsJsonNtNtCs8pDKiTx8cJZ_5serde2de11Deserialize11deserializeNtB3_14___FieldVisitorNtB1h_7Visitor9visit_strpEBa_
FN:416,_RINvXNvXNvNtCs7qlPgKAh4Ju_8callisto14authentications7_1__NtB8_15GoogleCredsJsonNtNtCs8pDKiTx8cJZ_5serde2de11Deserialize11deserializeNtB3_14___FieldVisitorNtB1h_7Visitor11visit_bytespEBa_
FN:416,_RINvXs_NvXNvNtCs7qlPgKAh4Ju_8callisto14authentications7_1__NtBa_15GoogleCredsJsonNtNtCs8pDKiTx8cJZ_5serde2de11Deserialize11deserializeNtB5_7___FieldB1h_11deserializepEBc_
FN:416,_RNvXs0_NvXNvNtCs7qlPgKAh4Ju_8callisto14authentications7_1__NtBa_15GoogleCredsJsonNtNtCs8pDKiTx8cJZ_5serde2de11Deserialize11deserializeNtB5_9___VisitorNtB1j_7Visitor9expecting
FN:416,_RINvXs0_NvXNvNtCs7qlPgKAh4Ju_8callisto14authentications7_1__NtBb_15GoogleCredsJsonNtNtCs8pDKiTx8cJZ_5serde2de11Deserialize11deserializeNtB6_9___VisitorNtB1k_7Visitor9visit_seqpEBd_
FN:416,_RINvXs0_NvXNvNtCs7qlPgKAh4Ju_8callisto14authentications7_1__NtBb_15GoogleCredsJsonNtNtCs8pDKiTx8cJZ_5serde2de11Deserialize11deserializeNtB6_9___VisitorNtB1k_7Visitor9visit_mappEBd_
FN:434,_RNCNvMNtNtCs7qlPgKAh4Ju_8callisto14authentication5testsNtB4_17MockAuthenticator3new0B8_
FN:451,_RNCNvXs_NtNtCs7qlPgKAh4Ju_8callisto14authentication5testsNtB6_17MockAuthenticatorNtB8_13Authenticator17authenticate_user0Ba_
FN:472,_RNCNvXs_NtNtCs7qlPgKAh4Ju_8callisto14authentication5testsNtB6_17MockAuthenticatorNtB8_13Authenticator19check_authorization0Ba_
FN:477,_RNCNCNvXs_NtNtCs7qlPgKAh4Ju_8callisto14authentication5testsNtB8_17MockAuthenticatorNtBa_13Authenticator19check_authorization00Bc_
FN:485,_RNCNvNtNtCs7qlPgKAh4Ju_8callisto14authentication5testss_23test_mock_authenticator0B7_
FN:317,_RNvNtCs7qlPgKAh4Ju_8callisto14authentication31load_authorized_users_from_file
FN:434,_RNvMNtNtCs7qlPgKAh4Ju_8callisto14authentication5testsNtB2_17MockAuthenticator3new
FN:444,_RNvXs_NtNtCs7qlPgKAh4Ju_8callisto14authentication5testsNtB4_17MockAuthenticatorNtB6_13Authenticator14get_web_server
FN:459,_RNvXs_NtNtCs7qlPgKAh4Ju_8callisto14authentication5testsNtB4_17MockAuthenticatorNtB6_13Authenticator17authenticate_user
FN:461,_RNvXs_NtNtCs7qlPgKAh4Ju_8callisto14authentication5testsNtB4_17MockAuthenticatorNtB6_13Authenticator20validate_session_key
FN:481,_RNvXs_NtNtCs7qlPgKAh4Ju_8callisto14authentication5testsNtB4_17MockAuthenticatorNtB6_13Authenticator19check_authorization
FN:485,_RNvNtNtCs7qlPgKAh4Ju_8callisto14authentication5testss_23test_mock_authenticator
FN:515,_RNvNtNtCs7qlPgKAh4Ju_8callisto14authentication5testss_35test_load_authorized_users_from_gcs
FN:515,_RNvNtNCNvNtNtCs7qlPgKAh4Ju_8callisto14authentication5testss_35test_load_authorized_users_from_gcs04init4init
FN:528,_RNvNtNtCs7qlPgKAh4Ju_8callisto14authentication5testss_36test_load_authorized_users_from_file
FN:528,_RNvNtNCNvNtNtCs7qlPgKAh4Ju_8callisto14authentication5testss_36test_load_authorized_users_from_file04init4init
FN:319,_RNCNvNtCs7qlPgKAh4Ju_8callisto14authentication31load_authorized_users_from_file0B5_
FN:322,_RNCNCNvNtCs7qlPgKAh4Ju_8callisto14authentication31load_authorized_users_from_file00B7_
FNDA:0,_RINvXNvXNvNtCsfea7MOTEEuD_8callisto14authentications4_1__NtB8_16GooglePublicKeysNtNtCs8pDKiTx8cJZ_5serde2de11Deserialize11deserializeNtB3_14___FieldVisitorNtB1i_7Visitor9visit_strNtNtCse3EK68OXEkC_10serde_json5error5ErrorECs9GcA01ye7rZ_8callisto
FNDA:0,_RINvXNvXNvNtCsfea7MOTEEuD_8callisto14authentications5_1__NtB8_15GooglePublicKeyNtNtCs8pDKiTx8cJZ_5serde2de11Deserialize11deserializeNtB3_14___FieldVisitorNtB1h_7Visitor9visit_strNtNtCse3EK68OXEkC_10serde_json5error5ErrorECs9GcA01ye7rZ_8callisto
FNDA:0,_RINvXs0_NvXNvNtCsfea7MOTEEuD_8callisto14authentications4_1__NtBb_16GooglePublicKeysNtNtCs8pDKiTx8cJZ_5serde2de11Deserialize11deserializeNtB6_9___VisitorNtB1l_7Visitor9visit_mapINtNtCse3EK68OXEkC_10serde_json2de9MapAccessNtNtB2T_4read7StrReadEECs9GcA01ye7rZ_8callisto
FNDA:0,_RINvXs0_NvXNvNtCsfea7MOTEEuD_8callisto14authentications4_1__NtBb_16GooglePublicKeysNtNtCs8pDKiTx8cJZ_5serde2de11Deserialize11deserializeNtB6_9___VisitorNtB1l_7Visitor9visit_seqINtNtCse3EK68OXEkC_10serde_json2de9SeqAccessNtNtB2T_4read7StrReadEECs9GcA01ye7rZ_8callisto
FNDA:0,_RINvXs0_NvXNvNtCsfea7MOTEEuD_8callisto14authentications5_1__NtBb_15GooglePublicKeyNtNtCs8pDKiTx8cJZ_5serde2de11Deserialize11deserializeNtB6_9___VisitorNtB1k_7Visitor9visit_mapINtNtCse3EK68OXEkC_10serde_json2de9MapAccessNtNtB2S_4read7StrReadEECs9GcA01ye7rZ_8callisto
FNDA:0,_RINvXs0_NvXNvNtCsfea7MOTEEuD_8callisto14authentications5_1__NtBb_15GooglePublicKeyNtNtCs8pDKiTx8cJZ_5serde2de11Deserialize11deserializeNtB6_9___VisitorNtB1k_7Visitor9visit_seqINtNtCse3EK68OXEkC_10serde_json2de9SeqAccessNtNtB2S_4read7StrReadEECs9GcA01ye7rZ_8callisto
FNDA:0,_RINvXs_NvXNvNtCsfea7MOTEEuD_8callisto14authentications4_1__NtBa_16GooglePublicKeysNtNtCs8pDKiTx8cJZ_5serde2de11Deserialize11deserializeNtB5_7___FieldB1i_11deserializeINtNtCse3EK68OXEkC_10serde_json2de6MapKeyNtNtB2J_4read7StrReadEECs9GcA01ye7rZ_8callisto
FNDA:0,_RINvXs_NvXNvNtCsfea7MOTEEuD_8callisto14authentications5_1__NtBa_15GooglePublicKeyNtNtCs8pDKiTx8cJZ_5serde2de11Deserialize11deserializeNtB5_7___FieldB1h_11deserializeINtNtCse3EK68OXEkC_10serde_json2de6MapKeyNtNtB2I_4read7StrReadEECs9GcA01ye7rZ_8callisto
FNDA:0,_RNCNCNvMNtCsfea7MOTEEuD_8callisto14authenticationNtB6_19GoogleAuthenticator24fetch_google_public_keys00Cs9GcA01ye7rZ_8callisto
FNDA:0,_RNCNCNvMNtCsfea7MOTEEuD_8callisto14authenticationNtB6_19GoogleAuthenticator3new00Cs9GcA01ye7rZ_8callisto
FNDA:0,_RNCNCNvNtCsfea7MOTEEuD_8callisto14authentication31load_authorized_users_from_file00Cs9GcA01ye7rZ_8callisto
FNDA:0,_RNCNvMNtCsfea7MOTEEuD_8callisto14authenticationNtB4_19GoogleAuthenticator24fetch_google_public_keys0Cs9GcA01ye7rZ_8callisto
FNDA:0,_RNCNvMNtCsfea7MOTEEuD_8callisto14authenticationNtB4_19GoogleAuthenticator3new0Cs9GcA01ye7rZ_8callisto
FNDA:0,_RNCNvNtCsfea7MOTEEuD_8callisto14authentication31load_authorized_users_from_file0Cs9GcA01ye7rZ_8callisto
FNDA:0,_RNCNvNtCsfea7MOTEEuD_8callisto14authentication33load_google_credentials_from_file0B5_
FNDA:0,_RNCNvNtCsfea7MOTEEuD_8callisto14authentication33load_google_credentials_from_files_0B5_
FNDA:0,_RNCNvXs5_NtCsfea7MOTEEuD_8callisto14authenticationNtB7_19GoogleAuthenticatorNtB7_13Authenticator17authenticate_user0B9_
FNDA:0,_RNCNCNvXs5_NtCsfea7MOTEEuD_8callisto14authenticationNtB9_19GoogleAuthenticatorNtB9_13Authenticator17authenticate_user00Bb_
FNDA:0,_RNCNCNvXs5_NtCsfea7MOTEEuD_8callisto14authenticationNtB9_19GoogleAuthenticatorNtB9_13Authenticator17authenticate_user0s_0Bb_
FNDA:0,_RNCNCNvXs5_NtCsfea7MOTEEuD_8callisto14authenticationNtB9_19GoogleAuthenticatorNtB9_13Authenticator17authenticate_user0s0_0Bb_
FNDA:0,_RNCNCNvXs5_NtCsfea7MOTEEuD_8callisto14authenticationNtB9_19GoogleAuthenticatorNtB9_13Authenticator17authenticate_user0s1_0Bb_
FNDA:0,_RNCNCNvXs5_NtCsfea7MOTEEuD_8callisto14authenticationNtB9_19GoogleAuthenticatorNtB9_13Authenticator17authenticate_user0s2_0Bb_
FNDA:0,_RNCNvXs5_NtCsfea7MOTEEuD_8callisto14authenticationNtB7_19GoogleAuthenticatorNtB7_13Authenticator19check_authorization0B9_
FNDA:0,_RNCNCNvXs5_NtCsfea7MOTEEuD_8callisto14authenticationNtB9_19GoogleAuthenticatorNtB9_13Authenticator19check_authorization00Bb_
FNDA:0,_RINvXNvXNvNtCsfea7MOTEEuD_8callisto14authentications_1__NtB8_12GoogleClaimsNtNtCs8pDKiTx8cJZ_5serde2de11Deserialize11deserializeNtB3_14___FieldVisitorNtB1d_7Visitor9visit_strNtNtCse3EK68OXEkC_10serde_json5error5ErrorEBa_
FNDA:0,_RINvXs_NvXNvNtCsfea7MOTEEuD_8callisto14authentications_1__NtBa_12GoogleClaimsNtNtCs8pDKiTx8cJZ_5serde2de11Deserialize11deserializeNtB5_7___FieldB1d_11deserializeINtNtCse3EK68OXEkC_10serde_json2de6MapKeyNtNtB2E_4read9SliceReadEEBc_
FNDA:0,_RINvXs0_NvXNvNtCsfea7MOTEEuD_8callisto14authentications_1__NtBb_12GoogleClaimsNtNtCs8pDKiTx8cJZ_5serde2de11Deserialize11deserializeNtB6_9___VisitorNtB1g_7Visitor9visit_seqINtNtCse3EK68OXEkC_10serde_json2de9SeqAccessNtNtB2O_4read9SliceReadEEBd_
FNDA:0,_RINvXs0_NvXNvNtCsfea7MOTEEuD_8callisto14authentications_1__NtBb_12GoogleClaimsNtNtCs8pDKiTx8cJZ_5serde2de11Deserialize11deserializeNtB6_9___VisitorNtB1g_7Visitor9visit_mapINtNtCse3EK68OXEkC_10serde_json2de9MapAccessNtNtB2O_4read9SliceReadEEBd_
FNDA:0,_RINvXNvXNvNtCsfea7MOTEEuD_8callisto14authentications3_1__NtB8_19GoogleTokenResponseNtNtCs8pDKiTx8cJZ_5serde2de11Deserialize11deserializeNtB3_14___FieldVisitorNtB1l_7Visitor9visit_strNtNtCse3EK68OXEkC_10serde_json5error5ErrorEBa_
FNDA:0,_RINvXs_NvXNvNtCsfea7MOTEEuD_8callisto14authentications3_1__NtBa_19GoogleTokenResponseNtNtCs8pDKiTx8cJZ_5serde2de11Deserialize11deserializeNtB5_7___FieldB1l_11deserializeINtNtCse3EK68OXEkC_10serde_json2de6MapKeyNtNtB2M_4read7StrReadEEBc_
FNDA:0,_RINvXs0_NvXNvNtCsfea7MOTEEuD_8callisto14authentications3_1__NtBb_19GoogleTokenResponseNtNtCs8pDKiTx8cJZ_5serde2de11Deserialize11deserializeNtB6_9___VisitorNtB1o_7Visitor9visit_seqINtNtCse3EK68OXEkC_10serde_json2de9SeqAccessNtNtB2W_4read7StrReadEEBd_
FNDA:0,_RINvXs0_NvXNvNtCsfea7MOTEEuD_8callisto14authentications3_1__NtBb_19GoogleTokenResponseNtNtCs8pDKiTx8cJZ_5serde2de11Deserialize11deserializeNtB6_9___VisitorNtB1o_7Visitor9visit_mapINtNtCse3EK68OXEkC_10serde_json2de9MapAccessNtNtB2W_4read7StrReadEEBd_
FNDA:0,_RINvXNvXNvNtCsfea7MOTEEuD_8callisto14authentications6_1__NtB8_17GoogleCredentialsNtNtCs8pDKiTx8cJZ_5serde2de11Deserialize11deserializeNtB3_14___FieldVisitorNtB1j_7Visitor9visit_strNtNtCse3EK68OXEkC_10serde_json5error5ErrorEBa_
FNDA:0,_RINvXs_NvXNvNtCsfea7MOTEEuD_8callisto14authentications6_1__NtBa_17GoogleCredentialsNtNtCs8pDKiTx8cJZ_5serde2de11Deserialize11deserializeNtB5_7___FieldB1j_11deserializeINtNtCse3EK68OXEkC_10serde_json2de6MapKeyINtNtB2K_4read6IoReadINtNtNtNtCs27l1GJC5rMQ_3std2io8buffered9bufreader9BufReaderNtNtB3O_2fs4FileEEEEBc_
FNDA:0,_RINvXs0_NvXNvNtCsfea7MOTEEuD_8callisto14authentications6_1__NtBb_17GoogleCredentialsNtNtCs8pDKiTx8cJZ_5serde2de11Deserialize11deserializeNtB6_9___VisitorNtB1m_7Visitor9visit_seqINtNtCse3EK68OXEkC_10serde_json2de9SeqAccessINtNtB2U_4read6IoReadINtNtNtNtCs27l1GJC5rMQ_3std2io8buffered9bufreader9BufReaderNtNtB41_2fs4FileEEEEBd_
FNDA:0,_RINvXs0_NvXNvNtCsfea7MOTEEuD_8callisto14authentications6_1__NtBb_17GoogleCredentialsNtNtCs8pDKiTx8cJZ_5serde2de11Deserialize11deserializeNtB6_9___VisitorNtB1m_7Visitor9visit_mapINtNtCse3EK68OXEkC_10serde_json2de9MapAccessINtNtB2U_4read6IoReadINtNtNtNtCs27l1GJC5rMQ_3std2io8buffered9bufreader9BufReaderNtNtB41_2fs4FileEEEEBd_
FNDA:0,_RINvXNvXNvNtCsfea7MOTEEuD_8callisto14authentications7_1__NtB8_15GoogleCredsJsonNtNtCs8pDKiTx8cJZ_5serde2de11Deserialize11deserializeNtB3_14___FieldVisitorNtB1h_7Visitor9visit_strNtNtCse3EK68OXEkC_10serde_json5error5ErrorEBa_
FNDA:0,_RINvXs_NvXNvNtCsfea7MOTEEuD_8callisto14authentications7_1__NtBa_15GoogleCredsJsonNtNtCs8pDKiTx8cJZ_5serde2de11Deserialize11deserializeNtB5_7___FieldB1h_11deserializeINtNtCse3EK68OXEkC_10serde_json2de6MapKeyINtNtB2I_4read6IoReadINtNtNtNtCs27l1GJC5rMQ_3std2io8buffered9bufreader9BufReaderNtNtB3M_2fs4FileEEEEBc_
FNDA:0,_RINvXs0_NvXNvNtCsfea7MOTEEuD_8callisto14authentications7_1__NtBb_15GoogleCredsJsonNtNtCs8pDKiTx8cJZ_5serde2de11Deserialize11deserializeNtB6_9___VisitorNtB1k_7Visitor9visit_seqINtNtCse3EK68OXEkC_10serde_json2de9SeqAccessINtNtB2S_4read6IoReadINtNtNtNtCs27l1GJC5rMQ_3std2io8buffered9bufreader9BufReaderNtNtB3Z_2fs4FileEEEEBd_
FNDA:0,_RINvXs0_NvXNvNtCsfea7MOTEEuD_8callisto14authentications7_1__NtBb_15GoogleCredsJsonNtNtCs8pDKiTx8cJZ_5serde2de11Deserialize11deserializeNtB6_9___VisitorNtB1k_7Visitor9visit_mapINtNtCse3EK68OXEkC_10serde_json2de9MapAccessINtNtB2S_4read6IoReadINtNtNtNtCs27l1GJC5rMQ_3std2io8buffered9bufreader9BufReaderNtNtB3Z_2fs4FileEEEEBd_
FNDA:0,_RNCNvMNtCsfea7MOTEEuD_8callisto14authenticationNtB4_19GoogleAuthenticator3new0B6_
FNDA:0,_RNCNCNvMNtCsfea7MOTEEuD_8callisto14authenticationNtB6_19GoogleAuthenticator3new00B8_
FNDA:0,_RNCNvMNtCsfea7MOTEEuD_8callisto14authenticationNtB4_19GoogleAuthenticator24fetch_google_public_keys0B6_
FNDA:0,_RNCNCNvMNtCsfea7MOTEEuD_8callisto14authenticationNtB6_19GoogleAuthenticator24fetch_google_public_keys00B8_
FNDA:0,_RNCNvNtCsfea7MOTEEuD_8callisto14authentication31load_authorized_users_from_file0B5_
FNDA:0,_RNCNCNvNtCsfea7MOTEEuD_8callisto14authentication31load_authorized_users_from_file00B7_
FNDA:0,_RINvXNvXNvNtCsfea7MOTEEuD_8callisto14authentications_1__NtB8_12GoogleClaimsNtNtCs8pDKiTx8cJZ_5serde2de11Deserialize11deserializeNtB3_14___FieldVisitorNtB1d_7Visitor9visit_u64pEBa_
FNDA:0,_RINvXNvXNvNtCsfea7MOTEEuD_8callisto14authentications_1__NtB8_12GoogleClaimsNtNtCs8pDKiTx8cJZ_5serde2de11Deserialize11deserializeNtB3_14___FieldVisitorNtB1d_7Visitor11visit_bytespEBa_
FNDA:0,_RINvXNvXNvNtCsfea7MOTEEuD_8callisto14authentications1_1__NtB8_18GoogleTokenRequestNtNtCs8pDKiTx8cJZ_5serde2de11Deserialize11deserializeNtB3_14___FieldVisitorNtB1k_7Visitor9visit_u64pEBa_
FNDA:0,_RINvXNvXNvNtCsfea7MOTEEuD_8callisto14authentications1_1__NtB8_18GoogleTokenRequestNtNtCs8pDKiTx8cJZ_5serde2de11Deserialize11deserializeNtB3_14___FieldVisitorNtB1k_7Visitor9visit_strpEBa_
FNDA:0,_RINvXNvXNvNtCsfea7MOTEEuD_8callisto14authentications1_1__NtB8_18GoogleTokenRequestNtNtCs8pDKiTx8cJZ_5serde2de11Deserialize11deserializeNtB3_14___FieldVisitorNtB1k_7Visitor11visit_bytespEBa_
FNDA:0,_RINvXs_NvXNvNtCsfea7MOTEEuD_8callisto14authentications1_1__NtBa_18GoogleTokenRequestNtNtCs8pDKiTx8cJZ_5serde2de11Deserialize11deserializeNtB5_7___FieldB1k_11deserializepEBc_
FNDA:0,_RINvXs0_NvXNvNtCsfea7MOTEEuD_8callisto14authentications1_1__NtBb_18GoogleTokenRequestNtNtCs8pDKiTx8cJZ_5serde2de11Deserialize11deserializeNtB6_9___VisitorNtB1n_7Visitor9visit_seqpEBd_
FNDA:0,_RINvXs0_NvXNvNtCsfea7MOTEEuD_8callisto14authentications1_1__NtBb_18GoogleTokenRequestNtNtCs8pDKiTx8cJZ_5serde2de11Deserialize11deserializeNtB6_9___VisitorNtB1n_7Visitor9visit_mappEBd_
FNDA:0,_RINvXNvXNvNtCsfea7MOTEEuD_8callisto14authentications3_1__NtB8_19GoogleTokenResponseNtNtCs8pDKiTx8cJZ_5serde2de11Deserialize11deserializeNtB3_14___FieldVisitorNtB1l_7Visitor9visit_u64pEBa_
FNDA:0,_RINvXNvXNvNtCsfea7MOTEEuD_8callisto14authentications3_1__NtB8_19GoogleTokenResponseNtNtCs8pDKiTx8cJZ_5serde2de11Deserialize11deserializeNtB3_14___FieldVisitorNtB1l_7Visitor11visit_bytespEBa_
FNDA:0,_RINvXNvXNvNtCsfea7MOTEEuD_8callisto14authentications4_1__NtB8_16GooglePublicKeysNtNtCs8pDKiTx8cJZ_5serde2de11Deserialize11deserializeNtB3_14___FieldVisitorNtB1i_7Visitor9visit_u64pEBa_
FNDA:0,_RINvXNvXNvNtCsfea7MOTEEuD_8callisto14authentications4_1__NtB8_16GooglePublicKeysNtNtCs8pDKiTx8cJZ_5serde2de11Deserialize11deserializeNtB3_14___FieldVisitorNtB1i_7Visitor9visit_strpEBa_
FNDA:0,_RINvXNvXNvNtCsfea7MOTEEuD_8callisto14authentications4_1__NtB8_16GooglePublicKeysNtNtCs8pDKiTx8cJZ_5serde2de11Deserialize11deserializeNtB3_14___FieldVisitorNtB1i_7Visitor11visit_bytespEBa_
FNDA:0,_RINvXs_NvXNvNtCsfea7MOTEEuD_8callisto14authentications4_1__NtBa_16GooglePublicKeysNtNtCs8pDKiTx8cJZ_5serde2de11Deserialize11deserializeNtB5_7___FieldB1i_11deserializepEBc_
FNDA:0,_RINvXs0_NvXNvNtCsfea7MOTEEuD_8callisto14authentications4_1__NtBb_16GooglePublicKeysNtNtCs8pDKiTx8cJZ_5serde2de11Deserialize11deserializeNtB6_9___VisitorNtB1l_7Visitor9visit_seqpEBd_
FNDA:0,_RINvXs0_NvXNvNtCsfea7MOTEEuD_8callisto14authentications4_1__NtBb_16GooglePublicKeysNtNtCs8pDKiTx8cJZ_5serde2de11Deserialize11deserializeNtB6_9___VisitorNtB1l_7Visitor9visit_mappEBd_
FNDA:0,_RINvXNvXNvNtCsfea7MOTEEuD_8callisto14authentications5_1__NtB8_15GooglePublicKeyNtNtCs8pDKiTx8cJZ_5serde2de11Deserialize11deserializeNtB3_14___FieldVisitorNtB1h_7Visitor9visit_u64pEBa_
FNDA:0,_RINvXNvXNvNtCsfea7MOTEEuD_8callisto14authentications5_1__NtB8_15GooglePublicKeyNtNtCs8pDKiTx8cJZ_5serde2de11Deserialize11deserializeNtB3_14___FieldVisitorNtB1h_7Visitor9visit_strpEBa_
FNDA:0,_RINvXNvXNvNtCsfea7MOTEEuD_8callisto14authentications5_1__NtB8_15GooglePublicKeyNtNtCs8pDKiTx8cJZ_5serde2de11Deserialize11deserializeNtB3_14___FieldVisitorNtB1h_7Visitor11visit_bytespEBa_
FNDA:0,_RINvXs_NvXNvNtCsfea7MOTEEuD_8callisto14authentications5_1__NtBa_15GooglePublicKeyNtNtCs8pDKiTx8cJZ_5serde2de11Deserialize11deserializeNtB5_7___FieldB1h_11deserializepEBc_
FNDA:0,_RINvXs0_NvXNvNtCsfea7MOTEEuD_8callisto14authentications5_1__NtBb_15GooglePublicKeyNtNtCs8pDKiTx8cJZ_5serde2de11Deserialize11deserializeNtB6_9___VisitorNtB1k_7Visitor9visit_seqpEBd_
FNDA:0,_RINvXs0_NvXNvNtCsfea7MOTEEuD_8callisto14authentications5_1__NtBb_15GooglePublicKeyNtNtCs8pDKiTx8cJZ_5serde2de11Deserialize11deserializeNtB6_9___VisitorNtB1k_7Visitor9visit_mappEBd_
FNDA:0,_RINvXNvXNvNtCsfea7MOTEEuD_8callisto14authentications6_1__NtB8_17GoogleCredentialsNtNtCs8pDKiTx8cJZ_5serde2de11Deserialize11deserializeNtB3_14___FieldVisitorNtB1j_7Visitor9visit_u64pEBa_
FNDA:0,_RINvXNvXNvNtCsfea7MOTEEuD_8callisto14authentications6_1__NtB8_17GoogleCredentialsNtNtCs8pDKiTx8cJZ_5serde2de11Deserialize11deserializeNtB3_14___FieldVisitorNtB1j_7Visitor11visit_bytespEBa_
FNDA:0,_RINvXNvXNvNtCsfea7MOTEEuD_8callisto14authentications7_1__NtB8_15GoogleCredsJsonNtNtCs8pDKiTx8cJZ_5serde2de11Deserialize11deserializeNtB3_14___FieldVisitorNtB1h_7Visitor9visit_u64pEBa_
FNDA:0,_RINvXNvXNvNtCsfea7MOTEEuD_8callisto14authentications7_1__NtB8_15GoogleCredsJsonNtNtCs8pDKiTx8cJZ_5serde2de11Deserialize11deserializeNtB3_14___FieldVisitorNtB1h_7Visitor11visit_bytespEBa_
FNDA:0,_RNvMNtCsfea7MOTEEuD_8callisto14authenticationNtB2_19GoogleAuthenticator3new
FNDA:0,_RNvMNtCsfea7MOTEEuD_8callisto14authenticationNtB2_19GoogleAuthenticator24fetch_google_public_keys
FNDA:0,_RNvNtCsfea7MOTEEuD_8callisto14authentication33load_google_credentials_from_file
FNDA:0,_RNvNtCsfea7MOTEEuD_8callisto14authentication31load_authorized_users_from_file
FNDA:0,_RNvXs0_NtCsfea7MOTEEuD_8callisto14authenticationNtB5_17TokenTimeoutErrorNtNtCs9f3LFPSIp77_4core3fmt7Display3fmt
FNDA:0,_RNvXs1_NtCsfea7MOTEEuD_8callisto14authenticationNtB5_15InvalidKeyErrorNtNtCs9f3LFPSIp77_4core3fmt7Display3fmt
FNDA:0,_RNvXs3_NtCsfea7MOTEEuD_8callisto14authenticationNtB5_21UnauthorizedUserErrorNtNtCs9f3LFPSIp77_4core3fmt7Display3fmt
FNDA:0,_RNvXs5_NtCsfea7MOTEEuD_8callisto14authenticationNtB5_19GoogleAuthenticatorNtB5_13Authenticator14get_web_server
FNDA:0,_RNvXs5_NtCsfea7MOTEEuD_8callisto14authenticationNtB5_19GoogleAuthenticatorNtB5_13Authenticator17authenticate_user
FNDA:0,_RNvXs5_NtCsfea7MOTEEuD_8callisto14authenticationNtB5_19GoogleAuthenticatorNtB5_13Authenticator20validate_session_key
FNDA:0,_RNvXs5_NtCsfea7MOTEEuD_8callisto14authenticationNtB5_19GoogleAuthenticatorNtB5_13Authenticator19check_authorization
FNDA:0,_RNvXNvXNvNtCsfea7MOTEEuD_8callisto14authentications_1__NtB7_12GoogleClaimsNtNtCs8pDKiTx8cJZ_5serde2de11Deserialize11deserializeNtB2_14___FieldVisitorNtB1c_7Visitor9expecting
FNDA:0,_RNvXs0_NvXNvNtCsfea7MOTEEuD_8callisto14authentications_1__NtBa_12GoogleClaimsNtNtCs8pDKiTx8cJZ_5serde2de11Deserialize11deserializeNtB5_9___VisitorNtB1f_7Visitor9expecting
FNDA:0,_RNvXNvXNvNtCsfea7MOTEEuD_8callisto14authentications1_1__NtB7_18GoogleTokenRequestNtNtCs8pDKiTx8cJZ_5serde2de11Deserialize11deserializeNtB2_14___FieldVisitorNtB1j_7Visitor9expecting
FNDA:0,_RNvXs0_NvXNvNtCsfea7MOTEEuD_8callisto14authentications1_1__NtBa_18GoogleTokenRequestNtNtCs8pDKiTx8cJZ_5serde2de11Deserialize11deserializeNtB5_9___VisitorNtB1m_7Visitor9expecting
FNDA:0,_RNvXNvXNvNtCsfea7MOTEEuD_8callisto14authentications3_1__NtB7_19GoogleTokenResponseNtNtCs8pDKiTx8cJZ_5serde2de11Deserialize11deserializeNtB2_14___FieldVisitorNtB1k_7Visitor9expecting
FNDA:0,_RNvXs0_NvXNvNtCsfea7MOTEEuD_8callisto14authentications3_1__NtBa_19GoogleTokenResponseNtNtCs8pDKiTx8cJZ_5serde2de11Deserialize11deserializeNtB5_9___VisitorNtB1n_7Visitor9expecting
FNDA:0,_RNvXNvXNvNtCsfea7MOTEEuD_8callisto14authentications4_1__NtB7_16GooglePublicKeysNtNtCs8pDKiTx8cJZ_5serde2de11Deserialize11deserializeNtB2_14___FieldVisitorNtB1h_7Visitor9expecting
FNDA:0,_RNvXs0_NvXNvNtCsfea7MOTEEuD_8callisto14authentications4_1__NtBa_16GooglePublicKeysNtNtCs8pDKiTx8cJZ_5serde2de11Deserialize11deserializeNtB5_9___VisitorNtB1k_7Visitor9expecting
FNDA:0,_RNvXNvXNvNtCsfea7MOTEEuD_8callisto14authentications5_1__NtB7_15GooglePublicKeyNtNtCs8pDKiTx8cJZ_5serde2de11Deserialize11deserializeNtB2_14___FieldVisitorNtB1g_7Visitor9expecting
FNDA:0,_RNvXs0_NvXNvNtCsfea7MOTEEuD_8callisto14authentications5_1__NtBa_15GooglePublicKeyNtNtCs8pDKiTx8cJZ_5serde2de11Deserialize11deserializeNtB5_9___VisitorNtB1j_7Visitor9expecting
FNDA:0,_RNvXNvXNvNtCsfea7MOTEEuD_8callisto14authentications6_1__NtB7_17GoogleCredentialsNtNtCs8pDKiTx8cJZ_5serde2de11Deserialize11deserializeNtB2_14___FieldVisitorNtB1i_7Visitor9expecting
FNDA:0,_RNvXs0_NvXNvNtCsfea7MOTEEuD_8callisto14authentications6_1__NtBa_17GoogleCredentialsNtNtCs8pDKiTx8cJZ_5serde2de11Deserialize11deserializeNtB5_9___VisitorNtB1l_7Visitor9expecting
FNDA:0,_RNvXNvXNvNtCsfea7MOTEEuD_8callisto14authentications7_1__NtB7_15GoogleCredsJsonNtNtCs8pDKiTx8cJZ_5serde2de11Deserialize11deserializeNtB2_14___FieldVisitorNtB1g_7Visitor9expecting
FNDA:0,_RNvXs0_NvXNvNtCsfea7MOTEEuD_8callisto14authentications7_1__NtBa_15GoogleCredsJsonNtNtCs8pDKiTx8cJZ_5serde2de11Deserialize11deserializeNtB5_9___VisitorNtB1j_7Visitor9expecting
FNDA:0,_RNvMNtCs7qlPgKAh4Ju_8callisto14authenticationNtB2_19GoogleAuthenticator3new
FNDA:0,_RNCNvMNtCs7qlPgKAh4Ju_8callisto14authenticationNtB4_19GoogleAuthenticator3new0B6_
FNDA:0,_RNCNCNvMNtCs7qlPgKAh4Ju_8callisto14authenticationNtB6_19GoogleAuthenticator3new00B8_
FNDA:0,_RNvMNtCs7qlPgKAh4Ju_8callisto14authenticationNtB2_19GoogleAuthenticator24fetch_google_public_keys
FNDA:0,_RNCNvMNtCs7qlPgKAh4Ju_8callisto14authenticationNtB4_19GoogleAuthenticator24fetch_google_public_keys0B6_
FNDA:0,_RNCNCNvMNtCs7qlPgKAh4Ju_8callisto14authenticationNtB6_19GoogleAuthenticator24fetch_google_public_keys00B8_
FNDA:0,_RNvXs5_NtCs7qlPgKAh4Ju_8callisto14authenticationNtB5_19GoogleAuthenticatorNtB5_13Authenticator14get_web_server
FNDA:0,_RNvXs5_NtCs7qlPgKAh4Ju_8callisto14authenticationNtB5_19GoogleAuthenticatorNtB5_13Authenticator17authenticate_user
FNDA:0,_RNCNvXs5_NtCs7qlPgKAh4Ju_8callisto14authenticationNtB7_19GoogleAuthenticatorNtB7_13Authenticator17authenticate_user0B9_
FNDA:0,_RNCNCNvXs5_NtCs7qlPgKAh4Ju_8callisto14authenticationNtB9_19GoogleAuthenticatorNtB9_13Authenticator17authenticate_user00Bb_
FNDA:0,_RNCNCNvXs5_NtCs7qlPgKAh4Ju_8callisto14authenticationNtB9_19GoogleAuthenticatorNtB9_13Authenticator17authenticate_user0s_0Bb_
FNDA:0,_RNCNCNvXs5_NtCs7qlPgKAh4Ju_8callisto14authenticationNtB9_19GoogleAuthenticatorNtB9_13Authenticator17authenticate_user0s0_0Bb_
FNDA:0,_RNCNCNvXs5_NtCs7qlPgKAh4Ju_8callisto14authenticationNtB9_19GoogleAuthenticatorNtB9_13Authenticator17authenticate_user0s1_0Bb_
FNDA:0,_RNCNCNvXs5_NtCs7qlPgKAh4Ju_8callisto14authenticationNtB9_19GoogleAuthenticatorNtB9_13Authenticator17authenticate_user0s2_0Bb_
FNDA:0,_RNvXs5_NtCs7qlPgKAh4Ju_8callisto14authenticationNtB5_19GoogleAuthenticatorNtB5_13Authenticator20validate_session_key
FNDA:0,_RNvXs5_NtCs7qlPgKAh4Ju_8callisto14authenticationNtB5_19GoogleAuthenticatorNtB5_13Authenticator19check_authorization
FNDA:0,_RNCNvXs5_NtCs7qlPgKAh4Ju_8callisto14authenticationNtB7_19GoogleAuthenticatorNtB7_13Authenticator19check_authorization0B9_
FNDA:0,_RNCNCNvXs5_NtCs7qlPgKAh4Ju_8callisto14authenticationNtB9_19GoogleAuthenticatorNtB9_13Authenticator19check_authorization00Bb_
FNDA:0,_RNvNtCs7qlPgKAh4Ju_8callisto14authentication33load_google_credentials_from_file
FNDA:0,_RNCNvNtCs7qlPgKAh4Ju_8callisto14authentication33load_google_credentials_from_file0B5_
FNDA:0,_RNCNvNtCs7qlPgKAh4Ju_8callisto14authentication33load_google_credentials_from_files_0B5_
FNDA:0,_RNvXs0_NtCs7qlPgKAh4Ju_8callisto14authenticationNtB5_17TokenTimeoutErrorNtNtCs9f3LFPSIp77_4core3fmt7Display3fmt
FNDA:0,_RNvXs1_NtCs7qlPgKAh4Ju_8callisto14authenticationNtB5_15InvalidKeyErrorNtNtCs9f3LFPSIp77_4core3fmt7Display3fmt
FNDA:0,_RNvXs3_NtCs7qlPgKAh4Ju_8callisto14authenticationNtB5_21UnauthorizedUserErrorNtNtCs9f3LFPSIp77_4core3fmt7Display3fmt
FNDA:0,_RNvXNvXNvNtCs7qlPgKAh4Ju_8callisto14authentications_1__NtB7_12GoogleClaimsNtNtCs8pDKiTx8cJZ_5serde2de11Deserialize11deserializeNtB2_14___FieldVisitorNtB1c_7Visitor9expecting
FNDA:0,_RINvXNvXNvNtCs7qlPgKAh4Ju_8callisto14authentications_1__NtB8_12GoogleClaimsNtNtCs8pDKiTx8cJZ_5serde2de11Deserialize11deserializeNtB3_14___FieldVisitorNtB1d_7Visitor9visit_u64pEBa_
FNDA:0,_RINvXNvXNvNtCs7qlPgKAh4Ju_8callisto14authentications_1__NtB8_12GoogleClaimsNtNtCs8pDKiTx8cJZ_5serde2de11Deserialize11deserializeNtB3_14___FieldVisitorNtB1d_7Visitor9visit_strpEBa_
FNDA:0,_RINvXNvXNvNtCs7qlPgKAh4Ju_8callisto14authentications_1__NtB8_12GoogleClaimsNtNtCs8pDKiTx8cJZ_5serde2de11Deserialize11deserializeNtB3_14___FieldVisitorNtB1d_7Visitor11visit_bytespEBa_
FNDA:0,_RINvXs_NvXNvNtCs7qlPgKAh4Ju_8callisto14authentications_1__NtBa_12GoogleClaimsNtNtCs8pDKiTx8cJZ_5serde2de11Deserialize11deserializeNtB5_7___FieldB1d_11deserializepEBc_
FNDA:0,_RNvXs0_NvXNvNtCs7qlPgKAh4Ju_8callisto14authentications_1__NtBa_12GoogleClaimsNtNtCs8pDKiTx8cJZ_5serde2de11Deserialize11deserializeNtB5_9___VisitorNtB1f_7Visitor9expecting
FNDA:0,_RINvXs0_NvXNvNtCs7qlPgKAh4Ju_8callisto14authentications_1__NtBb_12GoogleClaimsNtNtCs8pDKiTx8cJZ_5serde2de11Deserialize11deserializeNtB6_9___VisitorNtB1g_7Visitor9visit_seqpEBd_
FNDA:0,_RINvXs0_NvXNvNtCs7qlPgKAh4Ju_8callisto14authentications_1__NtBb_12GoogleClaimsNtNtCs8pDKiTx8cJZ_5serde2de11Deserialize11deserializeNtB6_9___VisitorNtB1g_7Visitor9visit_mappEBd_
FNDA:0,_RNvXNvXNvNtCs7qlPgKAh4Ju_8callisto14authentications1_1__NtB7_18GoogleTokenRequestNtNtCs8pDKiTx8cJZ_5serde2de11Deserialize11deserializeNtB2_14___FieldVisitorNtB1j_7Visitor9expecting
FNDA:0,_RINvXNvXNvNtCs7qlPgKAh4Ju_8callisto14authentications1_1__NtB8_18GoogleTokenRequestNtNtCs8pDKiTx8cJZ_5serde2de11Deserialize11deserializeNtB3_14___FieldVisitorNtB1k_7Visitor9visit_u64pEBa_
FNDA:0,_RINvXNvXNvNtCs7qlPgKAh4Ju_8callisto14authentications1_1__NtB8_18GoogleTokenRequestNtNtCs8pDKiTx8cJZ_5serde2de11Deserialize11deserializeNtB3_14___FieldVisitorNtB1k_7Visitor9visit_strpEBa_
FNDA:0,_RINvXNvXNvNtCs7qlPgKAh4Ju_8callisto14authentications1_1__NtB8_18GoogleTokenRequestNtNtCs8pDKiTx8cJZ_5serde2de11Deserialize11deserializeNtB3_14___FieldVisitorNtB1k_7Visitor11visit_bytespEBa_
FNDA:0,_RINvXs_NvXNvNtCs7qlPgKAh4Ju_8callisto14authentications1_1__NtBa_18GoogleTokenRequestNtNtCs8pDKiTx8cJZ_5serde2de11Deserialize11deserializeNtB5_7___FieldB1k_11deserializepEBc_
FNDA:0,_RNvXs0_NvXNvNtCs7qlPgKAh4Ju_8callisto14authentications1_1__NtBa_18GoogleTokenRequestNtNtCs8pDKiTx8cJZ_5serde2de11Deserialize11deserializeNtB5_9___VisitorNtB1m_7Visitor9expecting
FNDA:0,_RINvXs0_NvXNvNtCs7qlPgKAh4Ju_8callisto14authentications1_1__NtBb_18GoogleTokenRequestNtNtCs8pDKiTx8cJZ_5serde2de11Deserialize11deserializeNtB6_9___VisitorNtB1n_7Visitor9visit_seqpEBd_
FNDA:0,_RINvXs0_NvXNvNtCs7qlPgKAh4Ju_8callisto14authentications1_1__NtBb_18GoogleTokenRequestNtNtCs8pDKiTx8cJZ_5serde2de11Deserialize11deserializeNtB6_9___VisitorNtB1n_7Visitor9visit_mappEBd_
FNDA:0,_RNvXNvXNvNtCs7qlPgKAh4Ju_8callisto14authentications3_1__NtB7_19GoogleTokenResponseNtNtCs8pDKiTx8cJZ_5serde2de11Deserialize11deserializeNtB2_14___FieldVisitorNtB1k_7Visitor9expecting
FNDA:0,_RINvXNvXNvNtCs7qlPgKAh4Ju_8callisto14authentications3_1__NtB8_19GoogleTokenResponseNtNtCs8pDKiTx8cJZ_5serde2de11Deserialize11deserializeNtB3_14___FieldVisitorNtB1l_7Visitor9visit_u64pEBa_
FNDA:0,_RINvXNvXNvNtCs7qlPgKAh4Ju_8callisto14authentications3_1__NtB8_19GoogleTokenResponseNtNtCs8pDKiTx8cJZ_5serde2de11Deserialize11deserializeNtB3_14___FieldVisitorNtB1l_7Visitor9visit_strpEBa_
FNDA:0,_RINvXNvXNvNtCs7qlPgKAh4Ju_8callisto14authentications3_1__NtB8_19GoogleTokenResponseNtNtCs8pDKiTx8cJZ_5serde2de11Deserialize11deserializeNtB3_14___FieldVisitorNtB1l_7Visitor11visit_bytespEBa_
FNDA:0,_RINvXs_NvXNvNtCs7qlPgKAh4Ju_8callisto14authentications3_1__NtBa_19GoogleTokenResponseNtNtCs8pDKiTx8cJZ_5serde2de11Deserialize11deserializeNtB5_7___FieldB1l_11deserializepEBc_
FNDA:0,_RNvXs0_NvXNvNtCs7qlPgKAh4Ju_8callisto14authentications3_1__NtBa_19GoogleTokenResponseNtNtCs8pDKiTx8cJZ_5serde2de11Deserialize11deserializeNtB5_9___VisitorNtB1n_7Visitor9expecting
FNDA:0,_RINvXs0_NvXNvNtCs7qlPgKAh4Ju_8callisto14authentications3_1__NtBb_19GoogleTokenResponseNtNtCs8pDKiTx8cJZ_5serde2de11Deserialize11deserializeNtB6_9___VisitorNtB1o_7Visitor9visit_seqpEBd_
FNDA:0,_RINvXs0_NvXNvNtCs7qlPgKAh4Ju_8callisto14authentications3_1__NtBb_19GoogleTokenResponseNtNtCs8pDKiTx8cJZ_5serde2de11Deserialize11deserializeNtB6_9___VisitorNtB1o_7Visitor9visit_mappEBd_
FNDA:0,_RNvXNvXNvNtCs7qlPgKAh4Ju_8callisto14authentications4_1__NtB7_16GooglePublicKeysNtNtCs8pDKiTx8cJZ_5serde2de11Deserialize11deserializeNtB2_14___FieldVisitorNtB1h_7Visitor9expecting
FNDA:0,_RINvXNvXNvNtCs7qlPgKAh4Ju_8callisto14authentications4_1__NtB8_16GooglePublicKeysNtNtCs8pDKiTx8cJZ_5serde2de11Deserialize11deserializeNtB3_14___FieldVisitorNtB1i_7Visitor9visit_u64pEBa_
FNDA:0,_RINvXNvXNvNtCs7qlPgKAh4Ju_8callisto14authentications4_1__NtB8_16GooglePublicKeysNtNtCs8pDKiTx8cJZ_5serde2de11Deserialize11deserializeNtB3_14___FieldVisitorNtB1i_7Visitor9visit_strpEBa_
FNDA:0,_RINvXNvXNvNtCs7qlPgKAh4Ju_8callisto14authentications4_1__NtB8_16GooglePublicKeysNtNtCs8pDKiTx8cJZ_5serde2de11Deserialize11deserializeNtB3_14___FieldVisitorNtB1i_7Visitor11visit_bytespEBa_
FNDA:0,_RINvXs_NvXNvNtCs7qlPgKAh4Ju_8callisto14authentications4_1__NtBa_16GooglePublicKeysNtNtCs8pDKiTx8cJZ_5serde2de11Deserialize11deserializeNtB5_7___FieldB1i_11deserializepEBc_
FNDA:0,_RNvXs0_NvXNvNtCs7qlPgKAh4Ju_8callisto14authentications4_1__NtBa_16GooglePublicKeysNtNtCs8pDKiTx8cJZ_5serde2de11Deserialize11deserializeNtB5_9___VisitorNtB1k_7Visitor9expecting
FNDA:0,_RINvXs0_NvXNvNtCs7qlPgKAh4Ju_8callisto14authentications4_1__NtBb_16GooglePublicKeysNtNtCs8pDKiTx8cJZ_5serde2de11Deserialize11deserializeNtB6_9___VisitorNtB1l_7Visitor9visit_seqpEBd_
FNDA:0,_RINvXs0_NvXNvNtCs7qlPgKAh4Ju_8callisto14authentications4_1__NtBb_16GooglePublicKeysNtNtCs8pDKiTx8cJZ_5serde2de11Deserialize11deserializeNtB6_9___VisitorNtB1l_7Visitor9visit_mappEBd_
FNDA:0,_RNvXNvXNvNtCs7qlPgKAh4Ju_8callisto14authentications5_1__NtB7_15GooglePublicKeyNtNtCs8pDKiTx8cJZ_5serde2de11Deserialize11deserializeNtB2_14___FieldVisitorNtB1g_7Visitor9expecting
FNDA:0,_RINvXNvXNvNtCs7qlPgKAh4Ju_8callisto14authentications5_1__NtB8_15GooglePublicKeyNtNtCs8pDKiTx8cJZ_5serde2de11Deserialize11deserializeNtB3_14___FieldVisitorNtB1h_7Visitor9visit_u64pEBa_
FNDA:0,_RINvXNvXNvNtCs7qlPgKAh4Ju_8callisto14authentications5_1__NtB8_15GooglePublicKeyNtNtCs8pDKiTx8cJZ_5serde2de11Deserialize11deserializeNtB3_14___FieldVisitorNtB1h_7Visitor9visit_strpEBa_
FNDA:0,_RINvXNvXNvNtCs7qlPgKAh4Ju_8callisto14authentications5_1__NtB8_15GooglePublicKeyNtNtCs8pDKiTx8cJZ_5serde2de11Deserialize11deserializeNtB3_14___FieldVisitorNtB1h_7Visitor11visit_bytespEBa_
FNDA:0,_RINvXs_NvXNvNtCs7qlPgKAh4Ju_8callisto14authentications5_1__NtBa_15GooglePublicKeyNtNtCs8pDKiTx8cJZ_5serde2de11Deserialize11deserializeNtB5_7___FieldB1h_11deserializepEBc_
FNDA:0,_RNvXs0_NvXNvNtCs7qlPgKAh4Ju_8callisto14authentications5_1__NtBa_15GooglePublicKeyNtNtCs8pDKiTx8cJZ_5serde2de11Deserialize11deserializeNtB5_9___VisitorNtB1j_7Visitor9expecting
FNDA:0,_RINvXs0_NvXNvNtCs7qlPgKAh4Ju_8callisto14authentications5_1__NtBb_15GooglePublicKeyNtNtCs8pDKiTx8cJZ_5serde2de11Deserialize11deserializeNtB6_9___VisitorNtB1k_7Visitor9visit_seqpEBd_
FNDA:0,_RINvXs0_NvXNvNtCs7qlPgKAh4Ju_8callisto14authentications5_1__NtBb_15GooglePublicKeyNtNtCs8pDKiTx8cJZ_5serde2de11Deserialize11deserializeNtB6_9___VisitorNtB1k_7Visitor9visit_mappEBd_
FNDA:0,_RNvXNvXNvNtCs7qlPgKAh4Ju_8callisto14authentications6_1__NtB7_17GoogleCredentialsNtNtCs8pDKiTx8cJZ_5serde2de11Deserialize11deserializeNtB2_14___FieldVisitorNtB1i_7Visitor9expecting
FNDA:0,_RINvXNvXNvNtCs7qlPgKAh4Ju_8callisto14authentications6_1__NtB8_17GoogleCredentialsNtNtCs8pDKiTx8cJZ_5serde2de11Deserialize11deserializeNtB3_14___FieldVisitorNtB1j_7Visitor9visit_u64pEBa_
FNDA:0,_RINvXNvXNvNtCs7qlPgKAh4Ju_8callisto14authentications6_1__NtB8_17GoogleCredentialsNtNtCs8pDKiTx8cJZ_5serde2de11Deserialize11deserializeNtB3_14___FieldVisitorNtB1j_7Visitor9visit_strpEBa_
FNDA:0,_RINvXNvXNvNtCs7qlPgKAh4Ju_8callisto14authentications6_1__NtB8_17GoogleCredentialsNtNtCs8pDKiTx8cJZ_5serde2de11Deserialize11deserializeNtB3_14___FieldVisitorNtB1j_7Visitor11visit_bytespEBa_
FNDA:0,_RINvXs_NvXNvNtCs7qlPgKAh4Ju_8callisto14authentications6_1__NtBa_17GoogleCredentialsNtNtCs8pDKiTx8cJZ_5serde2de11Deserialize11deserializeNtB5_7___FieldB1j_11deserializepEBc_
FNDA:0,_RNvXs0_NvXNvNtCs7qlPgKAh4Ju_8callisto14authentications6_1__NtBa_17GoogleCredentialsNtNtCs8pDKiTx8cJZ_5serde2de11Deserialize11deserializeNtB5_9___VisitorNtB1l_7Visitor9expecting
FNDA:0,_RINvXs0_NvXNvNtCs7qlPgKAh4Ju_8callisto14authentications6_1__NtBb_17GoogleCredentialsNtNtCs8pDKiTx8cJZ_5serde2de11Deserialize11deserializeNtB6_9___VisitorNtB1m_7Visitor9visit_seqpEBd_
FNDA:0,_RINvXs0_NvXNvNtCs7qlPgKAh4Ju_8callisto14authentications6_1__NtBb_17GoogleCredentialsNtNtCs8pDKiTx8cJZ_5serde2de11Deserialize11deserializeNtB6_9___VisitorNtB1m_7Visitor9visit_mappEBd_
FNDA:0,_RNvXNvXNvNtCs7qlPgKAh4Ju_8callisto14authentications7_1__NtB7_15GoogleCredsJsonNtNtCs8pDKiTx8cJZ_5serde2de11Deserialize11deserializeNtB2_14___FieldVisitorNtB1g_7Visitor9expecting
FNDA:0,_RINvXNvXNvNtCs7qlPgKAh4Ju_8callisto14authentications7_1__NtB8_15GoogleCredsJsonNtNtCs8pDKiTx8cJZ_5serde2de11Deserialize11deserializeNtB3_14___FieldVisitorNtB1h_7Visitor9visit_u64pEBa_
FNDA:0,_RINvXNvXNvNtCs7qlPgKAh4Ju_8callisto14authentications7_1__NtB8_15GoogleCredsJsonNtNtCs8pDKiTx8cJZ_5serde2de11Deserialize11deserializeNtB3_14___FieldVisitorNtB1h_7Visitor9visit_strpEBa_
FNDA:0,_RINvXNvXNvNtCs7qlPgKAh4Ju_8callisto14authentications7_1__NtB8_15GoogleCredsJsonNtNtCs8pDKiTx8cJZ_5serde2de11Deserialize11deserializeNtB3_14___FieldVisitorNtB1h_7Visitor11visit_bytespEBa_
FNDA:0,_RINvXs_NvXNvNtCs7qlPgKAh4Ju_8callisto14authentications7_1__NtBa_15GoogleCredsJsonNtNtCs8pDKiTx8cJZ_5serde2de11Deserialize11deserializeNtB5_7___FieldB1h_11deserializepEBc_
FNDA:0,_RNvXs0_NvXNvNtCs7qlPgKAh4Ju_8callisto14authentications7_1__NtBa_15GoogleCredsJsonNtNtCs8pDKiTx8cJZ_5serde2de11Deserialize11deserializeNtB5_9___VisitorNtB1j_7Visitor9expecting
FNDA:0,_RINvXs0_NvXNvNtCs7qlPgKAh4Ju_8callisto14authentications7_1__NtBb_15GoogleCredsJsonNtNtCs8pDKiTx8cJZ_5serde2de11Deserialize11deserializeNtB6_9___VisitorNtB1k_7Visitor9visit_seqpEBd_
FNDA:0,_RINvXs0_NvXNvNtCs7qlPgKAh4Ju_8callisto14authentications7_1__NtBb_15GoogleCredsJsonNtNtCs8pDKiTx8cJZ_5serde2de11Deserialize11deserializeNtB6_9___VisitorNtB1k_7Visitor9visit_mappEBd_
FNDA:2,_RNCNvMNtNtCs7qlPgKAh4Ju_8callisto14authentication5testsNtB4_17MockAuthenticator3new0B8_
FNDA:2,_RNCNvXs_NtNtCs7qlPgKAh4Ju_8callisto14authentication5testsNtB6_17MockAuthenticatorNtB8_13Authenticator17authenticate_user0Ba_
FNDA:0,_RNCNvXs_NtNtCs7qlPgKAh4Ju_8callisto14authentication5testsNtB6_17MockAuthenticatorNtB8_13Authenticator19check_authorization0Ba_
FNDA:0,_RNCNCNvXs_NtNtCs7qlPgKAh4Ju_8callisto14authentication5testsNtB8_17MockAuthenticatorNtBa_13Authenticator19check_authorization00Bc_
FNDA:1,_RNCNvNtNtCs7qlPgKAh4Ju_8callisto14authentication5testss_23test_mock_authenticator0B7_
FNDA:2,_RNvNtCs7qlPgKAh4Ju_8callisto14authentication31load_authorized_users_from_file
FNDA:2,_RNvMNtNtCs7qlPgKAh4Ju_8callisto14authentication5testsNtB2_17MockAuthenticator3new
FNDA:0,_RNvXs_NtNtCs7qlPgKAh4Ju_8callisto14authentication5testsNtB4_17MockAuthenticatorNtB6_13Authenticator14get_web_server
FNDA:2,_RNvXs_NtNtCs7qlPgKAh4Ju_8callisto14authentication5testsNtB4_17MockAuthenticatorNtB6_13Authenticator17authenticate_user
FNDA:2,_RNvXs_NtNtCs7qlPgKAh4Ju_8callisto14authentication5testsNtB4_17MockAuthenticatorNtB6_13Authenticator20validate_session_key
FNDA:0,_RNvXs_NtNtCs7qlPgKAh4Ju_8callisto14authentication5testsNtB4_17MockAuthenticatorNtB6_13Authenticator19check_authorization
FNDA:1,_RNvNtNtCs7qlPgKAh4Ju_8callisto14authentication5testss_23test_mock_authenticator
FNDA:1,_RNvNtNtCs7qlPgKAh4Ju_8callisto14authentication5testss_35test_load_authorized_users_from_gcs
FNDA:1,_RNvNtNCNvNtNtCs7qlPgKAh4Ju_8callisto14authentication5testss_35test_load_authorized_users_from_gcs04init4init
FNDA:1,_RNvNtNtCs7qlPgKAh4Ju_8callisto14authentication5testss_36test_load_authorized_users_from_file
FNDA:1,_RNvNtNCNvNtNtCs7qlPgKAh4Ju_8callisto14authentication5testss_36test_load_authorized_users_from_file04init4init
FNDA:2,_RNCNvNtCs7qlPgKAh4Ju_8callisto14authentication31load_authorized_users_from_file0B5_
FNDA:0,_RNCNCNvNtCs7qlPgKAh4Ju_8callisto14authentication31load_authorized_users_from_file00B7_
FNF:47
FNH:11
DA:58,0
DA:59,0
DA:60,0
DA:61,0
DA:62,0
DA:63,0
DA:64,0
DA:65,0
DA:66,0
DA:67,0
DA:68,0
DA:69,0
DA:70,0
DA:71,0
DA:72,0
DA:73,0
DA:74,0
DA:75,0
DA:76,0
DA:77,0
DA:79,0
DA:80,0
DA:82,0
DA:83,0
DA:84,0
DA:85,0
DA:86,0
DA:87,0
DA:88,0
DA:89,0
DA:93,0
DA:94,0
DA:95,0
DA:96,0
DA:97,0
DA:98,0
DA:99,0
DA:100,0
DA:101,0
DA:102,0
DA:103,0
DA:104,0
DA:105,0
DA:110,0
DA:111,0
DA:112,0
DA:117,0
DA:126,0
DA:127,0
DA:128,0
DA:129,0
DA:130,0
DA:131,0
DA:132,0
DA:133,0
DA:134,0
DA:135,0
DA:136,0
DA:137,0
DA:138,0
DA:139,0
DA:140,0
DA:141,0
DA:142,0
DA:144,0
DA:145,0
DA:146,0
DA:147,0
DA:148,0
DA:149,0
DA:152,0
DA:153,0
DA:154,0
DA:155,0
DA:156,0
DA:157,0
DA:158,0
DA:159,0
DA:160,0
DA:161,0
DA:162,0
DA:163,0
DA:164,0
DA:165,0
DA:166,0
DA:167,0
DA:168,0
DA:169,0
DA:170,0
DA:171,0
DA:172,0
DA:173,0
DA:174,0
DA:175,0
DA:176,0
DA:177,0
DA:178,0
DA:181,0
DA:182,0
DA:183,0
DA:184,0
DA:185,0
DA:186,0
DA:187,0
DA:188,0
DA:196,0
DA:197,0
DA:198,0
DA:199,0
DA:200,0
DA:201,0
DA:202,0
DA:203,0
DA:206,0
DA:208,0
DA:209,0
DA:214,0
DA:215,0
DA:216,0
DA:217,0
DA:218,0
DA:219,0
DA:220,0
DA:221,0
DA:222,0
DA:223,0
DA:224,0
DA:225,0
DA:226,0
DA:227,0
DA:228,0
DA:229,0
DA:230,0
DA:231,0
DA:232,0
DA:233,0
DA:234,0
DA:235,0
DA:236,0
DA:237,0
DA:238,0
DA:239,0
DA:240,0
DA:241,0
DA:242,0
DA:243,0
DA:244,0
DA:245,0
DA:246,0
DA:252,0
DA:253,0
DA:254,0
DA:256,0
DA:258,0
DA:263,0
DA:264,0
DA:265,0
DA:266,0
DA:267,0
DA:268,0
DA:269,0
DA:270,0
DA:271,0
DA:272,0
DA:273,0
DA:274,0
DA:275,0
DA:276,0
DA:277,0
DA:278,0
DA:279,0
DA:280,0
DA:281,0
DA:283,0
DA:284,0
DA:285,0
DA:286,0
DA:289,0
DA:290,0
DA:291,0
DA:292,0
DA:294,0
DA:299,0
DA:300,0
DA:301,0
DA:302,0
DA:303,0
DA:304,0
DA:305,0
DA:306,0
DA:307,0
DA:308,0
DA:309,0
DA:310,0
DA:311,0
DA:312,0
DA:313,0
DA:314,0
DA:315,0
DA:317,2
DA:318,2
DA:319,2
DA:320,2
DA:321,2
DA:322,2
DA:323,2
DA:333,0
DA:334,0
DA:335,0
DA:342,0
DA:343,0
DA:344,0
DA:353,0
DA:354,0
DA:355,0
DA:361,0
DA:373,0
DA:382,0
DA:392,0
DA:397,0
DA:405,0
DA:416,0
DA:434,2
DA:435,2
DA:436,2
DA:437,2
DA:438,2
DA:439,2
DA:444,0
DA:445,0
DA:446,0
DA:451,2
DA:452,2
DA:453,2
DA:454,2
DA:455,2
DA:456,2
DA:457,2
DA:458,2
DA:459,4
DA:461,2
DA:462,2
DA:463,1
DA:465,1
DA:467,2
DA:472,0
DA:473,0
DA:474,0
DA:475,0
DA:476,0
DA:477,0
DA:478,0
DA:479,0
DA:480,0
DA:481,0
DA:485,1
DA:486,1
DA:487,1
DA:488,1
DA:489,1
DA:490,1
DA:491,1
DA:492,1
DA:493,1
DA:494,1
DA:495,1
DA:496,1
DA:497,1
DA:498,1
DA:499,1
DA:500,1
DA:501,1
DA:502,1
DA:503,1
DA:504,1
DA:505,1
DA:506,1
DA:507,1
DA:508,1
DA:509,1
DA:510,1
DA:515,2
DA:528,2
BRF:0
BRH:0
LF:323
LH:77
end_of_record
SF:/Users/dan/dev/callisto/callisto/src/combat.rs
FN:17,_RNvNtCsfea7MOTEEuD_8callisto6combat4roll
FN:21,_RNvNtCsfea7MOTEEuD_8callisto6combat9roll_dice
FN:25,_RNvNtCsfea7MOTEEuD_8callisto6combat17task_chain_impact
FN:36,_RNvNtCsfea7MOTEEuD_8callisto6combat6attack
FN:236,_RNvNtCsfea7MOTEEuD_8callisto6combat11do_critical
FN:253,_RNvNtCsfea7MOTEEuD_8callisto6combat10apply_crit
FN:521,_RNvNtCsfea7MOTEEuD_8callisto6combat15find_range_band
FN:529,_RNvNtCsfea7MOTEEuD_8callisto6combat15do_fire_actions
FN:689,_RNvNtCsfea7MOTEEuD_8callisto6combat18create_sand_counts
FN:22,_RNCNvNtCsfea7MOTEEuD_8callisto6combat9roll_dice0B5_
FN:387,_RNCNvNtCsfea7MOTEEuD_8callisto6combat10apply_crit0B5_
FN:401,_RNCNvNtCsfea7MOTEEuD_8callisto6combat10apply_crits_0B5_
FN:403,_RNCNvNtCsfea7MOTEEuD_8callisto6combat10apply_crits0_0B5_
FN:524,_RNCNvNtCsfea7MOTEEuD_8callisto6combat15find_range_band0B5_
FN:549,_RNCNvNtCsfea7MOTEEuD_8callisto6combat15do_fire_actions0B5_
FN:692,_RNCNvNtCsfea7MOTEEuD_8callisto6combat18create_sand_counts0B5_
FN:699,_RNCNCNvNtCsfea7MOTEEuD_8callisto6combat18create_sand_counts00B7_
FN:740,_RNvNtNtCs7qlPgKAh4Ju_8callisto6combat5testss_25test_missile_fire_actions
FN:740,_RNvNtNvNtNtCs7qlPgKAh4Ju_8callisto6combat5testss_25test_missile_fire_actions4init4init
FN:855,_RNvNtNtCs7qlPgKAh4Ju_8callisto6combat5testss_15test_apply_crit
FN:855,_RNvNtNvNtNtCs7qlPgKAh4Ju_8callisto6combat5testss_15test_apply_crit4init4init
FN:1093,_RNvNtNtCs7qlPgKAh4Ju_8callisto6combat5testss_11test_attack
FN:1093,_RNvNtNvNtNtCs7qlPgKAh4Ju_8callisto6combat5testss_11test_attack4init4init
FN:836,_RNCNvNtNtCs7qlPgKAh4Ju_8callisto6combat5testss_25test_missile_fire_actions0B7_
FN:873,_RNCNvNtNtCs7qlPgKAh4Ju_8callisto6combat5testss_15test_apply_crit0B7_
FN:926,_RNCNvNtNtCs7qlPgKAh4Ju_8callisto6combat5testss_15test_apply_crits_0B7_
FN:937,_RNCNvNtNtCs7qlPgKAh4Ju_8callisto6combat5testss_15test_apply_crits0_0B7_
FN:955,_RNCNvNtNtCs7qlPgKAh4Ju_8callisto6combat5testss_15test_apply_crits1_0B7_
FN:1000,_RNCNvNtNtCs7qlPgKAh4Ju_8callisto6combat5testss_15test_apply_crits2_0B7_
FN:1013,_RNCNvNtNtCs7qlPgKAh4Ju_8callisto6combat5testss_15test_apply_crits3_0B7_
FN:1056,_RNCNvNtNtCs7qlPgKAh4Ju_8callisto6combat5testss_15test_apply_crits4_0B7_
FN:1066,_RNCNvNtNtCs7qlPgKAh4Ju_8callisto6combat5testss_15test_apply_crits5_0B7_
FN:1326,_RNCNvNtNtCs7qlPgKAh4Ju_8callisto6combat5testss_11test_attack0B7_
FN:1210,_RNCNvNtNtCs7qlPgKAh4Ju_8callisto6combat5testss_11test_attacks_0B7_
FN:1218,_RNCNvNtNtCs7qlPgKAh4Ju_8callisto6combat5testss_11test_attacks0_0B7_
FN:1232,_RNCNvNtNtCs7qlPgKAh4Ju_8callisto6combat5testss_11test_attacks1_0B7_
FN:1238,_RNCNvNtNtCs7qlPgKAh4Ju_8callisto6combat5testss_11test_attacks2_0B7_
FN:1286,_RNCNvNtNtCs7qlPgKAh4Ju_8callisto6combat5testss_11test_attacks3_0B7_
FN:1305,_RNCNvNtNtCs7qlPgKAh4Ju_8callisto6combat5testss_11test_attacks4_0B7_
FN:1356,_RNCNvNtNtCs7qlPgKAh4Ju_8callisto6combat5testss_11test_attacks5_0B7_
FN:17,_RNvNtCs7qlPgKAh4Ju_8callisto6combat4roll
FN:21,_RNvNtCs7qlPgKAh4Ju_8callisto6combat9roll_dice
FN:25,_RNvNtCs7qlPgKAh4Ju_8callisto6combat17task_chain_impact
FN:36,_RNvNtCs7qlPgKAh4Ju_8callisto6combat6attack
FN:236,_RNvNtCs7qlPgKAh4Ju_8callisto6combat11do_critical
FN:253,_RNvNtCs7qlPgKAh4Ju_8callisto6combat10apply_crit
FN:521,_RNvNtCs7qlPgKAh4Ju_8callisto6combat15find_range_band
FN:529,_RNvNtCs7qlPgKAh4Ju_8callisto6combat15do_fire_actions
FN:689,_RNvNtCs7qlPgKAh4Ju_8callisto6combat18create_sand_counts
FN:22,_RNCNvNtCs7qlPgKAh4Ju_8callisto6combat9roll_dice0B5_
FN:387,_RNCNvNtCs7qlPgKAh4Ju_8callisto6combat10apply_crit0B5_
FN:401,_RNCNvNtCs7qlPgKAh4Ju_8callisto6combat10apply_crits_0B5_
FN:403,_RNCNvNtCs7qlPgKAh4Ju_8callisto6combat10apply_crits0_0B5_
FN:524,_RNCNvNtCs7qlPgKAh4Ju_8callisto6combat15find_range_band0B5_
FN:549,_RNCNvNtCs7qlPgKAh4Ju_8callisto6combat15do_fire_actions0B5_
FN:692,_RNCNvNtCs7qlPgKAh4Ju_8callisto6combat18create_sand_counts0B5_
FN:699,_RNCNCNvNtCs7qlPgKAh4Ju_8callisto6combat18create_sand_counts00B7_
FNDA:0,_RNvNtCsfea7MOTEEuD_8callisto6combat4roll
FNDA:0,_RNvNtCsfea7MOTEEuD_8callisto6combat9roll_dice
FNDA:0,_RNvNtCsfea7MOTEEuD_8callisto6combat17task_chain_impact
FNDA:0,_RNvNtCsfea7MOTEEuD_8callisto6combat6attack
FNDA:0,_RNvNtCsfea7MOTEEuD_8callisto6combat11do_critical
FNDA:0,_RNvNtCsfea7MOTEEuD_8callisto6combat10apply_crit
FNDA:0,_RNvNtCsfea7MOTEEuD_8callisto6combat15find_range_band
FNDA:0,_RNvNtCsfea7MOTEEuD_8callisto6combat15do_fire_actions
FNDA:0,_RNvNtCsfea7MOTEEuD_8callisto6combat18create_sand_counts
FNDA:0,_RNCNvNtCsfea7MOTEEuD_8callisto6combat9roll_dice0B5_
FNDA:0,_RNCNvNtCsfea7MOTEEuD_8callisto6combat10apply_crit0B5_
FNDA:0,_RNCNvNtCsfea7MOTEEuD_8callisto6combat10apply_crits_0B5_
FNDA:0,_RNCNvNtCsfea7MOTEEuD_8callisto6combat10apply_crits0_0B5_
FNDA:0,_RNCNvNtCsfea7MOTEEuD_8callisto6combat15find_range_band0B5_
FNDA:0,_RNCNvNtCsfea7MOTEEuD_8callisto6combat15do_fire_actions0B5_
FNDA:0,_RNCNvNtCsfea7MOTEEuD_8callisto6combat18create_sand_counts0B5_
FNDA:0,_RNCNCNvNtCsfea7MOTEEuD_8callisto6combat18create_sand_counts00B7_
FNDA:1,_RNvNtNtCs7qlPgKAh4Ju_8callisto6combat5testss_25test_missile_fire_actions
FNDA:1,_RNvNtNvNtNtCs7qlPgKAh4Ju_8callisto6combat5testss_25test_missile_fire_actions4init4init
FNDA:1,_RNvNtNtCs7qlPgKAh4Ju_8callisto6combat5testss_15test_apply_crit
FNDA:1,_RNvNtNvNtNtCs7qlPgKAh4Ju_8callisto6combat5testss_15test_apply_crit4init4init
FNDA:1,_RNvNtNtCs7qlPgKAh4Ju_8callisto6combat5testss_11test_attack
FNDA:1,_RNvNtNvNtNtCs7qlPgKAh4Ju_8callisto6combat5testss_11test_attack4init4init
FNDA:3,_RNCNvNtNtCs7qlPgKAh4Ju_8callisto6combat5testss_25test_missile_fire_actions0B7_
FNDA:6,_RNCNvNtNtCs7qlPgKAh4Ju_8callisto6combat5testss_15test_apply_crit0B7_
FNDA:6,_RNCNvNtNtCs7qlPgKAh4Ju_8callisto6combat5testss_15test_apply_crits_0B7_
FNDA:6,_RNCNvNtNtCs7qlPgKAh4Ju_8callisto6combat5testss_15test_apply_crits0_0B7_
FNDA:6,_RNCNvNtNtCs7qlPgKAh4Ju_8callisto6combat5testss_15test_apply_crits1_0B7_
FNDA:6,_RNCNvNtNtCs7qlPgKAh4Ju_8callisto6combat5testss_15test_apply_crits2_0B7_
FNDA:6,_RNCNvNtNtCs7qlPgKAh4Ju_8callisto6combat5testss_15test_apply_crits3_0B7_
FNDA:6,_RNCNvNtNtCs7qlPgKAh4Ju_8callisto6combat5testss_15test_apply_crits4_0B7_
FNDA:6,_RNCNvNtNtCs7qlPgKAh4Ju_8callisto6combat5testss_15test_apply_crits5_0B7_
FNDA:5,_RNCNvNtNtCs7qlPgKAh4Ju_8callisto6combat5testss_11test_attack0B7_
FNDA:4,_RNCNvNtNtCs7qlPgKAh4Ju_8callisto6combat5testss_11test_attacks_0B7_
FNDA:10,_RNCNvNtNtCs7qlPgKAh4Ju_8callisto6combat5testss_11test_attacks0_0B7_
FNDA:8,_RNCNvNtNtCs7qlPgKAh4Ju_8callisto6combat5testss_11test_attacks1_0B7_
FNDA:1,_RNCNvNtNtCs7qlPgKAh4Ju_8callisto6combat5testss_11test_attacks2_0B7_
FNDA:1,_RNCNvNtNtCs7qlPgKAh4Ju_8callisto6combat5testss_11test_attacks3_0B7_
FNDA:3,_RNCNvNtNtCs7qlPgKAh4Ju_8callisto6combat5testss_11test_attacks4_0B7_
FNDA:2,_RNCNvNtNtCs7qlPgKAh4Ju_8callisto6combat5testss_11test_attacks5_0B7_
FNDA:1153,_RNvNtCs7qlPgKAh4Ju_8callisto6combat4roll
FNDA:418,_RNvNtCs7qlPgKAh4Ju_8callisto6combat9roll_dice
FNDA:2,_RNvNtCs7qlPgKAh4Ju_8callisto6combat17task_chain_impact
FNDA:81,_RNvNtCs7qlPgKAh4Ju_8callisto6combat6attack
FNDA:179,_RNvNtCs7qlPgKAh4Ju_8callisto6combat11do_critical
FNDA:264,_RNvNtCs7qlPgKAh4Ju_8callisto6combat10apply_crit
FNDA:48,_RNvNtCs7qlPgKAh4Ju_8callisto6combat15find_range_band
FNDA:14,_RNvNtCs7qlPgKAh4Ju_8callisto6combat15do_fire_actions
FNDA:20,_RNvNtCs7qlPgKAh4Ju_8callisto6combat18create_sand_counts
FNDA:1125,_RNCNvNtCs7qlPgKAh4Ju_8callisto6combat9roll_dice0B5_
FNDA:93,_RNCNvNtCs7qlPgKAh4Ju_8callisto6combat10apply_crit0B5_
FNDA:61,_RNCNvNtCs7qlPgKAh4Ju_8callisto6combat10apply_crits_0B5_
FNDA:21,_RNCNvNtCs7qlPgKAh4Ju_8callisto6combat10apply_crits0_0B5_
FNDA:48,_RNCNvNtCs7qlPgKAh4Ju_8callisto6combat15find_range_band0B5_
FNDA:55,_RNCNvNtCs7qlPgKAh4Ju_8callisto6combat15do_fire_actions0B5_
FNDA:40,_RNCNvNtCs7qlPgKAh4Ju_8callisto6combat18create_sand_counts0B5_
FNDA:138,_RNCNCNvNtCs7qlPgKAh4Ju_8callisto6combat18create_sand_counts00B7_
FNF:40
FNH:40
DA:17,1153
DA:18,1153
DA:19,1153
DA:21,418
DA:22,1125
DA:23,418
DA:25,2
DA:26,2
DA:27,2
DA:28,2
DA:29,0
DA:30,0
DA:31,2
DA:32,0
DA:34,2
DA:36,81
DA:37,81
DA:38,81
DA:39,81
DA:40,81
DA:41,81
DA:42,81
DA:43,81
DA:44,81
DA:50,81
DA:57,3
DA:58,3
DA:60,78
DA:63,81
DA:64,48
DA:65,48
DA:66,48
DA:68,33
DA:82,81
DA:83,81
DA:84,81
DA:85,81
DA:86,81
DA:91,23
DA:92,23
DA:93,23
DA:94,23
DA:95,23
DA:96,23
DA:97,58
DA:98,58
DA:99,58
DA:100,58
DA:101,58
DA:102,58
DA:103,58
DA:104,58
DA:105,58
DA:106,58
DA:107,58
DA:108,58
DA:109,58
DA:110,58
DA:111,58
DA:112,58
DA:113,58
DA:114,58
DA:115,58
DA:116,58
DA:117,58
DA:118,58
DA:119,58
DA:120,58
DA:121,58
DA:122,58
DA:123,58
DA:124,58
DA:125,58
DA:126,58
DA:127,58
DA:128,58
DA:129,11
DA:130,11
DA:131,11
DA:132,11
DA:133,11
DA:134,11
DA:135,47
DA:138,47
DA:140,13
DA:141,13
DA:142,13
DA:143,13
DA:144,13
DA:145,13
DA:146,13
DA:147,13
DA:148,13
DA:149,13
DA:150,13
DA:151,13
DA:154,34
DA:155,24
DA:156,24
DA:157,24
DA:158,7
DA:159,7
DA:160,7
DA:161,3
DA:162,1
DA:163,1
DA:164,1
DA:165,1
DA:166,1
DA:167,1
DA:168,1
DA:169,1
DA:170,1
DA:173,34
DA:174,34
DA:175,34
DA:176,34
DA:177,34
DA:178,34
DA:179,34
DA:180,34
DA:181,34
DA:182,34
DA:183,34
DA:184,34
DA:185,34
DA:186,34
DA:197,47
DA:198,47
DA:199,47
DA:200,9
DA:201,9
DA:202,9
DA:203,9
DA:204,9
DA:205,9
DA:206,9
DA:207,9
DA:208,9
DA:209,9
DA:210,9
DA:211,9
DA:212,38
DA:213,47
DA:214,47
DA:215,47
DA:216,47
DA:217,47
DA:218,47
DA:219,47
DA:220,47
DA:221,47
DA:222,47
DA:223,47
DA:224,47
DA:225,47
DA:226,47
DA:227,47
DA:228,170
DA:229,170
DA:230,170
DA:232,47
DA:233,47
DA:234,81
DA:236,179
DA:237,179
DA:238,179
DA:239,179
DA:240,179
DA:241,179
DA:242,179
DA:243,179
DA:244,179
DA:245,179
DA:246,179
DA:247,179
DA:248,179
DA:249,179
DA:250,179
DA:251,179
DA:253,264
DA:254,264
DA:255,264
DA:256,264
DA:257,264
DA:258,264
DA:259,264
DA:260,264
DA:261,264
DA:262,264
DA:263,59
DA:264,59
DA:265,59
DA:266,59
DA:267,59
DA:268,59
DA:269,59
DA:270,59
DA:271,59
DA:272,59
DA:273,59
DA:274,59
DA:275,59
DA:276,59
DA:277,59
DA:278,59
DA:280,205
DA:281,205
DA:282,205
DA:285,3
DA:286,3
DA:287,3
DA:288,3
DA:289,3
DA:292,2
DA:293,2
DA:294,2
DA:295,2
DA:296,2
DA:299,8
DA:300,2
DA:301,2
DA:302,2
DA:303,2
DA:304,2
DA:306,6
DA:307,6
DA:308,6
DA:309,6
DA:310,6
DA:311,6
DA:315,3
DA:316,3
DA:317,3
DA:318,3
DA:319,3
DA:320,3
DA:323,2
DA:324,2
DA:325,2
DA:326,2
DA:327,2
DA:329,9
DA:330,7
DA:331,7
DA:332,7
DA:333,7
DA:334,7
DA:335,7
DA:337,2
DA:338,2
DA:339,2
DA:340,2
DA:341,2
DA:342,2
DA:343,2
DA:344,2
DA:345,2
DA:346,2
DA:347,2
DA:348,2
DA:349,2
DA:351,18
DA:352,12
DA:353,5
DA:354,4
DA:355,3
DA:356,0
DA:358,12
DA:359,12
DA:360,12
DA:361,12
DA:362,12
DA:363,12
DA:365,6
DA:366,6
DA:367,6
DA:368,6
DA:369,6
DA:370,6
DA:371,6
DA:372,6
DA:373,6
DA:374,6
DA:375,6
DA:376,6
DA:377,6
DA:380,7
DA:381,7
DA:382,7
DA:383,7
DA:384,7
DA:386,23
DA:387,93
DA:388,23
DA:389,21
DA:390,21
DA:391,21
DA:392,21
DA:393,21
DA:394,21
DA:395,21
DA:396,21
DA:397,21
DA:398,21
DA:399,21
DA:400,21
DA:401,61
DA:402,21
DA:403,21
DA:404,21
DA:405,21
[...]
FNDA:9,_RINvXs_NvXNvNtCsfea7MOTEEuD_8callisto4ship1__NtBa_4ShipNtNtCs8pDKiTx8cJZ_5serde3ser9Serialize9serializeNtB5_s_15___SerializeWithBR_9serializeNtNtNtCse3EK68OXEkC_10serde_json5value3ser10SerializerECsiKzLYERcMkT_9webserver
FNDA:92,_RINvXs_NvXNvNtCsfea7MOTEEuD_8callisto4ships1_1__NtBa_18ShipDesignTemplateNtNtCs8pDKiTx8cJZ_5serde2de11Deserialize11deserializeNtB5_7___FieldB19_11deserializeINtNtCse3EK68OXEkC_10serde_json2de6MapKeyNtNtB2A_4read7StrReadEECsiKzLYERcMkT_9webserver
FNDA:460,_RINvXs_NvXNvNtCsfea7MOTEEuD_8callisto4ships1_1__NtBa_18ShipDesignTemplateNtNtCs8pDKiTx8cJZ_5serde2de11Deserialize11deserializeNtB5_7___FieldB19_11deserializeINtNtCse3EK68OXEkC_10serde_json2de6MapKeyNtNtB2A_4read9SliceReadEECsiKzLYERcMkT_9webserver
FNDA:72,_RINvXs_NvXNvNtCsfea7MOTEEuD_8callisto4ships3_1__NtBa_6WeaponNtNtCs8pDKiTx8cJZ_5serde2de11Deserialize11deserializeNtB5_7___FieldBW_11deserializeINtNtCse3EK68OXEkC_10serde_json2de6MapKeyNtNtB2m_4read7StrReadEECsiKzLYERcMkT_9webserver
FNDA:360,_RINvXs_NvXNvNtCsfea7MOTEEuD_8callisto4ships3_1__NtBa_6WeaponNtNtCs8pDKiTx8cJZ_5serde2de11Deserialize11deserializeNtB5_7___FieldBW_11deserializeINtNtCse3EK68OXEkC_10serde_json2de6MapKeyNtNtB2m_4read9SliceReadEECsiKzLYERcMkT_9webserver
FNDA:36,_RINvXs_NvXNvNtCsfea7MOTEEuD_8callisto4ships5_1__NtBa_11WeaponMountNtNtCs8pDKiTx8cJZ_5serde2de11Deserialize11deserializeNtB5_7___FieldB12_11deserializeQINtNtCse3EK68OXEkC_10serde_json2de12DeserializerNtNtB2u_4read7StrReadEECsiKzLYERcMkT_9webserver
FNDA:180,_RINvXs_NvXNvNtCsfea7MOTEEuD_8callisto4ships5_1__NtBa_11WeaponMountNtNtCs8pDKiTx8cJZ_5serde2de11Deserialize11deserializeNtB5_7___FieldB12_11deserializeQINtNtCse3EK68OXEkC_10serde_json2de12DeserializerNtNtB2u_4read9SliceReadEECsiKzLYERcMkT_9webserver
FNDA:1,_RINvXs_NvXNvNtCsfea7MOTEEuD_8callisto4ships7_1__NtBa_7BaySizeNtNtCs8pDKiTx8cJZ_5serde2de11Deserialize11deserializeNtB5_7___FieldBX_11deserializeQINtNtCse3EK68OXEkC_10serde_json2de12DeserializerNtNtB2o_4read7StrReadEECsiKzLYERcMkT_9webserver
FNDA:5,_RINvXs_NvXNvNtCsfea7MOTEEuD_8callisto4ships7_1__NtBa_7BaySizeNtNtCs8pDKiTx8cJZ_5serde2de11Deserialize11deserializeNtB5_7___FieldBX_11deserializeQINtNtCse3EK68OXEkC_10serde_json2de12DeserializerNtNtB2o_4read9SliceReadEECsiKzLYERcMkT_9webserver
FNDA:36,_RINvXs_NvXNvNtCsfea7MOTEEuD_8callisto4ships9_1__NtBa_10WeaponTypeNtNtCs8pDKiTx8cJZ_5serde2de11Deserialize11deserializeNtB5_7___FieldB11_11deserializeQINtNtCse3EK68OXEkC_10serde_json2de12DeserializerNtNtB2t_4read7StrReadEECsiKzLYERcMkT_9webserver
FNDA:180,_RINvXs_NvXNvNtCsfea7MOTEEuD_8callisto4ships9_1__NtBa_10WeaponTypeNtNtCs8pDKiTx8cJZ_5serde2de11Deserialize11deserializeNtB5_7___FieldB11_11deserializeQINtNtCse3EK68OXEkC_10serde_json2de12DeserializerNtNtB2t_4read9SliceReadEECsiKzLYERcMkT_9webserver
FNDA:35,_RINvXs_NvXNvNtCsfea7MOTEEuD_8callisto4shipsb_1__NtBa_7SensorsNtNtCs8pDKiTx8cJZ_5serde2de11Deserialize11deserializeNtB5_7___FieldBX_11deserializeQINtNtCse3EK68OXEkC_10serde_json2de12DeserializerNtNtB2o_4read9SliceReadEECsiKzLYERcMkT_9webserver
FNDA:1,_RINvXs_NvXNvNtCsfea7MOTEEuD_8callisto4shipsd_1__NtBa_7StealthNtNtCs8pDKiTx8cJZ_5serde2de11Deserialize11deserializeNtB5_7___FieldBX_11deserializeQINtNtCse3EK68OXEkC_10serde_json2de12DeserializerNtNtB2o_4read7StrReadEECsiKzLYERcMkT_9webserver
FNDA:5,_RINvXs_NvXNvNtCsfea7MOTEEuD_8callisto4shipsd_1__NtBa_7StealthNtNtCs8pDKiTx8cJZ_5serde2de11Deserialize11deserializeNtB5_7___FieldBX_11deserializeQINtNtCse3EK68OXEkC_10serde_json2de12DeserializerNtNtB2o_4read9SliceReadEECsiKzLYERcMkT_9webserver
FNDA:9,_RNCINvMNvNtCsfea7MOTEEuD_8callisto4shipse_1__NtB7_16TemplateNameOnly9serializeNtNtNtCse3EK68OXEkC_10serde_json5value3ser10SerializerE0CsiKzLYERcMkT_9webserver
FNDA:4,_RNCNCNvNtCsfea7MOTEEuD_8callisto4ship26config_test_ship_templates00CsiKzLYERcMkT_9webserver
FNDA:35,_RNCNCNvNtCsfea7MOTEEuD_8callisto4ship29load_ship_templates_from_file00CsiKzLYERcMkT_9webserver
FNDA:5,_RNCNvNtCsfea7MOTEEuD_8callisto4ship26config_test_ship_templates0CsiKzLYERcMkT_9webserver
FNDA:5,_RNCNvNtCsfea7MOTEEuD_8callisto4ship29load_ship_templates_from_file0CsiKzLYERcMkT_9webserver
FNF:135
FNH:135
DA:23,15
DA:25,990
DA:80,2772
DA:98,3024
DA:104,2016
DA:111,56
DA:118,2016
DA:127,480
DA:137,56
DA:145,179
DA:161,74
DA:162,74
DA:163,74
DA:164,74
DA:165,74
DA:166,74
DA:167,74
DA:168,74
DA:169,74
DA:170,74
DA:171,74
DA:172,74
DA:173,74
DA:174,74
DA:175,74
DA:176,74
DA:177,74
DA:178,74
DA:179,74
DA:180,74
DA:181,74
DA:182,74
DA:183,74
DA:184,74
DA:185,74
DA:186,74
DA:187,74
DA:188,74
DA:189,74
DA:190,74
DA:192,2
DA:193,2
DA:194,2
DA:195,2
DA:196,2
DA:197,2
DA:198,2
DA:199,2
DA:200,2
DA:201,2
DA:202,2
DA:203,2
DA:204,2
DA:205,2
DA:207,13
DA:208,13
DA:209,13
DA:210,13
DA:211,13
DA:212,13
DA:213,13
DA:214,13
DA:215,11
DA:216,4
DA:217,3
DA:218,3
DA:220,1
DA:221,1
DA:222,1
DA:223,1
DA:226,7
DA:227,7
DA:230,2
DA:232,13
DA:234,39
DA:235,39
DA:236,39
DA:237,39
DA:238,39
DA:239,39
DA:240,39
DA:243,39
DA:245,122
DA:246,122
DA:247,122
DA:249,143
DA:250,143
DA:251,143
DA:253,106
DA:254,106
DA:255,106
DA:257,58
DA:258,58
DA:259,58
DA:261,55
DA:262,55
DA:263,55
DA:265,98
DA:266,98
DA:267,98
DA:269,1
DA:270,1
DA:271,1
DA:273,11
DA:274,11
DA:275,11
DA:276,11
DA:277,11
DA:278,11
DA:279,11
DA:280,11
DA:281,11
DA:282,11
DA:283,11
DA:284,11
DA:285,11
DA:286,2
DA:287,2
DA:288,2
DA:289,2
DA:290,2
DA:291,2
DA:292,2
DA:293,2
DA:294,2
DA:295,2
DA:296,2
DA:297,2
DA:299,9
DA:300,6
DA:301,6
DA:304,9
DA:305,5
DA:307,1
DA:308,1
DA:309,1
DA:310,1
DA:311,1
DA:312,1
DA:314,4
DA:315,4
DA:318,4
DA:321,11
DA:323,3
DA:324,3
DA:325,0
DA:326,3
DA:327,3
DA:328,3
DA:330,16
DA:331,16
DA:332,16
DA:333,38
DA:334,38
DA:335,38
DA:336,38
DA:338,87
DA:339,87
DA:340,87
DA:344,4
DA:345,4
DA:346,4
DA:350,1084
DA:351,1084
DA:352,1084
DA:354,1
DA:355,1
DA:356,1
DA:358,504
DA:359,504
DA:360,504
DA:362,3
DA:363,3
DA:364,3
DA:366,142
DA:367,142
DA:368,142
DA:370,1
DA:371,1
DA:372,1
DA:374,48
DA:375,48
DA:376,48
DA:377,48
DA:378,48
DA:380,2
DA:381,46
DA:382,46
DA:383,46
DA:384,37
DA:385,37
DA:386,37
DA:387,37
DA:390,9
DA:391,9
DA:392,9
DA:394,9
DA:395,9
DA:396,9
DA:397,9
DA:398,9
DA:399,9
DA:400,9
DA:401,9
DA:402,9
DA:403,9
DA:404,9
DA:405,9
DA:406,9
DA:407,9
DA:408,9
DA:410,46
DA:411,48
DA:428,57
DA:429,50
DA:430,50
DA:431,50
DA:432,50
DA:436,27
DA:437,27
DA:438,27
DA:439,27
DA:440,27
DA:443,27
DA:444,27
DA:445,189
DA:446,189
DA:447,189
DA:448,189
DA:449,27
DA:450,27
DA:451,27
DA:452,27
DA:455,27
DA:457,27
DA:458,27
DA:459,27
DA:460,27
DA:461,25
DA:462,27
DA:463,27
DA:468,44
DA:469,44
DA:470,44
DA:472,44
DA:473,44
DA:474,0
DA:475,2
DA:476,7
DA:477,34
DA:478,1
DA:481,44
DA:482,1
DA:483,43
DA:484,43
DA:485,43
DA:486,43
DA:487,43
DA:488,43
DA:489,44
DA:493,19
DA:494,19
DA:495,19
DA:499,19
DA:500,19
DA:502,1
DA:504,2
DA:506,1
DA:509,1
DA:511,2
DA:513,1
DA:516,1
DA:519,2
DA:521,2
DA:522,1
DA:523,3
DA:524,1
DA:525,1
DA:527,19
DA:531,5
DA:532,5
DA:533,2
DA:535,3
DA:537,5
DA:540,10
DA:541,10
DA:542,2
DA:543,2
DA:544,2
DA:545,2
DA:546,2
DA:548,10
DA:552,18
DA:553,18
DA:554,4
DA:555,4
DA:556,4
DA:557,3
DA:558,3
DA:560,18
DA:566,10
DA:567,10
DA:568,10
DA:569,4
DA:571,6
DA:573,10
DA:577,4
DA:578,4
DA:579,1
DA:580,1
DA:581,1
DA:582,1
DA:584,4
DA:588,6
DA:589,6
DA:590,2
DA:591,2
DA:592,1
DA:593,1
DA:595,6
DA:599,11
DA:600,11
DA:601,11
DA:605,89
DA:606,89
DA:607,18
DA:608,19
DA:609,26
DA:610,10
DA:611,16
DA:613,89
DA:617,21
DA:618,21
DA:619,1
DA:620,13
DA:621,2
DA:622,0
DA:623,0
DA:625,1
DA:626,1
DA:627,2
DA:628,2
DA:630,1
DA:632,21
DA:636,5
DA:637,5
DA:638,5
DA:642,11
DA:643,11
DA:644,1
DA:645,1
DA:646,1
DA:647,1
DA:648,1
DA:649,1
DA:650,1
DA:651,1
DA:652,1
DA:653,1
DA:654,1
DA:656,11
DA:663,2
DA:664,2
DA:665,2
DA:669,1
DA:670,1
DA:671,1
DA:675,1
DA:676,1
DA:677,1
DA:681,118
DA:685,463
DA:686,463
DA:687,463
DA:691,75
DA:692,75
DA:693,75
DA:697,217
DA:698,217
DA:699,58
DA:700,217
DA:702,59
DA:713,4
DA:714,4
DA:715,4
DA:717,26
DA:718,26
DA:719,26
DA:723,259
DA:724,259
DA:725,259
DA:729,54
DA:730,54
DA:731,54
DA:734,7
DA:735,7
DA:736,7
DA:737,7
DA:739,11
DA:740,11
DA:741,11
DA:743,62
DA:744,62
DA:745,62
DA:747,2
DA:748,2
DA:749,2
DA:751,46
DA:752,46
DA:753,46
DA:755,13
DA:756,13
DA:757,2
DA:758,11
DA:760,13
DA:761,4
DA:762,2
DA:763,2
DA:764,9
DA:765,13
DA:770,71
DA:771,71
DA:775,40
DA:776,40
DA:777,2
DA:781,2
DA:782,2
DA:783,2
DA:784,2
DA:785,2
DA:786,2
DA:787,2
DA:788,2
DA:789,2
DA:790,1
DA:792,1
DA:799,29
DA:800,29
DA:801,29
DA:802,29
DA:804,71
DA:806,114
DA:807,114
DA:808,103
DA:810,11
DA:812,114
DA:816,28
DA:817,28
DA:818,28
DA:819,28
DA:820,28
DA:821,28
DA:822,28
DA:823,28
DA:824,28
DA:825,28
DA:826,28
DA:827,28
DA:828,28
DA:829,28
DA:830,28
DA:831,28
DA:832,28
DA:833,28
DA:834,28
DA:835,28
DA:836,28
DA:837,28
DA:838,28
DA:839,28
DA:840,28
DA:841,28
DA:842,28
DA:843,28
DA:844,28
DA:845,28
DA:846,28
DA:847,28
DA:848,28
DA:849,28
DA:850,28
DA:854,77
DA:855,77
DA:856,2
DA:857,2
DA:858,2
DA:859,2
DA:860,2
DA:861,2
DA:862,2
DA:863,2
DA:864,2
DA:865,2
DA:866,2
DA:867,2
DA:868,2
DA:869,2
DA:870,2
DA:871,2
DA:872,2
DA:873,2
DA:874,2
DA:875,2
DA:876,2
DA:877,2
DA:878,2
DA:879,2
DA:880,2
DA:881,2
DA:882,2
DA:883,2
DA:884,2
DA:885,2
DA:886,2
DA:887,2
DA:888,2
DA:889,2
DA:890,9
DA:892,68
DA:895,72
DA:896,72
DA:897,72
DA:898,52
DA:899,36
DA:900,26
DA:901,4
DA:903,68
DA:911,1
DA:952,1
DA:993,1
DA:997,9
DA:1002,1
DA:1006,4
DA:1011,1
DA:1021,1
DA:1067,1
DA:1109,1
DA:1162,1
DA:1213,1
DA:1272,1
DA:1297,1
DA:1352,1
DA:1391,1
DA:1412,1
DA:1444,1
DA:1516,1
DA:1537,1
DA:1621,1
DA:1622,1
DA:1623,1
DA:1624,1
DA:1625,1
DA:1626,1
DA:1629,1
DA:1630,1
DA:1631,1
DA:1632,1
DA:1633,1
DA:1634,1
DA:1637,1
DA:1638,1
DA:1639,1
DA:1640,1
DA:1641,1
DA:1643,1
DA:1644,1
DA:1645,1
DA:1646,1
DA:1649,1
DA:1650,1
DA:1651,1
DA:1652,1
DA:1653,1
DA:1654,1
DA:1655,1
DA:1658,1
DA:1659,1
DA:1660,1
DA:1661,1
DA:1662,1
DA:1664,1
DA:1665,1
DA:1666,1
DA:1667,1
DA:1670,1
DA:1671,1
DA:1672,1
DA:1673,1
DA:1674,1
DA:1675,1
DA:1676,1
DA:1677,1
DA:1678,1
DA:1680,6
DA:1681,5
DA:1682,5
DA:1684,1
DA:1687,1
DA:1688,1
DA:1689,1
DA:1690,1
DA:1691,1
DA:1692,1
DA:1693,1
DA:1694,1
DA:1695,1
DA:1696,1
DA:1697,1
DA:1698,1
DA:1699,1
DA:1700,1
DA:1701,1
DA:1702,1
DA:1703,1
DA:1704,1
DA:1705,1
DA:1706,1
DA:1709,1
DA:1716,1
DA:1717,1
DA:1718,1
DA:1719,1
DA:1722,1
DA:1723,1
DA:1724,1
DA:1725,1
DA:1728,1
DA:1729,1
DA:1730,1
DA:1731,1
DA:1734,1
DA:1735,1
DA:1736,1
DA:1737,1
DA:1738,1
DA:1739,1
DA:1740,1
DA:1741,1
DA:1742,1
DA:1743,1
DA:1744,1
DA:1745,1
DA:1746,1
DA:1747,1
DA:1749,12
DA:1750,11
DA:1752,1
BRF:0
BRH:0
LF:680
LH:676
end_of_record
SF:/Users/dan/dev/callisto/callisto/src/tests.rs
FN:26,_RNvNtCs7qlPgKAh4Ju_8callisto5tests22setup_test_with_server
FN:36,_RNvNtCs7qlPgKAh4Ju_8callisto5testss_15test_simple_get
FN:36,_RNvNtNCNvNtCs7qlPgKAh4Ju_8callisto5testss_15test_simple_get04init4init
FN:46,_RNvNtCs7qlPgKAh4Ju_8callisto5testss_13test_add_ship
FN:46,_RNvNtNCNvNtCs7qlPgKAh4Ju_8callisto5testss_13test_add_ship04init4init
FN:82,_RNvNtCs7qlPgKAh4Ju_8callisto5testss_20test_add_planet_ship
FN:82,_RNvNtNCNvNtCs7qlPgKAh4Ju_8callisto5testss_20test_add_planet_ship04init4init
FN:247,_RNvNtCs7qlPgKAh4Ju_8callisto5testss_16test_update_ship
FN:247,_RNvNtNCNvNtCs7qlPgKAh4Ju_8callisto5testss_16test_update_ship04init4init
FN:274,_RNvNtCs7qlPgKAh4Ju_8callisto5testss_19test_update_missile
FN:274,_RNvNtNCNvNtCs7qlPgKAh4Ju_8callisto5testss_19test_update_missile04init4init
FN:352,_RNvNtCs7qlPgKAh4Ju_8callisto5testss_16test_remove_ship
FN:352,_RNvNtNCNvNtCs7qlPgKAh4Ju_8callisto5testss_16test_remove_ship04init4init
FN:376,_RNvNtCs7qlPgKAh4Ju_8callisto5testss_21test_set_acceleration
FN:376,_RNvNtNCNvNtCs7qlPgKAh4Ju_8callisto5testss_21test_set_acceleration04init4init
FN:411,_RNvNtCs7qlPgKAh4Ju_8callisto5testss_23test_compute_path_basic
FN:411,_RNvNtNCNvNtCs7qlPgKAh4Ju_8callisto5testss_23test_compute_path_basic04init4init
FN:473,_RNvNtCs7qlPgKAh4Ju_8callisto5testss_31test_compute_path_with_standoff
FN:473,_RNvNtNCNvNtCs7qlPgKAh4Ju_8callisto5testss_31test_compute_path_with_standoff04init4init
FN:532,_RNvNtCs7qlPgKAh4Ju_8callisto5testss_22test_exhausted_missile
FN:532,_RNvNtNCNvNtCs7qlPgKAh4Ju_8callisto5testss_22test_exhausted_missile04init4init
FN:581,_RNvNtCs7qlPgKAh4Ju_8callisto5testss_17test_destroy_ship
FN:581,_RNvNtNCNvNtCs7qlPgKAh4Ju_8callisto5testss_17test_destroy_ship04init4init
FN:622,_RNvNtCs7qlPgKAh4Ju_8callisto5testss_14test_big_fight
FN:622,_RNvNtNCNvNtCs7qlPgKAh4Ju_8callisto5testss_14test_big_fight04init4init
FN:722,_RNvNtCs7qlPgKAh4Ju_8callisto5testss_20test_fight_with_crew
FN:722,_RNvNtNCNvNtCs7qlPgKAh4Ju_8callisto5testss_20test_fight_with_crew04init4init
FN:832,_RNvNtCs7qlPgKAh4Ju_8callisto5testss_13test_slugfest
FN:832,_RNvNtNCNvNtCs7qlPgKAh4Ju_8callisto5testss_13test_slugfest04init4init
FN:925,_RNvNtCs7qlPgKAh4Ju_8callisto5testss_17test_get_entities
FN:925,_RNvNtNCNvNtCs7qlPgKAh4Ju_8callisto5testss_17test_get_entities04init4init
FN:992,_RNvNtCs7qlPgKAh4Ju_8callisto5testss_16test_get_designs
FN:992,_RNvNtNCNvNtCs7qlPgKAh4Ju_8callisto5testss_16test_get_designs04init4init
FN:1002,_RNvNtCs7qlPgKAh4Ju_8callisto5testss_25test_missile_impact_close
FN:1002,_RNvNtNCNvNtCs7qlPgKAh4Ju_8callisto5testss_25test_missile_impact_close04init4init
FN:1094,_RNvNtCs7qlPgKAh4Ju_8callisto5testss_16test_set_agility
FN:1094,_RNvNtNCNvNtCs7qlPgKAh4Ju_8callisto5testss_16test_set_agility04init4init
FN:1137,_RNvNtCs7qlPgKAh4Ju_8callisto5testss_32test_set_crew_actions_aid_gunner
FN:1137,_RNvNtNCNvNtCs7qlPgKAh4Ju_8callisto5testss_32test_set_crew_actions_aid_gunner04init4init
FN:1201,_RNvNtCs7qlPgKAh4Ju_8callisto5testss_18test_load_scenario
FN:26,_RNCNvNtCs7qlPgKAh4Ju_8callisto5tests22setup_test_with_server0B5_
FN:303,_RNCNCNvNtCs7qlPgKAh4Ju_8callisto5testss_19test_update_missile00B7_
FN:574,_RNCNCNvNtCs7qlPgKAh4Ju_8callisto5testss_22test_exhausted_missile00B7_
FN:667,_RNCNCNvNtCs7qlPgKAh4Ju_8callisto5testss_14test_big_fight00B7_
FN:676,_RNCNCNvNtCs7qlPgKAh4Ju_8callisto5testss_14test_big_fight0s_0B7_
FN:685,_RNCNCNvNtCs7qlPgKAh4Ju_8callisto5testss_14test_big_fight0s0_0B7_
FN:777,_RNCNCNvNtCs7qlPgKAh4Ju_8callisto5testss_20test_fight_with_crew00B7_
FN:786,_RNCNCNvNtCs7qlPgKAh4Ju_8callisto5testss_20test_fight_with_crew0s_0B7_
FN:795,_RNCNCNvNtCs7qlPgKAh4Ju_8callisto5testss_20test_fight_with_crew0s0_0B7_
FN:1031,_RNCNCNvNtCs7qlPgKAh4Ju_8callisto5testss_25test_missile_impact_close00B7_
FN:1040,_RNCNCNvNtCs7qlPgKAh4Ju_8callisto5testss_25test_missile_impact_close0s_0B7_
FN:1071,_RNCNCNvNtCs7qlPgKAh4Ju_8callisto5testss_25test_missile_impact_close0s0_0B7_
FN:1080,_RNCNCNvNtCs7qlPgKAh4Ju_8callisto5testss_25test_missile_impact_close0s1_0B7_
FN:1201,_RNCNvNtCs7qlPgKAh4Ju_8callisto5testss_18test_load_scenario0B5_
FNDA:20,_RNvNtCs7qlPgKAh4Ju_8callisto5tests22setup_test_with_server
FNDA:1,_RNvNtCs7qlPgKAh4Ju_8callisto5testss_15test_simple_get
FNDA:1,_RNvNtNCNvNtCs7qlPgKAh4Ju_8callisto5testss_15test_simple_get04init4init
FNDA:1,_RNvNtCs7qlPgKAh4Ju_8callisto5testss_13test_add_ship
FNDA:1,_RNvNtNCNvNtCs7qlPgKAh4Ju_8callisto5testss_13test_add_ship04init4init
FNDA:1,_RNvNtCs7qlPgKAh4Ju_8callisto5testss_20test_add_planet_ship
FNDA:1,_RNvNtNCNvNtCs7qlPgKAh4Ju_8callisto5testss_20test_add_planet_ship04init4init
FNDA:1,_RNvNtCs7qlPgKAh4Ju_8callisto5testss_16test_update_ship
FNDA:1,_RNvNtNCNvNtCs7qlPgKAh4Ju_8callisto5testss_16test_update_ship04init4init
FNDA:1,_RNvNtCs7qlPgKAh4Ju_8callisto5testss_19test_update_missile
FNDA:1,_RNvNtNCNvNtCs7qlPgKAh4Ju_8callisto5testss_19test_update_missile04init4init
FNDA:1,_RNvNtCs7qlPgKAh4Ju_8callisto5testss_16test_remove_ship
FNDA:1,_RNvNtNCNvNtCs7qlPgKAh4Ju_8callisto5testss_16test_remove_ship04init4init
FNDA:1,_RNvNtCs7qlPgKAh4Ju_8callisto5testss_21test_set_acceleration
FNDA:1,_RNvNtNCNvNtCs7qlPgKAh4Ju_8callisto5testss_21test_set_acceleration04init4init
FNDA:1,_RNvNtCs7qlPgKAh4Ju_8callisto5testss_23test_compute_path_basic
FNDA:1,_RNvNtNCNvNtCs7qlPgKAh4Ju_8callisto5testss_23test_compute_path_basic04init4init
FNDA:1,_RNvNtCs7qlPgKAh4Ju_8callisto5testss_31test_compute_path_with_standoff
FNDA:1,_RNvNtNCNvNtCs7qlPgKAh4Ju_8callisto5testss_31test_compute_path_with_standoff04init4init
FNDA:1,_RNvNtCs7qlPgKAh4Ju_8callisto5testss_22test_exhausted_missile
FNDA:1,_RNvNtNCNvNtCs7qlPgKAh4Ju_8callisto5testss_22test_exhausted_missile04init4init
FNDA:1,_RNvNtCs7qlPgKAh4Ju_8callisto5testss_17test_destroy_ship
FNDA:1,_RNvNtNCNvNtCs7qlPgKAh4Ju_8callisto5testss_17test_destroy_ship04init4init
FNDA:1,_RNvNtCs7qlPgKAh4Ju_8callisto5testss_14test_big_fight
FNDA:1,_RNvNtNCNvNtCs7qlPgKAh4Ju_8callisto5testss_14test_big_fight04init4init
FNDA:1,_RNvNtCs7qlPgKAh4Ju_8callisto5testss_20test_fight_with_crew
FNDA:1,_RNvNtNCNvNtCs7qlPgKAh4Ju_8callisto5testss_20test_fight_with_crew04init4init
FNDA:1,_RNvNtCs7qlPgKAh4Ju_8callisto5testss_13test_slugfest
FNDA:1,_RNvNtNCNvNtCs7qlPgKAh4Ju_8callisto5testss_13test_slugfest04init4init
FNDA:1,_RNvNtCs7qlPgKAh4Ju_8callisto5testss_17test_get_entities
FNDA:1,_RNvNtNCNvNtCs7qlPgKAh4Ju_8callisto5testss_17test_get_entities04init4init
FNDA:1,_RNvNtCs7qlPgKAh4Ju_8callisto5testss_16test_get_designs
FNDA:1,_RNvNtNCNvNtCs7qlPgKAh4Ju_8callisto5testss_16test_get_designs04init4init
FNDA:1,_RNvNtCs7qlPgKAh4Ju_8callisto5testss_25test_missile_impact_close
FNDA:1,_RNvNtNCNvNtCs7qlPgKAh4Ju_8callisto5testss_25test_missile_impact_close04init4init
FNDA:1,_RNvNtCs7qlPgKAh4Ju_8callisto5testss_16test_set_agility
FNDA:1,_RNvNtNCNvNtCs7qlPgKAh4Ju_8callisto5testss_16test_set_agility04init4init
FNDA:1,_RNvNtCs7qlPgKAh4Ju_8callisto5testss_32test_set_crew_actions_aid_gunner
FNDA:1,_RNvNtNCNvNtCs7qlPgKAh4Ju_8callisto5testss_32test_set_crew_actions_aid_gunner04init4init
FNDA:1,_RNvNtCs7qlPgKAh4Ju_8callisto5testss_18test_load_scenario
FNDA:20,_RNCNvNtCs7qlPgKAh4Ju_8callisto5tests22setup_test_with_server0B5_
FNDA:5,_RNCNCNvNtCs7qlPgKAh4Ju_8callisto5testss_19test_update_missile00B7_
FNDA:3,_RNCNCNvNtCs7qlPgKAh4Ju_8callisto5testss_22test_exhausted_missile00B7_
FNDA:22,_RNCNCNvNtCs7qlPgKAh4Ju_8callisto5testss_14test_big_fight00B7_
FNDA:6,_RNCNCNvNtCs7qlPgKAh4Ju_8callisto5testss_14test_big_fight0s_0B7_
FNDA:7,_RNCNCNvNtCs7qlPgKAh4Ju_8callisto5testss_14test_big_fight0s0_0B7_
FNDA:21,_RNCNCNvNtCs7qlPgKAh4Ju_8callisto5testss_20test_fight_with_crew00B7_
FNDA:4,_RNCNCNvNtCs7qlPgKAh4Ju_8callisto5testss_20test_fight_with_crew0s_0B7_
FNDA:5,_RNCNCNvNtCs7qlPgKAh4Ju_8callisto5testss_20test_fight_with_crew0s0_0B7_
FNDA:5,_RNCNCNvNtCs7qlPgKAh4Ju_8callisto5testss_25test_missile_impact_close00B7_
FNDA:5,_RNCNCNvNtCs7qlPgKAh4Ju_8callisto5testss_25test_missile_impact_close0s_0B7_
FNDA:5,_RNCNCNvNtCs7qlPgKAh4Ju_8callisto5testss_25test_missile_impact_close0s0_0B7_
FNDA:5,_RNCNCNvNtCs7qlPgKAh4Ju_8callisto5testss_25test_missile_impact_close0s1_0B7_
FNDA:1,_RNCNvNtCs7qlPgKAh4Ju_8callisto5testss_18test_load_scenario0B5_
FNF:35
FNH:35
DA:26,20
DA:27,20
DA:28,20
DA:30,20
DA:31,20
DA:36,2
DA:46,2
DA:82,2
DA:247,2
DA:274,2
DA:303,5
DA:352,2
DA:376,2
DA:411,2
DA:473,2
DA:532,2
DA:574,3
DA:581,2
DA:622,2
DA:667,22
DA:668,22
DA:669,15
DA:671,7
DA:673,22
DA:676,6
DA:677,6
DA:678,6
DA:679,6
DA:680,6
DA:685,7
DA:722,2
DA:777,21
DA:778,21
DA:779,16
DA:781,5
DA:783,21
DA:786,4
DA:787,4
DA:788,4
DA:789,4
DA:790,4
DA:795,5
DA:832,2
DA:925,2
DA:992,2
DA:1002,2
DA:1031,5
DA:1040,5
DA:1071,5
DA:1080,5
DA:1094,2
DA:1137,2
DA:1201,1
DA:1202,1
DA:1203,1
DA:1204,1
DA:1205,1
DA:1206,1
DA:1207,1
DA:1208,1
DA:1209,1
DA:1210,1
DA:1211,1
DA:1212,1
DA:1213,1
DA:1214,1
DA:1215,1
DA:1216,1
DA:1217,1
DA:1218,1
DA:1219,1
DA:1220,1
DA:1221,1
DA:1222,1
DA:1223,1
DA:1224,1
DA:1225,1
DA:1226,1
DA:1227,1
DA:1228,1
DA:1229,1
DA:1230,1
DA:1231,1
DA:1232,1
DA:1233,1
DA:1234,1
DA:1235,1
DA:1236,1
DA:1237,1
DA:1238,1
DA:1239,1
DA:1240,1
DA:1241,1
DA:1242,1
DA:1243,1
DA:1244,1
DA:1245,1
DA:1246,1
DA:1247,1
DA:1248,1
DA:1249,1
DA:1250,1
DA:1251,1
DA:1252,1
DA:1253,1
DA:1254,1
DA:1255,1
DA:1256,1
DA:1257,1
DA:1258,1
DA:1259,1
DA:1260,1
DA:1261,1
DA:1262,1
DA:1263,1
DA:1264,1
DA:1265,1
DA:1266,1
BRF:0
BRH:0
LF:161
LH:161
end_of_record