SF:/Users/dan/dev/callisto/callisto/src/authentication.rs
FN:381,_RINvXNvXNvNtCs4o3bEHjQXtz_8callisto14authentications3_1__NtB8_19GoogleTokenResponseNtNtCslPV0GBxWL6G_5serde2de11Deserialize11deserializeNtB3_14___FieldVisitorNtB1l_7Visitor9visit_strNtNtCsluz68QKaPup_10serde_json5error5ErrorECsbvs0OSPDwx5_8callisto
FN:391,_RINvXNvXNvNtCs4o3bEHjQXtz_8callisto14authentications4_1__NtB8_16GooglePublicKeysNtNtCslPV0GBxWL6G_5serde2de11Deserialize11deserializeNtB3_14___FieldVisitorNtB1i_7Visitor9visit_strNtNtCsluz68QKaPup_10serde_json5error5ErrorECsbvs0OSPDwx5_8callisto
FN:396,_RINvXNvXNvNtCs4o3bEHjQXtz_8callisto14authentications5_1__NtB8_15GooglePublicKeyNtNtCslPV0GBxWL6G_5serde2de11Deserialize11deserializeNtB3_14___FieldVisitorNtB1h_7Visitor9visit_strNtNtCsluz68QKaPup_10serde_json5error5ErrorECsbvs0OSPDwx5_8callisto
FN:360,_RINvXNvXNvNtCs4o3bEHjQXtz_8callisto14authentications_1__NtB8_12GoogleClaimsNtNtCslPV0GBxWL6G_5serde2de11Deserialize11deserializeNtB3_14___FieldVisitorNtB1d_7Visitor9visit_strNtNtCsluz68QKaPup_10serde_json5error5ErrorECsbvs0OSPDwx5_8callisto
FN:381,_RINvXs0_NvXNvNtCs4o3bEHjQXtz_8callisto14authentications3_1__NtBb_19GoogleTokenResponseNtNtCslPV0GBxWL6G_5serde2de11Deserialize11deserializeNtB6_9___VisitorNtB1o_7Visitor9visit_mapINtNtCsluz68QKaPup_10serde_json2de9MapAccessNtNtB2W_4read7StrReadEECsbvs0OSPDwx5_8callisto
FN:381,_RINvXs0_NvXNvNtCs4o3bEHjQXtz_8callisto14authentications3_1__NtBb_19GoogleTokenResponseNtNtCslPV0GBxWL6G_5serde2de11Deserialize11deserializeNtB6_9___VisitorNtB1o_7Visitor9visit_seqINtNtCsluz68QKaPup_10serde_json2de9SeqAccessNtNtB2W_4read7StrReadEECsbvs0OSPDwx5_8callisto
FN:391,_RINvXs0_NvXNvNtCs4o3bEHjQXtz_8callisto14authentications4_1__NtBb_16GooglePublicKeysNtNtCslPV0GBxWL6G_5serde2de11Deserialize11deserializeNtB6_9___VisitorNtB1l_7Visitor9visit_mapINtNtCsluz68QKaPup_10serde_json2de9MapAccessNtNtB2T_4read7StrReadEECsbvs0OSPDwx5_8callisto
FN:391,_RINvXs0_NvXNvNtCs4o3bEHjQXtz_8callisto14authentications4_1__NtBb_16GooglePublicKeysNtNtCslPV0GBxWL6G_5serde2de11Deserialize11deserializeNtB6_9___VisitorNtB1l_7Visitor9visit_seqINtNtCsluz68QKaPup_10serde_json2de9SeqAccessNtNtB2T_4read7StrReadEECsbvs0OSPDwx5_8callisto
FN:396,_RINvXs0_NvXNvNtCs4o3bEHjQXtz_8callisto14authentications5_1__NtBb_15GooglePublicKeyNtNtCslPV0GBxWL6G_5serde2de11Deserialize11deserializeNtB6_9___VisitorNtB1k_7Visitor9visit_mapINtNtCsluz68QKaPup_10serde_json2de9MapAccessNtNtB2S_4read7StrReadEECsbvs0OSPDwx5_8callisto
FN:396,_RINvXs0_NvXNvNtCs4o3bEHjQXtz_8callisto14authentications5_1__NtBb_15GooglePublicKeyNtNtCslPV0GBxWL6G_5serde2de11Deserialize11deserializeNtB6_9___VisitorNtB1k_7Visitor9visit_seqINtNtCsluz68QKaPup_10serde_json2de9SeqAccessNtNtB2S_4read7StrReadEECsbvs0OSPDwx5_8callisto
FN:360,_RINvXs0_NvXNvNtCs4o3bEHjQXtz_8callisto14authentications_1__NtBb_12GoogleClaimsNtNtCslPV0GBxWL6G_5serde2de11Deserialize11deserializeNtB6_9___VisitorNtB1g_7Visitor9visit_mapINtNtCsluz68QKaPup_10serde_json2de9MapAccessNtNtB2O_4read9SliceReadEECsbvs0OSPDwx5_8callisto
FN:360,_RINvXs0_NvXNvNtCs4o3bEHjQXtz_8callisto14authentications_1__NtBb_12GoogleClaimsNtNtCslPV0GBxWL6G_5serde2de11Deserialize11deserializeNtB6_9___VisitorNtB1g_7Visitor9visit_seqINtNtCsluz68QKaPup_10serde_json2de9SeqAccessNtNtB2O_4read9SliceReadEECsbvs0OSPDwx5_8callisto
FN:381,_RINvXs_NvXNvNtCs4o3bEHjQXtz_8callisto14authentications3_1__NtBa_19GoogleTokenResponseNtNtCslPV0GBxWL6G_5serde2de11Deserialize11deserializeNtB5_7___FieldB1l_11deserializeINtNtCsluz68QKaPup_10serde_json2de6MapKeyNtNtB2M_4read7StrReadEECsbvs0OSPDwx5_8callisto
FN:391,_RINvXs_NvXNvNtCs4o3bEHjQXtz_8callisto14authentications4_1__NtBa_16GooglePublicKeysNtNtCslPV0GBxWL6G_5serde2de11Deserialize11deserializeNtB5_7___FieldB1i_11deserializeINtNtCsluz68QKaPup_10serde_json2de6MapKeyNtNtB2J_4read7StrReadEECsbvs0OSPDwx5_8callisto
FN:396,_RINvXs_NvXNvNtCs4o3bEHjQXtz_8callisto14authentications5_1__NtBa_15GooglePublicKeyNtNtCslPV0GBxWL6G_5serde2de11Deserialize11deserializeNtB5_7___FieldB1h_11deserializeINtNtCsluz68QKaPup_10serde_json2de6MapKeyNtNtB2I_4read7StrReadEECsbvs0OSPDwx5_8callisto
FN:360,_RINvXs_NvXNvNtCs4o3bEHjQXtz_8callisto14authentications_1__NtBa_12GoogleClaimsNtNtCslPV0GBxWL6G_5serde2de11Deserialize11deserializeNtB5_7___FieldB1d_11deserializeINtNtCsluz68QKaPup_10serde_json2de6MapKeyNtNtB2E_4read9SliceReadEECsbvs0OSPDwx5_8callisto
FN:93,_RNCNCNvMNtCs4o3bEHjQXtz_8callisto14authenticationNtB6_13Authenticator24authenticate_google_user00Csbvs0OSPDwx5_8callisto
FN:116,_RNCNCNvMNtCs4o3bEHjQXtz_8callisto14authenticationNtB6_13Authenticator24authenticate_google_user0s0_0Csbvs0OSPDwx5_8callisto
FN:122,_RNCNCNvMNtCs4o3bEHjQXtz_8callisto14authenticationNtB6_13Authenticator24authenticate_google_user0s1_0Csbvs0OSPDwx5_8callisto
FN:133,_RNCNCNvMNtCs4o3bEHjQXtz_8callisto14authenticationNtB6_13Authenticator24authenticate_google_user0s2_0Csbvs0OSPDwx5_8callisto
FN:106,_RNCNCNvMNtCs4o3bEHjQXtz_8callisto14authenticationNtB6_13Authenticator24authenticate_google_user0s_0Csbvs0OSPDwx5_8callisto
FN:255,_RNCNCNvMNtCs4o3bEHjQXtz_8callisto14authenticationNtB6_13Authenticator24fetch_google_public_keys00Csbvs0OSPDwx5_8callisto
FN:36,_RNCNCNvMNtCs4o3bEHjQXtz_8callisto14authenticationNtB6_13Authenticator3new00Csbvs0OSPDwx5_8callisto
FN:289,_RNCNCNvNtCs4o3bEHjQXtz_8callisto14authentication31load_authorized_users_from_file00Csbvs0OSPDwx5_8callisto
FN:317,_RNCNCNvNtCs4o3bEHjQXtz_8callisto14authentication31load_authorized_users_from_file0s0_0Csbvs0OSPDwx5_8callisto
FN:308,_RNCNCNvNtCs4o3bEHjQXtz_8callisto14authentication31load_authorized_users_from_file0s_0Csbvs0OSPDwx5_8callisto
FN:199,_RNCNvMNtCs4o3bEHjQXtz_8callisto14authenticationNtB4_13Authenticator19check_authorization0Csbvs0OSPDwx5_8callisto
FN:58,_RNCNvMNtCs4o3bEHjQXtz_8callisto14authenticationNtB4_13Authenticator24authenticate_google_user0Csbvs0OSPDwx5_8callisto
FN:238,_RNCNvMNtCs4o3bEHjQXtz_8callisto14authenticationNtB4_13Authenticator24fetch_google_public_keys0Csbvs0OSPDwx5_8callisto
FN:35,_RNCNvMNtCs4o3bEHjQXtz_8callisto14authenticationNtB4_13Authenticator3new0Csbvs0OSPDwx5_8callisto
FN:287,_RNCNvNtCs4o3bEHjQXtz_8callisto14authentication31load_authorized_users_from_file0Csbvs0OSPDwx5_8callisto
FN:35,_RNvMNtCs4o3bEHjQXtz_8callisto14authenticationNtB2_13Authenticator3new
FN:55,_RNvMNtCs4o3bEHjQXtz_8callisto14authenticationNtB2_13Authenticator24authenticate_google_user
FN:188,_RNvMNtCs4o3bEHjQXtz_8callisto14authenticationNtB2_13Authenticator20validate_session_key
FN:196,_RNvMNtCs4o3bEHjQXtz_8callisto14authenticationNtB2_13Authenticator19check_authorization
FN:238,_RNvMNtCs4o3bEHjQXtz_8callisto14authenticationNtB2_13Authenticator24fetch_google_public_keys
FN:266,_RNvNtCs4o3bEHjQXtz_8callisto14authentication33load_google_credentials_from_file
FN:284,_RNvNtCs4o3bEHjQXtz_8callisto14authentication31load_authorized_users_from_file
FN:343,_RNvXs0_NtCs4o3bEHjQXtz_8callisto14authenticationNtB5_17TokenTimeoutErrorNtNtCslxZGBWDpKxU_4core3fmt7Display3fmt
FN:352,_RNvXs1_NtCs4o3bEHjQXtz_8callisto14authenticationNtB5_15InvalidKeyErrorNtNtCslxZGBWDpKxU_4core3fmt7Display3fmt
FN:360,_RNvXNvXNvNtCs4o3bEHjQXtz_8callisto14authentications_1__NtB7_12GoogleClaimsNtNtCslPV0GBxWL6G_5serde2de11Deserialize11deserializeNtB2_14___FieldVisitorNtB1c_7Visitor9expecting
FN:360,_RNvXs0_NvXNvNtCs4o3bEHjQXtz_8callisto14authentications_1__NtBa_12GoogleClaimsNtNtCslPV0GBxWL6G_5serde2de11Deserialize11deserializeNtB5_9___VisitorNtB1f_7Visitor9expecting
FN:372,_RNvXNvXNvNtCs4o3bEHjQXtz_8callisto14authentications1_1__NtB7_18GoogleTokenRequestNtNtCslPV0GBxWL6G_5serde2de11Deserialize11deserializeNtB2_14___FieldVisitorNtB1j_7Visitor9expecting
FN:372,_RNvXs0_NvXNvNtCs4o3bEHjQXtz_8callisto14authentications1_1__NtBa_18GoogleTokenRequestNtNtCslPV0GBxWL6G_5serde2de11Deserialize11deserializeNtB5_9___VisitorNtB1m_7Visitor9expecting
FN:381,_RNvXNvXNvNtCs4o3bEHjQXtz_8callisto14authentications3_1__NtB7_19GoogleTokenResponseNtNtCslPV0GBxWL6G_5serde2de11Deserialize11deserializeNtB2_14___FieldVisitorNtB1k_7Visitor9expecting
FN:381,_RNvXs0_NvXNvNtCs4o3bEHjQXtz_8callisto14authentications3_1__NtBa_19GoogleTokenResponseNtNtCslPV0GBxWL6G_5serde2de11Deserialize11deserializeNtB5_9___VisitorNtB1n_7Visitor9expecting
FN:391,_RNvXNvXNvNtCs4o3bEHjQXtz_8callisto14authentications4_1__NtB7_16GooglePublicKeysNtNtCslPV0GBxWL6G_5serde2de11Deserialize11deserializeNtB2_14___FieldVisitorNtB1h_7Visitor9expecting
FN:391,_RNvXs0_NvXNvNtCs4o3bEHjQXtz_8callisto14authentications4_1__NtBa_16GooglePublicKeysNtNtCslPV0GBxWL6G_5serde2de11Deserialize11deserializeNtB5_9___VisitorNtB1k_7Visitor9expecting
FN:396,_RNvXNvXNvNtCs4o3bEHjQXtz_8callisto14authentications5_1__NtB7_15GooglePublicKeyNtNtCslPV0GBxWL6G_5serde2de11Deserialize11deserializeNtB2_14___FieldVisitorNtB1g_7Visitor9expecting
FN:396,_RNvXs0_NvXNvNtCs4o3bEHjQXtz_8callisto14authentications5_1__NtBa_15GooglePublicKeyNtNtCslPV0GBxWL6G_5serde2de11Deserialize11deserializeNtB5_9___VisitorNtB1j_7Visitor9expecting
FN:404,_RNvXNvXNvNtCs4o3bEHjQXtz_8callisto14authentications6_1__NtB7_17GoogleCredentialsNtNtCslPV0GBxWL6G_5serde2de11Deserialize11deserializeNtB2_14___FieldVisitorNtB1i_7Visitor9expecting
FN:404,_RNvXs0_NvXNvNtCs4o3bEHjQXtz_8callisto14authentications6_1__NtBa_17GoogleCredentialsNtNtCslPV0GBxWL6G_5serde2de11Deserialize11deserializeNtB5_9___VisitorNtB1l_7Visitor9expecting
FN:415,_RNvXNvXNvNtCs4o3bEHjQXtz_8callisto14authentications7_1__NtB7_15GoogleCredsJsonNtNtCslPV0GBxWL6G_5serde2de11Deserialize11deserializeNtB2_14___FieldVisitorNtB1g_7Visitor9expecting
FN:415,_RNvXs0_NvXNvNtCs4o3bEHjQXtz_8callisto14authentications7_1__NtBa_15GoogleCredsJsonNtNtCslPV0GBxWL6G_5serde2de11Deserialize11deserializeNtB5_9___VisitorNtB1j_7Visitor9expecting
FN:267,_RNCNvNtCs4o3bEHjQXtz_8callisto14authentication33load_google_credentials_from_file0B5_
FN:274,_RNCNvNtCs4o3bEHjQXtz_8callisto14authentication33load_google_credentials_from_files_0B5_
FN:404,_RINvXNvXNvNtCs4o3bEHjQXtz_8callisto14authentications6_1__NtB8_17GoogleCredentialsNtNtCslPV0GBxWL6G_5serde2de11Deserialize11deserializeNtB3_14___FieldVisitorNtB1j_7Visitor9visit_strNtNtCsluz68QKaPup_10serde_json5error5ErrorEBa_
FN:404,_RINvXs_NvXNvNtCs4o3bEHjQXtz_8callisto14authentications6_1__NtBa_17GoogleCredentialsNtNtCslPV0GBxWL6G_5serde2de11Deserialize11deserializeNtB5_7___FieldB1j_11deserializeINtNtCsluz68QKaPup_10serde_json2de6MapKeyINtNtB2K_4read6IoReadINtNtNtNtCsiCh6V8dk32N_3std2io8buffered9bufreader9BufReaderNtNtB3O_2fs4FileEEEEBc_
FN:404,_RINvXs0_NvXNvNtCs4o3bEHjQXtz_8callisto14authentications6_1__NtBb_17GoogleCredentialsNtNtCslPV0GBxWL6G_5serde2de11Deserialize11deserializeNtB6_9___VisitorNtB1m_7Visitor9visit_seqINtNtCsluz68QKaPup_10serde_json2de9SeqAccessINtNtB2U_4read6IoReadINtNtNtNtCsiCh6V8dk32N_3std2io8buffered9bufreader9BufReaderNtNtB41_2fs4FileEEEEBd_
FN:404,_RINvXs0_NvXNvNtCs4o3bEHjQXtz_8callisto14authentications6_1__NtBb_17GoogleCredentialsNtNtCslPV0GBxWL6G_5serde2de11Deserialize11deserializeNtB6_9___VisitorNtB1m_7Visitor9visit_mapINtNtCsluz68QKaPup_10serde_json2de9MapAccessINtNtB2U_4read6IoReadINtNtNtNtCsiCh6V8dk32N_3std2io8buffered9bufreader9BufReaderNtNtB41_2fs4FileEEEEBd_
FN:415,_RINvXNvXNvNtCs4o3bEHjQXtz_8callisto14authentications7_1__NtB8_15GoogleCredsJsonNtNtCslPV0GBxWL6G_5serde2de11Deserialize11deserializeNtB3_14___FieldVisitorNtB1h_7Visitor9visit_strNtNtCsluz68QKaPup_10serde_json5error5ErrorEBa_
FN:415,_RINvXs_NvXNvNtCs4o3bEHjQXtz_8callisto14authentications7_1__NtBa_15GoogleCredsJsonNtNtCslPV0GBxWL6G_5serde2de11Deserialize11deserializeNtB5_7___FieldB1h_11deserializeINtNtCsluz68QKaPup_10serde_json2de6MapKeyINtNtB2I_4read6IoReadINtNtNtNtCsiCh6V8dk32N_3std2io8buffered9bufreader9BufReaderNtNtB3M_2fs4FileEEEEBc_
FN:415,_RINvXs0_NvXNvNtCs4o3bEHjQXtz_8callisto14authentications7_1__NtBb_15GoogleCredsJsonNtNtCslPV0GBxWL6G_5serde2de11Deserialize11deserializeNtB6_9___VisitorNtB1k_7Visitor9visit_seqINtNtCsluz68QKaPup_10serde_json2de9SeqAccessINtNtB2S_4read6IoReadINtNtNtNtCsiCh6V8dk32N_3std2io8buffered9bufreader9BufReaderNtNtB3Z_2fs4FileEEEEBd_
FN:415,_RINvXs0_NvXNvNtCs4o3bEHjQXtz_8callisto14authentications7_1__NtBb_15GoogleCredsJsonNtNtCslPV0GBxWL6G_5serde2de11Deserialize11deserializeNtB6_9___VisitorNtB1k_7Visitor9visit_mapINtNtCsluz68QKaPup_10serde_json2de9MapAccessINtNtB2S_4read6IoReadINtNtNtNtCsiCh6V8dk32N_3std2io8buffered9bufreader9BufReaderNtNtB3Z_2fs4FileEEEEBd_
FN:35,_RNCNvMNtCs4o3bEHjQXtz_8callisto14authenticationNtB4_13Authenticator3new0B6_
FN:36,_RNCNCNvMNtCs4o3bEHjQXtz_8callisto14authenticationNtB6_13Authenticator3new00B8_
FN:58,_RNCNvMNtCs4o3bEHjQXtz_8callisto14authenticationNtB4_13Authenticator24authenticate_google_user0B6_
FN:93,_RNCNCNvMNtCs4o3bEHjQXtz_8callisto14authenticationNtB6_13Authenticator24authenticate_google_user00B8_
FN:106,_RNCNCNvMNtCs4o3bEHjQXtz_8callisto14authenticationNtB6_13Authenticator24authenticate_google_user0s_0B8_
FN:116,_RNCNCNvMNtCs4o3bEHjQXtz_8callisto14authenticationNtB6_13Authenticator24authenticate_google_user0s0_0B8_
FN:122,_RNCNCNvMNtCs4o3bEHjQXtz_8callisto14authenticationNtB6_13Authenticator24authenticate_google_user0s1_0B8_
FN:133,_RNCNCNvMNtCs4o3bEHjQXtz_8callisto14authenticationNtB6_13Authenticator24authenticate_google_user0s2_0B8_
FN:199,_RNCNvMNtCs4o3bEHjQXtz_8callisto14authenticationNtB4_13Authenticator19check_authorization0B6_
FN:238,_RNCNvMNtCs4o3bEHjQXtz_8callisto14authenticationNtB4_13Authenticator24fetch_google_public_keys0B6_
FN:255,_RNCNCNvMNtCs4o3bEHjQXtz_8callisto14authenticationNtB6_13Authenticator24fetch_google_public_keys00B8_
FN:287,_RNCNvNtCs4o3bEHjQXtz_8callisto14authentication31load_authorized_users_from_file0B5_
FN:289,_RNCNCNvNtCs4o3bEHjQXtz_8callisto14authentication31load_authorized_users_from_file00B7_
FN:308,_RNCNCNvNtCs4o3bEHjQXtz_8callisto14authentication31load_authorized_users_from_file0s_0B7_
FN:317,_RNCNCNvNtCs4o3bEHjQXtz_8callisto14authentication31load_authorized_users_from_file0s0_0B7_
FN:360,_RINvXNvXNvNtCs4o3bEHjQXtz_8callisto14authentications_1__NtB8_12GoogleClaimsNtNtCslPV0GBxWL6G_5serde2de11Deserialize11deserializeNtB3_14___FieldVisitorNtB1d_7Visitor9visit_u64pEBa_
FN:360,_RINvXNvXNvNtCs4o3bEHjQXtz_8callisto14authentications_1__NtB8_12GoogleClaimsNtNtCslPV0GBxWL6G_5serde2de11Deserialize11deserializeNtB3_14___FieldVisitorNtB1d_7Visitor9visit_strpEBa_
FN:360,_RINvXNvXNvNtCs4o3bEHjQXtz_8callisto14authentications_1__NtB8_12GoogleClaimsNtNtCslPV0GBxWL6G_5serde2de11Deserialize11deserializeNtB3_14___FieldVisitorNtB1d_7Visitor11visit_bytespEBa_
FN:360,_RINvXs_NvXNvNtCs4o3bEHjQXtz_8callisto14authentications_1__NtBa_12GoogleClaimsNtNtCslPV0GBxWL6G_5serde2de11Deserialize11deserializeNtB5_7___FieldB1d_11deserializepEBc_
FN:360,_RINvXs0_NvXNvNtCs4o3bEHjQXtz_8callisto14authentications_1__NtBb_12GoogleClaimsNtNtCslPV0GBxWL6G_5serde2de11Deserialize11deserializeNtB6_9___VisitorNtB1g_7Visitor9visit_seqpEBd_
FN:360,_RINvXs0_NvXNvNtCs4o3bEHjQXtz_8callisto14authentications_1__NtBb_12GoogleClaimsNtNtCslPV0GBxWL6G_5serde2de11Deserialize11deserializeNtB6_9___VisitorNtB1g_7Visitor9visit_mappEBd_
FN:372,_RINvXNvXNvNtCs4o3bEHjQXtz_8callisto14authentications1_1__NtB8_18GoogleTokenRequestNtNtCslPV0GBxWL6G_5serde2de11Deserialize11deserializeNtB3_14___FieldVisitorNtB1k_7Visitor9visit_u64pEBa_
FN:372,_RINvXNvXNvNtCs4o3bEHjQXtz_8callisto14authentications1_1__NtB8_18GoogleTokenRequestNtNtCslPV0GBxWL6G_5serde2de11Deserialize11deserializeNtB3_14___FieldVisitorNtB1k_7Visitor9visit_strpEBa_
FN:372,_RINvXNvXNvNtCs4o3bEHjQXtz_8callisto14authentications1_1__NtB8_18GoogleTokenRequestNtNtCslPV0GBxWL6G_5serde2de11Deserialize11deserializeNtB3_14___FieldVisitorNtB1k_7Visitor11visit_bytespEBa_
FN:372,_RINvXs_NvXNvNtCs4o3bEHjQXtz_8callisto14authentications1_1__NtBa_18GoogleTokenRequestNtNtCslPV0GBxWL6G_5serde2de11Deserialize11deserializeNtB5_7___FieldB1k_11deserializepEBc_
FN:372,_RINvXs0_NvXNvNtCs4o3bEHjQXtz_8callisto14authentications1_1__NtBb_18GoogleTokenRequestNtNtCslPV0GBxWL6G_5serde2de11Deserialize11deserializeNtB6_9___VisitorNtB1n_7Visitor9visit_seqpEBd_
FN:372,_RINvXs0_NvXNvNtCs4o3bEHjQXtz_8callisto14authentications1_1__NtBb_18GoogleTokenRequestNtNtCslPV0GBxWL6G_5serde2de11Deserialize11deserializeNtB6_9___VisitorNtB1n_7Visitor9visit_mappEBd_
FN:381,_RINvXNvXNvNtCs4o3bEHjQXtz_8callisto14authentications3_1__NtB8_19GoogleTokenResponseNtNtCslPV0GBxWL6G_5serde2de11Deserialize11deserializeNtB3_14___FieldVisitorNtB1l_7Visitor9visit_u64pEBa_
FN:381,_RINvXNvXNvNtCs4o3bEHjQXtz_8callisto14authentications3_1__NtB8_19GoogleTokenResponseNtNtCslPV0GBxWL6G_5serde2de11Deserialize11deserializeNtB3_14___FieldVisitorNtB1l_7Visitor9visit_strpEBa_
FN:381,_RINvXNvXNvNtCs4o3bEHjQXtz_8callisto14authentications3_1__NtB8_19GoogleTokenResponseNtNtCslPV0GBxWL6G_5serde2de11Deserialize11deserializeNtB3_14___FieldVisitorNtB1l_7Visitor11visit_bytespEBa_
FN:381,_RINvXs_NvXNvNtCs4o3bEHjQXtz_8callisto14authentications3_1__NtBa_19GoogleTokenResponseNtNtCslPV0GBxWL6G_5serde2de11Deserialize11deserializeNtB5_7___FieldB1l_11deserializepEBc_
FN:381,_RINvXs0_NvXNvNtCs4o3bEHjQXtz_8callisto14authentications3_1__NtBb_19GoogleTokenResponseNtNtCslPV0GBxWL6G_5serde2de11Deserialize11deserializeNtB6_9___VisitorNtB1o_7Visitor9visit_seqpEBd_
FN:381,_RINvXs0_NvXNvNtCs4o3bEHjQXtz_8callisto14authentications3_1__NtBb_19GoogleTokenResponseNtNtCslPV0GBxWL6G_5serde2de11Deserialize11deserializeNtB6_9___VisitorNtB1o_7Visitor9visit_mappEBd_
FN:391,_RINvXNvXNvNtCs4o3bEHjQXtz_8callisto14authentications4_1__NtB8_16GooglePublicKeysNtNtCslPV0GBxWL6G_5serde2de11Deserialize11deserializeNtB3_14___FieldVisitorNtB1i_7Visitor9visit_u64pEBa_
FN:391,_RINvXNvXNvNtCs4o3bEHjQXtz_8callisto14authentications4_1__NtB8_16GooglePublicKeysNtNtCslPV0GBxWL6G_5serde2de11Deserialize11deserializeNtB3_14___FieldVisitorNtB1i_7Visitor9visit_strpEBa_
FN:391,_RINvXNvXNvNtCs4o3bEHjQXtz_8callisto14authentications4_1__NtB8_16GooglePublicKeysNtNtCslPV0GBxWL6G_5serde2de11Deserialize11deserializeNtB3_14___FieldVisitorNtB1i_7Visitor11visit_bytespEBa_
FN:391,_RINvXs_NvXNvNtCs4o3bEHjQXtz_8callisto14authentications4_1__NtBa_16GooglePublicKeysNtNtCslPV0GBxWL6G_5serde2de11Deserialize11deserializeNtB5_7___FieldB1i_11deserializepEBc_
FN:391,_RINvXs0_NvXNvNtCs4o3bEHjQXtz_8callisto14authentications4_1__NtBb_16GooglePublicKeysNtNtCslPV0GBxWL6G_5serde2de11Deserialize11deserializeNtB6_9___VisitorNtB1l_7Visitor9visit_seqpEBd_
FN:391,_RINvXs0_NvXNvNtCs4o3bEHjQXtz_8callisto14authentications4_1__NtBb_16GooglePublicKeysNtNtCslPV0GBxWL6G_5serde2de11Deserialize11deserializeNtB6_9___VisitorNtB1l_7Visitor9visit_mappEBd_
FN:396,_RINvXNvXNvNtCs4o3bEHjQXtz_8callisto14authentications5_1__NtB8_15GooglePublicKeyNtNtCslPV0GBxWL6G_5serde2de11Deserialize11deserializeNtB3_14___FieldVisitorNtB1h_7Visitor9visit_u64pEBa_
FN:396,_RINvXNvXNvNtCs4o3bEHjQXtz_8callisto14authentications5_1__NtB8_15GooglePublicKeyNtNtCslPV0GBxWL6G_5serde2de11Deserialize11deserializeNtB3_14___FieldVisitorNtB1h_7Visitor9visit_strpEBa_
FN:396,_RINvXNvXNvNtCs4o3bEHjQXtz_8callisto14authentications5_1__NtB8_15GooglePublicKeyNtNtCslPV0GBxWL6G_5serde2de11Deserialize11deserializeNtB3_14___FieldVisitorNtB1h_7Visitor11visit_bytespEBa_
FN:396,_RINvXs_NvXNvNtCs4o3bEHjQXtz_8callisto14authentications5_1__NtBa_15GooglePublicKeyNtNtCslPV0GBxWL6G_5serde2de11Deserialize11deserializeNtB5_7___FieldB1h_11deserializepEBc_
FN:396,_RINvXs0_NvXNvNtCs4o3bEHjQXtz_8callisto14authentications5_1__NtBb_15GooglePublicKeyNtNtCslPV0GBxWL6G_5serde2de11Deserialize11deserializeNtB6_9___VisitorNtB1k_7Visitor9visit_seqpEBd_
FN:396,_RINvXs0_NvXNvNtCs4o3bEHjQXtz_8callisto14authentications5_1__NtBb_15GooglePublicKeyNtNtCslPV0GBxWL6G_5serde2de11Deserialize11deserializeNtB6_9___VisitorNtB1k_7Visitor9visit_mappEBd_
FN:404,_RINvXNvXNvNtCs4o3bEHjQXtz_8callisto14authentications6_1__NtB8_17GoogleCredentialsNtNtCslPV0GBxWL6G_5serde2de11Deserialize11deserializeNtB3_14___FieldVisitorNtB1j_7Visitor9visit_u64pEBa_
FN:404,_RINvXNvXNvNtCs4o3bEHjQXtz_8callisto14authentications6_1__NtB8_17GoogleCredentialsNtNtCslPV0GBxWL6G_5serde2de11Deserialize11deserializeNtB3_14___FieldVisitorNtB1j_7Visitor11visit_bytespEBa_
FN:415,_RINvXNvXNvNtCs4o3bEHjQXtz_8callisto14authentications7_1__NtB8_15GoogleCredsJsonNtNtCslPV0GBxWL6G_5serde2de11Deserialize11deserializeNtB3_14___FieldVisitorNtB1h_7Visitor9visit_u64pEBa_
FN:415,_RINvXNvXNvNtCs4o3bEHjQXtz_8callisto14authentications7_1__NtB8_15GoogleCredsJsonNtNtCslPV0GBxWL6G_5serde2de11Deserialize11deserializeNtB3_14___FieldVisitorNtB1h_7Visitor11visit_bytespEBa_
FN:35,_RNvMNtCsbIW9GKplEdi_8callisto14authenticationNtB2_13Authenticator3new
FN:35,_RNCNvMNtCsbIW9GKplEdi_8callisto14authenticationNtB4_13Authenticator3new0B6_
FN:36,_RNCNCNvMNtCsbIW9GKplEdi_8callisto14authenticationNtB6_13Authenticator3new00B8_
FN:55,_RNvMNtCsbIW9GKplEdi_8callisto14authenticationNtB2_13Authenticator24authenticate_google_user
FN:58,_RNCNvMNtCsbIW9GKplEdi_8callisto14authenticationNtB4_13Authenticator24authenticate_google_user0B6_
FN:93,_RNCNCNvMNtCsbIW9GKplEdi_8callisto14authenticationNtB6_13Authenticator24authenticate_google_user00B8_
FN:106,_RNCNCNvMNtCsbIW9GKplEdi_8callisto14authenticationNtB6_13Authenticator24authenticate_google_user0s_0B8_
FN:116,_RNCNCNvMNtCsbIW9GKplEdi_8callisto14authenticationNtB6_13Authenticator24authenticate_google_user0s0_0B8_
FN:122,_RNCNCNvMNtCsbIW9GKplEdi_8callisto14authenticationNtB6_13Authenticator24authenticate_google_user0s1_0B8_
FN:133,_RNCNCNvMNtCsbIW9GKplEdi_8callisto14authenticationNtB6_13Authenticator24authenticate_google_user0s2_0B8_
FN:188,_RNvMNtCsbIW9GKplEdi_8callisto14authenticationNtB2_13Authenticator20validate_session_key
FN:196,_RNvMNtCsbIW9GKplEdi_8callisto14authenticationNtB2_13Authenticator19check_authorization
FN:199,_RNCNvMNtCsbIW9GKplEdi_8callisto14authenticationNtB4_13Authenticator19check_authorization0B6_
FN:238,_RNvMNtCsbIW9GKplEdi_8callisto14authenticationNtB2_13Authenticator24fetch_google_public_keys
FN:238,_RNCNvMNtCsbIW9GKplEdi_8callisto14authenticationNtB4_13Authenticator24fetch_google_public_keys0B6_
FN:255,_RNCNCNvMNtCsbIW9GKplEdi_8callisto14authenticationNtB6_13Authenticator24fetch_google_public_keys00B8_
FN:266,_RNvNtCsbIW9GKplEdi_8callisto14authentication33load_google_credentials_from_file
FN:267,_RNCNvNtCsbIW9GKplEdi_8callisto14authentication33load_google_credentials_from_file0B5_
FN:274,_RNCNvNtCsbIW9GKplEdi_8callisto14authentication33load_google_credentials_from_files_0B5_
FN:343,_RNvXs0_NtCsbIW9GKplEdi_8callisto14authenticationNtB5_17TokenTimeoutErrorNtNtCslxZGBWDpKxU_4core3fmt7Display3fmt
FN:352,_RNvXs1_NtCsbIW9GKplEdi_8callisto14authenticationNtB5_15InvalidKeyErrorNtNtCslxZGBWDpKxU_4core3fmt7Display3fmt
FN:360,_RNvXNvXNvNtCsbIW9GKplEdi_8callisto14authentications_1__NtB7_12GoogleClaimsNtNtCslPV0GBxWL6G_5serde2de11Deserialize11deserializeNtB2_14___FieldVisitorNtB1c_7Visitor9expecting
FN:360,_RINvXNvXNvNtCsbIW9GKplEdi_8callisto14authentications_1__NtB8_12GoogleClaimsNtNtCslPV0GBxWL6G_5serde2de11Deserialize11deserializeNtB3_14___FieldVisitorNtB1d_7Visitor9visit_u64pEBa_
FN:360,_RINvXNvXNvNtCsbIW9GKplEdi_8callisto14authentications_1__NtB8_12GoogleClaimsNtNtCslPV0GBxWL6G_5serde2de11Deserialize11deserializeNtB3_14___FieldVisitorNtB1d_7Visitor9visit_strpEBa_
FN:360,_RINvXNvXNvNtCsbIW9GKplEdi_8callisto14authentications_1__NtB8_12GoogleClaimsNtNtCslPV0GBxWL6G_5serde2de11Deserialize11deserializeNtB3_14___FieldVisitorNtB1d_7Visitor11visit_bytespEBa_
FN:360,_RINvXs_NvXNvNtCsbIW9GKplEdi_8callisto14authentications_1__NtBa_12GoogleClaimsNtNtCslPV0GBxWL6G_5serde2de11Deserialize11deserializeNtB5_7___FieldB1d_11deserializepEBc_
FN:360,_RNvXs0_NvXNvNtCsbIW9GKplEdi_8callisto14authentications_1__NtBa_12GoogleClaimsNtNtCslPV0GBxWL6G_5serde2de11Deserialize11deserializeNtB5_9___VisitorNtB1f_7Visitor9expecting
FN:360,_RINvXs0_NvXNvNtCsbIW9GKplEdi_8callisto14authentications_1__NtBb_12GoogleClaimsNtNtCslPV0GBxWL6G_5serde2de11Deserialize11deserializeNtB6_9___VisitorNtB1g_7Visitor9visit_seqpEBd_
FN:360,_RINvXs0_NvXNvNtCsbIW9GKplEdi_8callisto14authentications_1__NtBb_12GoogleClaimsNtNtCslPV0GBxWL6G_5serde2de11Deserialize11deserializeNtB6_9___VisitorNtB1g_7Visitor9visit_mappEBd_
FN:372,_RNvXNvXNvNtCsbIW9GKplEdi_8callisto14authentications1_1__NtB7_18GoogleTokenRequestNtNtCslPV0GBxWL6G_5serde2de11Deserialize11deserializeNtB2_14___FieldVisitorNtB1j_7Visitor9expecting
FN:372,_RINvXNvXNvNtCsbIW9GKplEdi_8callisto14authentications1_1__NtB8_18GoogleTokenRequestNtNtCslPV0GBxWL6G_5serde2de11Deserialize11deserializeNtB3_14___FieldVisitorNtB1k_7Visitor9visit_u64pEBa_
FN:372,_RINvXNvXNvNtCsbIW9GKplEdi_8callisto14authentications1_1__NtB8_18GoogleTokenRequestNtNtCslPV0GBxWL6G_5serde2de11Deserialize11deserializeNtB3_14___FieldVisitorNtB1k_7Visitor9visit_strpEBa_
FN:372,_RINvXNvXNvNtCsbIW9GKplEdi_8callisto14authentications1_1__NtB8_18GoogleTokenRequestNtNtCslPV0GBxWL6G_5serde2de11Deserialize11deserializeNtB3_14___FieldVisitorNtB1k_7Visitor11visit_bytespEBa_
FN:372,_RINvXs_NvXNvNtCsbIW9GKplEdi_8callisto14authentications1_1__NtBa_18GoogleTokenRequestNtNtCslPV0GBxWL6G_5serde2de11Deserialize11deserializeNtB5_7___FieldB1k_11deserializepEBc_
FN:372,_RNvXs0_NvXNvNtCsbIW9GKplEdi_8callisto14authentications1_1__NtBa_18GoogleTokenRequestNtNtCslPV0GBxWL6G_5serde2de11Deserialize11deserializeNtB5_9___VisitorNtB1m_7Visitor9expecting
FN:372,_RINvXs0_NvXNvNtCsbIW9GKplEdi_8callisto14authentications1_1__NtBb_18GoogleTokenRequestNtNtCslPV0GBxWL6G_5serde2de11Deserialize11deserializeNtB6_9___VisitorNtB1n_7Visitor9visit_seqpEBd_
FN:372,_RINvXs0_NvXNvNtCsbIW9GKplEdi_8callisto14authentications1_1__NtBb_18GoogleTokenRequestNtNtCslPV0GBxWL6G_5serde2de11Deserialize11deserializeNtB6_9___VisitorNtB1n_7Visitor9visit_mappEBd_
FN:381,_RNvXNvXNvNtCsbIW9GKplEdi_8callisto14authentications3_1__NtB7_19GoogleTokenResponseNtNtCslPV0GBxWL6G_5serde2de11Deserialize11deserializeNtB2_14___FieldVisitorNtB1k_7Visitor9expecting
FN:381,_RINvXNvXNvNtCsbIW9GKplEdi_8callisto14authentications3_1__NtB8_19GoogleTokenResponseNtNtCslPV0GBxWL6G_5serde2de11Deserialize11deserializeNtB3_14___FieldVisitorNtB1l_7Visitor9visit_u64pEBa_
FN:381,_RINvXNvXNvNtCsbIW9GKplEdi_8callisto14authentications3_1__NtB8_19GoogleTokenResponseNtNtCslPV0GBxWL6G_5serde2de11Deserialize11deserializeNtB3_14___FieldVisitorNtB1l_7Visitor9visit_strpEBa_
FN:381,_RINvXNvXNvNtCsbIW9GKplEdi_8callisto14authentications3_1__NtB8_19GoogleTokenResponseNtNtCslPV0GBxWL6G_5serde2de11Deserialize11deserializeNtB3_14___FieldVisitorNtB1l_7Visitor11visit_bytespEBa_
FN:381,_RINvXs_NvXNvNtCsbIW9GKplEdi_8callisto14authentications3_1__NtBa_19GoogleTokenResponseNtNtCslPV0GBxWL6G_5serde2de11Deserialize11deserializeNtB5_7___FieldB1l_11deserializepEBc_
FN:381,_RNvXs0_NvXNvNtCsbIW9GKplEdi_8callisto14authentications3_1__NtBa_19GoogleTokenResponseNtNtCslPV0GBxWL6G_5serde2de11Deserialize11deserializeNtB5_9___VisitorNtB1n_7Visitor9expecting
FN:381,_RINvXs0_NvXNvNtCsbIW9GKplEdi_8callisto14authentications3_1__NtBb_19GoogleTokenResponseNtNtCslPV0GBxWL6G_5serde2de11Deserialize11deserializeNtB6_9___VisitorNtB1o_7Visitor9visit_seqpEBd_
FN:381,_RINvXs0_NvXNvNtCsbIW9GKplEdi_8callisto14authentications3_1__NtBb_19GoogleTokenResponseNtNtCslPV0GBxWL6G_5serde2de11Deserialize11deserializeNtB6_9___VisitorNtB1o_7Visitor9visit_mappEBd_
FN:391,_RNvXNvXNvNtCsbIW9GKplEdi_8callisto14authentications4_1__NtB7_16GooglePublicKeysNtNtCslPV0GBxWL6G_5serde2de11Deserialize11deserializeNtB2_14___FieldVisitorNtB1h_7Visitor9expecting
FN:391,_RINvXNvXNvNtCsbIW9GKplEdi_8callisto14authentications4_1__NtB8_16GooglePublicKeysNtNtCslPV0GBxWL6G_5serde2de11Deserialize11deserializeNtB3_14___FieldVisitorNtB1i_7Visitor9visit_u64pEBa_
FN:391,_RINvXNvXNvNtCsbIW9GKplEdi_8callisto14authentications4_1__NtB8_16GooglePublicKeysNtNtCslPV0GBxWL6G_5serde2de11Deserialize11deserializeNtB3_14___FieldVisitorNtB1i_7Visitor9visit_strpEBa_
FN:391,_RINvXNvXNvNtCsbIW9GKplEdi_8callisto14authentications4_1__NtB8_16GooglePublicKeysNtNtCslPV0GBxWL6G_5serde2de11Deserialize11deserializeNtB3_14___FieldVisitorNtB1i_7Visitor11visit_bytespEBa_
FN:391,_RINvXs_NvXNvNtCsbIW9GKplEdi_8callisto14authentications4_1__NtBa_16GooglePublicKeysNtNtCslPV0GBxWL6G_5serde2de11Deserialize11deserializeNtB5_7___FieldB1i_11deserializepEBc_
FN:391,_RNvXs0_NvXNvNtCsbIW9GKplEdi_8callisto14authentications4_1__NtBa_16GooglePublicKeysNtNtCslPV0GBxWL6G_5serde2de11Deserialize11deserializeNtB5_9___VisitorNtB1k_7Visitor9expecting
FN:391,_RINvXs0_NvXNvNtCsbIW9GKplEdi_8callisto14authentications4_1__NtBb_16GooglePublicKeysNtNtCslPV0GBxWL6G_5serde2de11Deserialize11deserializeNtB6_9___VisitorNtB1l_7Visitor9visit_seqpEBd_
FN:391,_RINvXs0_NvXNvNtCsbIW9GKplEdi_8callisto14authentications4_1__NtBb_16GooglePublicKeysNtNtCslPV0GBxWL6G_5serde2de11Deserialize11deserializeNtB6_9___VisitorNtB1l_7Visitor9visit_mappEBd_
FN:396,_RNvXNvXNvNtCsbIW9GKplEdi_8callisto14authentications5_1__NtB7_15GooglePublicKeyNtNtCslPV0GBxWL6G_5serde2de11Deserialize11deserializeNtB2_14___FieldVisitorNtB1g_7Visitor9expecting
FN:396,_RINvXNvXNvNtCsbIW9GKplEdi_8callisto14authentications5_1__NtB8_15GooglePublicKeyNtNtCslPV0GBxWL6G_5serde2de11Deserialize11deserializeNtB3_14___FieldVisitorNtB1h_7Visitor9visit_u64pEBa_
FN:396,_RINvXNvXNvNtCsbIW9GKplEdi_8callisto14authentications5_1__NtB8_15GooglePublicKeyNtNtCslPV0GBxWL6G_5serde2de11Deserialize11deserializeNtB3_14___FieldVisitorNtB1h_7Visitor9visit_strpEBa_
FN:396,_RINvXNvXNvNtCsbIW9GKplEdi_8callisto14authentications5_1__NtB8_15GooglePublicKeyNtNtCslPV0GBxWL6G_5serde2de11Deserialize11deserializeNtB3_14___FieldVisitorNtB1h_7Visitor11visit_bytespEBa_
FN:396,_RINvXs_NvXNvNtCsbIW9GKplEdi_8callisto14authentications5_1__NtBa_15GooglePublicKeyNtNtCslPV0GBxWL6G_5serde2de11Deserialize11deserializeNtB5_7___FieldB1h_11deserializepEBc_
FN:396,_RNvXs0_NvXNvNtCsbIW9GKplEdi_8callisto14authentications5_1__NtBa_15GooglePublicKeyNtNtCslPV0GBxWL6G_5serde2de11Deserialize11deserializeNtB5_9___VisitorNtB1j_7Visitor9expecting
FN:396,_RINvXs0_NvXNvNtCsbIW9GKplEdi_8callisto14authentications5_1__NtBb_15GooglePublicKeyNtNtCslPV0GBxWL6G_5serde2de11Deserialize11deserializeNtB6_9___VisitorNtB1k_7Visitor9visit_seqpEBd_
FN:396,_RINvXs0_NvXNvNtCsbIW9GKplEdi_8callisto14authentications5_1__NtBb_15GooglePublicKeyNtNtCslPV0GBxWL6G_5serde2de11Deserialize11deserializeNtB6_9___VisitorNtB1k_7Visitor9visit_mappEBd_
FN:404,_RNvXNvXNvNtCsbIW9GKplEdi_8callisto14authentications6_1__NtB7_17GoogleCredentialsNtNtCslPV0GBxWL6G_5serde2de11Deserialize11deserializeNtB2_14___FieldVisitorNtB1i_7Visitor9expecting
FN:404,_RINvXNvXNvNtCsbIW9GKplEdi_8callisto14authentications6_1__NtB8_17GoogleCredentialsNtNtCslPV0GBxWL6G_5serde2de11Deserialize11deserializeNtB3_14___FieldVisitorNtB1j_7Visitor9visit_u64pEBa_
FN:404,_RINvXNvXNvNtCsbIW9GKplEdi_8callisto14authentications6_1__NtB8_17GoogleCredentialsNtNtCslPV0GBxWL6G_5serde2de11Deserialize11deserializeNtB3_14___FieldVisitorNtB1j_7Visitor9visit_strpEBa_
FN:404,_RINvXNvXNvNtCsbIW9GKplEdi_8callisto14authentications6_1__NtB8_17GoogleCredentialsNtNtCslPV0GBxWL6G_5serde2de11Deserialize11deserializeNtB3_14___FieldVisitorNtB1j_7Visitor11visit_bytespEBa_
FN:404,_RINvXs_NvXNvNtCsbIW9GKplEdi_8callisto14authentications6_1__NtBa_17GoogleCredentialsNtNtCslPV0GBxWL6G_5serde2de11Deserialize11deserializeNtB5_7___FieldB1j_11deserializepEBc_
FN:404,_RNvXs0_NvXNvNtCsbIW9GKplEdi_8callisto14authentications6_1__NtBa_17GoogleCredentialsNtNtCslPV0GBxWL6G_5serde2de11Deserialize11deserializeNtB5_9___VisitorNtB1l_7Visitor9expecting
FN:404,_RINvXs0_NvXNvNtCsbIW9GKplEdi_8callisto14authentications6_1__NtBb_17GoogleCredentialsNtNtCslPV0GBxWL6G_5serde2de11Deserialize11deserializeNtB6_9___VisitorNtB1m_7Visitor9visit_seqpEBd_
FN:404,_RINvXs0_NvXNvNtCsbIW9GKplEdi_8callisto14authentications6_1__NtBb_17GoogleCredentialsNtNtCslPV0GBxWL6G_5serde2de11Deserialize11deserializeNtB6_9___VisitorNtB1m_7Visitor9visit_mappEBd_
FN:415,_RNvXNvXNvNtCsbIW9GKplEdi_8callisto14authentications7_1__NtB7_15GoogleCredsJsonNtNtCslPV0GBxWL6G_5serde2de11Deserialize11deserializeNtB2_14___FieldVisitorNtB1g_7Visitor9expecting
FN:415,_RINvXNvXNvNtCsbIW9GKplEdi_8callisto14authentications7_1__NtB8_15GoogleCredsJsonNtNtCslPV0GBxWL6G_5serde2de11Deserialize11deserializeNtB3_14___FieldVisitorNtB1h_7Visitor9visit_u64pEBa_
FN:415,_RINvXNvXNvNtCsbIW9GKplEdi_8callisto14authentications7_1__NtB8_15GoogleCredsJsonNtNtCslPV0GBxWL6G_5serde2de11Deserialize11deserializeNtB3_14___FieldVisitorNtB1h_7Visitor9visit_strpEBa_
FN:415,_RINvXNvXNvNtCsbIW9GKplEdi_8callisto14authentications7_1__NtB8_15GoogleCredsJsonNtNtCslPV0GBxWL6G_5serde2de11Deserialize11deserializeNtB3_14___FieldVisitorNtB1h_7Visitor11visit_bytespEBa_
FN:415,_RINvXs_NvXNvNtCsbIW9GKplEdi_8callisto14authentications7_1__NtBa_15GoogleCredsJsonNtNtCslPV0GBxWL6G_5serde2de11Deserialize11deserializeNtB5_7___FieldB1h_11deserializepEBc_
FN:415,_RNvXs0_NvXNvNtCsbIW9GKplEdi_8callisto14authentications7_1__NtBa_15GoogleCredsJsonNtNtCslPV0GBxWL6G_5serde2de11Deserialize11deserializeNtB5_9___VisitorNtB1j_7Visitor9expecting
FN:415,_RINvXs0_NvXNvNtCsbIW9GKplEdi_8callisto14authentications7_1__NtBb_15GoogleCredsJsonNtNtCslPV0GBxWL6G_5serde2de11Deserialize11deserializeNtB6_9___VisitorNtB1k_7Visitor9visit_seqpEBd_
FN:415,_RINvXs0_NvXNvNtCsbIW9GKplEdi_8callisto14authentications7_1__NtBb_15GoogleCredsJsonNtNtCslPV0GBxWL6G_5serde2de11Deserialize11deserializeNtB6_9___VisitorNtB1k_7Visitor9visit_mappEBd_
FN:284,_RNvNtCsbIW9GKplEdi_8callisto14authentication31load_authorized_users_from_file
FN:287,_RNCNvNtCsbIW9GKplEdi_8callisto14authentication31load_authorized_users_from_file0B5_
FN:289,_RNCNCNvNtCsbIW9GKplEdi_8callisto14authentication31load_authorized_users_from_file00B7_
FN:308,_RNCNCNvNtCsbIW9GKplEdi_8callisto14authentication31load_authorized_users_from_file0s_0B7_
FN:317,_RNCNCNvNtCsbIW9GKplEdi_8callisto14authentication31load_authorized_users_from_file0s0_0B7_
FN:427,_RNvNtNtCsbIW9GKplEdi_8callisto14authentication5testss_35test_load_authorized_users_from_gcs
FN:427,_RNvNtNCNvNtNtCsbIW9GKplEdi_8callisto14authentication5testss_35test_load_authorized_users_from_gcs04init4init
FN:441,_RNvNtNtCsbIW9GKplEdi_8callisto14authentication5testss_36test_load_authorized_users_from_file
FN:441,_RNvNtNCNvNtNtCsbIW9GKplEdi_8callisto14authentication5testss_36test_load_authorized_users_from_file04init4init
FNDA:0,_RINvXNvXNvNtCs4o3bEHjQXtz_8callisto14authentications3_1__NtB8_19GoogleTokenResponseNtNtCslPV0GBxWL6G_5serde2de11Deserialize11deserializeNtB3_14___FieldVisitorNtB1l_7Visitor9visit_strNtNtCsluz68QKaPup_10serde_json5error5ErrorECsbvs0OSPDwx5_8callisto
FNDA:0,_RINvXNvXNvNtCs4o3bEHjQXtz_8callisto14authentications4_1__NtB8_16GooglePublicKeysNtNtCslPV0GBxWL6G_5serde2de11Deserialize11deserializeNtB3_14___FieldVisitorNtB1i_7Visitor9visit_strNtNtCsluz68QKaPup_10serde_json5error5ErrorECsbvs0OSPDwx5_8callisto
FNDA:0,_RINvXNvXNvNtCs4o3bEHjQXtz_8callisto14authentications5_1__NtB8_15GooglePublicKeyNtNtCslPV0GBxWL6G_5serde2de11Deserialize11deserializeNtB3_14___FieldVisitorNtB1h_7Visitor9visit_strNtNtCsluz68QKaPup_10serde_json5error5ErrorECsbvs0OSPDwx5_8callisto
FNDA:0,_RINvXNvXNvNtCs4o3bEHjQXtz_8callisto14authentications_1__NtB8_12GoogleClaimsNtNtCslPV0GBxWL6G_5serde2de11Deserialize11deserializeNtB3_14___FieldVisitorNtB1d_7Visitor9visit_strNtNtCsluz68QKaPup_10serde_json5error5ErrorECsbvs0OSPDwx5_8callisto
FNDA:0,_RINvXs0_NvXNvNtCs4o3bEHjQXtz_8callisto14authentications3_1__NtBb_19GoogleTokenResponseNtNtCslPV0GBxWL6G_5serde2de11Deserialize11deserializeNtB6_9___VisitorNtB1o_7Visitor9visit_mapINtNtCsluz68QKaPup_10serde_json2de9MapAccessNtNtB2W_4read7StrReadEECsbvs0OSPDwx5_8callisto
FNDA:0,_RINvXs0_NvXNvNtCs4o3bEHjQXtz_8callisto14authentications3_1__NtBb_19GoogleTokenResponseNtNtCslPV0GBxWL6G_5serde2de11Deserialize11deserializeNtB6_9___VisitorNtB1o_7Visitor9visit_seqINtNtCsluz68QKaPup_10serde_json2de9SeqAccessNtNtB2W_4read7StrReadEECsbvs0OSPDwx5_8callisto
FNDA:0,_RINvXs0_NvXNvNtCs4o3bEHjQXtz_8callisto14authentications4_1__NtBb_16GooglePublicKeysNtNtCslPV0GBxWL6G_5serde2de11Deserialize11deserializeNtB6_9___VisitorNtB1l_7Visitor9visit_mapINtNtCsluz68QKaPup_10serde_json2de9MapAccessNtNtB2T_4read7StrReadEECsbvs0OSPDwx5_8callisto
FNDA:0,_RINvXs0_NvXNvNtCs4o3bEHjQXtz_8callisto14authentications4_1__NtBb_16GooglePublicKeysNtNtCslPV0GBxWL6G_5serde2de11Deserialize11deserializeNtB6_9___VisitorNtB1l_7Visitor9visit_seqINtNtCsluz68QKaPup_10serde_json2de9SeqAccessNtNtB2T_4read7StrReadEECsbvs0OSPDwx5_8callisto
FNDA:0,_RINvXs0_NvXNvNtCs4o3bEHjQXtz_8callisto14authentications5_1__NtBb_15GooglePublicKeyNtNtCslPV0GBxWL6G_5serde2de11Deserialize11deserializeNtB6_9___VisitorNtB1k_7Visitor9visit_mapINtNtCsluz68QKaPup_10serde_json2de9MapAccessNtNtB2S_4read7StrReadEECsbvs0OSPDwx5_8callisto
FNDA:0,_RINvXs0_NvXNvNtCs4o3bEHjQXtz_8callisto14authentications5_1__NtBb_15GooglePublicKeyNtNtCslPV0GBxWL6G_5serde2de11Deserialize11deserializeNtB6_9___VisitorNtB1k_7Visitor9visit_seqINtNtCsluz68QKaPup_10serde_json2de9SeqAccessNtNtB2S_4read7StrReadEECsbvs0OSPDwx5_8callisto
FNDA:0,_RINvXs0_NvXNvNtCs4o3bEHjQXtz_8callisto14authentications_1__NtBb_12GoogleClaimsNtNtCslPV0GBxWL6G_5serde2de11Deserialize11deserializeNtB6_9___VisitorNtB1g_7Visitor9visit_mapINtNtCsluz68QKaPup_10serde_json2de9MapAccessNtNtB2O_4read9SliceReadEECsbvs0OSPDwx5_8callisto
FNDA:0,_RINvXs0_NvXNvNtCs4o3bEHjQXtz_8callisto14authentications_1__NtBb_12GoogleClaimsNtNtCslPV0GBxWL6G_5serde2de11Deserialize11deserializeNtB6_9___VisitorNtB1g_7Visitor9visit_seqINtNtCsluz68QKaPup_10serde_json2de9SeqAccessNtNtB2O_4read9SliceReadEECsbvs0OSPDwx5_8callisto
FNDA:0,_RINvXs_NvXNvNtCs4o3bEHjQXtz_8callisto14authentications3_1__NtBa_19GoogleTokenResponseNtNtCslPV0GBxWL6G_5serde2de11Deserialize11deserializeNtB5_7___FieldB1l_11deserializeINtNtCsluz68QKaPup_10serde_json2de6MapKeyNtNtB2M_4read7StrReadEECsbvs0OSPDwx5_8callisto
FNDA:0,_RINvXs_NvXNvNtCs4o3bEHjQXtz_8callisto14authentications4_1__NtBa_16GooglePublicKeysNtNtCslPV0GBxWL6G_5serde2de11Deserialize11deserializeNtB5_7___FieldB1i_11deserializeINtNtCsluz68QKaPup_10serde_json2de6MapKeyNtNtB2J_4read7StrReadEECsbvs0OSPDwx5_8callisto
FNDA:0,_RINvXs_NvXNvNtCs4o3bEHjQXtz_8callisto14authentications5_1__NtBa_15GooglePublicKeyNtNtCslPV0GBxWL6G_5serde2de11Deserialize11deserializeNtB5_7___FieldB1h_11deserializeINtNtCsluz68QKaPup_10serde_json2de6MapKeyNtNtB2I_4read7StrReadEECsbvs0OSPDwx5_8callisto
FNDA:0,_RINvXs_NvXNvNtCs4o3bEHjQXtz_8callisto14authentications_1__NtBa_12GoogleClaimsNtNtCslPV0GBxWL6G_5serde2de11Deserialize11deserializeNtB5_7___FieldB1d_11deserializeINtNtCsluz68QKaPup_10serde_json2de6MapKeyNtNtB2E_4read9SliceReadEECsbvs0OSPDwx5_8callisto
FNDA:0,_RNCNCNvMNtCs4o3bEHjQXtz_8callisto14authenticationNtB6_13Authenticator24authenticate_google_user00Csbvs0OSPDwx5_8callisto
FNDA:0,_RNCNCNvMNtCs4o3bEHjQXtz_8callisto14authenticationNtB6_13Authenticator24authenticate_google_user0s0_0Csbvs0OSPDwx5_8callisto
FNDA:0,_RNCNCNvMNtCs4o3bEHjQXtz_8callisto14authenticationNtB6_13Authenticator24authenticate_google_user0s1_0Csbvs0OSPDwx5_8callisto
FNDA:0,_RNCNCNvMNtCs4o3bEHjQXtz_8callisto14authenticationNtB6_13Authenticator24authenticate_google_user0s2_0Csbvs0OSPDwx5_8callisto
FNDA:0,_RNCNCNvMNtCs4o3bEHjQXtz_8callisto14authenticationNtB6_13Authenticator24authenticate_google_user0s_0Csbvs0OSPDwx5_8callisto
FNDA:0,_RNCNCNvMNtCs4o3bEHjQXtz_8callisto14authenticationNtB6_13Authenticator24fetch_google_public_keys00Csbvs0OSPDwx5_8callisto
FNDA:0,_RNCNCNvMNtCs4o3bEHjQXtz_8callisto14authenticationNtB6_13Authenticator3new00Csbvs0OSPDwx5_8callisto
FNDA:0,_RNCNCNvNtCs4o3bEHjQXtz_8callisto14authentication31load_authorized_users_from_file00Csbvs0OSPDwx5_8callisto
FNDA:0,_RNCNCNvNtCs4o3bEHjQXtz_8callisto14authentication31load_authorized_users_from_file0s0_0Csbvs0OSPDwx5_8callisto
FNDA:0,_RNCNCNvNtCs4o3bEHjQXtz_8callisto14authentication31load_authorized_users_from_file0s_0Csbvs0OSPDwx5_8callisto
FNDA:0,_RNCNvMNtCs4o3bEHjQXtz_8callisto14authenticationNtB4_13Authenticator19check_authorization0Csbvs0OSPDwx5_8callisto
FNDA:0,_RNCNvMNtCs4o3bEHjQXtz_8callisto14authenticationNtB4_13Authenticator24authenticate_google_user0Csbvs0OSPDwx5_8callisto
FNDA:0,_RNCNvMNtCs4o3bEHjQXtz_8callisto14authenticationNtB4_13Authenticator24fetch_google_public_keys0Csbvs0OSPDwx5_8callisto
FNDA:0,_RNCNvMNtCs4o3bEHjQXtz_8callisto14authenticationNtB4_13Authenticator3new0Csbvs0OSPDwx5_8callisto
FNDA:0,_RNCNvNtCs4o3bEHjQXtz_8callisto14authentication31load_authorized_users_from_file0Csbvs0OSPDwx5_8callisto
FNDA:0,_RNvMNtCs4o3bEHjQXtz_8callisto14authenticationNtB2_13Authenticator3new
FNDA:0,_RNvMNtCs4o3bEHjQXtz_8callisto14authenticationNtB2_13Authenticator24authenticate_google_user
FNDA:0,_RNvMNtCs4o3bEHjQXtz_8callisto14authenticationNtB2_13Authenticator20validate_session_key
FNDA:0,_RNvMNtCs4o3bEHjQXtz_8callisto14authenticationNtB2_13Authenticator19check_authorization
FNDA:0,_RNvMNtCs4o3bEHjQXtz_8callisto14authenticationNtB2_13Authenticator24fetch_google_public_keys
FNDA:0,_RNvNtCs4o3bEHjQXtz_8callisto14authentication33load_google_credentials_from_file
FNDA:0,_RNvNtCs4o3bEHjQXtz_8callisto14authentication31load_authorized_users_from_file
FNDA:0,_RNvXs0_NtCs4o3bEHjQXtz_8callisto14authenticationNtB5_17TokenTimeoutErrorNtNtCslxZGBWDpKxU_4core3fmt7Display3fmt
FNDA:0,_RNvXs1_NtCs4o3bEHjQXtz_8callisto14authenticationNtB5_15InvalidKeyErrorNtNtCslxZGBWDpKxU_4core3fmt7Display3fmt
FNDA:0,_RNvXNvXNvNtCs4o3bEHjQXtz_8callisto14authentications_1__NtB7_12GoogleClaimsNtNtCslPV0GBxWL6G_5serde2de11Deserialize11deserializeNtB2_14___FieldVisitorNtB1c_7Visitor9expecting
FNDA:0,_RNvXs0_NvXNvNtCs4o3bEHjQXtz_8callisto14authentications_1__NtBa_12GoogleClaimsNtNtCslPV0GBxWL6G_5serde2de11Deserialize11deserializeNtB5_9___VisitorNtB1f_7Visitor9expecting
FNDA:0,_RNvXNvXNvNtCs4o3bEHjQXtz_8callisto14authentications1_1__NtB7_18GoogleTokenRequestNtNtCslPV0GBxWL6G_5serde2de11Deserialize11deserializeNtB2_14___FieldVisitorNtB1j_7Visitor9expecting
FNDA:0,_RNvXs0_NvXNvNtCs4o3bEHjQXtz_8callisto14authentications1_1__NtBa_18GoogleTokenRequestNtNtCslPV0GBxWL6G_5serde2de11Deserialize11deserializeNtB5_9___VisitorNtB1m_7Visitor9expecting
FNDA:0,_RNvXNvXNvNtCs4o3bEHjQXtz_8callisto14authentications3_1__NtB7_19GoogleTokenResponseNtNtCslPV0GBxWL6G_5serde2de11Deserialize11deserializeNtB2_14___FieldVisitorNtB1k_7Visitor9expecting
FNDA:0,_RNvXs0_NvXNvNtCs4o3bEHjQXtz_8callisto14authentications3_1__NtBa_19GoogleTokenResponseNtNtCslPV0GBxWL6G_5serde2de11Deserialize11deserializeNtB5_9___VisitorNtB1n_7Visitor9expecting
FNDA:0,_RNvXNvXNvNtCs4o3bEHjQXtz_8callisto14authentications4_1__NtB7_16GooglePublicKeysNtNtCslPV0GBxWL6G_5serde2de11Deserialize11deserializeNtB2_14___FieldVisitorNtB1h_7Visitor9expecting
FNDA:0,_RNvXs0_NvXNvNtCs4o3bEHjQXtz_8callisto14authentications4_1__NtBa_16GooglePublicKeysNtNtCslPV0GBxWL6G_5serde2de11Deserialize11deserializeNtB5_9___VisitorNtB1k_7Visitor9expecting
FNDA:0,_RNvXNvXNvNtCs4o3bEHjQXtz_8callisto14authentications5_1__NtB7_15GooglePublicKeyNtNtCslPV0GBxWL6G_5serde2de11Deserialize11deserializeNtB2_14___FieldVisitorNtB1g_7Visitor9expecting
FNDA:0,_RNvXs0_NvXNvNtCs4o3bEHjQXtz_8callisto14authentications5_1__NtBa_15GooglePublicKeyNtNtCslPV0GBxWL6G_5serde2de11Deserialize11deserializeNtB5_9___VisitorNtB1j_7Visitor9expecting
FNDA:0,_RNvXNvXNvNtCs4o3bEHjQXtz_8callisto14authentications6_1__NtB7_17GoogleCredentialsNtNtCslPV0GBxWL6G_5serde2de11Deserialize11deserializeNtB2_14___FieldVisitorNtB1i_7Visitor9expecting
FNDA:0,_RNvXs0_NvXNvNtCs4o3bEHjQXtz_8callisto14authentications6_1__NtBa_17GoogleCredentialsNtNtCslPV0GBxWL6G_5serde2de11Deserialize11deserializeNtB5_9___VisitorNtB1l_7Visitor9expecting
FNDA:0,_RNvXNvXNvNtCs4o3bEHjQXtz_8callisto14authentications7_1__NtB7_15GoogleCredsJsonNtNtCslPV0GBxWL6G_5serde2de11Deserialize11deserializeNtB2_14___FieldVisitorNtB1g_7Visitor9expecting
FNDA:0,_RNvXs0_NvXNvNtCs4o3bEHjQXtz_8callisto14authentications7_1__NtBa_15GoogleCredsJsonNtNtCslPV0GBxWL6G_5serde2de11Deserialize11deserializeNtB5_9___VisitorNtB1j_7Visitor9expecting
FNDA:0,_RNCNvNtCs4o3bEHjQXtz_8callisto14authentication33load_google_credentials_from_file0B5_
FNDA:0,_RNCNvNtCs4o3bEHjQXtz_8callisto14authentication33load_google_credentials_from_files_0B5_
FNDA:0,_RINvXNvXNvNtCs4o3bEHjQXtz_8callisto14authentications6_1__NtB8_17GoogleCredentialsNtNtCslPV0GBxWL6G_5serde2de11Deserialize11deserializeNtB3_14___FieldVisitorNtB1j_7Visitor9visit_strNtNtCsluz68QKaPup_10serde_json5error5ErrorEBa_
FNDA:0,_RINvXs_NvXNvNtCs4o3bEHjQXtz_8callisto14authentications6_1__NtBa_17GoogleCredentialsNtNtCslPV0GBxWL6G_5serde2de11Deserialize11deserializeNtB5_7___FieldB1j_11deserializeINtNtCsluz68QKaPup_10serde_json2de6MapKeyINtNtB2K_4read6IoReadINtNtNtNtCsiCh6V8dk32N_3std2io8buffered9bufreader9BufReaderNtNtB3O_2fs4FileEEEEBc_
FNDA:0,_RINvXs0_NvXNvNtCs4o3bEHjQXtz_8callisto14authentications6_1__NtBb_17GoogleCredentialsNtNtCslPV0GBxWL6G_5serde2de11Deserialize11deserializeNtB6_9___VisitorNtB1m_7Visitor9visit_seqINtNtCsluz68QKaPup_10serde_json2de9SeqAccessINtNtB2U_4read6IoReadINtNtNtNtCsiCh6V8dk32N_3std2io8buffered9bufreader9BufReaderNtNtB41_2fs4FileEEEEBd_
FNDA:0,_RINvXs0_NvXNvNtCs4o3bEHjQXtz_8callisto14authentications6_1__NtBb_17GoogleCredentialsNtNtCslPV0GBxWL6G_5serde2de11Deserialize11deserializeNtB6_9___VisitorNtB1m_7Visitor9visit_mapINtNtCsluz68QKaPup_10serde_json2de9MapAccessINtNtB2U_4read6IoReadINtNtNtNtCsiCh6V8dk32N_3std2io8buffered9bufreader9BufReaderNtNtB41_2fs4FileEEEEBd_
FNDA:0,_RINvXNvXNvNtCs4o3bEHjQXtz_8callisto14authentications7_1__NtB8_15GoogleCredsJsonNtNtCslPV0GBxWL6G_5serde2de11Deserialize11deserializeNtB3_14___FieldVisitorNtB1h_7Visitor9visit_strNtNtCsluz68QKaPup_10serde_json5error5ErrorEBa_
FNDA:0,_RINvXs_NvXNvNtCs4o3bEHjQXtz_8callisto14authentications7_1__NtBa_15GoogleCredsJsonNtNtCslPV0GBxWL6G_5serde2de11Deserialize11deserializeNtB5_7___FieldB1h_11deserializeINtNtCsluz68QKaPup_10serde_json2de6MapKeyINtNtB2I_4read6IoReadINtNtNtNtCsiCh6V8dk32N_3std2io8buffered9bufreader9BufReaderNtNtB3M_2fs4FileEEEEBc_
FNDA:0,_RINvXs0_NvXNvNtCs4o3bEHjQXtz_8callisto14authentications7_1__NtBb_15GoogleCredsJsonNtNtCslPV0GBxWL6G_5serde2de11Deserialize11deserializeNtB6_9___VisitorNtB1k_7Visitor9visit_seqINtNtCsluz68QKaPup_10serde_json2de9SeqAccessINtNtB2S_4read6IoReadINtNtNtNtCsiCh6V8dk32N_3std2io8buffered9bufreader9BufReaderNtNtB3Z_2fs4FileEEEEBd_
FNDA:0,_RINvXs0_NvXNvNtCs4o3bEHjQXtz_8callisto14authentications7_1__NtBb_15GoogleCredsJsonNtNtCslPV0GBxWL6G_5serde2de11Deserialize11deserializeNtB6_9___VisitorNtB1k_7Visitor9visit_mapINtNtCsluz68QKaPup_10serde_json2de9MapAccessINtNtB2S_4read6IoReadINtNtNtNtCsiCh6V8dk32N_3std2io8buffered9bufreader9BufReaderNtNtB3Z_2fs4FileEEEEBd_
FNDA:0,_RNCNvMNtCs4o3bEHjQXtz_8callisto14authenticationNtB4_13Authenticator3new0B6_
FNDA:0,_RNCNCNvMNtCs4o3bEHjQXtz_8callisto14authenticationNtB6_13Authenticator3new00B8_
FNDA:0,_RNCNvMNtCs4o3bEHjQXtz_8callisto14authenticationNtB4_13Authenticator24authenticate_google_user0B6_
FNDA:0,_RNCNCNvMNtCs4o3bEHjQXtz_8callisto14authenticationNtB6_13Authenticator24authenticate_google_user00B8_
FNDA:0,_RNCNCNvMNtCs4o3bEHjQXtz_8callisto14authenticationNtB6_13Authenticator24authenticate_google_user0s_0B8_
FNDA:0,_RNCNCNvMNtCs4o3bEHjQXtz_8callisto14authenticationNtB6_13Authenticator24authenticate_google_user0s0_0B8_
FNDA:0,_RNCNCNvMNtCs4o3bEHjQXtz_8callisto14authenticationNtB6_13Authenticator24authenticate_google_user0s1_0B8_
FNDA:0,_RNCNCNvMNtCs4o3bEHjQXtz_8callisto14authenticationNtB6_13Authenticator24authenticate_google_user0s2_0B8_
FNDA:0,_RNCNvMNtCs4o3bEHjQXtz_8callisto14authenticationNtB4_13Authenticator19check_authorization0B6_
FNDA:0,_RNCNvMNtCs4o3bEHjQXtz_8callisto14authenticationNtB4_13Authenticator24fetch_google_public_keys0B6_
FNDA:0,_RNCNCNvMNtCs4o3bEHjQXtz_8callisto14authenticationNtB6_13Authenticator24fetch_google_public_keys00B8_
FNDA:0,_RNCNvNtCs4o3bEHjQXtz_8callisto14authentication31load_authorized_users_from_file0B5_
FNDA:0,_RNCNCNvNtCs4o3bEHjQXtz_8callisto14authentication31load_authorized_users_from_file00B7_
FNDA:0,_RNCNCNvNtCs4o3bEHjQXtz_8callisto14authentication31load_authorized_users_from_file0s_0B7_
FNDA:0,_RNCNCNvNtCs4o3bEHjQXtz_8callisto14authentication31load_authorized_users_from_file0s0_0B7_
FNDA:0,_RINvXNvXNvNtCs4o3bEHjQXtz_8callisto14authentications_1__NtB8_12GoogleClaimsNtNtCslPV0GBxWL6G_5serde2de11Deserialize11deserializeNtB3_14___FieldVisitorNtB1d_7Visitor9visit_u64pEBa_
FNDA:0,_RINvXNvXNvNtCs4o3bEHjQXtz_8callisto14authentications_1__NtB8_12GoogleClaimsNtNtCslPV0GBxWL6G_5serde2de11Deserialize11deserializeNtB3_14___FieldVisitorNtB1d_7Visitor9visit_strpEBa_
FNDA:0,_RINvXNvXNvNtCs4o3bEHjQXtz_8callisto14authentications_1__NtB8_12GoogleClaimsNtNtCslPV0GBxWL6G_5serde2de11Deserialize11deserializeNtB3_14___FieldVisitorNtB1d_7Visitor11visit_bytespEBa_
FNDA:0,_RINvXs_NvXNvNtCs4o3bEHjQXtz_8callisto14authentications_1__NtBa_12GoogleClaimsNtNtCslPV0GBxWL6G_5serde2de11Deserialize11deserializeNtB5_7___FieldB1d_11deserializepEBc_
FNDA:0,_RINvXs0_NvXNvNtCs4o3bEHjQXtz_8callisto14authentications_1__NtBb_12GoogleClaimsNtNtCslPV0GBxWL6G_5serde2de11Deserialize11deserializeNtB6_9___VisitorNtB1g_7Visitor9visit_seqpEBd_
FNDA:0,_RINvXs0_NvXNvNtCs4o3bEHjQXtz_8callisto14authentications_1__NtBb_12GoogleClaimsNtNtCslPV0GBxWL6G_5serde2de11Deserialize11deserializeNtB6_9___VisitorNtB1g_7Visitor9visit_mappEBd_
FNDA:0,_RINvXNvXNvNtCs4o3bEHjQXtz_8callisto14authentications1_1__NtB8_18GoogleTokenRequestNtNtCslPV0GBxWL6G_5serde2de11Deserialize11deserializeNtB3_14___FieldVisitorNtB1k_7Visitor9visit_u64pEBa_
FNDA:0,_RINvXNvXNvNtCs4o3bEHjQXtz_8callisto14authentications1_1__NtB8_18GoogleTokenRequestNtNtCslPV0GBxWL6G_5serde2de11Deserialize11deserializeNtB3_14___FieldVisitorNtB1k_7Visitor9visit_strpEBa_
FNDA:0,_RINvXNvXNvNtCs4o3bEHjQXtz_8callisto14authentications1_1__NtB8_18GoogleTokenRequestNtNtCslPV0GBxWL6G_5serde2de11Deserialize11deserializeNtB3_14___FieldVisitorNtB1k_7Visitor11visit_bytespEBa_
FNDA:0,_RINvXs_NvXNvNtCs4o3bEHjQXtz_8callisto14authentications1_1__NtBa_18GoogleTokenRequestNtNtCslPV0GBxWL6G_5serde2de11Deserialize11deserializeNtB5_7___FieldB1k_11deserializepEBc_
FNDA:0,_RINvXs0_NvXNvNtCs4o3bEHjQXtz_8callisto14authentications1_1__NtBb_18GoogleTokenRequestNtNtCslPV0GBxWL6G_5serde2de11Deserialize11deserializeNtB6_9___VisitorNtB1n_7Visitor9visit_seqpEBd_
FNDA:0,_RINvXs0_NvXNvNtCs4o3bEHjQXtz_8callisto14authentications1_1__NtBb_18GoogleTokenRequestNtNtCslPV0GBxWL6G_5serde2de11Deserialize11deserializeNtB6_9___VisitorNtB1n_7Visitor9visit_mappEBd_
FNDA:0,_RINvXNvXNvNtCs4o3bEHjQXtz_8callisto14authentications3_1__NtB8_19GoogleTokenResponseNtNtCslPV0GBxWL6G_5serde2de11Deserialize11deserializeNtB3_14___FieldVisitorNtB1l_7Visitor9visit_u64pEBa_
FNDA:0,_RINvXNvXNvNtCs4o3bEHjQXtz_8callisto14authentications3_1__NtB8_19GoogleTokenResponseNtNtCslPV0GBxWL6G_5serde2de11Deserialize11deserializeNtB3_14___FieldVisitorNtB1l_7Visitor9visit_strpEBa_
FNDA:0,_RINvXNvXNvNtCs4o3bEHjQXtz_8callisto14authentications3_1__NtB8_19GoogleTokenResponseNtNtCslPV0GBxWL6G_5serde2de11Deserialize11deserializeNtB3_14___FieldVisitorNtB1l_7Visitor11visit_bytespEBa_
FNDA:0,_RINvXs_NvXNvNtCs4o3bEHjQXtz_8callisto14authentications3_1__NtBa_19GoogleTokenResponseNtNtCslPV0GBxWL6G_5serde2de11Deserialize11deserializeNtB5_7___FieldB1l_11deserializepEBc_
FNDA:0,_RINvXs0_NvXNvNtCs4o3bEHjQXtz_8callisto14authentications3_1__NtBb_19GoogleTokenResponseNtNtCslPV0GBxWL6G_5serde2de11Deserialize11deserializeNtB6_9___VisitorNtB1o_7Visitor9visit_seqpEBd_
FNDA:0,_RINvXs0_NvXNvNtCs4o3bEHjQXtz_8callisto14authentications3_1__NtBb_19GoogleTokenResponseNtNtCslPV0GBxWL6G_5serde2de11Deserialize11deserializeNtB6_9___VisitorNtB1o_7Visitor9visit_mappEBd_
FNDA:0,_RINvXNvXNvNtCs4o3bEHjQXtz_8callisto14authentications4_1__NtB8_16GooglePublicKeysNtNtCslPV0GBxWL6G_5serde2de11Deserialize11deserializeNtB3_14___FieldVisitorNtB1i_7Visitor9visit_u64pEBa_
FNDA:0,_RINvXNvXNvNtCs4o3bEHjQXtz_8callisto14authentications4_1__NtB8_16GooglePublicKeysNtNtCslPV0GBxWL6G_5serde2de11Deserialize11deserializeNtB3_14___FieldVisitorNtB1i_7Visitor9visit_strpEBa_
FNDA:0,_RINvXNvXNvNtCs4o3bEHjQXtz_8callisto14authentications4_1__NtB8_16GooglePublicKeysNtNtCslPV0GBxWL6G_5serde2de11Deserialize11deserializeNtB3_14___FieldVisitorNtB1i_7Visitor11visit_bytespEBa_
FNDA:0,_RINvXs_NvXNvNtCs4o3bEHjQXtz_8callisto14authentications4_1__NtBa_16GooglePublicKeysNtNtCslPV0GBxWL6G_5serde2de11Deserialize11deserializeNtB5_7___FieldB1i_11deserializepEBc_
FNDA:0,_RINvXs0_NvXNvNtCs4o3bEHjQXtz_8callisto14authentications4_1__NtBb_16GooglePublicKeysNtNtCslPV0GBxWL6G_5serde2de11Deserialize11deserializeNtB6_9___VisitorNtB1l_7Visitor9visit_seqpEBd_
FNDA:0,_RINvXs0_NvXNvNtCs4o3bEHjQXtz_8callisto14authentications4_1__NtBb_16GooglePublicKeysNtNtCslPV0GBxWL6G_5serde2de11Deserialize11deserializeNtB6_9___VisitorNtB1l_7Visitor9visit_mappEBd_
FNDA:0,_RINvXNvXNvNtCs4o3bEHjQXtz_8callisto14authentications5_1__NtB8_15GooglePublicKeyNtNtCslPV0GBxWL6G_5serde2de11Deserialize11deserializeNtB3_14___FieldVisitorNtB1h_7Visitor9visit_u64pEBa_
FNDA:0,_RINvXNvXNvNtCs4o3bEHjQXtz_8callisto14authentications5_1__NtB8_15GooglePublicKeyNtNtCslPV0GBxWL6G_5serde2de11Deserialize11deserializeNtB3_14___FieldVisitorNtB1h_7Visitor9visit_strpEBa_
FNDA:0,_RINvXNvXNvNtCs4o3bEHjQXtz_8callisto14authentications5_1__NtB8_15GooglePublicKeyNtNtCslPV0GBxWL6G_5serde2de11Deserialize11deserializeNtB3_14___FieldVisitorNtB1h_7Visitor11visit_bytespEBa_
FNDA:0,_RINvXs_NvXNvNtCs4o3bEHjQXtz_8callisto14authentications5_1__NtBa_15GooglePublicKeyNtNtCslPV0GBxWL6G_5serde2de11Deserialize11deserializeNtB5_7___FieldB1h_11deserializepEBc_
FNDA:0,_RINvXs0_NvXNvNtCs4o3bEHjQXtz_8callisto14authentications5_1__NtBb_15GooglePublicKeyNtNtCslPV0GBxWL6G_5serde2de11Deserialize11deserializeNtB6_9___VisitorNtB1k_7Visitor9visit_seqpEBd_
FNDA:0,_RINvXs0_NvXNvNtCs4o3bEHjQXtz_8callisto14authentications5_1__NtBb_15GooglePublicKeyNtNtCslPV0GBxWL6G_5serde2de11Deserialize11deserializeNtB6_9___VisitorNtB1k_7Visitor9visit_mappEBd_
FNDA:0,_RINvXNvXNvNtCs4o3bEHjQXtz_8callisto14authentications6_1__NtB8_17GoogleCredentialsNtNtCslPV0GBxWL6G_5serde2de11Deserialize11deserializeNtB3_14___FieldVisitorNtB1j_7Visitor9visit_u64pEBa_
FNDA:0,_RINvXNvXNvNtCs4o3bEHjQXtz_8callisto14authentications6_1__NtB8_17GoogleCredentialsNtNtCslPV0GBxWL6G_5serde2de11Deserialize11deserializeNtB3_14___FieldVisitorNtB1j_7Visitor11visit_bytespEBa_
FNDA:0,_RINvXNvXNvNtCs4o3bEHjQXtz_8callisto14authentications7_1__NtB8_15GoogleCredsJsonNtNtCslPV0GBxWL6G_5serde2de11Deserialize11deserializeNtB3_14___FieldVisitorNtB1h_7Visitor9visit_u64pEBa_
FNDA:0,_RINvXNvXNvNtCs4o3bEHjQXtz_8callisto14authentications7_1__NtB8_15GoogleCredsJsonNtNtCslPV0GBxWL6G_5serde2de11Deserialize11deserializeNtB3_14___FieldVisitorNtB1h_7Visitor11visit_bytespEBa_
FNDA:0,_RNvMNtCsbIW9GKplEdi_8callisto14authenticationNtB2_13Authenticator3new
FNDA:0,_RNCNvMNtCsbIW9GKplEdi_8callisto14authenticationNtB4_13Authenticator3new0B6_
FNDA:0,_RNCNCNvMNtCsbIW9GKplEdi_8callisto14authenticationNtB6_13Authenticator3new00B8_
FNDA:0,_RNvMNtCsbIW9GKplEdi_8callisto14authenticationNtB2_13Authenticator24authenticate_google_user
FNDA:0,_RNCNvMNtCsbIW9GKplEdi_8callisto14authenticationNtB4_13Authenticator24authenticate_google_user0B6_
FNDA:0,_RNCNCNvMNtCsbIW9GKplEdi_8callisto14authenticationNtB6_13Authenticator24authenticate_google_user00B8_
FNDA:0,_RNCNCNvMNtCsbIW9GKplEdi_8callisto14authenticationNtB6_13Authenticator24authenticate_google_user0s_0B8_
FNDA:0,_RNCNCNvMNtCsbIW9GKplEdi_8callisto14authenticationNtB6_13Authenticator24authenticate_google_user0s0_0B8_
FNDA:0,_RNCNCNvMNtCsbIW9GKplEdi_8callisto14authenticationNtB6_13Authenticator24authenticate_google_user0s1_0B8_
FNDA:0,_RNCNCNvMNtCsbIW9GKplEdi_8callisto14authenticationNtB6_13Authenticator24authenticate_google_user0s2_0B8_
FNDA:0,_RNvMNtCsbIW9GKplEdi_8callisto14authenticationNtB2_13Authenticator20validate_session_key
FNDA:0,_RNvMNtCsbIW9GKplEdi_8callisto14authenticationNtB2_13Authenticator19check_authorization
FNDA:0,_RNCNvMNtCsbIW9GKplEdi_8callisto14authenticationNtB4_13Authenticator19check_authorization0B6_
FNDA:0,_RNvMNtCsbIW9GKplEdi_8callisto14authenticationNtB2_13Authenticator24fetch_google_public_keys
FNDA:0,_RNCNvMNtCsbIW9GKplEdi_8callisto14authenticationNtB4_13Authenticator24fetch_google_public_keys0B6_
FNDA:0,_RNCNCNvMNtCsbIW9GKplEdi_8callisto14authenticationNtB6_13Authenticator24fetch_google_public_keys00B8_
FNDA:0,_RNvNtCsbIW9GKplEdi_8callisto14authentication33load_google_credentials_from_file
FNDA:0,_RNCNvNtCsbIW9GKplEdi_8callisto14authentication33load_google_credentials_from_file0B5_
FNDA:0,_RNCNvNtCsbIW9GKplEdi_8callisto14authentication33load_google_credentials_from_files_0B5_
FNDA:0,_RNvXs0_NtCsbIW9GKplEdi_8callisto14authenticationNtB5_17TokenTimeoutErrorNtNtCslxZGBWDpKxU_4core3fmt7Display3fmt
FNDA:0,_RNvXs1_NtCsbIW9GKplEdi_8callisto14authenticationNtB5_15InvalidKeyErrorNtNtCslxZGBWDpKxU_4core3fmt7Display3fmt
FNDA:0,_RNvXNvXNvNtCsbIW9GKplEdi_8callisto14authentications_1__NtB7_12GoogleClaimsNtNtCslPV0GBxWL6G_5serde2de11Deserialize11deserializeNtB2_14___FieldVisitorNtB1c_7Visitor9expecting
FNDA:0,_RINvXNvXNvNtCsbIW9GKplEdi_8callisto14authentications_1__NtB8_12GoogleClaimsNtNtCslPV0GBxWL6G_5serde2de11Deserialize11deserializeNtB3_14___FieldVisitorNtB1d_7Visitor9visit_u64pEBa_
FNDA:0,_RINvXNvXNvNtCsbIW9GKplEdi_8callisto14authentications_1__NtB8_12GoogleClaimsNtNtCslPV0GBxWL6G_5serde2de11Deserialize11deserializeNtB3_14___FieldVisitorNtB1d_7Visitor9visit_strpEBa_
FNDA:0,_RINvXNvXNvNtCsbIW9GKplEdi_8callisto14authentications_1__NtB8_12GoogleClaimsNtNtCslPV0GBxWL6G_5serde2de11Deserialize11deserializeNtB3_14___FieldVisitorNtB1d_7Visitor11visit_bytespEBa_
FNDA:0,_RINvXs_NvXNvNtCsbIW9GKplEdi_8callisto14authentications_1__NtBa_12GoogleClaimsNtNtCslPV0GBxWL6G_5serde2de11Deserialize11deserializeNtB5_7___FieldB1d_11deserializepEBc_
FNDA:0,_RNvXs0_NvXNvNtCsbIW9GKplEdi_8callisto14authentications_1__NtBa_12GoogleClaimsNtNtCslPV0GBxWL6G_5serde2de11Deserialize11deserializeNtB5_9___VisitorNtB1f_7Visitor9expecting
FNDA:0,_RINvXs0_NvXNvNtCsbIW9GKplEdi_8callisto14authentications_1__NtBb_12GoogleClaimsNtNtCslPV0GBxWL6G_5serde2de11Deserialize11deserializeNtB6_9___VisitorNtB1g_7Visitor9visit_seqpEBd_
FNDA:0,_RINvXs0_NvXNvNtCsbIW9GKplEdi_8callisto14authentications_1__NtBb_12GoogleClaimsNtNtCslPV0GBxWL6G_5serde2de11Deserialize11deserializeNtB6_9___VisitorNtB1g_7Visitor9visit_mappEBd_
FNDA:0,_RNvXNvXNvNtCsbIW9GKplEdi_8callisto14authentications1_1__NtB7_18GoogleTokenRequestNtNtCslPV0GBxWL6G_5serde2de11Deserialize11deserializeNtB2_14___FieldVisitorNtB1j_7Visitor9expecting
FNDA:0,_RINvXNvXNvNtCsbIW9GKplEdi_8callisto14authentications1_1__NtB8_18GoogleTokenRequestNtNtCslPV0GBxWL6G_5serde2de11Deserialize11deserializeNtB3_14___FieldVisitorNtB1k_7Visitor9visit_u64pEBa_
FNDA:0,_RINvXNvXNvNtCsbIW9GKplEdi_8callisto14authentications1_1__NtB8_18GoogleTokenRequestNtNtCslPV0GBxWL6G_5serde2de11Deserialize11deserializeNtB3_14___FieldVisitorNtB1k_7Visitor9visit_strpEBa_
FNDA:0,_RINvXNvXNvNtCsbIW9GKplEdi_8callisto14authentications1_1__NtB8_18GoogleTokenRequestNtNtCslPV0GBxWL6G_5serde2de11Deserialize11deserializeNtB3_14___FieldVisitorNtB1k_7Visitor11visit_bytespEBa_
FNDA:0,_RINvXs_NvXNvNtCsbIW9GKplEdi_8callisto14authentications1_1__NtBa_18GoogleTokenRequestNtNtCslPV0GBxWL6G_5serde2de11Deserialize11deserializeNtB5_7___FieldB1k_11deserializepEBc_
FNDA:0,_RNvXs0_NvXNvNtCsbIW9GKplEdi_8callisto14authentications1_1__NtBa_18GoogleTokenRequestNtNtCslPV0GBxWL6G_5serde2de11Deserialize11deserializeNtB5_9___VisitorNtB1m_7Visitor9expecting
FNDA:0,_RINvXs0_NvXNvNtCsbIW9GKplEdi_8callisto14authentications1_1__NtBb_18GoogleTokenRequestNtNtCslPV0GBxWL6G_5serde2de11Deserialize11deserializeNtB6_9___VisitorNtB1n_7Visitor9visit_seqpEBd_
FNDA:0,_RINvXs0_NvXNvNtCsbIW9GKplEdi_8callisto14authentications1_1__NtBb_18GoogleTokenRequestNtNtCslPV0GBxWL6G_5serde2de11Deserialize11deserializeNtB6_9___VisitorNtB1n_7Visitor9visit_mappEBd_
FNDA:0,_RNvXNvXNvNtCsbIW9GKplEdi_8callisto14authentications3_1__NtB7_19GoogleTokenResponseNtNtCslPV0GBxWL6G_5serde2de11Deserialize11deserializeNtB2_14___FieldVisitorNtB1k_7Visitor9expecting
FNDA:0,_RINvXNvXNvNtCsbIW9GKplEdi_8callisto14authentications3_1__NtB8_19GoogleTokenResponseNtNtCslPV0GBxWL6G_5serde2de11Deserialize11deserializeNtB3_14___FieldVisitorNtB1l_7Visitor9visit_u64pEBa_
FNDA:0,_RINvXNvXNvNtCsbIW9GKplEdi_8callisto14authentications3_1__NtB8_19GoogleTokenResponseNtNtCslPV0GBxWL6G_5serde2de11Deserialize11deserializeNtB3_14___FieldVisitorNtB1l_7Visitor9visit_strpEBa_
FNDA:0,_RINvXNvXNvNtCsbIW9GKplEdi_8callisto14authentications3_1__NtB8_19GoogleTokenResponseNtNtCslPV0GBxWL6G_5serde2de11Deserialize11deserializeNtB3_14___FieldVisitorNtB1l_7Visitor11visit_bytespEBa_
FNDA:0,_RINvXs_NvXNvNtCsbIW9GKplEdi_8callisto14authentications3_1__NtBa_19GoogleTokenResponseNtNtCslPV0GBxWL6G_5serde2de11Deserialize11deserializeNtB5_7___FieldB1l_11deserializepEBc_
FNDA:0,_RNvXs0_NvXNvNtCsbIW9GKplEdi_8callisto14authentications3_1__NtBa_19GoogleTokenResponseNtNtCslPV0GBxWL6G_5serde2de11Deserialize11deserializeNtB5_9___VisitorNtB1n_7Visitor9expecting
FNDA:0,_RINvXs0_NvXNvNtCsbIW9GKplEdi_8callisto14authentications3_1__NtBb_19GoogleTokenResponseNtNtCslPV0GBxWL6G_5serde2de11Deserialize11deserializeNtB6_9___VisitorNtB1o_7Visitor9visit_seqpEBd_
FNDA:0,_RINvXs0_NvXNvNtCsbIW9GKplEdi_8callisto14authentications3_1__NtBb_19GoogleTokenResponseNtNtCslPV0GBxWL6G_5serde2de11Deserialize11deserializeNtB6_9___VisitorNtB1o_7Visitor9visit_mappEBd_
FNDA:0,_RNvXNvXNvNtCsbIW9GKplEdi_8callisto14authentications4_1__NtB7_16GooglePublicKeysNtNtCslPV0GBxWL6G_5serde2de11Deserialize11deserializeNtB2_14___FieldVisitorNtB1h_7Visitor9expecting
FNDA:0,_RINvXNvXNvNtCsbIW9GKplEdi_8callisto14authentications4_1__NtB8_16GooglePublicKeysNtNtCslPV0GBxWL6G_5serde2de11Deserialize11deserializeNtB3_14___FieldVisitorNtB1i_7Visitor9visit_u64pEBa_
FNDA:0,_RINvXNvXNvNtCsbIW9GKplEdi_8callisto14authentications4_1__NtB8_16GooglePublicKeysNtNtCslPV0GBxWL6G_5serde2de11Deserialize11deserializeNtB3_14___FieldVisitorNtB1i_7Visitor9visit_strpEBa_
FNDA:0,_RINvXNvXNvNtCsbIW9GKplEdi_8callisto14authentications4_1__NtB8_16GooglePublicKeysNtNtCslPV0GBxWL6G_5serde2de11Deserialize11deserializeNtB3_14___FieldVisitorNtB1i_7Visitor11visit_bytespEBa_
FNDA:0,_RINvXs_NvXNvNtCsbIW9GKplEdi_8callisto14authentications4_1__NtBa_16GooglePublicKeysNtNtCslPV0GBxWL6G_5serde2de11Deserialize11deserializeNtB5_7___FieldB1i_11deserializepEBc_
FNDA:0,_RNvXs0_NvXNvNtCsbIW9GKplEdi_8callisto14authentications4_1__NtBa_16GooglePublicKeysNtNtCslPV0GBxWL6G_5serde2de11Deserialize11deserializeNtB5_9___VisitorNtB1k_7Visitor9expecting
FNDA:0,_RINvXs0_NvXNvNtCsbIW9GKplEdi_8callisto14authentications4_1__NtBb_16GooglePublicKeysNtNtCslPV0GBxWL6G_5serde2de11Deserialize11deserializeNtB6_9___VisitorNtB1l_7Visitor9visit_seqpEBd_
FNDA:0,_RINvXs0_NvXNvNtCsbIW9GKplEdi_8callisto14authentications4_1__NtBb_16GooglePublicKeysNtNtCslPV0GBxWL6G_5serde2de11Deserialize11deserializeNtB6_9___VisitorNtB1l_7Visitor9visit_mappEBd_
FNDA:0,_RNvXNvXNvNtCsbIW9GKplEdi_8callisto14authentications5_1__NtB7_15GooglePublicKeyNtNtCslPV0GBxWL6G_5serde2de11Deserialize11deserializeNtB2_14___FieldVisitorNtB1g_7Visitor9expecting
FNDA:0,_RINvXNvXNvNtCsbIW9GKplEdi_8callisto14authentications5_1__NtB8_15GooglePublicKeyNtNtCslPV0GBxWL6G_5serde2de11Deserialize11deserializeNtB3_14___FieldVisitorNtB1h_7Visitor9visit_u64pEBa_
FNDA:0,_RINvXNvXNvNtCsbIW9GKplEdi_8callisto14authentications5_1__NtB8_15GooglePublicKeyNtNtCslPV0GBxWL6G_5serde2de11Deserialize11deserializeNtB3_14___FieldVisitorNtB1h_7Visitor9visit_strpEBa_
FNDA:0,_RINvXNvXNvNtCsbIW9GKplEdi_8callisto14authentications5_1__NtB8_15GooglePublicKeyNtNtCslPV0GBxWL6G_5serde2de11Deserialize11deserializeNtB3_14___FieldVisitorNtB1h_7Visitor11visit_bytespEBa_
FNDA:0,_RINvXs_NvXNvNtCsbIW9GKplEdi_8callisto14authentications5_1__NtBa_15GooglePublicKeyNtNtCslPV0GBxWL6G_5serde2de11Deserialize11deserializeNtB5_7___FieldB1h_11deserializepEBc_
FNDA:0,_RNvXs0_NvXNvNtCsbIW9GKplEdi_8callisto14authentications5_1__NtBa_15GooglePublicKeyNtNtCslPV0GBxWL6G_5serde2de11Deserialize11deserializeNtB5_9___VisitorNtB1j_7Visitor9expecting
FNDA:0,_RINvXs0_NvXNvNtCsbIW9GKplEdi_8callisto14authentications5_1__NtBb_15GooglePublicKeyNtNtCslPV0GBxWL6G_5serde2de11Deserialize11deserializeNtB6_9___VisitorNtB1k_7Visitor9visit_seqpEBd_
FNDA:0,_RINvXs0_NvXNvNtCsbIW9GKplEdi_8callisto14authentications5_1__NtBb_15GooglePublicKeyNtNtCslPV0GBxWL6G_5serde2de11Deserialize11deserializeNtB6_9___VisitorNtB1k_7Visitor9visit_mappEBd_
FNDA:0,_RNvXNvXNvNtCsbIW9GKplEdi_8callisto14authentications6_1__NtB7_17GoogleCredentialsNtNtCslPV0GBxWL6G_5serde2de11Deserialize11deserializeNtB2_14___FieldVisitorNtB1i_7Visitor9expecting
FNDA:0,_RINvXNvXNvNtCsbIW9GKplEdi_8callisto14authentications6_1__NtB8_17GoogleCredentialsNtNtCslPV0GBxWL6G_5serde2de11Deserialize11deserializeNtB3_14___FieldVisitorNtB1j_7Visitor9visit_u64pEBa_
FNDA:0,_RINvXNvXNvNtCsbIW9GKplEdi_8callisto14authentications6_1__NtB8_17GoogleCredentialsNtNtCslPV0GBxWL6G_5serde2de11Deserialize11deserializeNtB3_14___FieldVisitorNtB1j_7Visitor9visit_strpEBa_
FNDA:0,_RINvXNvXNvNtCsbIW9GKplEdi_8callisto14authentications6_1__NtB8_17GoogleCredentialsNtNtCslPV0GBxWL6G_5serde2de11Deserialize11deserializeNtB3_14___FieldVisitorNtB1j_7Visitor11visit_bytespEBa_
FNDA:0,_RINvXs_NvXNvNtCsbIW9GKplEdi_8callisto14authentications6_1__NtBa_17GoogleCredentialsNtNtCslPV0GBxWL6G_5serde2de11Deserialize11deserializeNtB5_7___FieldB1j_11deserializepEBc_
FNDA:0,_RNvXs0_NvXNvNtCsbIW9GKplEdi_8callisto14authentications6_1__NtBa_17GoogleCredentialsNtNtCslPV0GBxWL6G_5serde2de11Deserialize11deserializeNtB5_9___VisitorNtB1l_7Visitor9expecting
FNDA:0,_RINvXs0_NvXNvNtCsbIW9GKplEdi_8callisto14authentications6_1__NtBb_17GoogleCredentialsNtNtCslPV0GBxWL6G_5serde2de11Deserialize11deserializeNtB6_9___VisitorNtB1m_7Visitor9visit_seqpEBd_
FNDA:0,_RINvXs0_NvXNvNtCsbIW9GKplEdi_8callisto14authentications6_1__NtBb_17GoogleCredentialsNtNtCslPV0GBxWL6G_5serde2de11Deserialize11deserializeNtB6_9___VisitorNtB1m_7Visitor9visit_mappEBd_
FNDA:0,_RNvXNvXNvNtCsbIW9GKplEdi_8callisto14authentications7_1__NtB7_15GoogleCredsJsonNtNtCslPV0GBxWL6G_5serde2de11Deserialize11deserializeNtB2_14___FieldVisitorNtB1g_7Visitor9expecting
FNDA:0,_RINvXNvXNvNtCsbIW9GKplEdi_8callisto14authentications7_1__NtB8_15GoogleCredsJsonNtNtCslPV0GBxWL6G_5serde2de11Deserialize11deserializeNtB3_14___FieldVisitorNtB1h_7Visitor9visit_u64pEBa_
FNDA:0,_RINvXNvXNvNtCsbIW9GKplEdi_8callisto14authentications7_1__NtB8_15GoogleCredsJsonNtNtCslPV0GBxWL6G_5serde2de11Deserialize11deserializeNtB3_14___FieldVisitorNtB1h_7Visitor9visit_strpEBa_
FNDA:0,_RINvXNvXNvNtCsbIW9GKplEdi_8callisto14authentications7_1__NtB8_15GoogleCredsJsonNtNtCslPV0GBxWL6G_5serde2de11Deserialize11deserializeNtB3_14___FieldVisitorNtB1h_7Visitor11visit_bytespEBa_
FNDA:0,_RINvXs_NvXNvNtCsbIW9GKplEdi_8callisto14authentications7_1__NtBa_15GoogleCredsJsonNtNtCslPV0GBxWL6G_5serde2de11Deserialize11deserializeNtB5_7___FieldB1h_11deserializepEBc_
FNDA:0,_RNvXs0_NvXNvNtCsbIW9GKplEdi_8callisto14authentications7_1__NtBa_15GoogleCredsJsonNtNtCslPV0GBxWL6G_5serde2de11Deserialize11deserializeNtB5_9___VisitorNtB1j_7Visitor9expecting
FNDA:0,_RINvXs0_NvXNvNtCsbIW9GKplEdi_8callisto14authentications7_1__NtBb_15GoogleCredsJsonNtNtCslPV0GBxWL6G_5serde2de11Deserialize11deserializeNtB6_9___VisitorNtB1k_7Visitor9visit_seqpEBd_
FNDA:0,_RINvXs0_NvXNvNtCsbIW9GKplEdi_8callisto14authentications7_1__NtBb_15GoogleCredsJsonNtNtCslPV0GBxWL6G_5serde2de11Deserialize11deserializeNtB6_9___VisitorNtB1k_7Visitor9visit_mappEBd_
FNDA:2,_RNvNtCsbIW9GKplEdi_8callisto14authentication31load_authorized_users_from_file
FNDA:2,_RNCNvNtCsbIW9GKplEdi_8callisto14authentication31load_authorized_users_from_file0B5_
FNDA:0,_RNCNCNvNtCsbIW9GKplEdi_8callisto14authentication31load_authorized_users_from_file00B7_
FNDA:0,_RNCNCNvNtCsbIW9GKplEdi_8callisto14authentication31load_authorized_users_from_file0s_0B7_
FNDA:0,_RNCNCNvNtCsbIW9GKplEdi_8callisto14authentication31load_authorized_users_from_file0s0_0B7_
FNDA:1,_RNvNtNtCsbIW9GKplEdi_8callisto14authentication5testss_35test_load_authorized_users_from_gcs
FNDA:1,_RNvNtNCNvNtNtCsbIW9GKplEdi_8callisto14authentication5testss_35test_load_authorized_users_from_gcs04init4init
FNDA:1,_RNvNtNtCsbIW9GKplEdi_8callisto14authentication5testss_36test_load_authorized_users_from_file
FNDA:1,_RNvNtNCNvNtNtCsbIW9GKplEdi_8callisto14authentication5testss_36test_load_authorized_users_from_file04init4init
FNF:35
FNH:4
DA:35,0
DA:36,0
DA:37,0
DA:38,0
DA:39,0
DA:40,0
DA:41,0
DA:42,0
DA:43,0
DA:44,0
DA:45,0
DA:46,0
DA:47,0
DA:48,0
DA:49,0
DA:50,0
DA:51,0
DA:52,0
DA:53,0
DA:55,0
DA:56,0
DA:57,0
DA:58,0
DA:67,0
DA:68,0
DA:69,0
DA:70,0
DA:71,0
DA:72,0
DA:73,0
DA:74,0
DA:75,0
DA:76,0
DA:77,0
DA:78,0
DA:79,0
DA:80,0
DA:81,0
DA:82,0
DA:83,0
DA:85,0
DA:86,0
DA:87,0
DA:88,0
DA:89,0
DA:90,0
DA:93,0
DA:94,0
DA:95,0
DA:96,0
DA:97,0
DA:98,0
DA:99,0
DA:100,0
DA:101,0
DA:102,0
DA:103,0
DA:104,0
DA:105,0
DA:106,0
DA:107,0
DA:108,0
DA:109,0
DA:110,0
DA:111,0
DA:112,0
DA:113,0
DA:114,0
DA:115,0
DA:116,0
DA:117,0
DA:118,0
DA:119,0
DA:120,0
DA:121,0
DA:122,0
DA:123,0
DA:124,0
DA:127,0
DA:128,0
DA:129,0
DA:130,0
DA:131,0
DA:132,0
DA:133,0
DA:134,0
DA:142,0
DA:143,0
DA:144,0
DA:145,0
DA:146,0
DA:147,0
DA:148,0
DA:149,0
DA:152,0
DA:154,0
DA:155,0
DA:160,0
DA:161,0
DA:162,0
DA:163,0
DA:164,0
DA:165,0
DA:166,0
DA:167,0
DA:168,0
DA:169,0
DA:170,0
DA:171,0
DA:172,0
DA:173,0
DA:174,0
DA:175,0
DA:176,0
DA:177,0
DA:178,0
DA:179,0
DA:180,0
DA:181,0
DA:182,0
DA:183,0
DA:184,0
DA:185,0
DA:186,0
DA:188,0
DA:189,0
DA:190,0
DA:192,0
DA:194,0
DA:196,0
DA:197,0
DA:198,0
DA:199,0
DA:200,0
DA:201,0
DA:202,0
DA:203,0
DA:204,0
DA:205,0
DA:206,0
DA:207,0
DA:208,0
DA:209,0
DA:210,0
DA:211,0
DA:212,0
DA:214,0
DA:215,0
DA:216,0
DA:217,0
DA:220,0
DA:221,0
DA:222,0
DA:223,0
DA:224,0
DA:225,0
DA:226,0
DA:227,0
DA:228,0
DA:232,0
DA:233,0
DA:234,0
DA:235,0
DA:237,0
DA:238,0
DA:239,0
DA:240,0
DA:241,0
DA:242,0
DA:243,0
DA:244,0
DA:245,0
DA:249,0
DA:250,0
DA:251,0
DA:252,0
DA:253,0
DA:254,0
DA:255,0
DA:256,0
DA:257,0
DA:258,0
DA:259,0
DA:260,0
DA:261,0
DA:262,0
DA:263,0
DA:266,0
DA:267,0
DA:268,0
DA:269,0
DA:270,0
DA:271,0
DA:272,0
DA:273,0
DA:274,0
DA:275,0
DA:276,0
DA:277,0
DA:278,0
DA:279,0
DA:280,0
DA:281,0
DA:282,0
DA:284,2
DA:285,2
DA:286,2
DA:287,2
DA:288,2
DA:289,9
DA:290,0
DA:291,0
DA:292,0
DA:293,0
DA:294,1
DA:295,1
DA:298,1
DA:299,1
DA:300,1
DA:301,1
DA:302,1
DA:303,1
DA:304,1
DA:305,1
DA:306,1
DA:307,6
DA:308,1
DA:309,0
DA:310,0
DA:311,0
DA:312,0
DA:313,1
DA:314,1
DA:315,1
DA:316,1
DA:317,1
DA:318,0
DA:319,0
DA:320,0
DA:321,0
DA:322,1
DA:323,1
DA:325,1
DA:327,1
DA:328,1
DA:329,1
DA:330,1
DA:331,1
DA:333,2
DA:343,0
DA:344,0
DA:345,0
DA:352,0
DA:353,0
DA:354,0
DA:360,0
DA:372,0
DA:381,0
DA:391,0
DA:396,0
DA:404,0
DA:415,0
DA:427,2
DA:441,2
BRF:0
BRH:0
LF:281
LH:36
end_of_record
SF:/Users/dan/dev/callisto/callisto/src/combat.rs
FN:22,_RNCNvNtCs4o3bEHjQXtz_8callisto6combat9roll_dice0B5_
FN:358,_RNCNvNtCs4o3bEHjQXtz_8callisto6combat10apply_crit0B5_
FN:372,_RNCNvNtCs4o3bEHjQXtz_8callisto6combat10apply_crits_0B5_
FN:374,_RNCNvNtCs4o3bEHjQXtz_8callisto6combat10apply_crits0_0B5_
FN:495,_RNCNvNtCs4o3bEHjQXtz_8callisto6combat15find_range_band0B5_
FN:510,_RNCNvNtCs4o3bEHjQXtz_8callisto6combat15do_fire_actions0B5_
FN:643,_RNCNvNtCs4o3bEHjQXtz_8callisto6combat18create_sand_counts0B5_
FN:650,_RNCNCNvNtCs4o3bEHjQXtz_8callisto6combat18create_sand_counts00B7_
FN:653,_RNCNCNvNtCs4o3bEHjQXtz_8callisto6combat18create_sand_counts0s_0B7_
FN:17,_RNvNtCs4o3bEHjQXtz_8callisto6combat4roll
FN:21,_RNvNtCs4o3bEHjQXtz_8callisto6combat9roll_dice
FN:25,_RNvNtCs4o3bEHjQXtz_8callisto6combat6attack
FN:207,_RNvNtCs4o3bEHjQXtz_8callisto6combat11do_critical
FN:224,_RNvNtCs4o3bEHjQXtz_8callisto6combat10apply_crit
FN:492,_RNvNtCs4o3bEHjQXtz_8callisto6combat15find_range_band
FN:500,_RNvNtCs4o3bEHjQXtz_8callisto6combat15do_fire_actions
FN:640,_RNvNtCs4o3bEHjQXtz_8callisto6combat18create_sand_counts
FN:685,_RNvNtNtCsbIW9GKplEdi_8callisto6combat5testss_25test_missile_fire_actions
FN:685,_RNvNtNvNtNtCsbIW9GKplEdi_8callisto6combat5testss_25test_missile_fire_actions4init4init
FN:800,_RNvNtNtCsbIW9GKplEdi_8callisto6combat5testss_15test_apply_crit
FN:800,_RNvNtNvNtNtCsbIW9GKplEdi_8callisto6combat5testss_15test_apply_crit4init4init
FN:1038,_RNvNtNtCsbIW9GKplEdi_8callisto6combat5testss_11test_attack
FN:1038,_RNvNtNvNtNtCsbIW9GKplEdi_8callisto6combat5testss_11test_attack4init4init
FN:17,_RNvNtCsbIW9GKplEdi_8callisto6combat4roll
FN:21,_RNvNtCsbIW9GKplEdi_8callisto6combat9roll_dice
FN:25,_RNvNtCsbIW9GKplEdi_8callisto6combat6attack
FN:207,_RNvNtCsbIW9GKplEdi_8callisto6combat11do_critical
FN:224,_RNvNtCsbIW9GKplEdi_8callisto6combat10apply_crit
FN:492,_RNvNtCsbIW9GKplEdi_8callisto6combat15find_range_band
FN:500,_RNvNtCsbIW9GKplEdi_8callisto6combat15do_fire_actions
FN:640,_RNvNtCsbIW9GKplEdi_8callisto6combat18create_sand_counts
FN:781,_RNCNvNtNtCsbIW9GKplEdi_8callisto6combat5testss_25test_missile_fire_actions0B7_
FN:818,_RNCNvNtNtCsbIW9GKplEdi_8callisto6combat5testss_15test_apply_crit0B7_
FN:871,_RNCNvNtNtCsbIW9GKplEdi_8callisto6combat5testss_15test_apply_crits_0B7_
FN:882,_RNCNvNtNtCsbIW9GKplEdi_8callisto6combat5testss_15test_apply_crits0_0B7_
FN:900,_RNCNvNtNtCsbIW9GKplEdi_8callisto6combat5testss_15test_apply_crits1_0B7_
FN:945,_RNCNvNtNtCsbIW9GKplEdi_8callisto6combat5testss_15test_apply_crits2_0B7_
FN:958,_RNCNvNtNtCsbIW9GKplEdi_8callisto6combat5testss_15test_apply_crits3_0B7_
FN:1001,_RNCNvNtNtCsbIW9GKplEdi_8callisto6combat5testss_15test_apply_crits4_0B7_
FN:1011,_RNCNvNtNtCsbIW9GKplEdi_8callisto6combat5testss_15test_apply_crits5_0B7_
FN:1265,_RNCNvNtNtCsbIW9GKplEdi_8callisto6combat5testss_11test_attack0B7_
FN:1154,_RNCNvNtNtCsbIW9GKplEdi_8callisto6combat5testss_11test_attacks_0B7_
FN:1162,_RNCNvNtNtCsbIW9GKplEdi_8callisto6combat5testss_11test_attacks0_0B7_
FN:1171,_RNCNvNtNtCsbIW9GKplEdi_8callisto6combat5testss_11test_attacks1_0B7_
FN:1177,_RNCNvNtNtCsbIW9GKplEdi_8callisto6combat5testss_11test_attacks2_0B7_
FN:1225,_RNCNvNtNtCsbIW9GKplEdi_8callisto6combat5testss_11test_attacks3_0B7_
FN:1244,_RNCNvNtNtCsbIW9GKplEdi_8callisto6combat5testss_11test_attacks4_0B7_
FN:1295,_RNCNvNtNtCsbIW9GKplEdi_8callisto6combat5testss_11test_attacks5_0B7_
FN:22,_RNCNvNtCsbIW9GKplEdi_8callisto6combat9roll_dice0B5_
FN:358,_RNCNvNtCsbIW9GKplEdi_8callisto6combat10apply_crit0B5_
FN:372,_RNCNvNtCsbIW9GKplEdi_8callisto6combat10apply_crits_0B5_
FN:374,_RNCNvNtCsbIW9GKplEdi_8callisto6combat10apply_crits0_0B5_
FN:495,_RNCNvNtCsbIW9GKplEdi_8callisto6combat15find_range_band0B5_
FN:510,_RNCNvNtCsbIW9GKplEdi_8callisto6combat15do_fire_actions0B5_
FN:643,_RNCNvNtCsbIW9GKplEdi_8callisto6combat18create_sand_counts0B5_
FN:650,_RNCNCNvNtCsbIW9GKplEdi_8callisto6combat18create_sand_counts00B7_
FN:653,_RNCNCNvNtCsbIW9GKplEdi_8callisto6combat18create_sand_counts0s_0B7_
FNDA:0,_RNCNvNtCs4o3bEHjQXtz_8callisto6combat9roll_dice0B5_
FNDA:0,_RNCNvNtCs4o3bEHjQXtz_8callisto6combat10apply_crit0B5_
FNDA:0,_RNCNvNtCs4o3bEHjQXtz_8callisto6combat10apply_crits_0B5_
FNDA:0,_RNCNvNtCs4o3bEHjQXtz_8callisto6combat10apply_crits0_0B5_
FNDA:0,_RNCNvNtCs4o3bEHjQXtz_8callisto6combat15find_range_band0B5_
FNDA:0,_RNCNvNtCs4o3bEHjQXtz_8callisto6combat15do_fire_actions0B5_
FNDA:0,_RNCNvNtCs4o3bEHjQXtz_8callisto6combat18create_sand_counts0B5_
FNDA:0,_RNCNCNvNtCs4o3bEHjQXtz_8callisto6combat18create_sand_counts00B7_
FNDA:0,_RNCNCNvNtCs4o3bEHjQXtz_8callisto6combat18create_sand_counts0s_0B7_
FNDA:0,_RNvNtCs4o3bEHjQXtz_8callisto6combat4roll
FNDA:0,_RNvNtCs4o3bEHjQXtz_8callisto6combat9roll_dice
FNDA:0,_RNvNtCs4o3bEHjQXtz_8callisto6combat6attack
FNDA:0,_RNvNtCs4o3bEHjQXtz_8callisto6combat11do_critical
FNDA:0,_RNvNtCs4o3bEHjQXtz_8callisto6combat10apply_crit
FNDA:0,_RNvNtCs4o3bEHjQXtz_8callisto6combat15find_range_band
FNDA:0,_RNvNtCs4o3bEHjQXtz_8callisto6combat15do_fire_actions
FNDA:0,_RNvNtCs4o3bEHjQXtz_8callisto6combat18create_sand_counts
FNDA:1,_RNvNtNtCsbIW9GKplEdi_8callisto6combat5testss_25test_missile_fire_actions
FNDA:1,_RNvNtNvNtNtCsbIW9GKplEdi_8callisto6combat5testss_25test_missile_fire_actions4init4init
FNDA:1,_RNvNtNtCsbIW9GKplEdi_8callisto6combat5testss_15test_apply_crit
FNDA:1,_RNvNtNvNtNtCsbIW9GKplEdi_8callisto6combat5testss_15test_apply_crit4init4init
FNDA:1,_RNvNtNtCsbIW9GKplEdi_8callisto6combat5testss_11test_attack
FNDA:1,_RNvNtNvNtNtCsbIW9GKplEdi_8callisto6combat5testss_11test_attack4init4init
FNDA:765,_RNvNtCsbIW9GKplEdi_8callisto6combat4roll
FNDA:301,_RNvNtCsbIW9GKplEdi_8callisto6combat9roll_dice
FNDA:79,_RNvNtCsbIW9GKplEdi_8callisto6combat6attack
FNDA:107,_RNvNtCsbIW9GKplEdi_8callisto6combat11do_critical
FNDA:185,_RNvNtCsbIW9GKplEdi_8callisto6combat10apply_crit
FNDA:79,_RNvNtCsbIW9GKplEdi_8callisto6combat15find_range_band
FNDA:12,_RNvNtCsbIW9GKplEdi_8callisto6combat15do_fire_actions
FNDA:19,_RNvNtCsbIW9GKplEdi_8callisto6combat18create_sand_counts
FNDA:3,_RNCNvNtNtCsbIW9GKplEdi_8callisto6combat5testss_25test_missile_fire_actions0B7_
FNDA:6,_RNCNvNtNtCsbIW9GKplEdi_8callisto6combat5testss_15test_apply_crit0B7_
FNDA:6,_RNCNvNtNtCsbIW9GKplEdi_8callisto6combat5testss_15test_apply_crits_0B7_
FNDA:6,_RNCNvNtNtCsbIW9GKplEdi_8callisto6combat5testss_15test_apply_crits0_0B7_
FNDA:6,_RNCNvNtNtCsbIW9GKplEdi_8callisto6combat5testss_15test_apply_crits1_0B7_
FNDA:6,_RNCNvNtNtCsbIW9GKplEdi_8callisto6combat5testss_15test_apply_crits2_0B7_
FNDA:6,_RNCNvNtNtCsbIW9GKplEdi_8callisto6combat5testss_15test_apply_crits3_0B7_
FNDA:6,_RNCNvNtNtCsbIW9GKplEdi_8callisto6combat5testss_15test_apply_crits4_0B7_
FNDA:6,_RNCNvNtNtCsbIW9GKplEdi_8callisto6combat5testss_15test_apply_crits5_0B7_
FNDA:11,_RNCNvNtNtCsbIW9GKplEdi_8callisto6combat5testss_11test_attack0B7_
FNDA:2,_RNCNvNtNtCsbIW9GKplEdi_8callisto6combat5testss_11test_attacks_0B7_
FNDA:14,_RNCNvNtNtCsbIW9GKplEdi_8callisto6combat5testss_11test_attacks0_0B7_
FNDA:8,_RNCNvNtNtCsbIW9GKplEdi_8callisto6combat5testss_11test_attacks1_0B7_
FNDA:3,_RNCNvNtNtCsbIW9GKplEdi_8callisto6combat5testss_11test_attacks2_0B7_
FNDA:1,_RNCNvNtNtCsbIW9GKplEdi_8callisto6combat5testss_11test_attacks3_0B7_
FNDA:3,_RNCNvNtNtCsbIW9GKplEdi_8callisto6combat5testss_11test_attacks4_0B7_
FNDA:2,_RNCNvNtNtCsbIW9GKplEdi_8callisto6combat5testss_11test_attacks5_0B7_
FNDA:738,_RNCNvNtCsbIW9GKplEdi_8callisto6combat9roll_dice0B5_
FNDA:62,_RNCNvNtCsbIW9GKplEdi_8callisto6combat10apply_crit0B5_
FNDA:38,_RNCNvNtCsbIW9GKplEdi_8callisto6combat10apply_crits_0B5_
FNDA:13,_RNCNvNtCsbIW9GKplEdi_8callisto6combat10apply_crits0_0B5_
FNDA:82,_RNCNvNtCsbIW9GKplEdi_8callisto6combat15find_range_band0B5_
FNDA:47,_RNCNvNtCsbIW9GKplEdi_8callisto6combat15do_fire_actions0B5_
FNDA:38,_RNCNvNtCsbIW9GKplEdi_8callisto6combat18create_sand_counts0B5_
FNDA:129,_RNCNCNvNtCsbIW9GKplEdi_8callisto6combat18create_sand_counts00B7_
FNDA:36,_RNCNCNvNtCsbIW9GKplEdi_8callisto6combat18create_sand_counts0s_0B7_
FNF:40
FNH:40
DA:17,765
DA:18,765
DA:19,765
DA:21,301
DA:22,738
DA:23,301
DA:25,79
DA:26,79
DA:27,79
DA:28,79
DA:29,79
DA:30,79
DA:31,79
DA:32,79
DA:33,79
DA:34,79
DA:35,79
DA:36,79
DA:37,79
DA:38,79
DA:39,79
DA:40,79
DA:41,79
DA:42,79
DA:43,79
DA:44,79
DA:45,79
DA:46,79
DA:47,79
DA:48,79
DA:49,79
DA:50,79
DA:51,79
DA:52,79
DA:53,79
DA:54,79
DA:55,79
DA:56,79
DA:57,79
DA:58,79
DA:63,24
DA:64,24
DA:65,24
DA:66,24
DA:67,24
DA:68,24
DA:69,55
DA:70,55
DA:71,55
DA:72,55
DA:73,55
DA:74,55
DA:75,55
DA:76,55
DA:77,55
DA:78,55
DA:79,55
DA:80,55
DA:81,55
DA:82,55
DA:83,55
DA:84,55
DA:85,55
DA:86,55
DA:87,55
DA:88,55
DA:89,55
DA:90,55
DA:91,55
DA:92,55
DA:93,55
DA:94,55
DA:95,55
DA:96,55
DA:97,55
DA:98,55
DA:99,55
DA:100,12
DA:101,12
DA:102,12
DA:103,12
DA:104,12
DA:105,12
DA:106,43
DA:109,43
DA:111,19
DA:112,19
DA:113,19
DA:114,19
DA:115,19
DA:116,19
DA:117,19
DA:118,19
DA:119,19
DA:120,19
DA:121,19
DA:122,19
DA:125,24
DA:126,16
DA:127,16
DA:128,16
DA:129,5
DA:130,5
DA:131,5
DA:132,3
DA:133,1
DA:134,1
DA:135,1
DA:136,1
DA:137,1
DA:138,1
DA:139,1
DA:140,1
DA:141,1
DA:144,24
DA:145,24
DA:146,24
DA:147,24
DA:148,24
DA:149,24
DA:150,24
DA:151,24
DA:152,24
DA:153,24
DA:154,24
DA:155,24
DA:156,24
DA:157,24
DA:168,43
DA:169,43
DA:170,43
DA:171,4
DA:172,4
DA:173,4
DA:174,4
DA:175,4
DA:176,4
DA:177,4
DA:178,4
DA:179,4
DA:180,4
DA:181,4
DA:182,4
DA:183,39
DA:184,43
DA:185,43
DA:186,43
DA:187,43
DA:188,43
DA:189,43
DA:190,43
DA:191,43
DA:192,43
DA:193,43
DA:194,43
DA:195,43
DA:196,43
DA:197,43
DA:198,43
DA:199,103
DA:200,103
DA:201,103
DA:203,43
DA:204,43
DA:205,79
DA:207,107
DA:208,107
DA:209,107
DA:210,107
DA:211,107
DA:212,107
DA:213,107
DA:214,107
DA:215,107
DA:216,107
DA:217,107
DA:218,107
DA:219,107
DA:220,107
DA:221,107
DA:222,107
DA:224,185
DA:225,185
DA:226,185
DA:227,185
DA:228,185
DA:229,185
DA:230,185
DA:231,185
DA:232,185
DA:233,185
DA:234,17
DA:235,17
DA:236,17
DA:237,17
DA:238,17
DA:239,17
DA:240,17
DA:241,17
DA:242,17
DA:243,17
DA:244,17
DA:245,17
DA:246,17
DA:247,17
DA:248,17
DA:249,17
[...]
FNDA:66,_RINvXs_NvXNvNtCs4o3bEHjQXtz_8callisto4ships3_1__NtBa_6WeaponNtNtCslPV0GBxWL6G_5serde2de11Deserialize11deserializeNtB5_7___FieldBW_11deserializeINtNtCsluz68QKaPup_10serde_json2de6MapKeyNtNtB2m_4read7StrReadEECsbCWGPIX13WY_9webserver
FNDA:33,_RINvXs_NvXNvNtCs4o3bEHjQXtz_8callisto4ships5_1__NtBa_11WeaponMountNtNtCslPV0GBxWL6G_5serde2de11Deserialize11deserializeNtB5_7___FieldB12_11deserializeQINtNtCsluz68QKaPup_10serde_json2de12DeserializerNtNtB2u_4read7StrReadEECsbCWGPIX13WY_9webserver
FNDA:1,_RINvXs_NvXNvNtCs4o3bEHjQXtz_8callisto4ships7_1__NtBa_7BaySizeNtNtCslPV0GBxWL6G_5serde2de11Deserialize11deserializeNtB5_7___FieldBX_11deserializeQINtNtCsluz68QKaPup_10serde_json2de12DeserializerNtNtB2o_4read7StrReadEECsbCWGPIX13WY_9webserver
FNDA:33,_RINvXs_NvXNvNtCs4o3bEHjQXtz_8callisto4ships9_1__NtBa_10WeaponTypeNtNtCslPV0GBxWL6G_5serde2de11Deserialize11deserializeNtB5_7___FieldB11_11deserializeQINtNtCsluz68QKaPup_10serde_json2de12DeserializerNtNtB2t_4read7StrReadEECsbCWGPIX13WY_9webserver
FNDA:1,_RINvXs_NvXNvNtCs4o3bEHjQXtz_8callisto4shipsd_1__NtBa_7StealthNtNtCslPV0GBxWL6G_5serde2de11Deserialize11deserializeNtB5_7___FieldBX_11deserializeQINtNtCsluz68QKaPup_10serde_json2de12DeserializerNtNtB2o_4read7StrReadEECsbCWGPIX13WY_9webserver
FNDA:9,_RNCINvMNvNtCs4o3bEHjQXtz_8callisto4shipse_1__NtB7_16TemplateNameOnly9serializeNtNtNtCsluz68QKaPup_10serde_json5value3ser10SerializerE0CsbCWGPIX13WY_9webserver
FNF:97
FNH:89
DA:22,15
DA:24,846
DA:74,2475
DA:92,2475
DA:98,1650
DA:105,50
DA:112,1650
DA:121,428
DA:131,50
DA:139,107
DA:155,70
DA:156,70
DA:157,70
DA:158,70
DA:159,70
DA:160,70
DA:161,70
DA:162,70
DA:163,70
DA:164,70
DA:165,70
DA:166,70
DA:167,70
DA:168,70
DA:169,70
DA:170,70
DA:171,70
DA:172,70
DA:173,70
DA:174,70
DA:175,70
DA:176,70
DA:177,70
DA:178,70
DA:179,70
DA:180,70
DA:181,70
DA:182,70
DA:183,70
DA:185,0
DA:186,0
DA:187,0
DA:188,0
DA:189,0
DA:190,0
DA:191,0
DA:192,0
DA:193,0
DA:194,0
DA:195,0
DA:196,0
DA:197,0
DA:198,0
DA:200,13
DA:201,13
DA:202,13
DA:203,13
DA:204,13
DA:205,13
DA:206,13
DA:207,13
DA:208,10
DA:209,3
DA:210,3
DA:211,3
DA:213,0
DA:214,0
DA:215,0
DA:216,0
DA:219,7
DA:220,7
DA:223,3
DA:225,13
DA:227,31
DA:228,31
DA:229,31
DA:230,31
DA:231,31
DA:232,31
DA:233,31
DA:234,31
DA:236,78
DA:237,78
DA:238,78
DA:240,131
DA:241,131
DA:242,131
DA:244,60
DA:245,60
DA:246,60
DA:248,55
DA:249,55
DA:250,55
DA:252,47
DA:253,47
DA:254,47
DA:256,2
DA:257,2
DA:258,2
DA:260,1
DA:261,1
DA:262,1
DA:264,6
DA:265,6
DA:271,2
DA:273,4
DA:274,4
DA:276,6
DA:278,6
DA:279,6
DA:280,6
DA:282,36
DA:283,36
DA:284,36
DA:288,4
DA:289,4
DA:290,4
DA:294,1005
DA:295,1005
DA:296,1005
DA:298,1
DA:299,1
DA:300,1
DA:302,550
DA:303,550
DA:304,550
DA:306,3
DA:307,3
DA:308,3
DA:310,142
DA:311,142
DA:312,142
DA:314,1
DA:315,1
DA:316,1
DA:318,46
DA:319,46
DA:320,46
DA:321,46
DA:322,46
DA:324,2
DA:325,44
DA:326,44
DA:327,44
DA:328,35
DA:329,35
DA:330,35
DA:331,35
DA:334,9
DA:335,9
DA:336,9
DA:338,9
DA:339,9
DA:340,9
DA:341,9
DA:342,9
DA:343,9
DA:344,9
DA:345,9
DA:346,9
DA:347,9
DA:348,9
DA:349,9
DA:350,9
DA:351,9
DA:352,9
DA:354,44
DA:355,46
DA:372,50
DA:373,45
DA:374,45
DA:375,45
DA:376,45
DA:380,24
DA:381,24
DA:382,24
DA:383,24
DA:384,24
DA:385,24
DA:388,24
DA:389,24
DA:390,168
DA:391,168
DA:392,168
DA:393,168
DA:394,24
DA:395,24
DA:396,24
DA:397,24
DA:400,24
DA:402,24
DA:403,24
DA:404,24
DA:405,0
DA:406,24
DA:407,24
DA:412,31
DA:413,31
DA:414,31
DA:416,31
DA:417,31
DA:418,0
DA:419,0
DA:420,0
DA:421,31
DA:422,0
DA:425,31
DA:426,0
DA:427,31
DA:428,31
DA:429,31
DA:430,31
DA:431,31
DA:432,31
DA:433,31
DA:437,2112
DA:438,2112
DA:439,2112
DA:443,2112
DA:444,2112
DA:446,0
DA:448,0
DA:450,0
DA:453,0
DA:455,0
DA:457,0
DA:460,0
DA:463,0
DA:465,0
DA:466,24
DA:467,120
DA:468,48
DA:469,1920
DA:471,2112
DA:475,0
DA:476,0
DA:477,0
DA:479,0
DA:481,0
DA:484,0
DA:485,0
DA:486,0
DA:487,0
DA:488,0
DA:489,0
DA:490,0
DA:492,0
DA:496,3
DA:497,3
DA:498,1
DA:499,1
DA:500,1
DA:501,0
DA:502,0
DA:504,3
DA:510,7
DA:511,7
DA:512,7
DA:513,3
DA:515,4
DA:517,7
DA:521,0
DA:522,0
DA:523,0
DA:524,0
DA:525,0
DA:526,0
DA:528,0
DA:532,0
DA:533,0
DA:534,0
DA:535,0
DA:536,0
DA:537,0
DA:539,0
DA:543,12
DA:544,12
DA:545,12
DA:549,73
DA:550,73
DA:551,12
DA:552,17
DA:553,20
DA:554,6
DA:555,18
DA:557,73
DA:561,13
DA:562,13
DA:563,1
DA:564,7
DA:565,0
DA:566,0
DA:567,0
DA:569,1
DA:570,1
DA:571,2
DA:572,2
DA:574,1
DA:576,13
DA:580,0
DA:581,0
DA:582,0
DA:586,0
DA:587,0
DA:588,0
DA:589,0
DA:590,0
DA:591,0
DA:592,0
DA:593,0
DA:594,0
DA:595,0
DA:596,0
DA:597,0
DA:598,0
DA:600,0
DA:607,1
DA:608,1
DA:609,1
DA:613,1
DA:614,1
DA:615,1
DA:619,108
DA:623,458
DA:624,458
DA:625,458
DA:629,75
DA:630,75
DA:631,75
DA:635,216
DA:636,216
DA:637,55
DA:638,216
DA:640,54
DA:651,4
DA:652,4
DA:653,4
DA:655,27
DA:656,27
DA:657,27
DA:661,259
DA:662,259
DA:663,259
DA:667,49
DA:668,49
DA:669,49
DA:672,7
DA:673,7
DA:674,7
DA:675,7
DA:677,11
DA:678,11
DA:679,11
DA:681,62
DA:682,62
DA:683,62
DA:685,2
DA:686,2
DA:687,2
DA:689,44
DA:690,44
DA:691,44
DA:693,13
DA:694,13
DA:695,2
DA:696,11
DA:698,13
DA:699,4
DA:700,2
DA:701,2
DA:702,9
DA:703,13
DA:708,71
DA:709,71
DA:713,40
DA:714,40
DA:715,2
DA:719,2
DA:720,2
DA:721,2
DA:722,2
DA:723,2
DA:724,2
DA:725,2
DA:726,2
DA:727,2
DA:728,1
DA:730,1
DA:737,29
DA:738,29
DA:739,29
DA:740,29
DA:742,71
DA:744,114
DA:745,114
DA:746,103
DA:748,11
DA:750,114
DA:754,28
DA:755,28
DA:756,28
DA:757,28
DA:758,28
DA:759,28
DA:760,28
DA:761,28
DA:762,28
DA:763,28
DA:764,28
DA:765,28
DA:766,28
DA:767,28
DA:768,28
DA:769,28
DA:770,28
DA:771,28
DA:772,28
DA:773,28
DA:774,28
DA:775,28
DA:776,28
DA:777,28
DA:778,28
DA:779,28
DA:780,28
DA:781,28
DA:782,28
DA:783,28
DA:784,28
DA:785,28
DA:786,28
DA:787,28
DA:788,28
DA:792,26
DA:793,26
DA:794,1
DA:795,0
DA:796,0
DA:797,0
DA:798,0
DA:799,0
DA:800,0
DA:801,1
DA:802,0
DA:803,1
DA:804,1
DA:805,0
DA:806,0
DA:807,1
DA:808,1
DA:809,1
DA:810,1
DA:811,1
DA:812,1
DA:813,1
DA:814,1
DA:815,1
DA:816,1
DA:817,1
DA:818,1
DA:819,1
DA:820,1
DA:821,1
DA:822,1
DA:823,1
DA:824,1
DA:825,1
DA:826,1
DA:827,1
DA:828,1
DA:830,25
DA:833,7
DA:834,7
DA:835,7
DA:836,5
DA:837,2
DA:838,2
DA:839,1
DA:841,6
DA:850,1
DA:851,1
DA:852,1
DA:853,1
DA:854,1
DA:855,1
DA:856,1
DA:857,1
DA:858,1
DA:859,1
DA:860,1
DA:862,6
DA:863,5
DA:864,5
DA:865,5
DA:866,5
DA:869,11
DA:870,10
DA:871,10
DA:872,10
DA:873,10
DA:875,1
DA:879,1
DA:880,1
DA:881,1
DA:884,1
DA:885,1
DA:886,1
DA:887,1
DA:888,1
DA:889,1
DA:890,1
DA:891,1
DA:895,1
DA:896,1
DA:897,1
DA:900,1
DA:901,1
DA:902,1
DA:903,1
DA:904,1
DA:905,1
DA:906,1
DA:907,1
DA:908,1
DA:909,1
DA:910,1
DA:911,1
DA:912,1
DA:913,1
DA:914,1
DA:915,1
DA:916,1
DA:917,1
DA:918,1
DA:921,1
DA:922,1
DA:923,1
DA:924,1
DA:925,1
DA:926,1
DA:927,1
DA:928,1
DA:929,1
DA:932,1
DA:933,1
DA:934,1
DA:935,1
DA:938,1
DA:941,1
DA:942,1
DA:943,1
DA:944,1
DA:946,1
DA:947,1
DA:948,1
DA:949,1
DA:950,1
DA:951,1
DA:952,1
DA:953,1
DA:954,1
DA:955,1
DA:956,1
DA:959,1
DA:960,1
DA:961,1
DA:962,1
DA:963,1
DA:964,1
DA:965,1
DA:968,1
DA:969,1
DA:970,1
DA:971,1
DA:972,1
DA:973,1
DA:974,1
DA:977,1
DA:978,1
DA:979,1
DA:980,1
DA:981,1
DA:982,1
DA:983,1
DA:984,1
DA:985,1
DA:988,1
DA:989,1
DA:990,1
DA:991,1
DA:992,1
DA:993,1
DA:994,1
DA:995,1
DA:996,1
DA:997,1
DA:998,1
DA:999,1
DA:1000,1
DA:1001,1
DA:1002,1
DA:1005,1
DA:1006,1
DA:1007,1
DA:1008,1
DA:1009,1
DA:1010,1
DA:1011,1
DA:1012,1
DA:1013,1
DA:1014,1
DA:1015,1
DA:1018,1
DA:1019,1
DA:1020,1
DA:1021,1
DA:1022,1
DA:1023,1
DA:1024,1
DA:1025,1
DA:1026,1
DA:1029,1
DA:1030,1
DA:1031,1
DA:1032,1
DA:1033,1
DA:1034,1
DA:1035,1
DA:1036,1
DA:1037,1
DA:1038,1
DA:1041,1
DA:1042,1
DA:1043,1
DA:1044,1
DA:1045,1
DA:1046,1
DA:1047,1
DA:1048,1
DA:1049,1
DA:1050,1
DA:1051,1
DA:1052,1
DA:1053,1
DA:1054,1
DA:1055,1
DA:1056,1
DA:1057,1
DA:1060,1
DA:1061,1
DA:1062,1
DA:1063,1
DA:1064,1
DA:1065,1
DA:1066,1
DA:1069,1
DA:1070,1
DA:1071,1
DA:1072,1
DA:1073,1
DA:1074,1
DA:1075,1
DA:1076,1
DA:1077,1
DA:1078,1
DA:1079,1
DA:1082,1
DA:1083,1
DA:1084,1
DA:1085,1
DA:1086,1
DA:1087,1
DA:1088,1
DA:1089,1
DA:1091,1
DA:1151,1
DA:1152,1
DA:1153,1
DA:1154,1
DA:1155,1
DA:1156,1
DA:1157,1
DA:1158,1
DA:1159,1
DA:1160,1
DA:1161,1
DA:1162,1
DA:1163,1
DA:1164,1
DA:1165,1
DA:1166,1
DA:1167,1
DA:1168,1
DA:1169,1
DA:1170,1
DA:1171,1
DA:1172,1
DA:1173,1
DA:1176,1
DA:1177,1
DA:1178,1
DA:1179,1
DA:1180,1
DA:1181,1
DA:1182,1
DA:1183,1
DA:1184,1
DA:1185,1
DA:1186,1
DA:1187,1
DA:1190,1
DA:1191,1
DA:1192,1
DA:1193,1
DA:1194,1
DA:1197,1
DA:1198,1
DA:1199,1
DA:1200,1
DA:1201,1
DA:1204,1
DA:1205,1
DA:1206,1
DA:1207,1
DA:1208,1
DA:1209,1
DA:1210,1
DA:1211,1
DA:1212,1
DA:1213,1
DA:1216,1
DA:1217,1
DA:1218,1
DA:1219,2
DA:1220,2
DA:1221,1
DA:1222,1
DA:1223,0
DA:1225,2
DA:1227,1
DA:1228,1
DA:1231,1
DA:1232,1
DA:1233,1
DA:1234,1
DA:1235,1
DA:1236,1
DA:1237,1
DA:1238,1
DA:1239,1
DA:1240,1
DA:1241,1
DA:1242,1
DA:1243,1
DA:1246,1
DA:1247,1
DA:1250,1
DA:1251,1
DA:1254,1
DA:1255,1
DA:1256,1
DA:1259,1
DA:1260,1
DA:1261,1
DA:1262,1
DA:1265,1
DA:1266,1
DA:1267,1
DA:1277,1
DA:1278,1
DA:1279,1
DA:1280,1
DA:1281,1
DA:1282,1
DA:1283,1
DA:1284,1
DA:1285,1
DA:1286,1
DA:1287,1
DA:1288,1
DA:1289,1
DA:1290,1
DA:1291,1
DA:1292,1
DA:1293,1
DA:1294,1
DA:1295,1
DA:1298,1
DA:1299,1
DA:1300,1
DA:1301,1
DA:1302,1
DA:1303,1
DA:1304,1
DA:1305,1
DA:1306,1
DA:1307,1
DA:1308,1
DA:1309,1
DA:1310,1
DA:1311,1
DA:1312,1
DA:1313,1
DA:1314,1
DA:1315,1
DA:1316,1
DA:1317,1
DA:1318,1
DA:1319,1
DA:1320,1
DA:1321,1
DA:1322,1
DA:1323,1
DA:1324,1
DA:1325,1
DA:1326,1
DA:1327,1
BRF:0
BRH:0
LF:830
LH:736
end_of_record
SF:/Users/dan/dev/callisto/callisto/src/tests.rs
FN:292,_RNCNvNtCsbIW9GKplEdi_8callisto5testss_19test_update_missile0B5_
FN:561,_RNCNvNtCsbIW9GKplEdi_8callisto5testss_22test_exhausted_missile0B5_
FN:654,_RNCNvNtCsbIW9GKplEdi_8callisto5testss_14test_big_fight0B5_
FN:663,_RNCNvNtCsbIW9GKplEdi_8callisto5testss_14test_big_fights_0B5_
FN:672,_RNCNvNtCsbIW9GKplEdi_8callisto5testss_14test_big_fights0_0B5_
FN:886,_RNCNvNtCsbIW9GKplEdi_8callisto5testss_25test_missile_impact_close0B5_
FN:895,_RNCNvNtCsbIW9GKplEdi_8callisto5testss_25test_missile_impact_closes_0B5_
FN:926,_RNCNvNtCsbIW9GKplEdi_8callisto5testss_25test_missile_impact_closes0_0B5_
FN:935,_RNCNvNtCsbIW9GKplEdi_8callisto5testss_25test_missile_impact_closes1_0B5_
FN:22,_RNvNtCsbIW9GKplEdi_8callisto5tests22setup_test_with_server
FN:33,_RNvNtCsbIW9GKplEdi_8callisto5testss_15test_simple_get
FN:43,_RNvNtCsbIW9GKplEdi_8callisto5testss_13test_add_ship
FN:78,_RNvNtCsbIW9GKplEdi_8callisto5testss_20test_add_planet_ship
FN:237,_RNvNtCsbIW9GKplEdi_8callisto5testss_16test_update_ship
FN:264,_RNvNtCsbIW9GKplEdi_8callisto5testss_19test_update_missile
FN:340,_RNvNtCsbIW9GKplEdi_8callisto5testss_16test_remove_ship
FN:364,_RNvNtCsbIW9GKplEdi_8callisto5testss_21test_set_acceleration
FN:399,_RNvNtCsbIW9GKplEdi_8callisto5testss_23test_compute_path_basic
FN:461,_RNvNtCsbIW9GKplEdi_8callisto5testss_31test_compute_path_with_standoff
FN:520,_RNvNtCsbIW9GKplEdi_8callisto5testss_22test_exhausted_missile
FN:569,_RNvNtCsbIW9GKplEdi_8callisto5testss_17test_destroy_ship
FN:610,_RNvNtCsbIW9GKplEdi_8callisto5testss_14test_big_fight
FN:707,_RNvNtCsbIW9GKplEdi_8callisto5testss_13test_slugfest
FN:707,_RNvNtNvNtCsbIW9GKplEdi_8callisto5testss_13test_slugfest4init4init
FN:781,_RNvNtCsbIW9GKplEdi_8callisto5testss_17test_get_entities
FN:848,_RNvNtCsbIW9GKplEdi_8callisto5testss_16test_get_designs
FN:858,_RNvNtCsbIW9GKplEdi_8callisto5testss_25test_missile_impact_close
FN:949,_RNvNtCsbIW9GKplEdi_8callisto5testss_16test_set_agility
FN:949,_RNvNtNvNtCsbIW9GKplEdi_8callisto5testss_16test_set_agility4init4init
FNDA:5,_RNCNvNtCsbIW9GKplEdi_8callisto5testss_19test_update_missile0B5_
FNDA:3,_RNCNvNtCsbIW9GKplEdi_8callisto5testss_22test_exhausted_missile0B5_
FNDA:22,_RNCNvNtCsbIW9GKplEdi_8callisto5testss_14test_big_fight0B5_
FNDA:6,_RNCNvNtCsbIW9GKplEdi_8callisto5testss_14test_big_fights_0B5_
FNDA:7,_RNCNvNtCsbIW9GKplEdi_8callisto5testss_14test_big_fights0_0B5_
FNDA:5,_RNCNvNtCsbIW9GKplEdi_8callisto5testss_25test_missile_impact_close0B5_
FNDA:5,_RNCNvNtCsbIW9GKplEdi_8callisto5testss_25test_missile_impact_closes_0B5_
FNDA:5,_RNCNvNtCsbIW9GKplEdi_8callisto5testss_25test_missile_impact_closes0_0B5_
FNDA:5,_RNCNvNtCsbIW9GKplEdi_8callisto5testss_25test_missile_impact_closes1_0B5_
FNDA:17,_RNvNtCsbIW9GKplEdi_8callisto5tests22setup_test_with_server
FNDA:1,_RNvNtCsbIW9GKplEdi_8callisto5testss_15test_simple_get
FNDA:1,_RNvNtCsbIW9GKplEdi_8callisto5testss_13test_add_ship
FNDA:1,_RNvNtCsbIW9GKplEdi_8callisto5testss_20test_add_planet_ship
FNDA:1,_RNvNtCsbIW9GKplEdi_8callisto5testss_16test_update_ship
FNDA:1,_RNvNtCsbIW9GKplEdi_8callisto5testss_19test_update_missile
FNDA:1,_RNvNtCsbIW9GKplEdi_8callisto5testss_16test_remove_ship
FNDA:1,_RNvNtCsbIW9GKplEdi_8callisto5testss_21test_set_acceleration
FNDA:1,_RNvNtCsbIW9GKplEdi_8callisto5testss_23test_compute_path_basic
FNDA:1,_RNvNtCsbIW9GKplEdi_8callisto5testss_31test_compute_path_with_standoff
FNDA:1,_RNvNtCsbIW9GKplEdi_8callisto5testss_22test_exhausted_missile
FNDA:1,_RNvNtCsbIW9GKplEdi_8callisto5testss_17test_destroy_ship
FNDA:1,_RNvNtCsbIW9GKplEdi_8callisto5testss_14test_big_fight
FNDA:1,_RNvNtCsbIW9GKplEdi_8callisto5testss_13test_slugfest
FNDA:1,_RNvNtNvNtCsbIW9GKplEdi_8callisto5testss_13test_slugfest4init4init
FNDA:1,_RNvNtCsbIW9GKplEdi_8callisto5testss_17test_get_entities
FNDA:1,_RNvNtCsbIW9GKplEdi_8callisto5testss_16test_get_designs
FNDA:1,_RNvNtCsbIW9GKplEdi_8callisto5testss_25test_missile_impact_close
FNDA:1,_RNvNtCsbIW9GKplEdi_8callisto5testss_16test_set_agility
FNDA:1,_RNvNtNvNtCsbIW9GKplEdi_8callisto5testss_16test_set_agility4init4init
FNF:29
FNH:29
DA:22,17
DA:23,17
DA:24,17
DA:25,17
DA:26,17
DA:27,17
DA:33,1
DA:34,1
DA:35,1
DA:36,1
DA:37,1
DA:43,1
DA:44,1
DA:45,1
DA:46,1
DA:47,1
DA:48,1
DA:49,1
DA:50,1
DA:51,1
DA:52,1
DA:53,1
DA:54,1
DA:55,1
DA:56,1
DA:57,1
DA:58,1
DA:60,1
DA:61,1
DA:62,1
DA:63,1
DA:64,1
DA:65,1
DA:66,1
DA:67,1
DA:68,1
DA:69,1
DA:70,1
DA:71,1
DA:72,1
DA:78,1
DA:79,1
DA:80,1
DA:81,1
DA:82,1
DA:83,1
DA:84,1
DA:85,1
DA:87,1
DA:88,1
DA:89,1
DA:90,1
DA:91,1
DA:93,1
DA:94,1
DA:95,1
DA:96,1
DA:97,1
DA:98,1
DA:99,1
DA:100,1
DA:101,1
DA:102,1
DA:103,1
DA:104,1
DA:105,1
DA:106,1
DA:107,1
DA:108,1
DA:109,1
DA:110,1
DA:111,1
DA:112,1
DA:113,1
DA:114,1
DA:115,1
DA:116,1
DA:117,1
DA:118,1
DA:119,1
DA:120,1
DA:121,1
DA:122,1
DA:123,1
DA:124,1
DA:125,1
DA:126,1
DA:127,1
DA:128,1
DA:130,1
DA:131,1
DA:132,1
DA:133,1
DA:134,1
DA:135,1
DA:137,1
DA:138,1
DA:139,1
DA:140,1
DA:141,1
DA:142,1
DA:143,1
DA:144,1
DA:145,1
DA:146,1
DA:147,1
DA:148,1
DA:149,1
DA:150,1
DA:151,1
DA:152,1
DA:153,1
DA:154,1
DA:155,1
DA:156,1
DA:157,1
DA:158,1
DA:159,1
DA:160,1
DA:161,1
DA:162,1
DA:163,1
DA:164,1
DA:165,1
DA:166,1
DA:167,1
DA:168,1
DA:169,1
DA:170,1
DA:171,1
DA:172,1
DA:173,1
DA:174,1
DA:175,1
DA:176,1
DA:177,1
DA:178,1
DA:180,1
DA:181,1
DA:182,1
DA:183,1
DA:184,1
DA:186,1
DA:187,1
DA:188,1
DA:189,1
DA:190,1
DA:191,1
DA:192,1
DA:193,1
DA:194,1
DA:195,1
DA:196,1
DA:197,1
DA:198,1
DA:199,1
DA:200,1
DA:201,1
DA:202,1
DA:203,1
DA:204,1
DA:205,1
DA:206,1
DA:207,1
DA:208,1
DA:209,1
DA:210,1
DA:211,1
DA:212,1
DA:213,1
DA:214,1
DA:215,1
DA:216,1
DA:217,1
DA:218,1
DA:219,1
DA:220,1
DA:221,1
DA:222,1
DA:223,1
DA:224,1
DA:225,1
DA:226,1
DA:227,1
DA:228,1
DA:229,1
DA:230,1
DA:231,1
DA:237,1
DA:238,1
DA:239,1
DA:240,1
DA:241,1
DA:242,1
DA:243,1
DA:244,1
DA:246,1
DA:247,1
DA:249,1
DA:250,1
DA:251,1
DA:252,1
DA:253,1
DA:254,1
DA:255,1
DA:256,1
DA:257,1
DA:264,1
DA:265,1
DA:266,1
DA:267,1
DA:268,1
DA:269,1
DA:270,1
DA:271,1
DA:273,1
DA:274,1
DA:275,1
DA:276,1
DA:277,1
DA:279,1
DA:280,1
DA:281,1
DA:282,1
DA:283,1
DA:284,1
DA:285,1
DA:286,1
DA:287,1
DA:288,1
DA:289,1
DA:290,1
DA:291,1
DA:292,5
DA:293,1
DA:294,1
DA:295,1
DA:297,1
DA:298,1
DA:299,1
DA:300,1
DA:301,1
DA:302,1
DA:303,1
DA:304,1
DA:305,1
DA:306,1
DA:307,1
DA:308,1
DA:309,1
DA:310,1
DA:311,1
DA:312,1
DA:313,1
DA:314,1
DA:315,1
DA:316,1
DA:317,1
DA:318,1
DA:319,1
DA:320,1
DA:321,1
DA:322,1
DA:323,1
DA:324,1
DA:325,1
DA:326,1
DA:327,1
DA:328,1
DA:329,1
DA:330,1
DA:331,1
DA:332,1
DA:333,1
DA:334,1
DA:340,1
DA:341,1
DA:342,1
DA:343,1
DA:344,1
DA:345,1
DA:346,1
DA:348,1
DA:349,1
DA:351,1
DA:352,1
DA:353,1
DA:356,1
DA:357,1
DA:358,1
DA:364,1
DA:365,1
DA:366,1
DA:367,1
DA:368,1
DA:369,1
DA:370,1
DA:371,1
DA:373,1
DA:374,1
DA:375,1
DA:376,1
DA:377,1
DA:378,1
DA:379,1
DA:380,1
DA:382,1
DA:383,1
DA:384,1
DA:386,1
DA:387,1
DA:388,1
DA:389,1
DA:390,1
DA:391,1
DA:392,1
DA:393,1
DA:399,1
DA:400,1
DA:401,1
DA:402,1
DA:403,1
DA:404,1
DA:405,1
DA:406,1
DA:408,1
DA:409,1
DA:410,1
DA:411,1
DA:412,1
DA:413,1
DA:414,1
DA:415,1
DA:416,1
DA:417,1
DA:418,1
DA:419,1
DA:420,1
DA:421,1
DA:422,1
DA:423,1
DA:424,1
DA:425,1
DA:426,1
DA:427,1
DA:428,1
DA:429,1
DA:430,1
DA:431,1
DA:432,1
DA:433,1
DA:434,1
DA:435,1
DA:436,1
DA:437,1
DA:438,1
DA:439,1
DA:440,1
DA:441,1
DA:442,1
DA:444,1
DA:445,1
DA:446,1
DA:447,1
DA:448,1
DA:449,1
DA:450,1
DA:451,1
DA:452,1
DA:453,1
DA:455,0
DA:457,1
DA:458,1
DA:461,1
DA:462,1
DA:463,1
DA:464,1
DA:465,1
DA:466,1
DA:467,1
DA:468,1
DA:470,1
DA:471,1
DA:472,1
DA:473,1
DA:474,1
DA:475,1
DA:476,1
DA:477,1
DA:478,1
DA:479,1
DA:480,1
DA:481,1
DA:482,1
DA:483,1
DA:484,1
DA:485,1
DA:486,1
DA:487,1
DA:488,1
DA:489,1
DA:490,1
DA:491,1
DA:492,1
DA:493,1
DA:494,1
DA:495,1
DA:496,1
DA:497,1
DA:498,1
DA:499,1
DA:500,1
DA:501,1
DA:503,1
DA:504,1
DA:505,1
DA:506,1
DA:507,1
DA:508,1
DA:509,1
DA:510,1
DA:511,1
DA:512,1
DA:514,0
DA:516,1
DA:517,1
DA:520,1
DA:521,1
DA:522,1
DA:523,1
DA:524,1
DA:525,1
DA:526,1
DA:527,1
DA:528,1
DA:531,1
DA:532,1
DA:533,1
DA:534,1
DA:535,1
DA:538,1
DA:539,1
DA:540,1
DA:541,1
DA:542,1
DA:543,1
DA:544,1
DA:546,0
DA:550,10
DA:551,9
DA:552,9
DA:556,1
DA:557,1
DA:558,1
DA:559,1
DA:560,1
DA:561,3
DA:562,1
DA:564,0
DA:566,1
DA:569,1
DA:570,1
DA:571,1
DA:572,1
DA:573,1
DA:574,1
DA:575,1
DA:578,1
DA:579,1
DA:580,1
DA:581,1
DA:582,1
DA:585,1
DA:586,1
DA:587,1
DA:588,1
DA:589,1
DA:590,1
DA:591,1
DA:592,1
DA:593,1
DA:594,1
DA:595,1
DA:596,1
DA:597,1
DA:598,1
DA:599,1
DA:600,1
DA:601,1
DA:602,1
DA:603,1
DA:604,1
DA:605,1
DA:606,1
DA:607,1
DA:610,1
DA:611,1
DA:612,1
DA:613,1
DA:614,1
DA:615,1
DA:616,1
DA:617,1
DA:619,1
DA:620,1
DA:621,1
DA:622,1
DA:623,1
DA:625,1
DA:626,1
DA:627,1
DA:628,1
DA:629,1
DA:630,1
DA:631,1
DA:632,1
DA:633,1
DA:634,1
DA:635,1
DA:636,1
DA:637,1
DA:638,1
DA:639,1
DA:640,1
DA:641,1
DA:642,1
DA:643,1
DA:644,1
DA:645,1
DA:646,1
DA:647,1
DA:648,1
DA:649,1
DA:650,1
DA:651,1
DA:652,1
DA:653,1
DA:654,22
DA:655,22
DA:656,15
DA:658,7
DA:660,22
DA:661,1
DA:662,1
DA:663,6
DA:664,6
DA:665,6
DA:666,6
DA:667,6
DA:668,1
DA:669,1
DA:670,1
DA:671,1
DA:672,7
DA:673,1
DA:674,1
DA:675,1
DA:677,1
DA:678,1
DA:679,1
DA:680,1
DA:681,1
DA:682,1
DA:683,1
DA:684,1
DA:685,1
DA:686,1
DA:687,1
DA:688,1
DA:689,1
DA:690,1
DA:691,1
DA:692,1
DA:693,1
DA:694,1
DA:695,1
DA:696,1
DA:697,1
DA:698,1
DA:699,1
DA:700,1
DA:701,1
DA:702,1
DA:703,1
DA:704,1
DA:705,1
DA:707,1
DA:781,1
DA:782,1
DA:783,1
DA:784,1
DA:785,1
DA:786,1
DA:787,1
DA:788,1
DA:789,1
DA:790,1
DA:793,1
DA:794,1
DA:795,1
DA:796,1
DA:797,1
DA:798,1
DA:799,1
DA:800,1
DA:801,1
DA:802,1
DA:803,1
DA:804,1
DA:805,1
DA:806,1
DA:807,1
DA:808,1
DA:809,1
DA:810,1
DA:811,1
DA:812,1
DA:813,1
DA:814,1
DA:815,1
DA:816,1
DA:817,1
DA:818,1
DA:819,1
DA:820,1
DA:821,1
DA:822,1
DA:823,1
DA:824,1
DA:825,1
DA:826,1
DA:827,1
DA:828,1
DA:829,1
DA:830,1
DA:831,1
DA:832,1
DA:833,1
DA:836,1
DA:837,1
DA:838,1
DA:839,1
DA:840,1
DA:843,1
DA:844,1
DA:848,1
DA:849,1
DA:850,1
DA:851,1
DA:852,1
DA:853,1
DA:854,1
DA:855,1
DA:858,1
DA:859,1
DA:860,1
DA:861,1
DA:862,1
DA:863,1
DA:864,1
DA:865,1
DA:866,1
DA:869,1
DA:870,1
DA:871,1
DA:872,1
DA:873,1
DA:876,1
DA:877,1
DA:878,1
DA:879,1
DA:880,1
DA:881,1
DA:882,1
DA:883,1
DA:884,1
DA:885,1
DA:886,5
DA:887,0
DA:892,1
DA:893,1
DA:894,1
DA:895,5
DA:896,0
DA:900,1
DA:901,1
DA:902,1
DA:903,1
DA:904,1
DA:905,0
DA:909,1
DA:910,1
DA:911,1
DA:912,1
DA:913,1
DA:916,1
DA:917,1
DA:918,1
DA:919,1
DA:920,1
DA:921,1
DA:922,1
DA:923,1
DA:924,1
DA:925,1
DA:926,5
DA:927,0
DA:932,1
DA:933,1
DA:934,1
DA:935,5
DA:936,0
DA:940,1
DA:941,1
DA:942,1
DA:943,1
DA:944,1
DA:945,0
DA:947,1
DA:949,1
BRF:0
BRH:0
LF:733
LH:723
end_of_record