SF:/Users/dan/dev/callisto/callisto/src/authentication.rs
FN:448,_RINvXNvXNvNtCskkwNnPUyuBS_8callisto14authentications4_1__NtB8_16GooglePublicKeysNtNtCs8pDKiTx8cJZ_5serde2de11Deserialize11deserializeNtB3_14___FieldVisitorNtB1i_7Visitor9visit_strNtNtCse3EK68OXEkC_10serde_json5error5ErrorECsj2r3Yn2CUPB_8callisto
FN:453,_RINvXNvXNvNtCskkwNnPUyuBS_8callisto14authentications5_1__NtB8_15GooglePublicKeyNtNtCs8pDKiTx8cJZ_5serde2de11Deserialize11deserializeNtB3_14___FieldVisitorNtB1h_7Visitor9visit_strNtNtCse3EK68OXEkC_10serde_json5error5ErrorECsj2r3Yn2CUPB_8callisto
FN:448,_RINvXs0_NvXNvNtCskkwNnPUyuBS_8callisto14authentications4_1__NtBb_16GooglePublicKeysNtNtCs8pDKiTx8cJZ_5serde2de11Deserialize11deserializeNtB6_9___VisitorNtB1l_7Visitor9visit_mapINtNtCse3EK68OXEkC_10serde_json2de9MapAccessNtNtB2T_4read7StrReadEECsj2r3Yn2CUPB_8callisto
FN:448,_RINvXs0_NvXNvNtCskkwNnPUyuBS_8callisto14authentications4_1__NtBb_16GooglePublicKeysNtNtCs8pDKiTx8cJZ_5serde2de11Deserialize11deserializeNtB6_9___VisitorNtB1l_7Visitor9visit_seqINtNtCse3EK68OXEkC_10serde_json2de9SeqAccessNtNtB2T_4read7StrReadEECsj2r3Yn2CUPB_8callisto
FN:453,_RINvXs0_NvXNvNtCskkwNnPUyuBS_8callisto14authentications5_1__NtBb_15GooglePublicKeyNtNtCs8pDKiTx8cJZ_5serde2de11Deserialize11deserializeNtB6_9___VisitorNtB1k_7Visitor9visit_mapINtNtCse3EK68OXEkC_10serde_json2de9MapAccessNtNtB2S_4read7StrReadEECsj2r3Yn2CUPB_8callisto
FN:453,_RINvXs0_NvXNvNtCskkwNnPUyuBS_8callisto14authentications5_1__NtBb_15GooglePublicKeyNtNtCs8pDKiTx8cJZ_5serde2de11Deserialize11deserializeNtB6_9___VisitorNtB1k_7Visitor9visit_seqINtNtCse3EK68OXEkC_10serde_json2de9SeqAccessNtNtB2S_4read7StrReadEECsj2r3Yn2CUPB_8callisto
FN:448,_RINvXs_NvXNvNtCskkwNnPUyuBS_8callisto14authentications4_1__NtBa_16GooglePublicKeysNtNtCs8pDKiTx8cJZ_5serde2de11Deserialize11deserializeNtB5_7___FieldB1i_11deserializeINtNtCse3EK68OXEkC_10serde_json2de6MapKeyNtNtB2J_4read7StrReadEECsj2r3Yn2CUPB_8callisto
FN:453,_RINvXs_NvXNvNtCskkwNnPUyuBS_8callisto14authentications5_1__NtBa_15GooglePublicKeyNtNtCs8pDKiTx8cJZ_5serde2de11Deserialize11deserializeNtB5_7___FieldB1h_11deserializeINtNtCse3EK68OXEkC_10serde_json2de6MapKeyNtNtB2I_4read7StrReadEECsj2r3Yn2CUPB_8callisto
FN:95,_RNCNCNvMNtCskkwNnPUyuBS_8callisto14authenticationNtB6_19GoogleAuthenticator24fetch_google_public_keys00Csj2r3Yn2CUPB_8callisto
FN:57,_RNCNCNvMNtCskkwNnPUyuBS_8callisto14authenticationNtB6_19GoogleAuthenticator3new00Csj2r3Yn2CUPB_8callisto
FN:315,_RNCNCNvNtCskkwNnPUyuBS_8callisto14authentication31load_authorized_users_from_file00Csj2r3Yn2CUPB_8callisto
FN:80,_RNCNvMNtCskkwNnPUyuBS_8callisto14authenticationNtB4_19GoogleAuthenticator24fetch_google_public_keys0Csj2r3Yn2CUPB_8callisto
FN:56,_RNCNvMNtCskkwNnPUyuBS_8callisto14authenticationNtB4_19GoogleAuthenticator3new0Csj2r3Yn2CUPB_8callisto
FN:325,_RNCNvMs_NtCskkwNnPUyuBS_8callisto14authenticationNtB6_17MockAuthenticator3new0Csj2r3Yn2CUPB_8callisto
FN:312,_RNCNvNtCskkwNnPUyuBS_8callisto14authentication31load_authorized_users_from_file0Csj2r3Yn2CUPB_8callisto
FN:56,_RNvMNtCskkwNnPUyuBS_8callisto14authenticationNtB2_19GoogleAuthenticator3new
FN:80,_RNvMNtCskkwNnPUyuBS_8callisto14authenticationNtB2_19GoogleAuthenticator24fetch_google_public_keys
FN:292,_RNvNtCskkwNnPUyuBS_8callisto14authentication33load_google_credentials_from_file
FN:310,_RNvNtCskkwNnPUyuBS_8callisto14authentication31load_authorized_users_from_file
FN:325,_RNvMs_NtCskkwNnPUyuBS_8callisto14authenticationNtB4_17MockAuthenticator3new
FN:389,_RNvXs1_NtCskkwNnPUyuBS_8callisto14authenticationNtB5_17TokenTimeoutErrorNtNtCs9f3LFPSIp77_4core3fmt7Display3fmt
FN:398,_RNvXs2_NtCskkwNnPUyuBS_8callisto14authenticationNtB5_15InvalidKeyErrorNtNtCs9f3LFPSIp77_4core3fmt7Display3fmt
FN:409,_RNvXs4_NtCskkwNnPUyuBS_8callisto14authenticationNtB5_21UnauthorizedUserErrorNtNtCs9f3LFPSIp77_4core3fmt7Display3fmt
FN:108,_RNvXs6_NtCskkwNnPUyuBS_8callisto14authenticationNtB5_19GoogleAuthenticatorNtB5_13Authenticator14get_web_server
FN:244,_RNvXs6_NtCskkwNnPUyuBS_8callisto14authenticationNtB5_19GoogleAuthenticatorNtB5_13Authenticator17authenticate_user
FN:250,_RNvXs6_NtCskkwNnPUyuBS_8callisto14authenticationNtB5_19GoogleAuthenticatorNtB5_13Authenticator20validate_session_key
FN:289,_RNvXs6_NtCskkwNnPUyuBS_8callisto14authenticationNtB5_19GoogleAuthenticatorNtB5_13Authenticator19check_authorization
FN:335,_RNvXs7_NtCskkwNnPUyuBS_8callisto14authenticationNtB5_17MockAuthenticatorNtB5_13Authenticator14get_web_server
FN:350,_RNvXs7_NtCskkwNnPUyuBS_8callisto14authenticationNtB5_17MockAuthenticatorNtB5_13Authenticator17authenticate_user
FN:352,_RNvXs7_NtCskkwNnPUyuBS_8callisto14authenticationNtB5_17MockAuthenticatorNtB5_13Authenticator20validate_session_key
FN:378,_RNvXs7_NtCskkwNnPUyuBS_8callisto14authenticationNtB5_17MockAuthenticatorNtB5_13Authenticator19check_authorization
FN:417,_RNvXNvXNvNtCskkwNnPUyuBS_8callisto14authentications_1__NtB7_12GoogleClaimsNtNtCs8pDKiTx8cJZ_5serde2de11Deserialize11deserializeNtB2_14___FieldVisitorNtB1c_7Visitor9expecting
FN:417,_RNvXs0_NvXNvNtCskkwNnPUyuBS_8callisto14authentications_1__NtBa_12GoogleClaimsNtNtCs8pDKiTx8cJZ_5serde2de11Deserialize11deserializeNtB5_9___VisitorNtB1f_7Visitor9expecting
FN:429,_RNvXNvXNvNtCskkwNnPUyuBS_8callisto14authentications1_1__NtB7_18GoogleTokenRequestNtNtCs8pDKiTx8cJZ_5serde2de11Deserialize11deserializeNtB2_14___FieldVisitorNtB1j_7Visitor9expecting
FN:429,_RNvXs0_NvXNvNtCskkwNnPUyuBS_8callisto14authentications1_1__NtBa_18GoogleTokenRequestNtNtCs8pDKiTx8cJZ_5serde2de11Deserialize11deserializeNtB5_9___VisitorNtB1m_7Visitor9expecting
FN:438,_RNvXNvXNvNtCskkwNnPUyuBS_8callisto14authentications3_1__NtB7_19GoogleTokenResponseNtNtCs8pDKiTx8cJZ_5serde2de11Deserialize11deserializeNtB2_14___FieldVisitorNtB1k_7Visitor9expecting
FN:438,_RNvXs0_NvXNvNtCskkwNnPUyuBS_8callisto14authentications3_1__NtBa_19GoogleTokenResponseNtNtCs8pDKiTx8cJZ_5serde2de11Deserialize11deserializeNtB5_9___VisitorNtB1n_7Visitor9expecting
FN:448,_RNvXNvXNvNtCskkwNnPUyuBS_8callisto14authentications4_1__NtB7_16GooglePublicKeysNtNtCs8pDKiTx8cJZ_5serde2de11Deserialize11deserializeNtB2_14___FieldVisitorNtB1h_7Visitor9expecting
FN:448,_RNvXs0_NvXNvNtCskkwNnPUyuBS_8callisto14authentications4_1__NtBa_16GooglePublicKeysNtNtCs8pDKiTx8cJZ_5serde2de11Deserialize11deserializeNtB5_9___VisitorNtB1k_7Visitor9expecting
FN:453,_RNvXNvXNvNtCskkwNnPUyuBS_8callisto14authentications5_1__NtB7_15GooglePublicKeyNtNtCs8pDKiTx8cJZ_5serde2de11Deserialize11deserializeNtB2_14___FieldVisitorNtB1g_7Visitor9expecting
FN:453,_RNvXs0_NvXNvNtCskkwNnPUyuBS_8callisto14authentications5_1__NtBa_15GooglePublicKeyNtNtCs8pDKiTx8cJZ_5serde2de11Deserialize11deserializeNtB5_9___VisitorNtB1j_7Visitor9expecting
FN:461,_RNvXNvXNvNtCskkwNnPUyuBS_8callisto14authentications6_1__NtB7_17GoogleCredentialsNtNtCs8pDKiTx8cJZ_5serde2de11Deserialize11deserializeNtB2_14___FieldVisitorNtB1i_7Visitor9expecting
FN:461,_RNvXs0_NvXNvNtCskkwNnPUyuBS_8callisto14authentications6_1__NtBa_17GoogleCredentialsNtNtCs8pDKiTx8cJZ_5serde2de11Deserialize11deserializeNtB5_9___VisitorNtB1l_7Visitor9expecting
FN:472,_RNvXNvXNvNtCskkwNnPUyuBS_8callisto14authentications7_1__NtB7_15GoogleCredsJsonNtNtCs8pDKiTx8cJZ_5serde2de11Deserialize11deserializeNtB2_14___FieldVisitorNtB1g_7Visitor9expecting
FN:472,_RNvXs0_NvXNvNtCskkwNnPUyuBS_8callisto14authentications7_1__NtBa_15GoogleCredsJsonNtNtCs8pDKiTx8cJZ_5serde2de11Deserialize11deserializeNtB5_9___VisitorNtB1j_7Visitor9expecting
FN:293,_RNCNvNtCskkwNnPUyuBS_8callisto14authentication33load_google_credentials_from_file0B5_
FN:300,_RNCNvNtCskkwNnPUyuBS_8callisto14authentication33load_google_credentials_from_files_0B5_
FN:115,_RNCNvXs6_NtCskkwNnPUyuBS_8callisto14authenticationNtB7_19GoogleAuthenticatorNtB7_13Authenticator17authenticate_user0B9_
FN:150,_RNCNCNvXs6_NtCskkwNnPUyuBS_8callisto14authenticationNtB9_19GoogleAuthenticatorNtB9_13Authenticator17authenticate_user00Bb_
FN:158,_RNCNCNvXs6_NtCskkwNnPUyuBS_8callisto14authenticationNtB9_19GoogleAuthenticatorNtB9_13Authenticator17authenticate_user0s_0Bb_
FN:168,_RNCNCNvXs6_NtCskkwNnPUyuBS_8callisto14authenticationNtB9_19GoogleAuthenticatorNtB9_13Authenticator17authenticate_user0s0_0Bb_
FN:174,_RNCNCNvXs6_NtCskkwNnPUyuBS_8callisto14authenticationNtB9_19GoogleAuthenticatorNtB9_13Authenticator17authenticate_user0s1_0Bb_
FN:185,_RNCNCNvXs6_NtCskkwNnPUyuBS_8callisto14authenticationNtB9_19GoogleAuthenticatorNtB9_13Authenticator17authenticate_user0s2_0Bb_
FN:261,_RNCNvXs6_NtCskkwNnPUyuBS_8callisto14authenticationNtB7_19GoogleAuthenticatorNtB7_13Authenticator19check_authorization0B9_
FN:270,_RNCNCNvXs6_NtCskkwNnPUyuBS_8callisto14authenticationNtB9_19GoogleAuthenticatorNtB9_13Authenticator19check_authorization00Bb_
FN:342,_RNCNvXs7_NtCskkwNnPUyuBS_8callisto14authenticationNtB7_17MockAuthenticatorNtB7_13Authenticator17authenticate_user0B9_
FN:369,_RNCNvXs7_NtCskkwNnPUyuBS_8callisto14authenticationNtB7_17MockAuthenticatorNtB7_13Authenticator19check_authorization0B9_
FN:374,_RNCNCNvXs7_NtCskkwNnPUyuBS_8callisto14authenticationNtB9_17MockAuthenticatorNtB9_13Authenticator19check_authorization00Bb_
FN:417,_RINvXNvXNvNtCskkwNnPUyuBS_8callisto14authentications_1__NtB8_12GoogleClaimsNtNtCs8pDKiTx8cJZ_5serde2de11Deserialize11deserializeNtB3_14___FieldVisitorNtB1d_7Visitor9visit_strNtNtCse3EK68OXEkC_10serde_json5error5ErrorEBa_
FN:417,_RINvXs_NvXNvNtCskkwNnPUyuBS_8callisto14authentications_1__NtBa_12GoogleClaimsNtNtCs8pDKiTx8cJZ_5serde2de11Deserialize11deserializeNtB5_7___FieldB1d_11deserializeINtNtCse3EK68OXEkC_10serde_json2de6MapKeyNtNtB2E_4read9SliceReadEEBc_
FN:417,_RINvXs0_NvXNvNtCskkwNnPUyuBS_8callisto14authentications_1__NtBb_12GoogleClaimsNtNtCs8pDKiTx8cJZ_5serde2de11Deserialize11deserializeNtB6_9___VisitorNtB1g_7Visitor9visit_seqINtNtCse3EK68OXEkC_10serde_json2de9SeqAccessNtNtB2O_4read9SliceReadEEBd_
FN:417,_RINvXs0_NvXNvNtCskkwNnPUyuBS_8callisto14authentications_1__NtBb_12GoogleClaimsNtNtCs8pDKiTx8cJZ_5serde2de11Deserialize11deserializeNtB6_9___VisitorNtB1g_7Visitor9visit_mapINtNtCse3EK68OXEkC_10serde_json2de9MapAccessNtNtB2O_4read9SliceReadEEBd_
FN:438,_RINvXNvXNvNtCskkwNnPUyuBS_8callisto14authentications3_1__NtB8_19GoogleTokenResponseNtNtCs8pDKiTx8cJZ_5serde2de11Deserialize11deserializeNtB3_14___FieldVisitorNtB1l_7Visitor9visit_strNtNtCse3EK68OXEkC_10serde_json5error5ErrorEBa_
FN:438,_RINvXs_NvXNvNtCskkwNnPUyuBS_8callisto14authentications3_1__NtBa_19GoogleTokenResponseNtNtCs8pDKiTx8cJZ_5serde2de11Deserialize11deserializeNtB5_7___FieldB1l_11deserializeINtNtCse3EK68OXEkC_10serde_json2de6MapKeyNtNtB2M_4read7StrReadEEBc_
FN:438,_RINvXs0_NvXNvNtCskkwNnPUyuBS_8callisto14authentications3_1__NtBb_19GoogleTokenResponseNtNtCs8pDKiTx8cJZ_5serde2de11Deserialize11deserializeNtB6_9___VisitorNtB1o_7Visitor9visit_seqINtNtCse3EK68OXEkC_10serde_json2de9SeqAccessNtNtB2W_4read7StrReadEEBd_
FN:438,_RINvXs0_NvXNvNtCskkwNnPUyuBS_8callisto14authentications3_1__NtBb_19GoogleTokenResponseNtNtCs8pDKiTx8cJZ_5serde2de11Deserialize11deserializeNtB6_9___VisitorNtB1o_7Visitor9visit_mapINtNtCse3EK68OXEkC_10serde_json2de9MapAccessNtNtB2W_4read7StrReadEEBd_
FN:461,_RINvXNvXNvNtCskkwNnPUyuBS_8callisto14authentications6_1__NtB8_17GoogleCredentialsNtNtCs8pDKiTx8cJZ_5serde2de11Deserialize11deserializeNtB3_14___FieldVisitorNtB1j_7Visitor9visit_strNtNtCse3EK68OXEkC_10serde_json5error5ErrorEBa_
FN:461,_RINvXs_NvXNvNtCskkwNnPUyuBS_8callisto14authentications6_1__NtBa_17GoogleCredentialsNtNtCs8pDKiTx8cJZ_5serde2de11Deserialize11deserializeNtB5_7___FieldB1j_11deserializeINtNtCse3EK68OXEkC_10serde_json2de6MapKeyINtNtB2K_4read6IoReadINtNtNtNtCs27l1GJC5rMQ_3std2io8buffered9bufreader9BufReaderNtNtB3O_2fs4FileEEEEBc_
FN:461,_RINvXs0_NvXNvNtCskkwNnPUyuBS_8callisto14authentications6_1__NtBb_17GoogleCredentialsNtNtCs8pDKiTx8cJZ_5serde2de11Deserialize11deserializeNtB6_9___VisitorNtB1m_7Visitor9visit_seqINtNtCse3EK68OXEkC_10serde_json2de9SeqAccessINtNtB2U_4read6IoReadINtNtNtNtCs27l1GJC5rMQ_3std2io8buffered9bufreader9BufReaderNtNtB41_2fs4FileEEEEBd_
FN:461,_RINvXs0_NvXNvNtCskkwNnPUyuBS_8callisto14authentications6_1__NtBb_17GoogleCredentialsNtNtCs8pDKiTx8cJZ_5serde2de11Deserialize11deserializeNtB6_9___VisitorNtB1m_7Visitor9visit_mapINtNtCse3EK68OXEkC_10serde_json2de9MapAccessINtNtB2U_4read6IoReadINtNtNtNtCs27l1GJC5rMQ_3std2io8buffered9bufreader9BufReaderNtNtB41_2fs4FileEEEEBd_
FN:472,_RINvXNvXNvNtCskkwNnPUyuBS_8callisto14authentications7_1__NtB8_15GoogleCredsJsonNtNtCs8pDKiTx8cJZ_5serde2de11Deserialize11deserializeNtB3_14___FieldVisitorNtB1h_7Visitor9visit_strNtNtCse3EK68OXEkC_10serde_json5error5ErrorEBa_
FN:472,_RINvXs_NvXNvNtCskkwNnPUyuBS_8callisto14authentications7_1__NtBa_15GoogleCredsJsonNtNtCs8pDKiTx8cJZ_5serde2de11Deserialize11deserializeNtB5_7___FieldB1h_11deserializeINtNtCse3EK68OXEkC_10serde_json2de6MapKeyINtNtB2I_4read6IoReadINtNtNtNtCs27l1GJC5rMQ_3std2io8buffered9bufreader9BufReaderNtNtB3M_2fs4FileEEEEBc_
FN:472,_RINvXs0_NvXNvNtCskkwNnPUyuBS_8callisto14authentications7_1__NtBb_15GoogleCredsJsonNtNtCs8pDKiTx8cJZ_5serde2de11Deserialize11deserializeNtB6_9___VisitorNtB1k_7Visitor9visit_seqINtNtCse3EK68OXEkC_10serde_json2de9SeqAccessINtNtB2S_4read6IoReadINtNtNtNtCs27l1GJC5rMQ_3std2io8buffered9bufreader9BufReaderNtNtB3Z_2fs4FileEEEEBd_
FN:472,_RINvXs0_NvXNvNtCskkwNnPUyuBS_8callisto14authentications7_1__NtBb_15GoogleCredsJsonNtNtCs8pDKiTx8cJZ_5serde2de11Deserialize11deserializeNtB6_9___VisitorNtB1k_7Visitor9visit_mapINtNtCse3EK68OXEkC_10serde_json2de9MapAccessINtNtB2S_4read6IoReadINtNtNtNtCs27l1GJC5rMQ_3std2io8buffered9bufreader9BufReaderNtNtB3Z_2fs4FileEEEEBd_
FN:56,_RNCNvMNtCskkwNnPUyuBS_8callisto14authenticationNtB4_19GoogleAuthenticator3new0B6_
FN:57,_RNCNCNvMNtCskkwNnPUyuBS_8callisto14authenticationNtB6_19GoogleAuthenticator3new00B8_
FN:80,_RNCNvMNtCskkwNnPUyuBS_8callisto14authenticationNtB4_19GoogleAuthenticator24fetch_google_public_keys0B6_
FN:95,_RNCNCNvMNtCskkwNnPUyuBS_8callisto14authenticationNtB6_19GoogleAuthenticator24fetch_google_public_keys00B8_
FN:312,_RNCNvNtCskkwNnPUyuBS_8callisto14authentication31load_authorized_users_from_file0B5_
FN:315,_RNCNCNvNtCskkwNnPUyuBS_8callisto14authentication31load_authorized_users_from_file00B7_
FN:325,_RNCNvMs_NtCskkwNnPUyuBS_8callisto14authenticationNtB6_17MockAuthenticator3new0B8_
FN:417,_RINvXNvXNvNtCskkwNnPUyuBS_8callisto14authentications_1__NtB8_12GoogleClaimsNtNtCs8pDKiTx8cJZ_5serde2de11Deserialize11deserializeNtB3_14___FieldVisitorNtB1d_7Visitor9visit_u64pEBa_
FN:417,_RINvXNvXNvNtCskkwNnPUyuBS_8callisto14authentications_1__NtB8_12GoogleClaimsNtNtCs8pDKiTx8cJZ_5serde2de11Deserialize11deserializeNtB3_14___FieldVisitorNtB1d_7Visitor11visit_bytespEBa_
FN:429,_RINvXNvXNvNtCskkwNnPUyuBS_8callisto14authentications1_1__NtB8_18GoogleTokenRequestNtNtCs8pDKiTx8cJZ_5serde2de11Deserialize11deserializeNtB3_14___FieldVisitorNtB1k_7Visitor9visit_u64pEBa_
FN:429,_RINvXNvXNvNtCskkwNnPUyuBS_8callisto14authentications1_1__NtB8_18GoogleTokenRequestNtNtCs8pDKiTx8cJZ_5serde2de11Deserialize11deserializeNtB3_14___FieldVisitorNtB1k_7Visitor9visit_strpEBa_
FN:429,_RINvXNvXNvNtCskkwNnPUyuBS_8callisto14authentications1_1__NtB8_18GoogleTokenRequestNtNtCs8pDKiTx8cJZ_5serde2de11Deserialize11deserializeNtB3_14___FieldVisitorNtB1k_7Visitor11visit_bytespEBa_
FN:429,_RINvXs_NvXNvNtCskkwNnPUyuBS_8callisto14authentications1_1__NtBa_18GoogleTokenRequestNtNtCs8pDKiTx8cJZ_5serde2de11Deserialize11deserializeNtB5_7___FieldB1k_11deserializepEBc_
FN:429,_RINvXs0_NvXNvNtCskkwNnPUyuBS_8callisto14authentications1_1__NtBb_18GoogleTokenRequestNtNtCs8pDKiTx8cJZ_5serde2de11Deserialize11deserializeNtB6_9___VisitorNtB1n_7Visitor9visit_seqpEBd_
FN:429,_RINvXs0_NvXNvNtCskkwNnPUyuBS_8callisto14authentications1_1__NtBb_18GoogleTokenRequestNtNtCs8pDKiTx8cJZ_5serde2de11Deserialize11deserializeNtB6_9___VisitorNtB1n_7Visitor9visit_mappEBd_
FN:438,_RINvXNvXNvNtCskkwNnPUyuBS_8callisto14authentications3_1__NtB8_19GoogleTokenResponseNtNtCs8pDKiTx8cJZ_5serde2de11Deserialize11deserializeNtB3_14___FieldVisitorNtB1l_7Visitor9visit_u64pEBa_
FN:438,_RINvXNvXNvNtCskkwNnPUyuBS_8callisto14authentications3_1__NtB8_19GoogleTokenResponseNtNtCs8pDKiTx8cJZ_5serde2de11Deserialize11deserializeNtB3_14___FieldVisitorNtB1l_7Visitor11visit_bytespEBa_
FN:448,_RINvXNvXNvNtCskkwNnPUyuBS_8callisto14authentications4_1__NtB8_16GooglePublicKeysNtNtCs8pDKiTx8cJZ_5serde2de11Deserialize11deserializeNtB3_14___FieldVisitorNtB1i_7Visitor9visit_u64pEBa_
FN:448,_RINvXNvXNvNtCskkwNnPUyuBS_8callisto14authentications4_1__NtB8_16GooglePublicKeysNtNtCs8pDKiTx8cJZ_5serde2de11Deserialize11deserializeNtB3_14___FieldVisitorNtB1i_7Visitor9visit_strpEBa_
FN:448,_RINvXNvXNvNtCskkwNnPUyuBS_8callisto14authentications4_1__NtB8_16GooglePublicKeysNtNtCs8pDKiTx8cJZ_5serde2de11Deserialize11deserializeNtB3_14___FieldVisitorNtB1i_7Visitor11visit_bytespEBa_
FN:448,_RINvXs_NvXNvNtCskkwNnPUyuBS_8callisto14authentications4_1__NtBa_16GooglePublicKeysNtNtCs8pDKiTx8cJZ_5serde2de11Deserialize11deserializeNtB5_7___FieldB1i_11deserializepEBc_
FN:448,_RINvXs0_NvXNvNtCskkwNnPUyuBS_8callisto14authentications4_1__NtBb_16GooglePublicKeysNtNtCs8pDKiTx8cJZ_5serde2de11Deserialize11deserializeNtB6_9___VisitorNtB1l_7Visitor9visit_seqpEBd_
FN:448,_RINvXs0_NvXNvNtCskkwNnPUyuBS_8callisto14authentications4_1__NtBb_16GooglePublicKeysNtNtCs8pDKiTx8cJZ_5serde2de11Deserialize11deserializeNtB6_9___VisitorNtB1l_7Visitor9visit_mappEBd_
FN:453,_RINvXNvXNvNtCskkwNnPUyuBS_8callisto14authentications5_1__NtB8_15GooglePublicKeyNtNtCs8pDKiTx8cJZ_5serde2de11Deserialize11deserializeNtB3_14___FieldVisitorNtB1h_7Visitor9visit_u64pEBa_
FN:453,_RINvXNvXNvNtCskkwNnPUyuBS_8callisto14authentications5_1__NtB8_15GooglePublicKeyNtNtCs8pDKiTx8cJZ_5serde2de11Deserialize11deserializeNtB3_14___FieldVisitorNtB1h_7Visitor9visit_strpEBa_
FN:453,_RINvXNvXNvNtCskkwNnPUyuBS_8callisto14authentications5_1__NtB8_15GooglePublicKeyNtNtCs8pDKiTx8cJZ_5serde2de11Deserialize11deserializeNtB3_14___FieldVisitorNtB1h_7Visitor11visit_bytespEBa_
FN:453,_RINvXs_NvXNvNtCskkwNnPUyuBS_8callisto14authentications5_1__NtBa_15GooglePublicKeyNtNtCs8pDKiTx8cJZ_5serde2de11Deserialize11deserializeNtB5_7___FieldB1h_11deserializepEBc_
FN:453,_RINvXs0_NvXNvNtCskkwNnPUyuBS_8callisto14authentications5_1__NtBb_15GooglePublicKeyNtNtCs8pDKiTx8cJZ_5serde2de11Deserialize11deserializeNtB6_9___VisitorNtB1k_7Visitor9visit_seqpEBd_
FN:453,_RINvXs0_NvXNvNtCskkwNnPUyuBS_8callisto14authentications5_1__NtBb_15GooglePublicKeyNtNtCs8pDKiTx8cJZ_5serde2de11Deserialize11deserializeNtB6_9___VisitorNtB1k_7Visitor9visit_mappEBd_
FN:461,_RINvXNvXNvNtCskkwNnPUyuBS_8callisto14authentications6_1__NtB8_17GoogleCredentialsNtNtCs8pDKiTx8cJZ_5serde2de11Deserialize11deserializeNtB3_14___FieldVisitorNtB1j_7Visitor9visit_u64pEBa_
FN:461,_RINvXNvXNvNtCskkwNnPUyuBS_8callisto14authentications6_1__NtB8_17GoogleCredentialsNtNtCs8pDKiTx8cJZ_5serde2de11Deserialize11deserializeNtB3_14___FieldVisitorNtB1j_7Visitor11visit_bytespEBa_
FN:472,_RINvXNvXNvNtCskkwNnPUyuBS_8callisto14authentications7_1__NtB8_15GoogleCredsJsonNtNtCs8pDKiTx8cJZ_5serde2de11Deserialize11deserializeNtB3_14___FieldVisitorNtB1h_7Visitor9visit_u64pEBa_
FN:472,_RINvXNvXNvNtCskkwNnPUyuBS_8callisto14authentications7_1__NtB8_15GoogleCredsJsonNtNtCs8pDKiTx8cJZ_5serde2de11Deserialize11deserializeNtB3_14___FieldVisitorNtB1h_7Visitor11visit_bytespEBa_
FN:482,_RNCNvNtNtCscBGMVToPeRm_8callisto14authentication5testss_23test_mock_authenticator0B7_
FN:108,_RNvXs6_NtCscBGMVToPeRm_8callisto14authenticationNtB5_19GoogleAuthenticatorNtB5_13Authenticator14get_web_server
FN:244,_RNvXs6_NtCscBGMVToPeRm_8callisto14authenticationNtB5_19GoogleAuthenticatorNtB5_13Authenticator17authenticate_user
FN:115,_RNCNvXs6_NtCscBGMVToPeRm_8callisto14authenticationNtB7_19GoogleAuthenticatorNtB7_13Authenticator17authenticate_user0B9_
FN:150,_RNCNCNvXs6_NtCscBGMVToPeRm_8callisto14authenticationNtB9_19GoogleAuthenticatorNtB9_13Authenticator17authenticate_user00Bb_
FN:158,_RNCNCNvXs6_NtCscBGMVToPeRm_8callisto14authenticationNtB9_19GoogleAuthenticatorNtB9_13Authenticator17authenticate_user0s_0Bb_
FN:168,_RNCNCNvXs6_NtCscBGMVToPeRm_8callisto14authenticationNtB9_19GoogleAuthenticatorNtB9_13Authenticator17authenticate_user0s0_0Bb_
FN:174,_RNCNCNvXs6_NtCscBGMVToPeRm_8callisto14authenticationNtB9_19GoogleAuthenticatorNtB9_13Authenticator17authenticate_user0s1_0Bb_
FN:185,_RNCNCNvXs6_NtCscBGMVToPeRm_8callisto14authenticationNtB9_19GoogleAuthenticatorNtB9_13Authenticator17authenticate_user0s2_0Bb_
FN:250,_RNvXs6_NtCscBGMVToPeRm_8callisto14authenticationNtB5_19GoogleAuthenticatorNtB5_13Authenticator20validate_session_key
FN:289,_RNvXs6_NtCscBGMVToPeRm_8callisto14authenticationNtB5_19GoogleAuthenticatorNtB5_13Authenticator19check_authorization
FN:261,_RNCNvXs6_NtCscBGMVToPeRm_8callisto14authenticationNtB7_19GoogleAuthenticatorNtB7_13Authenticator19check_authorization0B9_
FN:270,_RNCNCNvXs6_NtCscBGMVToPeRm_8callisto14authenticationNtB9_19GoogleAuthenticatorNtB9_13Authenticator19check_authorization00Bb_
FN:389,_RNvXs1_NtCscBGMVToPeRm_8callisto14authenticationNtB5_17TokenTimeoutErrorNtNtCs9f3LFPSIp77_4core3fmt7Display3fmt
FN:398,_RNvXs2_NtCscBGMVToPeRm_8callisto14authenticationNtB5_15InvalidKeyErrorNtNtCs9f3LFPSIp77_4core3fmt7Display3fmt
FN:409,_RNvXs4_NtCscBGMVToPeRm_8callisto14authenticationNtB5_21UnauthorizedUserErrorNtNtCs9f3LFPSIp77_4core3fmt7Display3fmt
FN:417,_RNvXNvXNvNtCscBGMVToPeRm_8callisto14authentications_1__NtB7_12GoogleClaimsNtNtCs8pDKiTx8cJZ_5serde2de11Deserialize11deserializeNtB2_14___FieldVisitorNtB1c_7Visitor9expecting
FN:417,_RINvXNvXNvNtCscBGMVToPeRm_8callisto14authentications_1__NtB8_12GoogleClaimsNtNtCs8pDKiTx8cJZ_5serde2de11Deserialize11deserializeNtB3_14___FieldVisitorNtB1d_7Visitor9visit_u64pEBa_
FN:417,_RINvXNvXNvNtCscBGMVToPeRm_8callisto14authentications_1__NtB8_12GoogleClaimsNtNtCs8pDKiTx8cJZ_5serde2de11Deserialize11deserializeNtB3_14___FieldVisitorNtB1d_7Visitor9visit_strpEBa_
FN:417,_RINvXNvXNvNtCscBGMVToPeRm_8callisto14authentications_1__NtB8_12GoogleClaimsNtNtCs8pDKiTx8cJZ_5serde2de11Deserialize11deserializeNtB3_14___FieldVisitorNtB1d_7Visitor11visit_bytespEBa_
FN:417,_RINvXs_NvXNvNtCscBGMVToPeRm_8callisto14authentications_1__NtBa_12GoogleClaimsNtNtCs8pDKiTx8cJZ_5serde2de11Deserialize11deserializeNtB5_7___FieldB1d_11deserializepEBc_
FN:417,_RNvXs0_NvXNvNtCscBGMVToPeRm_8callisto14authentications_1__NtBa_12GoogleClaimsNtNtCs8pDKiTx8cJZ_5serde2de11Deserialize11deserializeNtB5_9___VisitorNtB1f_7Visitor9expecting
FN:417,_RINvXs0_NvXNvNtCscBGMVToPeRm_8callisto14authentications_1__NtBb_12GoogleClaimsNtNtCs8pDKiTx8cJZ_5serde2de11Deserialize11deserializeNtB6_9___VisitorNtB1g_7Visitor9visit_seqpEBd_
FN:417,_RINvXs0_NvXNvNtCscBGMVToPeRm_8callisto14authentications_1__NtBb_12GoogleClaimsNtNtCs8pDKiTx8cJZ_5serde2de11Deserialize11deserializeNtB6_9___VisitorNtB1g_7Visitor9visit_mappEBd_
FN:429,_RNvXNvXNvNtCscBGMVToPeRm_8callisto14authentications1_1__NtB7_18GoogleTokenRequestNtNtCs8pDKiTx8cJZ_5serde2de11Deserialize11deserializeNtB2_14___FieldVisitorNtB1j_7Visitor9expecting
FN:429,_RINvXNvXNvNtCscBGMVToPeRm_8callisto14authentications1_1__NtB8_18GoogleTokenRequestNtNtCs8pDKiTx8cJZ_5serde2de11Deserialize11deserializeNtB3_14___FieldVisitorNtB1k_7Visitor9visit_u64pEBa_
FN:429,_RINvXNvXNvNtCscBGMVToPeRm_8callisto14authentications1_1__NtB8_18GoogleTokenRequestNtNtCs8pDKiTx8cJZ_5serde2de11Deserialize11deserializeNtB3_14___FieldVisitorNtB1k_7Visitor9visit_strpEBa_
FN:429,_RINvXNvXNvNtCscBGMVToPeRm_8callisto14authentications1_1__NtB8_18GoogleTokenRequestNtNtCs8pDKiTx8cJZ_5serde2de11Deserialize11deserializeNtB3_14___FieldVisitorNtB1k_7Visitor11visit_bytespEBa_
FN:429,_RINvXs_NvXNvNtCscBGMVToPeRm_8callisto14authentications1_1__NtBa_18GoogleTokenRequestNtNtCs8pDKiTx8cJZ_5serde2de11Deserialize11deserializeNtB5_7___FieldB1k_11deserializepEBc_
FN:429,_RNvXs0_NvXNvNtCscBGMVToPeRm_8callisto14authentications1_1__NtBa_18GoogleTokenRequestNtNtCs8pDKiTx8cJZ_5serde2de11Deserialize11deserializeNtB5_9___VisitorNtB1m_7Visitor9expecting
FN:429,_RINvXs0_NvXNvNtCscBGMVToPeRm_8callisto14authentications1_1__NtBb_18GoogleTokenRequestNtNtCs8pDKiTx8cJZ_5serde2de11Deserialize11deserializeNtB6_9___VisitorNtB1n_7Visitor9visit_seqpEBd_
FN:429,_RINvXs0_NvXNvNtCscBGMVToPeRm_8callisto14authentications1_1__NtBb_18GoogleTokenRequestNtNtCs8pDKiTx8cJZ_5serde2de11Deserialize11deserializeNtB6_9___VisitorNtB1n_7Visitor9visit_mappEBd_
FN:438,_RNvXNvXNvNtCscBGMVToPeRm_8callisto14authentications3_1__NtB7_19GoogleTokenResponseNtNtCs8pDKiTx8cJZ_5serde2de11Deserialize11deserializeNtB2_14___FieldVisitorNtB1k_7Visitor9expecting
FN:438,_RINvXNvXNvNtCscBGMVToPeRm_8callisto14authentications3_1__NtB8_19GoogleTokenResponseNtNtCs8pDKiTx8cJZ_5serde2de11Deserialize11deserializeNtB3_14___FieldVisitorNtB1l_7Visitor9visit_u64pEBa_
FN:438,_RINvXNvXNvNtCscBGMVToPeRm_8callisto14authentications3_1__NtB8_19GoogleTokenResponseNtNtCs8pDKiTx8cJZ_5serde2de11Deserialize11deserializeNtB3_14___FieldVisitorNtB1l_7Visitor9visit_strpEBa_
FN:438,_RINvXNvXNvNtCscBGMVToPeRm_8callisto14authentications3_1__NtB8_19GoogleTokenResponseNtNtCs8pDKiTx8cJZ_5serde2de11Deserialize11deserializeNtB3_14___FieldVisitorNtB1l_7Visitor11visit_bytespEBa_
FN:438,_RINvXs_NvXNvNtCscBGMVToPeRm_8callisto14authentications3_1__NtBa_19GoogleTokenResponseNtNtCs8pDKiTx8cJZ_5serde2de11Deserialize11deserializeNtB5_7___FieldB1l_11deserializepEBc_
FN:438,_RNvXs0_NvXNvNtCscBGMVToPeRm_8callisto14authentications3_1__NtBa_19GoogleTokenResponseNtNtCs8pDKiTx8cJZ_5serde2de11Deserialize11deserializeNtB5_9___VisitorNtB1n_7Visitor9expecting
FN:438,_RINvXs0_NvXNvNtCscBGMVToPeRm_8callisto14authentications3_1__NtBb_19GoogleTokenResponseNtNtCs8pDKiTx8cJZ_5serde2de11Deserialize11deserializeNtB6_9___VisitorNtB1o_7Visitor9visit_seqpEBd_
FN:438,_RINvXs0_NvXNvNtCscBGMVToPeRm_8callisto14authentications3_1__NtBb_19GoogleTokenResponseNtNtCs8pDKiTx8cJZ_5serde2de11Deserialize11deserializeNtB6_9___VisitorNtB1o_7Visitor9visit_mappEBd_
FN:448,_RNvXNvXNvNtCscBGMVToPeRm_8callisto14authentications4_1__NtB7_16GooglePublicKeysNtNtCs8pDKiTx8cJZ_5serde2de11Deserialize11deserializeNtB2_14___FieldVisitorNtB1h_7Visitor9expecting
FN:448,_RINvXNvXNvNtCscBGMVToPeRm_8callisto14authentications4_1__NtB8_16GooglePublicKeysNtNtCs8pDKiTx8cJZ_5serde2de11Deserialize11deserializeNtB3_14___FieldVisitorNtB1i_7Visitor9visit_u64pEBa_
FN:448,_RINvXNvXNvNtCscBGMVToPeRm_8callisto14authentications4_1__NtB8_16GooglePublicKeysNtNtCs8pDKiTx8cJZ_5serde2de11Deserialize11deserializeNtB3_14___FieldVisitorNtB1i_7Visitor11visit_bytespEBa_
FN:453,_RNvXNvXNvNtCscBGMVToPeRm_8callisto14authentications5_1__NtB7_15GooglePublicKeyNtNtCs8pDKiTx8cJZ_5serde2de11Deserialize11deserializeNtB2_14___FieldVisitorNtB1g_7Visitor9expecting
FN:453,_RINvXNvXNvNtCscBGMVToPeRm_8callisto14authentications5_1__NtB8_15GooglePublicKeyNtNtCs8pDKiTx8cJZ_5serde2de11Deserialize11deserializeNtB3_14___FieldVisitorNtB1h_7Visitor9visit_u64pEBa_
FN:453,_RINvXNvXNvNtCscBGMVToPeRm_8callisto14authentications5_1__NtB8_15GooglePublicKeyNtNtCs8pDKiTx8cJZ_5serde2de11Deserialize11deserializeNtB3_14___FieldVisitorNtB1h_7Visitor11visit_bytespEBa_
FN:461,_RNvXNvXNvNtCscBGMVToPeRm_8callisto14authentications6_1__NtB7_17GoogleCredentialsNtNtCs8pDKiTx8cJZ_5serde2de11Deserialize11deserializeNtB2_14___FieldVisitorNtB1i_7Visitor9expecting
FN:461,_RINvXNvXNvNtCscBGMVToPeRm_8callisto14authentications6_1__NtB8_17GoogleCredentialsNtNtCs8pDKiTx8cJZ_5serde2de11Deserialize11deserializeNtB3_14___FieldVisitorNtB1j_7Visitor9visit_u64pEBa_
FN:461,_RINvXNvXNvNtCscBGMVToPeRm_8callisto14authentications6_1__NtB8_17GoogleCredentialsNtNtCs8pDKiTx8cJZ_5serde2de11Deserialize11deserializeNtB3_14___FieldVisitorNtB1j_7Visitor11visit_bytespEBa_
FN:472,_RNvXNvXNvNtCscBGMVToPeRm_8callisto14authentications7_1__NtB7_15GoogleCredsJsonNtNtCs8pDKiTx8cJZ_5serde2de11Deserialize11deserializeNtB2_14___FieldVisitorNtB1g_7Visitor9expecting
FN:472,_RINvXNvXNvNtCscBGMVToPeRm_8callisto14authentications7_1__NtB8_15GoogleCredsJsonNtNtCs8pDKiTx8cJZ_5serde2de11Deserialize11deserializeNtB3_14___FieldVisitorNtB1h_7Visitor9visit_u64pEBa_
FN:472,_RINvXNvXNvNtCscBGMVToPeRm_8callisto14authentications7_1__NtB8_15GoogleCredsJsonNtNtCs8pDKiTx8cJZ_5serde2de11Deserialize11deserializeNtB3_14___FieldVisitorNtB1h_7Visitor11visit_bytespEBa_
FN:56,_RNvMNtCscBGMVToPeRm_8callisto14authenticationNtB2_19GoogleAuthenticator3new
FN:80,_RNvMNtCscBGMVToPeRm_8callisto14authenticationNtB2_19GoogleAuthenticator24fetch_google_public_keys
FN:292,_RNvNtCscBGMVToPeRm_8callisto14authentication33load_google_credentials_from_file
FN:310,_RNvNtCscBGMVToPeRm_8callisto14authentication31load_authorized_users_from_file
FN:325,_RNvMs_NtCscBGMVToPeRm_8callisto14authenticationNtB4_17MockAuthenticator3new
FN:335,_RNvXs7_NtCscBGMVToPeRm_8callisto14authenticationNtB5_17MockAuthenticatorNtB5_13Authenticator14get_web_server
FN:350,_RNvXs7_NtCscBGMVToPeRm_8callisto14authenticationNtB5_17MockAuthenticatorNtB5_13Authenticator17authenticate_user
FN:352,_RNvXs7_NtCscBGMVToPeRm_8callisto14authenticationNtB5_17MockAuthenticatorNtB5_13Authenticator20validate_session_key
FN:378,_RNvXs7_NtCscBGMVToPeRm_8callisto14authenticationNtB5_17MockAuthenticatorNtB5_13Authenticator19check_authorization
FN:448,_RNvXs0_NvXNvNtCscBGMVToPeRm_8callisto14authentications4_1__NtBa_16GooglePublicKeysNtNtCs8pDKiTx8cJZ_5serde2de11Deserialize11deserializeNtB5_9___VisitorNtB1k_7Visitor9expecting
FN:453,_RNvXs0_NvXNvNtCscBGMVToPeRm_8callisto14authentications5_1__NtBa_15GooglePublicKeyNtNtCs8pDKiTx8cJZ_5serde2de11Deserialize11deserializeNtB5_9___VisitorNtB1j_7Visitor9expecting
FN:461,_RNvXs0_NvXNvNtCscBGMVToPeRm_8callisto14authentications6_1__NtBa_17GoogleCredentialsNtNtCs8pDKiTx8cJZ_5serde2de11Deserialize11deserializeNtB5_9___VisitorNtB1l_7Visitor9expecting
FN:472,_RNvXs0_NvXNvNtCscBGMVToPeRm_8callisto14authentications7_1__NtBa_15GoogleCredsJsonNtNtCs8pDKiTx8cJZ_5serde2de11Deserialize11deserializeNtB5_9___VisitorNtB1j_7Visitor9expecting
FN:56,_RNCNvMNtCscBGMVToPeRm_8callisto14authenticationNtB4_19GoogleAuthenticator3new0B6_
FN:57,_RNCNCNvMNtCscBGMVToPeRm_8callisto14authenticationNtB6_19GoogleAuthenticator3new00B8_
FN:80,_RNCNvMNtCscBGMVToPeRm_8callisto14authenticationNtB4_19GoogleAuthenticator24fetch_google_public_keys0B6_
FN:95,_RNCNCNvMNtCscBGMVToPeRm_8callisto14authenticationNtB6_19GoogleAuthenticator24fetch_google_public_keys00B8_
FN:293,_RNCNvNtCscBGMVToPeRm_8callisto14authentication33load_google_credentials_from_file0B5_
FN:300,_RNCNvNtCscBGMVToPeRm_8callisto14authentication33load_google_credentials_from_files_0B5_
FN:312,_RNCNvNtCscBGMVToPeRm_8callisto14authentication31load_authorized_users_from_file0B5_
FN:315,_RNCNCNvNtCscBGMVToPeRm_8callisto14authentication31load_authorized_users_from_file00B7_
FN:325,_RNCNvMs_NtCscBGMVToPeRm_8callisto14authenticationNtB6_17MockAuthenticator3new0B8_
FN:342,_RNCNvXs7_NtCscBGMVToPeRm_8callisto14authenticationNtB7_17MockAuthenticatorNtB7_13Authenticator17authenticate_user0B9_
FN:369,_RNCNvXs7_NtCscBGMVToPeRm_8callisto14authenticationNtB7_17MockAuthenticatorNtB7_13Authenticator19check_authorization0B9_
FN:374,_RNCNCNvXs7_NtCscBGMVToPeRm_8callisto14authenticationNtB9_17MockAuthenticatorNtB9_13Authenticator19check_authorization00Bb_
FN:448,_RINvXNvXNvNtCscBGMVToPeRm_8callisto14authentications4_1__NtB8_16GooglePublicKeysNtNtCs8pDKiTx8cJZ_5serde2de11Deserialize11deserializeNtB3_14___FieldVisitorNtB1i_7Visitor9visit_strNtNtCse3EK68OXEkC_10serde_json5error5ErrorEBa_
FN:448,_RINvXs_NvXNvNtCscBGMVToPeRm_8callisto14authentications4_1__NtBa_16GooglePublicKeysNtNtCs8pDKiTx8cJZ_5serde2de11Deserialize11deserializeNtB5_7___FieldB1i_11deserializeINtNtCse3EK68OXEkC_10serde_json2de6MapKeyNtNtB2J_4read7StrReadEEBc_
FN:448,_RINvXs0_NvXNvNtCscBGMVToPeRm_8callisto14authentications4_1__NtBb_16GooglePublicKeysNtNtCs8pDKiTx8cJZ_5serde2de11Deserialize11deserializeNtB6_9___VisitorNtB1l_7Visitor9visit_seqINtNtCse3EK68OXEkC_10serde_json2de9SeqAccessNtNtB2T_4read7StrReadEEBd_
FN:448,_RINvXs0_NvXNvNtCscBGMVToPeRm_8callisto14authentications4_1__NtBb_16GooglePublicKeysNtNtCs8pDKiTx8cJZ_5serde2de11Deserialize11deserializeNtB6_9___VisitorNtB1l_7Visitor9visit_mapINtNtCse3EK68OXEkC_10serde_json2de9MapAccessNtNtB2T_4read7StrReadEEBd_
FN:453,_RINvXNvXNvNtCscBGMVToPeRm_8callisto14authentications5_1__NtB8_15GooglePublicKeyNtNtCs8pDKiTx8cJZ_5serde2de11Deserialize11deserializeNtB3_14___FieldVisitorNtB1h_7Visitor9visit_strNtNtCse3EK68OXEkC_10serde_json5error5ErrorEBa_
FN:453,_RINvXs_NvXNvNtCscBGMVToPeRm_8callisto14authentications5_1__NtBa_15GooglePublicKeyNtNtCs8pDKiTx8cJZ_5serde2de11Deserialize11deserializeNtB5_7___FieldB1h_11deserializeINtNtCse3EK68OXEkC_10serde_json2de6MapKeyNtNtB2I_4read7StrReadEEBc_
FN:453,_RINvXs0_NvXNvNtCscBGMVToPeRm_8callisto14authentications5_1__NtBb_15GooglePublicKeyNtNtCs8pDKiTx8cJZ_5serde2de11Deserialize11deserializeNtB6_9___VisitorNtB1k_7Visitor9visit_seqINtNtCse3EK68OXEkC_10serde_json2de9SeqAccessNtNtB2S_4read7StrReadEEBd_
FN:453,_RINvXs0_NvXNvNtCscBGMVToPeRm_8callisto14authentications5_1__NtBb_15GooglePublicKeyNtNtCs8pDKiTx8cJZ_5serde2de11Deserialize11deserializeNtB6_9___VisitorNtB1k_7Visitor9visit_mapINtNtCse3EK68OXEkC_10serde_json2de9MapAccessNtNtB2S_4read7StrReadEEBd_
FN:461,_RINvXNvXNvNtCscBGMVToPeRm_8callisto14authentications6_1__NtB8_17GoogleCredentialsNtNtCs8pDKiTx8cJZ_5serde2de11Deserialize11deserializeNtB3_14___FieldVisitorNtB1j_7Visitor9visit_strNtNtCse3EK68OXEkC_10serde_json5error5ErrorEBa_
FN:461,_RINvXs_NvXNvNtCscBGMVToPeRm_8callisto14authentications6_1__NtBa_17GoogleCredentialsNtNtCs8pDKiTx8cJZ_5serde2de11Deserialize11deserializeNtB5_7___FieldB1j_11deserializeINtNtCse3EK68OXEkC_10serde_json2de6MapKeyINtNtB2K_4read6IoReadINtNtNtNtCs27l1GJC5rMQ_3std2io8buffered9bufreader9BufReaderNtNtB3O_2fs4FileEEEEBc_
FN:461,_RINvXs0_NvXNvNtCscBGMVToPeRm_8callisto14authentications6_1__NtBb_17GoogleCredentialsNtNtCs8pDKiTx8cJZ_5serde2de11Deserialize11deserializeNtB6_9___VisitorNtB1m_7Visitor9visit_seqINtNtCse3EK68OXEkC_10serde_json2de9SeqAccessINtNtB2U_4read6IoReadINtNtNtNtCs27l1GJC5rMQ_3std2io8buffered9bufreader9BufReaderNtNtB41_2fs4FileEEEEBd_
FN:461,_RINvXs0_NvXNvNtCscBGMVToPeRm_8callisto14authentications6_1__NtBb_17GoogleCredentialsNtNtCs8pDKiTx8cJZ_5serde2de11Deserialize11deserializeNtB6_9___VisitorNtB1m_7Visitor9visit_mapINtNtCse3EK68OXEkC_10serde_json2de9MapAccessINtNtB2U_4read6IoReadINtNtNtNtCs27l1GJC5rMQ_3std2io8buffered9bufreader9BufReaderNtNtB41_2fs4FileEEEEBd_
FN:472,_RINvXNvXNvNtCscBGMVToPeRm_8callisto14authentications7_1__NtB8_15GoogleCredsJsonNtNtCs8pDKiTx8cJZ_5serde2de11Deserialize11deserializeNtB3_14___FieldVisitorNtB1h_7Visitor9visit_strNtNtCse3EK68OXEkC_10serde_json5error5ErrorEBa_
FN:472,_RINvXs_NvXNvNtCscBGMVToPeRm_8callisto14authentications7_1__NtBa_15GoogleCredsJsonNtNtCs8pDKiTx8cJZ_5serde2de11Deserialize11deserializeNtB5_7___FieldB1h_11deserializeINtNtCse3EK68OXEkC_10serde_json2de6MapKeyINtNtB2I_4read6IoReadINtNtNtNtCs27l1GJC5rMQ_3std2io8buffered9bufreader9BufReaderNtNtB3M_2fs4FileEEEEBc_
FN:472,_RINvXs0_NvXNvNtCscBGMVToPeRm_8callisto14authentications7_1__NtBb_15GoogleCredsJsonNtNtCs8pDKiTx8cJZ_5serde2de11Deserialize11deserializeNtB6_9___VisitorNtB1k_7Visitor9visit_seqINtNtCse3EK68OXEkC_10serde_json2de9SeqAccessINtNtB2S_4read6IoReadINtNtNtNtCs27l1GJC5rMQ_3std2io8buffered9bufreader9BufReaderNtNtB3Z_2fs4FileEEEEBd_
FN:472,_RINvXs0_NvXNvNtCscBGMVToPeRm_8callisto14authentications7_1__NtBb_15GoogleCredsJsonNtNtCs8pDKiTx8cJZ_5serde2de11Deserialize11deserializeNtB6_9___VisitorNtB1k_7Visitor9visit_mapINtNtCse3EK68OXEkC_10serde_json2de9MapAccessINtNtB2S_4read6IoReadINtNtNtNtCs27l1GJC5rMQ_3std2io8buffered9bufreader9BufReaderNtNtB3Z_2fs4FileEEEEBd_
FN:482,_RNvNtNtCscBGMVToPeRm_8callisto14authentication5testss_23test_mock_authenticator
FN:512,_RNvNtNtCscBGMVToPeRm_8callisto14authentication5testss_25test_bad_credentials_file
FN:512,_RNvNtNCNvNtNtCscBGMVToPeRm_8callisto14authentication5testss_25test_bad_credentials_file04init4init
FN:528,_RNvNtNtCscBGMVToPeRm_8callisto14authentication5testss_35test_load_authorized_users_from_gcs
FN:528,_RNvNtNCNvNtNtCscBGMVToPeRm_8callisto14authentication5testss_35test_load_authorized_users_from_gcs04init4init
FN:541,_RNvNtNtCscBGMVToPeRm_8callisto14authentication5testss_36test_load_authorized_users_from_file
FN:541,_RNvNtNCNvNtNtCscBGMVToPeRm_8callisto14authentication5testss_36test_load_authorized_users_from_file04init4init
FN:553,_RNvNtNtCscBGMVToPeRm_8callisto14authentication5testss_38test_load_google_credentials_from_file
FN:553,_RNvNtNCNvNtNtCscBGMVToPeRm_8callisto14authentication5testss_38test_load_google_credentials_from_file04init4init
FN:564,_RNvNtNtCscBGMVToPeRm_8callisto14authentication5testss_29test_fetch_google_public_keys
FN:564,_RNvNtNCNvNtNtCscBGMVToPeRm_8callisto14authentication5testss_29test_fetch_google_public_keys04init4init
FNDA:1,_RINvXNvXNvNtCskkwNnPUyuBS_8callisto14authentications4_1__NtB8_16GooglePublicKeysNtNtCs8pDKiTx8cJZ_5serde2de11Deserialize11deserializeNtB3_14___FieldVisitorNtB1i_7Visitor9visit_strNtNtCse3EK68OXEkC_10serde_json5error5ErrorECsj2r3Yn2CUPB_8callisto
FNDA:12,_RINvXNvXNvNtCskkwNnPUyuBS_8callisto14authentications5_1__NtB8_15GooglePublicKeyNtNtCs8pDKiTx8cJZ_5serde2de11Deserialize11deserializeNtB3_14___FieldVisitorNtB1h_7Visitor9visit_strNtNtCse3EK68OXEkC_10serde_json5error5ErrorECsj2r3Yn2CUPB_8callisto
FNDA:1,_RINvXs0_NvXNvNtCskkwNnPUyuBS_8callisto14authentications4_1__NtBb_16GooglePublicKeysNtNtCs8pDKiTx8cJZ_5serde2de11Deserialize11deserializeNtB6_9___VisitorNtB1l_7Visitor9visit_mapINtNtCse3EK68OXEkC_10serde_json2de9MapAccessNtNtB2T_4read7StrReadEECsj2r3Yn2CUPB_8callisto
FNDA:0,_RINvXs0_NvXNvNtCskkwNnPUyuBS_8callisto14authentications4_1__NtBb_16GooglePublicKeysNtNtCs8pDKiTx8cJZ_5serde2de11Deserialize11deserializeNtB6_9___VisitorNtB1l_7Visitor9visit_seqINtNtCse3EK68OXEkC_10serde_json2de9SeqAccessNtNtB2T_4read7StrReadEECsj2r3Yn2CUPB_8callisto
FNDA:2,_RINvXs0_NvXNvNtCskkwNnPUyuBS_8callisto14authentications5_1__NtBb_15GooglePublicKeyNtNtCs8pDKiTx8cJZ_5serde2de11Deserialize11deserializeNtB6_9___VisitorNtB1k_7Visitor9visit_mapINtNtCse3EK68OXEkC_10serde_json2de9MapAccessNtNtB2S_4read7StrReadEECsj2r3Yn2CUPB_8callisto
FNDA:0,_RINvXs0_NvXNvNtCskkwNnPUyuBS_8callisto14authentications5_1__NtBb_15GooglePublicKeyNtNtCs8pDKiTx8cJZ_5serde2de11Deserialize11deserializeNtB6_9___VisitorNtB1k_7Visitor9visit_seqINtNtCse3EK68OXEkC_10serde_json2de9SeqAccessNtNtB2S_4read7StrReadEECsj2r3Yn2CUPB_8callisto
FNDA:1,_RINvXs_NvXNvNtCskkwNnPUyuBS_8callisto14authentications4_1__NtBa_16GooglePublicKeysNtNtCs8pDKiTx8cJZ_5serde2de11Deserialize11deserializeNtB5_7___FieldB1i_11deserializeINtNtCse3EK68OXEkC_10serde_json2de6MapKeyNtNtB2J_4read7StrReadEECsj2r3Yn2CUPB_8callisto
FNDA:12,_RINvXs_NvXNvNtCskkwNnPUyuBS_8callisto14authentications5_1__NtBa_15GooglePublicKeyNtNtCs8pDKiTx8cJZ_5serde2de11Deserialize11deserializeNtB5_7___FieldB1h_11deserializeINtNtCse3EK68OXEkC_10serde_json2de6MapKeyNtNtB2I_4read7StrReadEECsj2r3Yn2CUPB_8callisto
FNDA:0,_RNCNCNvMNtCskkwNnPUyuBS_8callisto14authenticationNtB6_19GoogleAuthenticator24fetch_google_public_keys00Csj2r3Yn2CUPB_8callisto
FNDA:0,_RNCNCNvMNtCskkwNnPUyuBS_8callisto14authenticationNtB6_19GoogleAuthenticator3new00Csj2r3Yn2CUPB_8callisto
FNDA:0,_RNCNCNvNtCskkwNnPUyuBS_8callisto14authentication31load_authorized_users_from_file00Csj2r3Yn2CUPB_8callisto
FNDA:1,_RNCNvMNtCskkwNnPUyuBS_8callisto14authenticationNtB4_19GoogleAuthenticator24fetch_google_public_keys0Csj2r3Yn2CUPB_8callisto
FNDA:1,_RNCNvMNtCskkwNnPUyuBS_8callisto14authenticationNtB4_19GoogleAuthenticator3new0Csj2r3Yn2CUPB_8callisto
FNDA:16,_RNCNvMs_NtCskkwNnPUyuBS_8callisto14authenticationNtB6_17MockAuthenticator3new0Csj2r3Yn2CUPB_8callisto
FNDA:1,_RNCNvNtCskkwNnPUyuBS_8callisto14authentication31load_authorized_users_from_file0Csj2r3Yn2CUPB_8callisto
FNDA:1,_RNvMNtCskkwNnPUyuBS_8callisto14authenticationNtB2_19GoogleAuthenticator3new
FNDA:1,_RNvMNtCskkwNnPUyuBS_8callisto14authenticationNtB2_19GoogleAuthenticator24fetch_google_public_keys
FNDA:1,_RNvNtCskkwNnPUyuBS_8callisto14authentication33load_google_credentials_from_file
FNDA:1,_RNvNtCskkwNnPUyuBS_8callisto14authentication31load_authorized_users_from_file
FNDA:16,_RNvMs_NtCskkwNnPUyuBS_8callisto14authenticationNtB4_17MockAuthenticator3new
FNDA:0,_RNvXs1_NtCskkwNnPUyuBS_8callisto14authenticationNtB5_17TokenTimeoutErrorNtNtCs9f3LFPSIp77_4core3fmt7Display3fmt
FNDA:0,_RNvXs2_NtCskkwNnPUyuBS_8callisto14authenticationNtB5_15InvalidKeyErrorNtNtCs9f3LFPSIp77_4core3fmt7Display3fmt
FNDA:0,_RNvXs4_NtCskkwNnPUyuBS_8callisto14authenticationNtB5_21UnauthorizedUserErrorNtNtCs9f3LFPSIp77_4core3fmt7Display3fmt
FNDA:0,_RNvXs6_NtCskkwNnPUyuBS_8callisto14authenticationNtB5_19GoogleAuthenticatorNtB5_13Authenticator14get_web_server
FNDA:0,_RNvXs6_NtCskkwNnPUyuBS_8callisto14authenticationNtB5_19GoogleAuthenticatorNtB5_13Authenticator17authenticate_user
FNDA:0,_RNvXs6_NtCskkwNnPUyuBS_8callisto14authenticationNtB5_19GoogleAuthenticatorNtB5_13Authenticator20validate_session_key
FNDA:0,_RNvXs6_NtCskkwNnPUyuBS_8callisto14authenticationNtB5_19GoogleAuthenticatorNtB5_13Authenticator19check_authorization
FNDA:81,_RNvXs7_NtCskkwNnPUyuBS_8callisto14authenticationNtB5_17MockAuthenticatorNtB5_13Authenticator14get_web_server
FNDA:16,_RNvXs7_NtCskkwNnPUyuBS_8callisto14authenticationNtB5_17MockAuthenticatorNtB5_13Authenticator17authenticate_user
FNDA:63,_RNvXs7_NtCskkwNnPUyuBS_8callisto14authenticationNtB5_17MockAuthenticatorNtB5_13Authenticator20validate_session_key
FNDA:0,_RNvXs7_NtCskkwNnPUyuBS_8callisto14authenticationNtB5_17MockAuthenticatorNtB5_13Authenticator19check_authorization
FNDA:0,_RNvXNvXNvNtCskkwNnPUyuBS_8callisto14authentications_1__NtB7_12GoogleClaimsNtNtCs8pDKiTx8cJZ_5serde2de11Deserialize11deserializeNtB2_14___FieldVisitorNtB1c_7Visitor9expecting
FNDA:0,_RNvXs0_NvXNvNtCskkwNnPUyuBS_8callisto14authentications_1__NtBa_12GoogleClaimsNtNtCs8pDKiTx8cJZ_5serde2de11Deserialize11deserializeNtB5_9___VisitorNtB1f_7Visitor9expecting
FNDA:0,_RNvXNvXNvNtCskkwNnPUyuBS_8callisto14authentications1_1__NtB7_18GoogleTokenRequestNtNtCs8pDKiTx8cJZ_5serde2de11Deserialize11deserializeNtB2_14___FieldVisitorNtB1j_7Visitor9expecting
FNDA:0,_RNvXs0_NvXNvNtCskkwNnPUyuBS_8callisto14authentications1_1__NtBa_18GoogleTokenRequestNtNtCs8pDKiTx8cJZ_5serde2de11Deserialize11deserializeNtB5_9___VisitorNtB1m_7Visitor9expecting
FNDA:0,_RNvXNvXNvNtCskkwNnPUyuBS_8callisto14authentications3_1__NtB7_19GoogleTokenResponseNtNtCs8pDKiTx8cJZ_5serde2de11Deserialize11deserializeNtB2_14___FieldVisitorNtB1k_7Visitor9expecting
FNDA:0,_RNvXs0_NvXNvNtCskkwNnPUyuBS_8callisto14authentications3_1__NtBa_19GoogleTokenResponseNtNtCs8pDKiTx8cJZ_5serde2de11Deserialize11deserializeNtB5_9___VisitorNtB1n_7Visitor9expecting
FNDA:0,_RNvXNvXNvNtCskkwNnPUyuBS_8callisto14authentications4_1__NtB7_16GooglePublicKeysNtNtCs8pDKiTx8cJZ_5serde2de11Deserialize11deserializeNtB2_14___FieldVisitorNtB1h_7Visitor9expecting
FNDA:0,_RNvXs0_NvXNvNtCskkwNnPUyuBS_8callisto14authentications4_1__NtBa_16GooglePublicKeysNtNtCs8pDKiTx8cJZ_5serde2de11Deserialize11deserializeNtB5_9___VisitorNtB1k_7Visitor9expecting
FNDA:0,_RNvXNvXNvNtCskkwNnPUyuBS_8callisto14authentications5_1__NtB7_15GooglePublicKeyNtNtCs8pDKiTx8cJZ_5serde2de11Deserialize11deserializeNtB2_14___FieldVisitorNtB1g_7Visitor9expecting
FNDA:0,_RNvXs0_NvXNvNtCskkwNnPUyuBS_8callisto14authentications5_1__NtBa_15GooglePublicKeyNtNtCs8pDKiTx8cJZ_5serde2de11Deserialize11deserializeNtB5_9___VisitorNtB1j_7Visitor9expecting
FNDA:0,_RNvXNvXNvNtCskkwNnPUyuBS_8callisto14authentications6_1__NtB7_17GoogleCredentialsNtNtCs8pDKiTx8cJZ_5serde2de11Deserialize11deserializeNtB2_14___FieldVisitorNtB1i_7Visitor9expecting
FNDA:0,_RNvXs0_NvXNvNtCskkwNnPUyuBS_8callisto14authentications6_1__NtBa_17GoogleCredentialsNtNtCs8pDKiTx8cJZ_5serde2de11Deserialize11deserializeNtB5_9___VisitorNtB1l_7Visitor9expecting
FNDA:0,_RNvXNvXNvNtCskkwNnPUyuBS_8callisto14authentications7_1__NtB7_15GoogleCredsJsonNtNtCs8pDKiTx8cJZ_5serde2de11Deserialize11deserializeNtB2_14___FieldVisitorNtB1g_7Visitor9expecting
FNDA:0,_RNvXs0_NvXNvNtCskkwNnPUyuBS_8callisto14authentications7_1__NtBa_15GoogleCredsJsonNtNtCs8pDKiTx8cJZ_5serde2de11Deserialize11deserializeNtB5_9___VisitorNtB1j_7Visitor9expecting
FNDA:0,_RNCNvNtCskkwNnPUyuBS_8callisto14authentication33load_google_credentials_from_file0B5_
FNDA:0,_RNCNvNtCskkwNnPUyuBS_8callisto14authentication33load_google_credentials_from_files_0B5_
FNDA:0,_RNCNvXs6_NtCskkwNnPUyuBS_8callisto14authenticationNtB7_19GoogleAuthenticatorNtB7_13Authenticator17authenticate_user0B9_
FNDA:0,_RNCNCNvXs6_NtCskkwNnPUyuBS_8callisto14authenticationNtB9_19GoogleAuthenticatorNtB9_13Authenticator17authenticate_user00Bb_
FNDA:0,_RNCNCNvXs6_NtCskkwNnPUyuBS_8callisto14authenticationNtB9_19GoogleAuthenticatorNtB9_13Authenticator17authenticate_user0s_0Bb_
FNDA:0,_RNCNCNvXs6_NtCskkwNnPUyuBS_8callisto14authenticationNtB9_19GoogleAuthenticatorNtB9_13Authenticator17authenticate_user0s0_0Bb_
FNDA:0,_RNCNCNvXs6_NtCskkwNnPUyuBS_8callisto14authenticationNtB9_19GoogleAuthenticatorNtB9_13Authenticator17authenticate_user0s1_0Bb_
FNDA:0,_RNCNCNvXs6_NtCskkwNnPUyuBS_8callisto14authenticationNtB9_19GoogleAuthenticatorNtB9_13Authenticator17authenticate_user0s2_0Bb_
FNDA:0,_RNCNvXs6_NtCskkwNnPUyuBS_8callisto14authenticationNtB7_19GoogleAuthenticatorNtB7_13Authenticator19check_authorization0B9_
FNDA:0,_RNCNCNvXs6_NtCskkwNnPUyuBS_8callisto14authenticationNtB9_19GoogleAuthenticatorNtB9_13Authenticator19check_authorization00Bb_
FNDA:16,_RNCNvXs7_NtCskkwNnPUyuBS_8callisto14authenticationNtB7_17MockAuthenticatorNtB7_13Authenticator17authenticate_user0B9_
FNDA:0,_RNCNvXs7_NtCskkwNnPUyuBS_8callisto14authenticationNtB7_17MockAuthenticatorNtB7_13Authenticator19check_authorization0B9_
FNDA:0,_RNCNCNvXs7_NtCskkwNnPUyuBS_8callisto14authenticationNtB9_17MockAuthenticatorNtB9_13Authenticator19check_authorization00Bb_
FNDA:0,_RINvXNvXNvNtCskkwNnPUyuBS_8callisto14authentications_1__NtB8_12GoogleClaimsNtNtCs8pDKiTx8cJZ_5serde2de11Deserialize11deserializeNtB3_14___FieldVisitorNtB1d_7Visitor9visit_strNtNtCse3EK68OXEkC_10serde_json5error5ErrorEBa_
FNDA:0,_RINvXs_NvXNvNtCskkwNnPUyuBS_8callisto14authentications_1__NtBa_12GoogleClaimsNtNtCs8pDKiTx8cJZ_5serde2de11Deserialize11deserializeNtB5_7___FieldB1d_11deserializeINtNtCse3EK68OXEkC_10serde_json2de6MapKeyNtNtB2E_4read9SliceReadEEBc_
FNDA:0,_RINvXs0_NvXNvNtCskkwNnPUyuBS_8callisto14authentications_1__NtBb_12GoogleClaimsNtNtCs8pDKiTx8cJZ_5serde2de11Deserialize11deserializeNtB6_9___VisitorNtB1g_7Visitor9visit_seqINtNtCse3EK68OXEkC_10serde_json2de9SeqAccessNtNtB2O_4read9SliceReadEEBd_
FNDA:0,_RINvXs0_NvXNvNtCskkwNnPUyuBS_8callisto14authentications_1__NtBb_12GoogleClaimsNtNtCs8pDKiTx8cJZ_5serde2de11Deserialize11deserializeNtB6_9___VisitorNtB1g_7Visitor9visit_mapINtNtCse3EK68OXEkC_10serde_json2de9MapAccessNtNtB2O_4read9SliceReadEEBd_
FNDA:0,_RINvXNvXNvNtCskkwNnPUyuBS_8callisto14authentications3_1__NtB8_19GoogleTokenResponseNtNtCs8pDKiTx8cJZ_5serde2de11Deserialize11deserializeNtB3_14___FieldVisitorNtB1l_7Visitor9visit_strNtNtCse3EK68OXEkC_10serde_json5error5ErrorEBa_
FNDA:0,_RINvXs_NvXNvNtCskkwNnPUyuBS_8callisto14authentications3_1__NtBa_19GoogleTokenResponseNtNtCs8pDKiTx8cJZ_5serde2de11Deserialize11deserializeNtB5_7___FieldB1l_11deserializeINtNtCse3EK68OXEkC_10serde_json2de6MapKeyNtNtB2M_4read7StrReadEEBc_
FNDA:0,_RINvXs0_NvXNvNtCskkwNnPUyuBS_8callisto14authentications3_1__NtBb_19GoogleTokenResponseNtNtCs8pDKiTx8cJZ_5serde2de11Deserialize11deserializeNtB6_9___VisitorNtB1o_7Visitor9visit_seqINtNtCse3EK68OXEkC_10serde_json2de9SeqAccessNtNtB2W_4read7StrReadEEBd_
FNDA:0,_RINvXs0_NvXNvNtCskkwNnPUyuBS_8callisto14authentications3_1__NtBb_19GoogleTokenResponseNtNtCs8pDKiTx8cJZ_5serde2de11Deserialize11deserializeNtB6_9___VisitorNtB1o_7Visitor9visit_mapINtNtCse3EK68OXEkC_10serde_json2de9MapAccessNtNtB2W_4read7StrReadEEBd_
FNDA:8,_RINvXNvXNvNtCskkwNnPUyuBS_8callisto14authentications6_1__NtB8_17GoogleCredentialsNtNtCs8pDKiTx8cJZ_5serde2de11Deserialize11deserializeNtB3_14___FieldVisitorNtB1j_7Visitor9visit_strNtNtCse3EK68OXEkC_10serde_json5error5ErrorEBa_
FNDA:8,_RINvXs_NvXNvNtCskkwNnPUyuBS_8callisto14authentications6_1__NtBa_17GoogleCredentialsNtNtCs8pDKiTx8cJZ_5serde2de11Deserialize11deserializeNtB5_7___FieldB1j_11deserializeINtNtCse3EK68OXEkC_10serde_json2de6MapKeyINtNtB2K_4read6IoReadINtNtNtNtCs27l1GJC5rMQ_3std2io8buffered9bufreader9BufReaderNtNtB3O_2fs4FileEEEEBc_
FNDA:0,_RINvXs0_NvXNvNtCskkwNnPUyuBS_8callisto14authentications6_1__NtBb_17GoogleCredentialsNtNtCs8pDKiTx8cJZ_5serde2de11Deserialize11deserializeNtB6_9___VisitorNtB1m_7Visitor9visit_seqINtNtCse3EK68OXEkC_10serde_json2de9SeqAccessINtNtB2U_4read6IoReadINtNtNtNtCs27l1GJC5rMQ_3std2io8buffered9bufreader9BufReaderNtNtB41_2fs4FileEEEEBd_
FNDA:1,_RINvXs0_NvXNvNtCskkwNnPUyuBS_8callisto14authentications6_1__NtBb_17GoogleCredentialsNtNtCs8pDKiTx8cJZ_5serde2de11Deserialize11deserializeNtB6_9___VisitorNtB1m_7Visitor9visit_mapINtNtCse3EK68OXEkC_10serde_json2de9MapAccessINtNtB2U_4read6IoReadINtNtNtNtCs27l1GJC5rMQ_3std2io8buffered9bufreader9BufReaderNtNtB41_2fs4FileEEEEBd_
FNDA:1,_RINvXNvXNvNtCskkwNnPUyuBS_8callisto14authentications7_1__NtB8_15GoogleCredsJsonNtNtCs8pDKiTx8cJZ_5serde2de11Deserialize11deserializeNtB3_14___FieldVisitorNtB1h_7Visitor9visit_strNtNtCse3EK68OXEkC_10serde_json5error5ErrorEBa_
FNDA:1,_RINvXs_NvXNvNtCskkwNnPUyuBS_8callisto14authentications7_1__NtBa_15GoogleCredsJsonNtNtCs8pDKiTx8cJZ_5serde2de11Deserialize11deserializeNtB5_7___FieldB1h_11deserializeINtNtCse3EK68OXEkC_10serde_json2de6MapKeyINtNtB2I_4read6IoReadINtNtNtNtCs27l1GJC5rMQ_3std2io8buffered9bufreader9BufReaderNtNtB3M_2fs4FileEEEEBc_
FNDA:0,_RINvXs0_NvXNvNtCskkwNnPUyuBS_8callisto14authentications7_1__NtBb_15GoogleCredsJsonNtNtCs8pDKiTx8cJZ_5serde2de11Deserialize11deserializeNtB6_9___VisitorNtB1k_7Visitor9visit_seqINtNtCse3EK68OXEkC_10serde_json2de9SeqAccessINtNtB2S_4read6IoReadINtNtNtNtCs27l1GJC5rMQ_3std2io8buffered9bufreader9BufReaderNtNtB3Z_2fs4FileEEEEBd_
FNDA:1,_RINvXs0_NvXNvNtCskkwNnPUyuBS_8callisto14authentications7_1__NtBb_15GoogleCredsJsonNtNtCs8pDKiTx8cJZ_5serde2de11Deserialize11deserializeNtB6_9___VisitorNtB1k_7Visitor9visit_mapINtNtCse3EK68OXEkC_10serde_json2de9MapAccessINtNtB2S_4read6IoReadINtNtNtNtCs27l1GJC5rMQ_3std2io8buffered9bufreader9BufReaderNtNtB3Z_2fs4FileEEEEBd_
FNDA:0,_RNCNvMNtCskkwNnPUyuBS_8callisto14authenticationNtB4_19GoogleAuthenticator3new0B6_
FNDA:0,_RNCNCNvMNtCskkwNnPUyuBS_8callisto14authenticationNtB6_19GoogleAuthenticator3new00B8_
FNDA:0,_RNCNvMNtCskkwNnPUyuBS_8callisto14authenticationNtB4_19GoogleAuthenticator24fetch_google_public_keys0B6_
FNDA:0,_RNCNCNvMNtCskkwNnPUyuBS_8callisto14authenticationNtB6_19GoogleAuthenticator24fetch_google_public_keys00B8_
FNDA:0,_RNCNvNtCskkwNnPUyuBS_8callisto14authentication31load_authorized_users_from_file0B5_
FNDA:0,_RNCNCNvNtCskkwNnPUyuBS_8callisto14authentication31load_authorized_users_from_file00B7_
FNDA:0,_RNCNvMs_NtCskkwNnPUyuBS_8callisto14authenticationNtB6_17MockAuthenticator3new0B8_
FNDA:0,_RINvXNvXNvNtCskkwNnPUyuBS_8callisto14authentications_1__NtB8_12GoogleClaimsNtNtCs8pDKiTx8cJZ_5serde2de11Deserialize11deserializeNtB3_14___FieldVisitorNtB1d_7Visitor9visit_u64pEBa_
FNDA:0,_RINvXNvXNvNtCskkwNnPUyuBS_8callisto14authentications_1__NtB8_12GoogleClaimsNtNtCs8pDKiTx8cJZ_5serde2de11Deserialize11deserializeNtB3_14___FieldVisitorNtB1d_7Visitor11visit_bytespEBa_
FNDA:0,_RINvXNvXNvNtCskkwNnPUyuBS_8callisto14authentications1_1__NtB8_18GoogleTokenRequestNtNtCs8pDKiTx8cJZ_5serde2de11Deserialize11deserializeNtB3_14___FieldVisitorNtB1k_7Visitor9visit_u64pEBa_
FNDA:0,_RINvXNvXNvNtCskkwNnPUyuBS_8callisto14authentications1_1__NtB8_18GoogleTokenRequestNtNtCs8pDKiTx8cJZ_5serde2de11Deserialize11deserializeNtB3_14___FieldVisitorNtB1k_7Visitor9visit_strpEBa_
FNDA:0,_RINvXNvXNvNtCskkwNnPUyuBS_8callisto14authentications1_1__NtB8_18GoogleTokenRequestNtNtCs8pDKiTx8cJZ_5serde2de11Deserialize11deserializeNtB3_14___FieldVisitorNtB1k_7Visitor11visit_bytespEBa_
FNDA:0,_RINvXs_NvXNvNtCskkwNnPUyuBS_8callisto14authentications1_1__NtBa_18GoogleTokenRequestNtNtCs8pDKiTx8cJZ_5serde2de11Deserialize11deserializeNtB5_7___FieldB1k_11deserializepEBc_
FNDA:0,_RINvXs0_NvXNvNtCskkwNnPUyuBS_8callisto14authentications1_1__NtBb_18GoogleTokenRequestNtNtCs8pDKiTx8cJZ_5serde2de11Deserialize11deserializeNtB6_9___VisitorNtB1n_7Visitor9visit_seqpEBd_
FNDA:0,_RINvXs0_NvXNvNtCskkwNnPUyuBS_8callisto14authentications1_1__NtBb_18GoogleTokenRequestNtNtCs8pDKiTx8cJZ_5serde2de11Deserialize11deserializeNtB6_9___VisitorNtB1n_7Visitor9visit_mappEBd_
FNDA:0,_RINvXNvXNvNtCskkwNnPUyuBS_8callisto14authentications3_1__NtB8_19GoogleTokenResponseNtNtCs8pDKiTx8cJZ_5serde2de11Deserialize11deserializeNtB3_14___FieldVisitorNtB1l_7Visitor9visit_u64pEBa_
FNDA:0,_RINvXNvXNvNtCskkwNnPUyuBS_8callisto14authentications3_1__NtB8_19GoogleTokenResponseNtNtCs8pDKiTx8cJZ_5serde2de11Deserialize11deserializeNtB3_14___FieldVisitorNtB1l_7Visitor11visit_bytespEBa_
FNDA:0,_RINvXNvXNvNtCskkwNnPUyuBS_8callisto14authentications4_1__NtB8_16GooglePublicKeysNtNtCs8pDKiTx8cJZ_5serde2de11Deserialize11deserializeNtB3_14___FieldVisitorNtB1i_7Visitor9visit_u64pEBa_
FNDA:0,_RINvXNvXNvNtCskkwNnPUyuBS_8callisto14authentications4_1__NtB8_16GooglePublicKeysNtNtCs8pDKiTx8cJZ_5serde2de11Deserialize11deserializeNtB3_14___FieldVisitorNtB1i_7Visitor9visit_strpEBa_
FNDA:0,_RINvXNvXNvNtCskkwNnPUyuBS_8callisto14authentications4_1__NtB8_16GooglePublicKeysNtNtCs8pDKiTx8cJZ_5serde2de11Deserialize11deserializeNtB3_14___FieldVisitorNtB1i_7Visitor11visit_bytespEBa_
FNDA:0,_RINvXs_NvXNvNtCskkwNnPUyuBS_8callisto14authentications4_1__NtBa_16GooglePublicKeysNtNtCs8pDKiTx8cJZ_5serde2de11Deserialize11deserializeNtB5_7___FieldB1i_11deserializepEBc_
FNDA:0,_RINvXs0_NvXNvNtCskkwNnPUyuBS_8callisto14authentications4_1__NtBb_16GooglePublicKeysNtNtCs8pDKiTx8cJZ_5serde2de11Deserialize11deserializeNtB6_9___VisitorNtB1l_7Visitor9visit_seqpEBd_
FNDA:0,_RINvXs0_NvXNvNtCskkwNnPUyuBS_8callisto14authentications4_1__NtBb_16GooglePublicKeysNtNtCs8pDKiTx8cJZ_5serde2de11Deserialize11deserializeNtB6_9___VisitorNtB1l_7Visitor9visit_mappEBd_
FNDA:0,_RINvXNvXNvNtCskkwNnPUyuBS_8callisto14authentications5_1__NtB8_15GooglePublicKeyNtNtCs8pDKiTx8cJZ_5serde2de11Deserialize11deserializeNtB3_14___FieldVisitorNtB1h_7Visitor9visit_u64pEBa_
FNDA:0,_RINvXNvXNvNtCskkwNnPUyuBS_8callisto14authentications5_1__NtB8_15GooglePublicKeyNtNtCs8pDKiTx8cJZ_5serde2de11Deserialize11deserializeNtB3_14___FieldVisitorNtB1h_7Visitor9visit_strpEBa_
FNDA:0,_RINvXNvXNvNtCskkwNnPUyuBS_8callisto14authentications5_1__NtB8_15GooglePublicKeyNtNtCs8pDKiTx8cJZ_5serde2de11Deserialize11deserializeNtB3_14___FieldVisitorNtB1h_7Visitor11visit_bytespEBa_
FNDA:0,_RINvXs_NvXNvNtCskkwNnPUyuBS_8callisto14authentications5_1__NtBa_15GooglePublicKeyNtNtCs8pDKiTx8cJZ_5serde2de11Deserialize11deserializeNtB5_7___FieldB1h_11deserializepEBc_
FNDA:0,_RINvXs0_NvXNvNtCskkwNnPUyuBS_8callisto14authentications5_1__NtBb_15GooglePublicKeyNtNtCs8pDKiTx8cJZ_5serde2de11Deserialize11deserializeNtB6_9___VisitorNtB1k_7Visitor9visit_seqpEBd_
FNDA:0,_RINvXs0_NvXNvNtCskkwNnPUyuBS_8callisto14authentications5_1__NtBb_15GooglePublicKeyNtNtCs8pDKiTx8cJZ_5serde2de11Deserialize11deserializeNtB6_9___VisitorNtB1k_7Visitor9visit_mappEBd_
FNDA:0,_RINvXNvXNvNtCskkwNnPUyuBS_8callisto14authentications6_1__NtB8_17GoogleCredentialsNtNtCs8pDKiTx8cJZ_5serde2de11Deserialize11deserializeNtB3_14___FieldVisitorNtB1j_7Visitor9visit_u64pEBa_
FNDA:0,_RINvXNvXNvNtCskkwNnPUyuBS_8callisto14authentications6_1__NtB8_17GoogleCredentialsNtNtCs8pDKiTx8cJZ_5serde2de11Deserialize11deserializeNtB3_14___FieldVisitorNtB1j_7Visitor11visit_bytespEBa_
FNDA:0,_RINvXNvXNvNtCskkwNnPUyuBS_8callisto14authentications7_1__NtB8_15GoogleCredsJsonNtNtCs8pDKiTx8cJZ_5serde2de11Deserialize11deserializeNtB3_14___FieldVisitorNtB1h_7Visitor9visit_u64pEBa_
FNDA:0,_RINvXNvXNvNtCskkwNnPUyuBS_8callisto14authentications7_1__NtB8_15GoogleCredsJsonNtNtCs8pDKiTx8cJZ_5serde2de11Deserialize11deserializeNtB3_14___FieldVisitorNtB1h_7Visitor11visit_bytespEBa_
FNDA:1,_RNCNvNtNtCscBGMVToPeRm_8callisto14authentication5testss_23test_mock_authenticator0B7_
FNDA:0,_RNvXs6_NtCscBGMVToPeRm_8callisto14authenticationNtB5_19GoogleAuthenticatorNtB5_13Authenticator14get_web_server
FNDA:0,_RNvXs6_NtCscBGMVToPeRm_8callisto14authenticationNtB5_19GoogleAuthenticatorNtB5_13Authenticator17authenticate_user
FNDA:0,_RNCNvXs6_NtCscBGMVToPeRm_8callisto14authenticationNtB7_19GoogleAuthenticatorNtB7_13Authenticator17authenticate_user0B9_
FNDA:0,_RNCNCNvXs6_NtCscBGMVToPeRm_8callisto14authenticationNtB9_19GoogleAuthenticatorNtB9_13Authenticator17authenticate_user00Bb_
FNDA:0,_RNCNCNvXs6_NtCscBGMVToPeRm_8callisto14authenticationNtB9_19GoogleAuthenticatorNtB9_13Authenticator17authenticate_user0s_0Bb_
FNDA:0,_RNCNCNvXs6_NtCscBGMVToPeRm_8callisto14authenticationNtB9_19GoogleAuthenticatorNtB9_13Authenticator17authenticate_user0s0_0Bb_
FNDA:0,_RNCNCNvXs6_NtCscBGMVToPeRm_8callisto14authenticationNtB9_19GoogleAuthenticatorNtB9_13Authenticator17authenticate_user0s1_0Bb_
FNDA:0,_RNCNCNvXs6_NtCscBGMVToPeRm_8callisto14authenticationNtB9_19GoogleAuthenticatorNtB9_13Authenticator17authenticate_user0s2_0Bb_
FNDA:0,_RNvXs6_NtCscBGMVToPeRm_8callisto14authenticationNtB5_19GoogleAuthenticatorNtB5_13Authenticator20validate_session_key
FNDA:0,_RNvXs6_NtCscBGMVToPeRm_8callisto14authenticationNtB5_19GoogleAuthenticatorNtB5_13Authenticator19check_authorization
FNDA:0,_RNCNvXs6_NtCscBGMVToPeRm_8callisto14authenticationNtB7_19GoogleAuthenticatorNtB7_13Authenticator19check_authorization0B9_
FNDA:0,_RNCNCNvXs6_NtCscBGMVToPeRm_8callisto14authenticationNtB9_19GoogleAuthenticatorNtB9_13Authenticator19check_authorization00Bb_
FNDA:0,_RNvXs1_NtCscBGMVToPeRm_8callisto14authenticationNtB5_17TokenTimeoutErrorNtNtCs9f3LFPSIp77_4core3fmt7Display3fmt
FNDA:0,_RNvXs2_NtCscBGMVToPeRm_8callisto14authenticationNtB5_15InvalidKeyErrorNtNtCs9f3LFPSIp77_4core3fmt7Display3fmt
FNDA:0,_RNvXs4_NtCscBGMVToPeRm_8callisto14authenticationNtB5_21UnauthorizedUserErrorNtNtCs9f3LFPSIp77_4core3fmt7Display3fmt
FNDA:0,_RNvXNvXNvNtCscBGMVToPeRm_8callisto14authentications_1__NtB7_12GoogleClaimsNtNtCs8pDKiTx8cJZ_5serde2de11Deserialize11deserializeNtB2_14___FieldVisitorNtB1c_7Visitor9expecting
FNDA:0,_RINvXNvXNvNtCscBGMVToPeRm_8callisto14authentications_1__NtB8_12GoogleClaimsNtNtCs8pDKiTx8cJZ_5serde2de11Deserialize11deserializeNtB3_14___FieldVisitorNtB1d_7Visitor9visit_u64pEBa_
FNDA:0,_RINvXNvXNvNtCscBGMVToPeRm_8callisto14authentications_1__NtB8_12GoogleClaimsNtNtCs8pDKiTx8cJZ_5serde2de11Deserialize11deserializeNtB3_14___FieldVisitorNtB1d_7Visitor9visit_strpEBa_
FNDA:0,_RINvXNvXNvNtCscBGMVToPeRm_8callisto14authentications_1__NtB8_12GoogleClaimsNtNtCs8pDKiTx8cJZ_5serde2de11Deserialize11deserializeNtB3_14___FieldVisitorNtB1d_7Visitor11visit_bytespEBa_
FNDA:0,_RINvXs_NvXNvNtCscBGMVToPeRm_8callisto14authentications_1__NtBa_12GoogleClaimsNtNtCs8pDKiTx8cJZ_5serde2de11Deserialize11deserializeNtB5_7___FieldB1d_11deserializepEBc_
FNDA:0,_RNvXs0_NvXNvNtCscBGMVToPeRm_8callisto14authentications_1__NtBa_12GoogleClaimsNtNtCs8pDKiTx8cJZ_5serde2de11Deserialize11deserializeNtB5_9___VisitorNtB1f_7Visitor9expecting
FNDA:0,_RINvXs0_NvXNvNtCscBGMVToPeRm_8callisto14authentications_1__NtBb_12GoogleClaimsNtNtCs8pDKiTx8cJZ_5serde2de11Deserialize11deserializeNtB6_9___VisitorNtB1g_7Visitor9visit_seqpEBd_
FNDA:0,_RINvXs0_NvXNvNtCscBGMVToPeRm_8callisto14authentications_1__NtBb_12GoogleClaimsNtNtCs8pDKiTx8cJZ_5serde2de11Deserialize11deserializeNtB6_9___VisitorNtB1g_7Visitor9visit_mappEBd_
FNDA:0,_RNvXNvXNvNtCscBGMVToPeRm_8callisto14authentications1_1__NtB7_18GoogleTokenRequestNtNtCs8pDKiTx8cJZ_5serde2de11Deserialize11deserializeNtB2_14___FieldVisitorNtB1j_7Visitor9expecting
FNDA:0,_RINvXNvXNvNtCscBGMVToPeRm_8callisto14authentications1_1__NtB8_18GoogleTokenRequestNtNtCs8pDKiTx8cJZ_5serde2de11Deserialize11deserializeNtB3_14___FieldVisitorNtB1k_7Visitor9visit_u64pEBa_
FNDA:0,_RINvXNvXNvNtCscBGMVToPeRm_8callisto14authentications1_1__NtB8_18GoogleTokenRequestNtNtCs8pDKiTx8cJZ_5serde2de11Deserialize11deserializeNtB3_14___FieldVisitorNtB1k_7Visitor9visit_strpEBa_
FNDA:0,_RINvXNvXNvNtCscBGMVToPeRm_8callisto14authentications1_1__NtB8_18GoogleTokenRequestNtNtCs8pDKiTx8cJZ_5serde2de11Deserialize11deserializeNtB3_14___FieldVisitorNtB1k_7Visitor11visit_bytespEBa_
FNDA:0,_RINvXs_NvXNvNtCscBGMVToPeRm_8callisto14authentications1_1__NtBa_18GoogleTokenRequestNtNtCs8pDKiTx8cJZ_5serde2de11Deserialize11deserializeNtB5_7___FieldB1k_11deserializepEBc_
FNDA:0,_RNvXs0_NvXNvNtCscBGMVToPeRm_8callisto14authentications1_1__NtBa_18GoogleTokenRequestNtNtCs8pDKiTx8cJZ_5serde2de11Deserialize11deserializeNtB5_9___VisitorNtB1m_7Visitor9expecting
FNDA:0,_RINvXs0_NvXNvNtCscBGMVToPeRm_8callisto14authentications1_1__NtBb_18GoogleTokenRequestNtNtCs8pDKiTx8cJZ_5serde2de11Deserialize11deserializeNtB6_9___VisitorNtB1n_7Visitor9visit_seqpEBd_
FNDA:0,_RINvXs0_NvXNvNtCscBGMVToPeRm_8callisto14authentications1_1__NtBb_18GoogleTokenRequestNtNtCs8pDKiTx8cJZ_5serde2de11Deserialize11deserializeNtB6_9___VisitorNtB1n_7Visitor9visit_mappEBd_
FNDA:0,_RNvXNvXNvNtCscBGMVToPeRm_8callisto14authentications3_1__NtB7_19GoogleTokenResponseNtNtCs8pDKiTx8cJZ_5serde2de11Deserialize11deserializeNtB2_14___FieldVisitorNtB1k_7Visitor9expecting
FNDA:0,_RINvXNvXNvNtCscBGMVToPeRm_8callisto14authentications3_1__NtB8_19GoogleTokenResponseNtNtCs8pDKiTx8cJZ_5serde2de11Deserialize11deserializeNtB3_14___FieldVisitorNtB1l_7Visitor9visit_u64pEBa_
FNDA:0,_RINvXNvXNvNtCscBGMVToPeRm_8callisto14authentications3_1__NtB8_19GoogleTokenResponseNtNtCs8pDKiTx8cJZ_5serde2de11Deserialize11deserializeNtB3_14___FieldVisitorNtB1l_7Visitor9visit_strpEBa_
FNDA:0,_RINvXNvXNvNtCscBGMVToPeRm_8callisto14authentications3_1__NtB8_19GoogleTokenResponseNtNtCs8pDKiTx8cJZ_5serde2de11Deserialize11deserializeNtB3_14___FieldVisitorNtB1l_7Visitor11visit_bytespEBa_
FNDA:0,_RINvXs_NvXNvNtCscBGMVToPeRm_8callisto14authentications3_1__NtBa_19GoogleTokenResponseNtNtCs8pDKiTx8cJZ_5serde2de11Deserialize11deserializeNtB5_7___FieldB1l_11deserializepEBc_
FNDA:0,_RNvXs0_NvXNvNtCscBGMVToPeRm_8callisto14authentications3_1__NtBa_19GoogleTokenResponseNtNtCs8pDKiTx8cJZ_5serde2de11Deserialize11deserializeNtB5_9___VisitorNtB1n_7Visitor9expecting
FNDA:0,_RINvXs0_NvXNvNtCscBGMVToPeRm_8callisto14authentications3_1__NtBb_19GoogleTokenResponseNtNtCs8pDKiTx8cJZ_5serde2de11Deserialize11deserializeNtB6_9___VisitorNtB1o_7Visitor9visit_seqpEBd_
FNDA:0,_RINvXs0_NvXNvNtCscBGMVToPeRm_8callisto14authentications3_1__NtBb_19GoogleTokenResponseNtNtCs8pDKiTx8cJZ_5serde2de11Deserialize11deserializeNtB6_9___VisitorNtB1o_7Visitor9visit_mappEBd_
FNDA:0,_RNvXNvXNvNtCscBGMVToPeRm_8callisto14authentications4_1__NtB7_16GooglePublicKeysNtNtCs8pDKiTx8cJZ_5serde2de11Deserialize11deserializeNtB2_14___FieldVisitorNtB1h_7Visitor9expecting
FNDA:0,_RINvXNvXNvNtCscBGMVToPeRm_8callisto14authentications4_1__NtB8_16GooglePublicKeysNtNtCs8pDKiTx8cJZ_5serde2de11Deserialize11deserializeNtB3_14___FieldVisitorNtB1i_7Visitor9visit_u64pEBa_
FNDA:0,_RINvXNvXNvNtCscBGMVToPeRm_8callisto14authentications4_1__NtB8_16GooglePublicKeysNtNtCs8pDKiTx8cJZ_5serde2de11Deserialize11deserializeNtB3_14___FieldVisitorNtB1i_7Visitor11visit_bytespEBa_
FNDA:0,_RNvXNvXNvNtCscBGMVToPeRm_8callisto14authentications5_1__NtB7_15GooglePublicKeyNtNtCs8pDKiTx8cJZ_5serde2de11Deserialize11deserializeNtB2_14___FieldVisitorNtB1g_7Visitor9expecting
FNDA:0,_RINvXNvXNvNtCscBGMVToPeRm_8callisto14authentications5_1__NtB8_15GooglePublicKeyNtNtCs8pDKiTx8cJZ_5serde2de11Deserialize11deserializeNtB3_14___FieldVisitorNtB1h_7Visitor9visit_u64pEBa_
FNDA:0,_RINvXNvXNvNtCscBGMVToPeRm_8callisto14authentications5_1__NtB8_15GooglePublicKeyNtNtCs8pDKiTx8cJZ_5serde2de11Deserialize11deserializeNtB3_14___FieldVisitorNtB1h_7Visitor11visit_bytespEBa_
FNDA:0,_RNvXNvXNvNtCscBGMVToPeRm_8callisto14authentications6_1__NtB7_17GoogleCredentialsNtNtCs8pDKiTx8cJZ_5serde2de11Deserialize11deserializeNtB2_14___FieldVisitorNtB1i_7Visitor9expecting
FNDA:0,_RINvXNvXNvNtCscBGMVToPeRm_8callisto14authentications6_1__NtB8_17GoogleCredentialsNtNtCs8pDKiTx8cJZ_5serde2de11Deserialize11deserializeNtB3_14___FieldVisitorNtB1j_7Visitor9visit_u64pEBa_
FNDA:0,_RINvXNvXNvNtCscBGMVToPeRm_8callisto14authentications6_1__NtB8_17GoogleCredentialsNtNtCs8pDKiTx8cJZ_5serde2de11Deserialize11deserializeNtB3_14___FieldVisitorNtB1j_7Visitor11visit_bytespEBa_
FNDA:0,_RNvXNvXNvNtCscBGMVToPeRm_8callisto14authentications7_1__NtB7_15GoogleCredsJsonNtNtCs8pDKiTx8cJZ_5serde2de11Deserialize11deserializeNtB2_14___FieldVisitorNtB1g_7Visitor9expecting
FNDA:0,_RINvXNvXNvNtCscBGMVToPeRm_8callisto14authentications7_1__NtB8_15GoogleCredsJsonNtNtCs8pDKiTx8cJZ_5serde2de11Deserialize11deserializeNtB3_14___FieldVisitorNtB1h_7Visitor9visit_u64pEBa_
FNDA:0,_RINvXNvXNvNtCscBGMVToPeRm_8callisto14authentications7_1__NtB8_15GoogleCredsJsonNtNtCs8pDKiTx8cJZ_5serde2de11Deserialize11deserializeNtB3_14___FieldVisitorNtB1h_7Visitor11visit_bytespEBa_
FNDA:2,_RNvMNtCscBGMVToPeRm_8callisto14authenticationNtB2_19GoogleAuthenticator3new
FNDA:2,_RNvMNtCscBGMVToPeRm_8callisto14authenticationNtB2_19GoogleAuthenticator24fetch_google_public_keys
FNDA:3,_RNvNtCscBGMVToPeRm_8callisto14authentication33load_google_credentials_from_file
FNDA:3,_RNvNtCscBGMVToPeRm_8callisto14authentication31load_authorized_users_from_file
FNDA:2,_RNvMs_NtCscBGMVToPeRm_8callisto14authenticationNtB4_17MockAuthenticator3new
FNDA:0,_RNvXs7_NtCscBGMVToPeRm_8callisto14authenticationNtB5_17MockAuthenticatorNtB5_13Authenticator14get_web_server
FNDA:2,_RNvXs7_NtCscBGMVToPeRm_8callisto14authenticationNtB5_17MockAuthenticatorNtB5_13Authenticator17authenticate_user
FNDA:2,_RNvXs7_NtCscBGMVToPeRm_8callisto14authenticationNtB5_17MockAuthenticatorNtB5_13Authenticator20validate_session_key
FNDA:0,_RNvXs7_NtCscBGMVToPeRm_8callisto14authenticationNtB5_17MockAuthenticatorNtB5_13Authenticator19check_authorization
FNDA:0,_RNvXs0_NvXNvNtCscBGMVToPeRm_8callisto14authentications4_1__NtBa_16GooglePublicKeysNtNtCs8pDKiTx8cJZ_5serde2de11Deserialize11deserializeNtB5_9___VisitorNtB1k_7Visitor9expecting
FNDA:0,_RNvXs0_NvXNvNtCscBGMVToPeRm_8callisto14authentications5_1__NtBa_15GooglePublicKeyNtNtCs8pDKiTx8cJZ_5serde2de11Deserialize11deserializeNtB5_9___VisitorNtB1j_7Visitor9expecting
FNDA:0,_RNvXs0_NvXNvNtCscBGMVToPeRm_8callisto14authentications6_1__NtBa_17GoogleCredentialsNtNtCs8pDKiTx8cJZ_5serde2de11Deserialize11deserializeNtB5_9___VisitorNtB1l_7Visitor9expecting
FNDA:0,_RNvXs0_NvXNvNtCscBGMVToPeRm_8callisto14authentications7_1__NtBa_15GoogleCredsJsonNtNtCs8pDKiTx8cJZ_5serde2de11Deserialize11deserializeNtB5_9___VisitorNtB1j_7Visitor9expecting
FNDA:2,_RNCNvMNtCscBGMVToPeRm_8callisto14authenticationNtB4_19GoogleAuthenticator3new0B6_
FNDA:0,_RNCNCNvMNtCscBGMVToPeRm_8callisto14authenticationNtB6_19GoogleAuthenticator3new00B8_
FNDA:2,_RNCNvMNtCscBGMVToPeRm_8callisto14authenticationNtB4_19GoogleAuthenticator24fetch_google_public_keys0B6_
FNDA:0,_RNCNCNvMNtCscBGMVToPeRm_8callisto14authenticationNtB6_19GoogleAuthenticator24fetch_google_public_keys00B8_
FNDA:1,_RNCNvNtCscBGMVToPeRm_8callisto14authentication33load_google_credentials_from_file0B5_
FNDA:0,_RNCNvNtCscBGMVToPeRm_8callisto14authentication33load_google_credentials_from_files_0B5_
FNDA:3,_RNCNvNtCscBGMVToPeRm_8callisto14authentication31load_authorized_users_from_file0B5_
FNDA:0,_RNCNCNvNtCscBGMVToPeRm_8callisto14authentication31load_authorized_users_from_file00B7_
FNDA:2,_RNCNvMs_NtCscBGMVToPeRm_8callisto14authenticationNtB6_17MockAuthenticator3new0B8_
FNDA:2,_RNCNvXs7_NtCscBGMVToPeRm_8callisto14authenticationNtB7_17MockAuthenticatorNtB7_13Authenticator17authenticate_user0B9_
FNDA:0,_RNCNvXs7_NtCscBGMVToPeRm_8callisto14authenticationNtB7_17MockAuthenticatorNtB7_13Authenticator19check_authorization0B9_
FNDA:0,_RNCNCNvXs7_NtCscBGMVToPeRm_8callisto14authenticationNtB9_17MockAuthenticatorNtB9_13Authenticator19check_authorization00Bb_
FNDA:2,_RINvXNvXNvNtCscBGMVToPeRm_8callisto14authentications4_1__NtB8_16GooglePublicKeysNtNtCs8pDKiTx8cJZ_5serde2de11Deserialize11deserializeNtB3_14___FieldVisitorNtB1i_7Visitor9visit_strNtNtCse3EK68OXEkC_10serde_json5error5ErrorEBa_
FNDA:2,_RINvXs_NvXNvNtCscBGMVToPeRm_8callisto14authentications4_1__NtBa_16GooglePublicKeysNtNtCs8pDKiTx8cJZ_5serde2de11Deserialize11deserializeNtB5_7___FieldB1i_11deserializeINtNtCse3EK68OXEkC_10serde_json2de6MapKeyNtNtB2J_4read7StrReadEEBc_
FNDA:0,_RINvXs0_NvXNvNtCscBGMVToPeRm_8callisto14authentications4_1__NtBb_16GooglePublicKeysNtNtCs8pDKiTx8cJZ_5serde2de11Deserialize11deserializeNtB6_9___VisitorNtB1l_7Visitor9visit_seqINtNtCse3EK68OXEkC_10serde_json2de9SeqAccessNtNtB2T_4read7StrReadEEBd_
FNDA:2,_RINvXs0_NvXNvNtCscBGMVToPeRm_8callisto14authentications4_1__NtBb_16GooglePublicKeysNtNtCs8pDKiTx8cJZ_5serde2de11Deserialize11deserializeNtB6_9___VisitorNtB1l_7Visitor9visit_mapINtNtCse3EK68OXEkC_10serde_json2de9MapAccessNtNtB2T_4read7StrReadEEBd_
FNDA:24,_RINvXNvXNvNtCscBGMVToPeRm_8callisto14authentications5_1__NtB8_15GooglePublicKeyNtNtCs8pDKiTx8cJZ_5serde2de11Deserialize11deserializeNtB3_14___FieldVisitorNtB1h_7Visitor9visit_strNtNtCse3EK68OXEkC_10serde_json5error5ErrorEBa_
FNDA:24,_RINvXs_NvXNvNtCscBGMVToPeRm_8callisto14authentications5_1__NtBa_15GooglePublicKeyNtNtCs8pDKiTx8cJZ_5serde2de11Deserialize11deserializeNtB5_7___FieldB1h_11deserializeINtNtCse3EK68OXEkC_10serde_json2de6MapKeyNtNtB2I_4read7StrReadEEBc_
FNDA:0,_RINvXs0_NvXNvNtCscBGMVToPeRm_8callisto14authentications5_1__NtBb_15GooglePublicKeyNtNtCs8pDKiTx8cJZ_5serde2de11Deserialize11deserializeNtB6_9___VisitorNtB1k_7Visitor9visit_seqINtNtCse3EK68OXEkC_10serde_json2de9SeqAccessNtNtB2S_4read7StrReadEEBd_
FNDA:4,_RINvXs0_NvXNvNtCscBGMVToPeRm_8callisto14authentications5_1__NtBb_15GooglePublicKeyNtNtCs8pDKiTx8cJZ_5serde2de11Deserialize11deserializeNtB6_9___VisitorNtB1k_7Visitor9visit_mapINtNtCse3EK68OXEkC_10serde_json2de9MapAccessNtNtB2S_4read7StrReadEEBd_
FNDA:16,_RINvXNvXNvNtCscBGMVToPeRm_8callisto14authentications6_1__NtB8_17GoogleCredentialsNtNtCs8pDKiTx8cJZ_5serde2de11Deserialize11deserializeNtB3_14___FieldVisitorNtB1j_7Visitor9visit_strNtNtCse3EK68OXEkC_10serde_json5error5ErrorEBa_
FNDA:16,_RINvXs_NvXNvNtCscBGMVToPeRm_8callisto14authentications6_1__NtBa_17GoogleCredentialsNtNtCs8pDKiTx8cJZ_5serde2de11Deserialize11deserializeNtB5_7___FieldB1j_11deserializeINtNtCse3EK68OXEkC_10serde_json2de6MapKeyINtNtB2K_4read6IoReadINtNtNtNtCs27l1GJC5rMQ_3std2io8buffered9bufreader9BufReaderNtNtB3O_2fs4FileEEEEBc_
FNDA:0,_RINvXs0_NvXNvNtCscBGMVToPeRm_8callisto14authentications6_1__NtBb_17GoogleCredentialsNtNtCs8pDKiTx8cJZ_5serde2de11Deserialize11deserializeNtB6_9___VisitorNtB1m_7Visitor9visit_seqINtNtCse3EK68OXEkC_10serde_json2de9SeqAccessINtNtB2U_4read6IoReadINtNtNtNtCs27l1GJC5rMQ_3std2io8buffered9bufreader9BufReaderNtNtB41_2fs4FileEEEEBd_
FNDA:2,_RINvXs0_NvXNvNtCscBGMVToPeRm_8callisto14authentications6_1__NtBb_17GoogleCredentialsNtNtCs8pDKiTx8cJZ_5serde2de11Deserialize11deserializeNtB6_9___VisitorNtB1m_7Visitor9visit_mapINtNtCse3EK68OXEkC_10serde_json2de9MapAccessINtNtB2U_4read6IoReadINtNtNtNtCs27l1GJC5rMQ_3std2io8buffered9bufreader9BufReaderNtNtB41_2fs4FileEEEEBd_
FNDA:2,_RINvXNvXNvNtCscBGMVToPeRm_8callisto14authentications7_1__NtB8_15GoogleCredsJsonNtNtCs8pDKiTx8cJZ_5serde2de11Deserialize11deserializeNtB3_14___FieldVisitorNtB1h_7Visitor9visit_strNtNtCse3EK68OXEkC_10serde_json5error5ErrorEBa_
FNDA:2,_RINvXs_NvXNvNtCscBGMVToPeRm_8callisto14authentications7_1__NtBa_15GoogleCredsJsonNtNtCs8pDKiTx8cJZ_5serde2de11Deserialize11deserializeNtB5_7___FieldB1h_11deserializeINtNtCse3EK68OXEkC_10serde_json2de6MapKeyINtNtB2I_4read6IoReadINtNtNtNtCs27l1GJC5rMQ_3std2io8buffered9bufreader9BufReaderNtNtB3M_2fs4FileEEEEBc_
FNDA:0,_RINvXs0_NvXNvNtCscBGMVToPeRm_8callisto14authentications7_1__NtBb_15GoogleCredsJsonNtNtCs8pDKiTx8cJZ_5serde2de11Deserialize11deserializeNtB6_9___VisitorNtB1k_7Visitor9visit_seqINtNtCse3EK68OXEkC_10serde_json2de9SeqAccessINtNtB2S_4read6IoReadINtNtNtNtCs27l1GJC5rMQ_3std2io8buffered9bufreader9BufReaderNtNtB3Z_2fs4FileEEEEBd_
FNDA:2,_RINvXs0_NvXNvNtCscBGMVToPeRm_8callisto14authentications7_1__NtBb_15GoogleCredsJsonNtNtCs8pDKiTx8cJZ_5serde2de11Deserialize11deserializeNtB6_9___VisitorNtB1k_7Visitor9visit_mapINtNtCse3EK68OXEkC_10serde_json2de9MapAccessINtNtB2S_4read6IoReadINtNtNtNtCs27l1GJC5rMQ_3std2io8buffered9bufreader9BufReaderNtNtB3Z_2fs4FileEEEEBd_
FNDA:1,_RNvNtNtCscBGMVToPeRm_8callisto14authentication5testss_23test_mock_authenticator
FNDA:1,_RNvNtNtCscBGMVToPeRm_8callisto14authentication5testss_25test_bad_credentials_file
FNDA:1,_RNvNtNCNvNtNtCscBGMVToPeRm_8callisto14authentication5testss_25test_bad_credentials_file04init4init
FNDA:1,_RNvNtNtCscBGMVToPeRm_8callisto14authentication5testss_35test_load_authorized_users_from_gcs
FNDA:1,_RNvNtNCNvNtNtCscBGMVToPeRm_8callisto14authentication5testss_35test_load_authorized_users_from_gcs04init4init
FNDA:1,_RNvNtNtCscBGMVToPeRm_8callisto14authentication5testss_36test_load_authorized_users_from_file
FNDA:1,_RNvNtNCNvNtNtCscBGMVToPeRm_8callisto14authentication5testss_36test_load_authorized_users_from_file04init4init
FNDA:1,_RNvNtNtCscBGMVToPeRm_8callisto14authentication5testss_38test_load_google_credentials_from_file
FNDA:1,_RNvNtNCNvNtNtCscBGMVToPeRm_8callisto14authentication5testss_38test_load_google_credentials_from_file04init4init
FNDA:1,_RNvNtNtCscBGMVToPeRm_8callisto14authentication5testss_29test_fetch_google_public_keys
FNDA:1,_RNvNtNCNvNtNtCscBGMVToPeRm_8callisto14authentication5testss_29test_fetch_google_public_keys04init4init
FNF:50
FNH:25
DA:56,3
DA:57,3
DA:58,0
DA:59,0
DA:60,0
DA:61,0
DA:62,3
DA:63,3
DA:64,3
DA:65,2
DA:66,2
DA:67,2
DA:68,2
DA:69,2
DA:70,2
DA:71,2
DA:72,2
DA:73,2
DA:74,2
DA:75,2
DA:77,2
DA:78,2
DA:80,3
DA:81,3
DA:82,3
DA:83,3
DA:84,3
DA:85,3
DA:86,3
DA:87,3
DA:91,3
DA:92,3
DA:93,3
DA:94,3
DA:95,3
DA:96,0
DA:97,0
DA:98,0
DA:99,0
DA:100,3
DA:101,3
DA:102,3
DA:103,3
DA:108,0
DA:109,0
DA:110,0
DA:115,0
DA:124,0
DA:125,0
DA:126,0
DA:127,0
DA:128,0
DA:129,0
DA:130,0
DA:131,0
DA:132,0
DA:133,0
DA:134,0
DA:135,0
DA:136,0
DA:137,0
DA:138,0
DA:139,0
DA:140,0
DA:142,0
DA:143,0
DA:144,0
DA:145,0
DA:146,0
DA:147,0
DA:150,0
DA:151,0
DA:152,0
DA:153,0
DA:154,0
DA:155,0
DA:156,0
DA:157,0
DA:158,0
DA:159,0
DA:160,0
DA:161,0
DA:162,0
DA:163,0
DA:164,0
DA:165,0
DA:166,0
DA:167,0
DA:168,0
DA:169,0
DA:170,0
DA:171,0
DA:172,0
DA:173,0
DA:174,0
DA:175,0
DA:176,0
DA:179,0
DA:180,0
DA:181,0
DA:182,0
DA:183,0
DA:184,0
DA:185,0
DA:186,0
DA:194,0
DA:195,0
DA:196,0
DA:197,0
DA:198,0
DA:199,0
DA:200,0
DA:201,0
DA:204,0
DA:206,0
DA:207,0
DA:212,0
DA:213,0
DA:214,0
DA:215,0
DA:216,0
DA:217,0
DA:218,0
DA:219,0
DA:220,0
DA:221,0
DA:222,0
DA:223,0
DA:224,0
DA:225,0
DA:226,0
DA:227,0
DA:228,0
DA:229,0
DA:230,0
DA:231,0
DA:232,0
DA:233,0
DA:234,0
DA:235,0
DA:236,0
DA:237,0
DA:238,0
DA:239,0
DA:240,0
DA:241,0
DA:242,0
DA:243,0
DA:244,0
DA:250,0
DA:251,0
DA:252,0
DA:254,0
DA:256,0
DA:261,0
DA:262,0
DA:263,0
DA:264,0
DA:265,0
DA:266,0
DA:267,0
DA:268,0
DA:269,0
DA:270,0
DA:271,0
DA:272,0
DA:273,0
DA:274,0
DA:275,0
DA:276,0
DA:278,0
DA:279,0
DA:280,0
DA:281,0
DA:284,0
DA:285,0
DA:286,0
DA:287,0
DA:289,0
DA:292,4
DA:293,4
DA:294,1
DA:295,1
DA:296,1
DA:297,1
DA:298,4
DA:299,4
DA:300,4
DA:301,0
DA:302,0
DA:303,0
DA:304,0
DA:305,4
DA:306,4
DA:307,4
DA:308,4
DA:310,4
DA:311,4
DA:312,4
DA:313,4
DA:314,4
DA:315,4
DA:316,4
DA:325,18
DA:326,18
DA:327,18
DA:328,18
DA:329,18
DA:330,18
DA:335,81
DA:336,81
DA:337,81
DA:342,18
DA:343,18
DA:344,18
DA:345,18
DA:346,18
DA:347,18
DA:348,18
DA:349,18
DA:350,36
DA:352,65
DA:353,65
DA:358,64
DA:362,1
DA:364,65
DA:369,0
DA:370,0
DA:371,0
DA:372,0
DA:373,0
DA:374,0
DA:375,0
DA:376,0
DA:377,0
DA:378,0
DA:389,0
DA:390,0
DA:391,0
DA:398,0
DA:399,0
DA:400,0
DA:409,0
DA:410,0
DA:411,0
DA:417,0
DA:429,0
DA:438,0
DA:448,6
DA:453,42
DA:461,27
DA:472,6
DA:482,1
DA:483,1
DA:484,1
DA:485,1
DA:486,1
DA:487,1
DA:488,1
DA:489,1
DA:490,1
DA:491,1
DA:492,1
DA:493,1
DA:494,1
DA:495,1
DA:496,1
DA:497,1
DA:498,1
DA:499,1
DA:500,1
DA:501,1
DA:502,1
DA:503,1
DA:504,1
DA:505,1
DA:506,1
DA:507,1
DA:512,2
DA:528,2
DA:541,2
DA:553,2
DA:564,2
BRF:0
BRH:0
LF:323
LH:138
end_of_record
SF:/Users/dan/dev/callisto/callisto/src/combat.rs
FN:17,_RNvNtCskkwNnPUyuBS_8callisto6combat4roll
FN:21,_RNvNtCskkwNnPUyuBS_8callisto6combat9roll_dice
FN:25,_RNvNtCskkwNnPUyuBS_8callisto6combat17task_chain_impact
FN:36,_RNvNtCskkwNnPUyuBS_8callisto6combat6attack
FN:236,_RNvNtCskkwNnPUyuBS_8callisto6combat11do_critical
FN:253,_RNvNtCskkwNnPUyuBS_8callisto6combat10apply_crit
FN:521,_RNvNtCskkwNnPUyuBS_8callisto6combat15find_range_band
FN:529,_RNvNtCskkwNnPUyuBS_8callisto6combat15do_fire_actions
FN:689,_RNvNtCskkwNnPUyuBS_8callisto6combat18create_sand_counts
FN:22,_RNCNvNtCskkwNnPUyuBS_8callisto6combat9roll_dice0B5_
FN:387,_RNCNvNtCskkwNnPUyuBS_8callisto6combat10apply_crit0B5_
FN:401,_RNCNvNtCskkwNnPUyuBS_8callisto6combat10apply_crits_0B5_
FN:403,_RNCNvNtCskkwNnPUyuBS_8callisto6combat10apply_crits0_0B5_
FN:524,_RNCNvNtCskkwNnPUyuBS_8callisto6combat15find_range_band0B5_
FN:549,_RNCNvNtCskkwNnPUyuBS_8callisto6combat15do_fire_actions0B5_
FN:692,_RNCNvNtCskkwNnPUyuBS_8callisto6combat18create_sand_counts0B5_
FN:699,_RNCNCNvNtCskkwNnPUyuBS_8callisto6combat18create_sand_counts00B7_
FN:22,_RNCNvNtCscBGMVToPeRm_8callisto6combat9roll_dice0B5_
FN:387,_RNCNvNtCscBGMVToPeRm_8callisto6combat10apply_crit0B5_
FN:401,_RNCNvNtCscBGMVToPeRm_8callisto6combat10apply_crits_0B5_
FN:403,_RNCNvNtCscBGMVToPeRm_8callisto6combat10apply_crits0_0B5_
FN:524,_RNCNvNtCscBGMVToPeRm_8callisto6combat15find_range_band0B5_
FN:549,_RNCNvNtCscBGMVToPeRm_8callisto6combat15do_fire_actions0B5_
FN:692,_RNCNvNtCscBGMVToPeRm_8callisto6combat18create_sand_counts0B5_
FN:699,_RNCNCNvNtCscBGMVToPeRm_8callisto6combat18create_sand_counts00B7_
FN:17,_RNvNtCscBGMVToPeRm_8callisto6combat4roll
FN:21,_RNvNtCscBGMVToPeRm_8callisto6combat9roll_dice
FN:25,_RNvNtCscBGMVToPeRm_8callisto6combat17task_chain_impact
FN:36,_RNvNtCscBGMVToPeRm_8callisto6combat6attack
FN:236,_RNvNtCscBGMVToPeRm_8callisto6combat11do_critical
FN:253,_RNvNtCscBGMVToPeRm_8callisto6combat10apply_crit
FN:521,_RNvNtCscBGMVToPeRm_8callisto6combat15find_range_band
FN:529,_RNvNtCscBGMVToPeRm_8callisto6combat15do_fire_actions
FN:689,_RNvNtCscBGMVToPeRm_8callisto6combat18create_sand_counts
FN:740,_RNvNtNtCscBGMVToPeRm_8callisto6combat5testss_25test_missile_fire_actions
FN:740,_RNvNtNvNtNtCscBGMVToPeRm_8callisto6combat5testss_25test_missile_fire_actions4init4init
FN:855,_RNvNtNtCscBGMVToPeRm_8callisto6combat5testss_15test_apply_crit
FN:855,_RNvNtNvNtNtCscBGMVToPeRm_8callisto6combat5testss_15test_apply_crit4init4init
FN:1093,_RNvNtNtCscBGMVToPeRm_8callisto6combat5testss_11test_attack
FN:1093,_RNvNtNvNtNtCscBGMVToPeRm_8callisto6combat5testss_11test_attack4init4init
FN:836,_RNCNvNtNtCscBGMVToPeRm_8callisto6combat5testss_25test_missile_fire_actions0B7_
FN:873,_RNCNvNtNtCscBGMVToPeRm_8callisto6combat5testss_15test_apply_crit0B7_
FN:926,_RNCNvNtNtCscBGMVToPeRm_8callisto6combat5testss_15test_apply_crits_0B7_
FN:937,_RNCNvNtNtCscBGMVToPeRm_8callisto6combat5testss_15test_apply_crits0_0B7_
FN:955,_RNCNvNtNtCscBGMVToPeRm_8callisto6combat5testss_15test_apply_crits1_0B7_
FN:1000,_RNCNvNtNtCscBGMVToPeRm_8callisto6combat5testss_15test_apply_crits2_0B7_
FN:1013,_RNCNvNtNtCscBGMVToPeRm_8callisto6combat5testss_15test_apply_crits3_0B7_
FN:1056,_RNCNvNtNtCscBGMVToPeRm_8callisto6combat5testss_15test_apply_crits4_0B7_
FN:1066,_RNCNvNtNtCscBGMVToPeRm_8callisto6combat5testss_15test_apply_crits5_0B7_
FN:1326,_RNCNvNtNtCscBGMVToPeRm_8callisto6combat5testss_11test_attack0B7_
FN:1210,_RNCNvNtNtCscBGMVToPeRm_8callisto6combat5testss_11test_attacks_0B7_
FN:1218,_RNCNvNtNtCscBGMVToPeRm_8callisto6combat5testss_11test_attacks0_0B7_
FN:1232,_RNCNvNtNtCscBGMVToPeRm_8callisto6combat5testss_11test_attacks1_0B7_
FN:1238,_RNCNvNtNtCscBGMVToPeRm_8callisto6combat5testss_11test_attacks2_0B7_
FN:1286,_RNCNvNtNtCscBGMVToPeRm_8callisto6combat5testss_11test_attacks3_0B7_
FN:1305,_RNCNvNtNtCscBGMVToPeRm_8callisto6combat5testss_11test_attacks4_0B7_
FN:1356,_RNCNvNtNtCscBGMVToPeRm_8callisto6combat5testss_11test_attacks5_0B7_
FNDA:18,_RNvNtCskkwNnPUyuBS_8callisto6combat4roll
FNDA:6,_RNvNtCskkwNnPUyuBS_8callisto6combat9roll_dice
FNDA:0,_RNvNtCskkwNnPUyuBS_8callisto6combat17task_chain_impact
FNDA:3,_RNvNtCskkwNnPUyuBS_8callisto6combat6attack
FNDA:0,_RNvNtCskkwNnPUyuBS_8callisto6combat11do_critical
FNDA:0,_RNvNtCskkwNnPUyuBS_8callisto6combat10apply_crit
FNDA:0,_RNvNtCskkwNnPUyuBS_8callisto6combat15find_range_band
FNDA:1,_RNvNtCskkwNnPUyuBS_8callisto6combat15do_fire_actions
FNDA:2,_RNvNtCskkwNnPUyuBS_8callisto6combat18create_sand_counts
FNDA:18,_RNCNvNtCskkwNnPUyuBS_8callisto6combat9roll_dice0B5_
FNDA:0,_RNCNvNtCskkwNnPUyuBS_8callisto6combat10apply_crit0B5_
[...]
FNDA:9,_RINvXs_NvXNvNtCskkwNnPUyuBS_8callisto4ship1__NtBa_4ShipNtNtCs8pDKiTx8cJZ_5serde3ser9Serialize9serializeNtB5_s_15___SerializeWithBR_9serializeNtNtNtCse3EK68OXEkC_10serde_json5value3ser10SerializerECseGnTZYlWoAf_9webserver
FNDA:92,_RINvXs_NvXNvNtCskkwNnPUyuBS_8callisto4ships1_1__NtBa_18ShipDesignTemplateNtNtCs8pDKiTx8cJZ_5serde2de11Deserialize11deserializeNtB5_7___FieldB19_11deserializeINtNtCse3EK68OXEkC_10serde_json2de6MapKeyNtNtB2A_4read7StrReadEECseGnTZYlWoAf_9webserver
FNDA:552,_RINvXs_NvXNvNtCskkwNnPUyuBS_8callisto4ships1_1__NtBa_18ShipDesignTemplateNtNtCs8pDKiTx8cJZ_5serde2de11Deserialize11deserializeNtB5_7___FieldB19_11deserializeINtNtCse3EK68OXEkC_10serde_json2de6MapKeyNtNtB2A_4read9SliceReadEECseGnTZYlWoAf_9webserver
FNDA:72,_RINvXs_NvXNvNtCskkwNnPUyuBS_8callisto4ships3_1__NtBa_6WeaponNtNtCs8pDKiTx8cJZ_5serde2de11Deserialize11deserializeNtB5_7___FieldBW_11deserializeINtNtCse3EK68OXEkC_10serde_json2de6MapKeyNtNtB2m_4read7StrReadEECseGnTZYlWoAf_9webserver
FNDA:432,_RINvXs_NvXNvNtCskkwNnPUyuBS_8callisto4ships3_1__NtBa_6WeaponNtNtCs8pDKiTx8cJZ_5serde2de11Deserialize11deserializeNtB5_7___FieldBW_11deserializeINtNtCse3EK68OXEkC_10serde_json2de6MapKeyNtNtB2m_4read9SliceReadEECseGnTZYlWoAf_9webserver
FNDA:36,_RINvXs_NvXNvNtCskkwNnPUyuBS_8callisto4ships5_1__NtBa_11WeaponMountNtNtCs8pDKiTx8cJZ_5serde2de11Deserialize11deserializeNtB5_7___FieldB12_11deserializeQINtNtCse3EK68OXEkC_10serde_json2de12DeserializerNtNtB2u_4read7StrReadEECseGnTZYlWoAf_9webserver
FNDA:216,_RINvXs_NvXNvNtCskkwNnPUyuBS_8callisto4ships5_1__NtBa_11WeaponMountNtNtCs8pDKiTx8cJZ_5serde2de11Deserialize11deserializeNtB5_7___FieldB12_11deserializeQINtNtCse3EK68OXEkC_10serde_json2de12DeserializerNtNtB2u_4read9SliceReadEECseGnTZYlWoAf_9webserver
FNDA:1,_RINvXs_NvXNvNtCskkwNnPUyuBS_8callisto4ships7_1__NtBa_7BaySizeNtNtCs8pDKiTx8cJZ_5serde2de11Deserialize11deserializeNtB5_7___FieldBX_11deserializeQINtNtCse3EK68OXEkC_10serde_json2de12DeserializerNtNtB2o_4read7StrReadEECseGnTZYlWoAf_9webserver
FNDA:6,_RINvXs_NvXNvNtCskkwNnPUyuBS_8callisto4ships7_1__NtBa_7BaySizeNtNtCs8pDKiTx8cJZ_5serde2de11Deserialize11deserializeNtB5_7___FieldBX_11deserializeQINtNtCse3EK68OXEkC_10serde_json2de12DeserializerNtNtB2o_4read9SliceReadEECseGnTZYlWoAf_9webserver
FNDA:36,_RINvXs_NvXNvNtCskkwNnPUyuBS_8callisto4ships9_1__NtBa_10WeaponTypeNtNtCs8pDKiTx8cJZ_5serde2de11Deserialize11deserializeNtB5_7___FieldB11_11deserializeQINtNtCse3EK68OXEkC_10serde_json2de12DeserializerNtNtB2t_4read7StrReadEECseGnTZYlWoAf_9webserver
FNDA:216,_RINvXs_NvXNvNtCskkwNnPUyuBS_8callisto4ships9_1__NtBa_10WeaponTypeNtNtCs8pDKiTx8cJZ_5serde2de11Deserialize11deserializeNtB5_7___FieldB11_11deserializeQINtNtCse3EK68OXEkC_10serde_json2de12DeserializerNtNtB2t_4read9SliceReadEECseGnTZYlWoAf_9webserver
FNDA:42,_RINvXs_NvXNvNtCskkwNnPUyuBS_8callisto4shipsb_1__NtBa_7SensorsNtNtCs8pDKiTx8cJZ_5serde2de11Deserialize11deserializeNtB5_7___FieldBX_11deserializeQINtNtCse3EK68OXEkC_10serde_json2de12DeserializerNtNtB2o_4read9SliceReadEECseGnTZYlWoAf_9webserver
FNDA:1,_RINvXs_NvXNvNtCskkwNnPUyuBS_8callisto4shipsd_1__NtBa_7StealthNtNtCs8pDKiTx8cJZ_5serde2de11Deserialize11deserializeNtB5_7___FieldBX_11deserializeQINtNtCse3EK68OXEkC_10serde_json2de12DeserializerNtNtB2o_4read7StrReadEECseGnTZYlWoAf_9webserver
FNDA:6,_RINvXs_NvXNvNtCskkwNnPUyuBS_8callisto4shipsd_1__NtBa_7StealthNtNtCs8pDKiTx8cJZ_5serde2de11Deserialize11deserializeNtB5_7___FieldBX_11deserializeQINtNtCse3EK68OXEkC_10serde_json2de12DeserializerNtNtB2o_4read9SliceReadEECseGnTZYlWoAf_9webserver
FNDA:9,_RNCINvMNvNtCskkwNnPUyuBS_8callisto4shipse_1__NtB7_16TemplateNameOnly9serializeNtNtNtCse3EK68OXEkC_10serde_json5value3ser10SerializerE0CseGnTZYlWoAf_9webserver
FNDA:5,_RNCNCNvNtCskkwNnPUyuBS_8callisto4ship26config_test_ship_templates00CseGnTZYlWoAf_9webserver
FNDA:42,_RNCNCNvNtCskkwNnPUyuBS_8callisto4ship29load_ship_templates_from_file00CseGnTZYlWoAf_9webserver
FNDA:6,_RNCNvNtCskkwNnPUyuBS_8callisto4ship26config_test_ship_templates0CseGnTZYlWoAf_9webserver
FNDA:6,_RNCNvNtCskkwNnPUyuBS_8callisto4ship29load_ship_templates_from_file0CseGnTZYlWoAf_9webserver
FNF:135
FNH:135
DA:23,15
DA:25,1011
DA:80,4554
DA:98,4968
DA:104,3312
DA:111,92
DA:118,3312
DA:127,734
DA:137,92
DA:145,179
DA:161,85
DA:162,85
DA:163,85
DA:164,85
DA:165,85
DA:166,85
DA:167,85
DA:168,85
DA:169,85
DA:170,85
DA:171,85
DA:172,85
DA:173,85
DA:174,85
DA:175,85
DA:176,85
DA:177,85
DA:178,85
DA:179,85
DA:180,85
DA:181,85
DA:182,85
DA:183,85
DA:184,85
DA:185,85
DA:186,85
DA:187,85
DA:188,85
DA:189,85
DA:190,85
DA:192,2
DA:193,2
DA:194,2
DA:195,2
DA:196,2
DA:197,2
DA:198,2
DA:199,2
DA:200,2
DA:201,2
DA:202,2
DA:203,2
DA:204,2
DA:205,2
DA:207,14
DA:208,14
DA:209,14
DA:210,14
DA:211,14
DA:212,14
DA:213,14
DA:214,14
DA:215,12
DA:216,4
DA:217,3
DA:218,3
DA:220,1
DA:221,1
DA:222,1
DA:223,1
DA:226,8
DA:227,8
DA:230,2
DA:232,14
DA:234,42
DA:235,42
DA:236,42
DA:237,42
DA:238,42
DA:239,42
DA:240,42
DA:243,42
DA:245,123
DA:246,123
DA:247,123
DA:249,146
DA:250,146
DA:251,146
DA:253,107
DA:254,107
DA:255,107
DA:257,61
DA:258,61
DA:259,61
DA:261,56
DA:262,56
DA:263,56
DA:265,102
DA:266,102
DA:267,102
DA:269,1
DA:270,1
DA:271,1
DA:273,11
DA:274,11
DA:275,11
DA:276,11
DA:277,11
DA:278,11
DA:279,11
DA:280,11
DA:281,11
DA:282,11
DA:283,11
DA:284,11
DA:285,11
DA:286,2
DA:287,2
DA:288,2
DA:289,2
DA:290,2
DA:291,2
DA:292,2
DA:293,2
DA:294,2
DA:295,2
DA:296,2
DA:297,2
DA:299,9
DA:300,6
DA:301,6
DA:304,9
DA:305,5
DA:307,1
DA:308,1
DA:309,1
DA:310,1
DA:311,1
DA:312,1
DA:314,4
DA:315,4
DA:318,4
DA:321,11
DA:323,3
DA:324,3
DA:325,0
DA:326,3
DA:327,3
DA:328,3
DA:330,17
DA:331,17
DA:332,17
DA:333,41
DA:334,41
DA:335,41
DA:336,41
DA:338,90
DA:339,90
DA:340,90
DA:344,4
DA:345,4
DA:346,4
DA:350,1117
DA:351,1117
DA:352,1117
DA:354,1
DA:355,1
DA:356,1
DA:358,528
DA:359,528
DA:360,528
DA:362,3
DA:363,3
DA:364,3
DA:366,153
DA:367,153
DA:368,153
DA:370,1
DA:371,1
DA:372,1
DA:374,51
DA:375,51
DA:376,51
DA:377,51
DA:378,51
DA:380,2
DA:381,49
DA:382,49
DA:383,49
DA:384,40
DA:385,40
DA:386,40
DA:387,40
DA:390,9
DA:391,9
DA:392,9
DA:394,9
DA:395,9
DA:396,9
DA:397,9
DA:398,9
DA:399,9
DA:400,9
DA:401,9
DA:402,9
DA:403,9
DA:404,9
DA:405,9
DA:406,9
DA:407,9
DA:408,9
DA:410,49
DA:411,51
DA:428,70
DA:429,51
DA:430,51
DA:431,51
DA:432,51
DA:436,46
DA:437,46
DA:438,46
DA:439,45
DA:440,46
DA:443,45
DA:444,45
DA:445,315
DA:446,315
DA:447,315
DA:448,315
DA:449,45
DA:450,45
DA:451,45
DA:452,46
DA:455,28
DA:457,28
DA:458,28
DA:459,28
DA:460,28
DA:461,26
DA:462,28
DA:463,28
DA:468,47
DA:469,47
DA:470,47
DA:472,47
DA:473,47
DA:474,0
DA:475,2
DA:476,7
DA:477,37
DA:478,1
DA:481,47
DA:482,1
DA:483,46
DA:484,46
DA:485,46
DA:486,46
DA:487,46
DA:488,46
DA:489,47
DA:493,19
DA:494,19
DA:495,19
DA:499,19
DA:500,19
DA:502,1
DA:504,2
DA:506,1
DA:509,1
DA:511,2
DA:513,1
DA:516,1
DA:519,2
DA:521,2
DA:522,1
DA:523,3
DA:524,1
DA:525,1
DA:527,19
DA:531,5
DA:532,5
DA:533,2
DA:535,3
DA:537,5
DA:540,10
DA:541,10
DA:542,2
DA:543,2
DA:544,2
DA:545,2
DA:546,2
DA:548,10
DA:552,18
DA:553,18
DA:554,4
DA:555,4
DA:556,4
DA:557,3
DA:558,3
DA:560,18
DA:566,10
DA:567,10
DA:568,10
DA:569,4
DA:571,6
DA:573,10
DA:577,4
DA:578,4
DA:579,1
DA:580,1
DA:581,1
DA:582,1
DA:584,4
DA:588,6
DA:589,6
DA:590,2
DA:591,2
DA:592,1
DA:593,1
DA:595,6
DA:599,13
DA:600,13
DA:601,13
DA:605,91
DA:606,91
DA:607,18
DA:608,19
DA:609,28
DA:610,10
DA:611,16
DA:613,91
DA:617,21
DA:618,21
DA:619,1
DA:620,13
DA:621,2
DA:622,0
DA:623,0
DA:625,1
DA:626,1
DA:627,2
DA:628,2
DA:630,1
DA:632,21
DA:636,5
DA:637,5
DA:638,5
DA:642,11
DA:643,11
DA:644,1
DA:645,1
DA:646,1
DA:647,1
DA:648,1
DA:649,1
DA:650,1
DA:651,1
DA:652,1
DA:653,1
DA:654,1
DA:656,11
DA:663,2
DA:664,2
DA:665,2
DA:669,1
DA:670,1
DA:671,1
DA:675,1
DA:676,1
DA:677,1
DA:681,124
DA:685,487
DA:686,487
DA:687,487
DA:691,78
DA:692,78
DA:693,78
DA:697,218
DA:698,218
DA:699,63
DA:700,218
DA:702,62
DA:713,4
DA:714,4
DA:715,4
DA:717,26
DA:718,26
DA:719,26
DA:723,267
DA:724,267
DA:725,267
DA:729,65
DA:730,65
DA:731,65
DA:734,7
DA:735,7
DA:736,7
DA:737,7
DA:739,11
DA:740,11
DA:741,11
DA:743,65
DA:744,65
DA:745,65
DA:747,2
DA:748,2
DA:749,2
DA:751,49
DA:752,49
DA:753,49
DA:755,13
DA:756,13
DA:757,2
DA:758,11
DA:760,13
DA:761,4
DA:762,2
DA:763,2
DA:764,9
DA:765,13
DA:770,74
DA:771,74
DA:775,40
DA:776,40
DA:777,2
DA:781,2
DA:782,2
DA:783,2
DA:784,2
DA:785,2
DA:786,2
DA:787,2
DA:788,2
DA:789,2
DA:790,1
DA:792,1
DA:799,32
DA:800,32
DA:801,32
DA:802,32
DA:804,74
DA:806,114
DA:807,114
DA:808,103
DA:810,11
DA:812,114
DA:816,28
DA:817,28
DA:818,28
DA:819,28
DA:820,28
DA:821,28
DA:822,28
DA:823,28
DA:824,28
DA:825,28
DA:826,28
DA:827,28
DA:828,28
DA:829,28
DA:830,28
DA:831,28
DA:832,28
DA:833,28
DA:834,28
DA:835,28
DA:836,28
DA:837,28
DA:838,28
DA:839,28
DA:840,28
DA:841,28
DA:842,28
DA:843,28
DA:844,28
DA:845,28
DA:846,28
DA:847,28
DA:848,28
DA:849,28
DA:850,28
DA:854,77
DA:855,77
DA:856,2
DA:857,2
DA:858,2
DA:859,2
DA:860,2
DA:861,2
DA:862,2
DA:863,2
DA:864,2
DA:865,2
DA:866,2
DA:867,2
DA:868,2
DA:869,2
DA:870,2
DA:871,2
DA:872,2
DA:873,2
DA:874,2
DA:875,2
DA:876,2
DA:877,2
DA:878,2
DA:879,2
DA:880,2
DA:881,2
DA:882,2
DA:883,2
DA:884,2
DA:885,2
DA:886,2
DA:887,2
DA:888,2
DA:889,2
DA:890,9
DA:892,68
DA:895,72
DA:896,72
DA:897,72
DA:898,52
DA:899,36
DA:900,26
DA:901,4
DA:903,68
DA:911,1
DA:952,1
DA:993,1
DA:997,9
DA:1002,1
DA:1006,4
DA:1011,1
DA:1021,1
DA:1067,1
DA:1109,1
DA:1162,1
DA:1213,1
DA:1272,1
DA:1297,1
DA:1352,1
DA:1391,1
DA:1412,1
DA:1444,1
DA:1516,1
DA:1546,1
DA:1630,1
DA:1631,1
DA:1632,1
DA:1633,1
DA:1634,1
DA:1635,1
DA:1638,1
DA:1639,1
DA:1640,1
DA:1641,1
DA:1642,1
DA:1643,1
DA:1646,1
DA:1647,1
DA:1648,1
DA:1649,1
DA:1650,1
DA:1652,1
DA:1653,1
DA:1654,1
DA:1655,1
DA:1658,1
DA:1659,1
DA:1660,1
DA:1661,1
DA:1662,1
DA:1663,1
DA:1664,1
DA:1667,1
DA:1668,1
DA:1669,1
DA:1670,1
DA:1671,1
DA:1673,1
DA:1674,1
DA:1675,1
DA:1676,1
DA:1679,1
DA:1680,1
DA:1681,1
DA:1682,1
DA:1683,1
DA:1684,1
DA:1685,1
DA:1686,1
DA:1687,1
DA:1689,6
DA:1690,5
DA:1691,5
DA:1693,1
DA:1696,1
DA:1697,1
DA:1698,1
DA:1699,1
DA:1700,1
DA:1701,1
DA:1702,1
DA:1703,1
DA:1704,1
DA:1705,1
DA:1706,1
DA:1707,1
DA:1708,1
DA:1709,1
DA:1710,1
DA:1711,1
DA:1712,1
DA:1713,1
DA:1714,1
DA:1715,1
DA:1718,1
DA:1725,1
DA:1726,1
DA:1727,1
DA:1728,1
DA:1731,1
DA:1732,1
DA:1733,1
DA:1734,1
DA:1737,1
DA:1738,1
DA:1739,1
DA:1740,1
DA:1743,1
DA:1744,1
DA:1745,1
DA:1746,1
DA:1747,1
DA:1748,1
DA:1749,1
DA:1750,1
DA:1751,1
DA:1752,1
DA:1753,1
DA:1754,1
DA:1755,1
DA:1756,1
DA:1758,12
DA:1759,11
DA:1761,1
BRF:0
BRH:0
LF:680
LH:676
end_of_record
SF:/Users/dan/dev/callisto/callisto/src/tests.rs
FN:26,_RNvNtCscBGMVToPeRm_8callisto5tests22setup_test_with_server
FN:36,_RNvNtCscBGMVToPeRm_8callisto5testss_15test_simple_get
FN:36,_RNvNtNCNvNtCscBGMVToPeRm_8callisto5testss_15test_simple_get04init4init
FN:46,_RNvNtCscBGMVToPeRm_8callisto5testss_13test_add_ship
FN:46,_RNvNtNCNvNtCscBGMVToPeRm_8callisto5testss_13test_add_ship04init4init
FN:82,_RNvNtCscBGMVToPeRm_8callisto5testss_20test_add_planet_ship
FN:82,_RNvNtNCNvNtCscBGMVToPeRm_8callisto5testss_20test_add_planet_ship04init4init
FN:247,_RNvNtCscBGMVToPeRm_8callisto5testss_16test_update_ship
FN:247,_RNvNtNCNvNtCscBGMVToPeRm_8callisto5testss_16test_update_ship04init4init
FN:274,_RNvNtCscBGMVToPeRm_8callisto5testss_19test_update_missile
FN:274,_RNvNtNCNvNtCscBGMVToPeRm_8callisto5testss_19test_update_missile04init4init
FN:350,_RNvNtCscBGMVToPeRm_8callisto5testss_16test_remove_ship
FN:350,_RNvNtNCNvNtCscBGMVToPeRm_8callisto5testss_16test_remove_ship04init4init
FN:374,_RNvNtCscBGMVToPeRm_8callisto5testss_21test_set_acceleration
FN:374,_RNvNtNCNvNtCscBGMVToPeRm_8callisto5testss_21test_set_acceleration04init4init
FN:409,_RNvNtCscBGMVToPeRm_8callisto5testss_23test_compute_path_basic
FN:409,_RNvNtNCNvNtCscBGMVToPeRm_8callisto5testss_23test_compute_path_basic04init4init
FN:471,_RNvNtCscBGMVToPeRm_8callisto5testss_31test_compute_path_with_standoff
FN:471,_RNvNtNCNvNtCscBGMVToPeRm_8callisto5testss_31test_compute_path_with_standoff04init4init
FN:530,_RNvNtCscBGMVToPeRm_8callisto5testss_22test_exhausted_missile
FN:530,_RNvNtNCNvNtCscBGMVToPeRm_8callisto5testss_22test_exhausted_missile04init4init
FN:577,_RNvNtCscBGMVToPeRm_8callisto5testss_17test_destroy_ship
FN:577,_RNvNtNCNvNtCscBGMVToPeRm_8callisto5testss_17test_destroy_ship04init4init
FN:616,_RNvNtCscBGMVToPeRm_8callisto5testss_14test_big_fight
FN:616,_RNvNtNCNvNtCscBGMVToPeRm_8callisto5testss_14test_big_fight04init4init
FN:714,_RNvNtCscBGMVToPeRm_8callisto5testss_20test_fight_with_crew
FN:714,_RNvNtNCNvNtCscBGMVToPeRm_8callisto5testss_20test_fight_with_crew04init4init
FN:822,_RNvNtCscBGMVToPeRm_8callisto5testss_13test_slugfest
FN:822,_RNvNtNCNvNtCscBGMVToPeRm_8callisto5testss_13test_slugfest04init4init
FN:913,_RNvNtCscBGMVToPeRm_8callisto5testss_17test_get_entities
FN:913,_RNvNtNCNvNtCscBGMVToPeRm_8callisto5testss_17test_get_entities04init4init
FN:980,_RNvNtCscBGMVToPeRm_8callisto5testss_16test_get_designs
FN:980,_RNvNtNCNvNtCscBGMVToPeRm_8callisto5testss_16test_get_designs04init4init
FN:988,_RNvNtCscBGMVToPeRm_8callisto5testss_25test_missile_impact_close
FN:988,_RNvNtNCNvNtCscBGMVToPeRm_8callisto5testss_25test_missile_impact_close04init4init
FN:1076,_RNvNtCscBGMVToPeRm_8callisto5testss_16test_set_agility
FN:1076,_RNvNtNCNvNtCscBGMVToPeRm_8callisto5testss_16test_set_agility04init4init
FN:1119,_RNvNtCscBGMVToPeRm_8callisto5testss_32test_set_crew_actions_aid_gunner
FN:1119,_RNvNtNCNvNtCscBGMVToPeRm_8callisto5testss_32test_set_crew_actions_aid_gunner04init4init
FN:1183,_RNvNtCscBGMVToPeRm_8callisto5testss_18test_load_scenario
FN:26,_RNCNvNtCscBGMVToPeRm_8callisto5tests22setup_test_with_server0B5_
FN:301,_RNCNCNvNtCscBGMVToPeRm_8callisto5testss_19test_update_missile00B7_
FN:570,_RNCNCNvNtCscBGMVToPeRm_8callisto5testss_22test_exhausted_missile00B7_
FN:659,_RNCNCNvNtCscBGMVToPeRm_8callisto5testss_14test_big_fight00B7_
FN:668,_RNCNCNvNtCscBGMVToPeRm_8callisto5testss_14test_big_fight0s_0B7_
FN:677,_RNCNCNvNtCscBGMVToPeRm_8callisto5testss_14test_big_fight0s0_0B7_
FN:767,_RNCNCNvNtCscBGMVToPeRm_8callisto5testss_20test_fight_with_crew00B7_
FN:776,_RNCNCNvNtCscBGMVToPeRm_8callisto5testss_20test_fight_with_crew0s_0B7_
FN:785,_RNCNCNvNtCscBGMVToPeRm_8callisto5testss_20test_fight_with_crew0s0_0B7_
FN:1015,_RNCNCNvNtCscBGMVToPeRm_8callisto5testss_25test_missile_impact_close00B7_
FN:1024,_RNCNCNvNtCscBGMVToPeRm_8callisto5testss_25test_missile_impact_close0s_0B7_
FN:1053,_RNCNCNvNtCscBGMVToPeRm_8callisto5testss_25test_missile_impact_close0s0_0B7_
FN:1062,_RNCNCNvNtCscBGMVToPeRm_8callisto5testss_25test_missile_impact_close0s1_0B7_
FN:1183,_RNCNvNtCscBGMVToPeRm_8callisto5testss_18test_load_scenario0B5_
FNDA:20,_RNvNtCscBGMVToPeRm_8callisto5tests22setup_test_with_server
FNDA:1,_RNvNtCscBGMVToPeRm_8callisto5testss_15test_simple_get
FNDA:1,_RNvNtNCNvNtCscBGMVToPeRm_8callisto5testss_15test_simple_get04init4init
FNDA:1,_RNvNtCscBGMVToPeRm_8callisto5testss_13test_add_ship
FNDA:1,_RNvNtNCNvNtCscBGMVToPeRm_8callisto5testss_13test_add_ship04init4init
FNDA:1,_RNvNtCscBGMVToPeRm_8callisto5testss_20test_add_planet_ship
FNDA:1,_RNvNtNCNvNtCscBGMVToPeRm_8callisto5testss_20test_add_planet_ship04init4init
FNDA:1,_RNvNtCscBGMVToPeRm_8callisto5testss_16test_update_ship
FNDA:1,_RNvNtNCNvNtCscBGMVToPeRm_8callisto5testss_16test_update_ship04init4init
FNDA:1,_RNvNtCscBGMVToPeRm_8callisto5testss_19test_update_missile
FNDA:1,_RNvNtNCNvNtCscBGMVToPeRm_8callisto5testss_19test_update_missile04init4init
FNDA:1,_RNvNtCscBGMVToPeRm_8callisto5testss_16test_remove_ship
FNDA:1,_RNvNtNCNvNtCscBGMVToPeRm_8callisto5testss_16test_remove_ship04init4init
FNDA:1,_RNvNtCscBGMVToPeRm_8callisto5testss_21test_set_acceleration
FNDA:1,_RNvNtNCNvNtCscBGMVToPeRm_8callisto5testss_21test_set_acceleration04init4init
FNDA:1,_RNvNtCscBGMVToPeRm_8callisto5testss_23test_compute_path_basic
FNDA:1,_RNvNtNCNvNtCscBGMVToPeRm_8callisto5testss_23test_compute_path_basic04init4init
FNDA:1,_RNvNtCscBGMVToPeRm_8callisto5testss_31test_compute_path_with_standoff
FNDA:1,_RNvNtNCNvNtCscBGMVToPeRm_8callisto5testss_31test_compute_path_with_standoff04init4init
FNDA:1,_RNvNtCscBGMVToPeRm_8callisto5testss_22test_exhausted_missile
FNDA:1,_RNvNtNCNvNtCscBGMVToPeRm_8callisto5testss_22test_exhausted_missile04init4init
FNDA:1,_RNvNtCscBGMVToPeRm_8callisto5testss_17test_destroy_ship
FNDA:1,_RNvNtNCNvNtCscBGMVToPeRm_8callisto5testss_17test_destroy_ship04init4init
FNDA:1,_RNvNtCscBGMVToPeRm_8callisto5testss_14test_big_fight
FNDA:1,_RNvNtNCNvNtCscBGMVToPeRm_8callisto5testss_14test_big_fight04init4init
FNDA:1,_RNvNtCscBGMVToPeRm_8callisto5testss_20test_fight_with_crew
FNDA:1,_RNvNtNCNvNtCscBGMVToPeRm_8callisto5testss_20test_fight_with_crew04init4init
FNDA:1,_RNvNtCscBGMVToPeRm_8callisto5testss_13test_slugfest
FNDA:1,_RNvNtNCNvNtCscBGMVToPeRm_8callisto5testss_13test_slugfest04init4init
FNDA:1,_RNvNtCscBGMVToPeRm_8callisto5testss_17test_get_entities
FNDA:1,_RNvNtNCNvNtCscBGMVToPeRm_8callisto5testss_17test_get_entities04init4init
FNDA:1,_RNvNtCscBGMVToPeRm_8callisto5testss_16test_get_designs
FNDA:1,_RNvNtNCNvNtCscBGMVToPeRm_8callisto5testss_16test_get_designs04init4init
FNDA:1,_RNvNtCscBGMVToPeRm_8callisto5testss_25test_missile_impact_close
FNDA:1,_RNvNtNCNvNtCscBGMVToPeRm_8callisto5testss_25test_missile_impact_close04init4init
FNDA:1,_RNvNtCscBGMVToPeRm_8callisto5testss_16test_set_agility
FNDA:1,_RNvNtNCNvNtCscBGMVToPeRm_8callisto5testss_16test_set_agility04init4init
FNDA:1,_RNvNtCscBGMVToPeRm_8callisto5testss_32test_set_crew_actions_aid_gunner
FNDA:1,_RNvNtNCNvNtCscBGMVToPeRm_8callisto5testss_32test_set_crew_actions_aid_gunner04init4init
FNDA:1,_RNvNtCscBGMVToPeRm_8callisto5testss_18test_load_scenario
FNDA:20,_RNCNvNtCscBGMVToPeRm_8callisto5tests22setup_test_with_server0B5_
FNDA:5,_RNCNCNvNtCscBGMVToPeRm_8callisto5testss_19test_update_missile00B7_
FNDA:3,_RNCNCNvNtCscBGMVToPeRm_8callisto5testss_22test_exhausted_missile00B7_
FNDA:22,_RNCNCNvNtCscBGMVToPeRm_8callisto5testss_14test_big_fight00B7_
FNDA:6,_RNCNCNvNtCscBGMVToPeRm_8callisto5testss_14test_big_fight0s_0B7_
FNDA:7,_RNCNCNvNtCscBGMVToPeRm_8callisto5testss_14test_big_fight0s0_0B7_
FNDA:21,_RNCNCNvNtCscBGMVToPeRm_8callisto5testss_20test_fight_with_crew00B7_
FNDA:4,_RNCNCNvNtCscBGMVToPeRm_8callisto5testss_20test_fight_with_crew0s_0B7_
FNDA:5,_RNCNCNvNtCscBGMVToPeRm_8callisto5testss_20test_fight_with_crew0s0_0B7_
FNDA:5,_RNCNCNvNtCscBGMVToPeRm_8callisto5testss_25test_missile_impact_close00B7_
FNDA:5,_RNCNCNvNtCscBGMVToPeRm_8callisto5testss_25test_missile_impact_close0s_0B7_
FNDA:5,_RNCNCNvNtCscBGMVToPeRm_8callisto5testss_25test_missile_impact_close0s0_0B7_
FNDA:5,_RNCNCNvNtCscBGMVToPeRm_8callisto5testss_25test_missile_impact_close0s1_0B7_
FNDA:1,_RNCNvNtCscBGMVToPeRm_8callisto5testss_18test_load_scenario0B5_
FNF:35
FNH:35
DA:26,20
DA:27,20
DA:28,20
DA:30,20
DA:31,20
DA:36,2
DA:46,2
DA:82,2
DA:247,2
DA:274,2
DA:301,5
DA:350,2
DA:374,2
DA:409,2
DA:471,2
DA:530,2
DA:570,3
DA:577,2
DA:616,2
DA:659,22
DA:660,22
DA:661,15
DA:663,7
DA:665,22
DA:668,6
DA:669,6
DA:670,6
DA:671,6
DA:672,6
DA:677,7
DA:714,2
DA:767,21
DA:768,21
DA:769,16
DA:771,5
DA:773,21
DA:776,4
DA:777,4
DA:778,4
DA:779,4
DA:780,4
DA:785,5
DA:822,2
DA:913,2
DA:980,2
DA:988,2
DA:1015,5
DA:1024,5
DA:1053,5
DA:1062,5
DA:1076,2
DA:1119,2
DA:1183,1
DA:1184,1
DA:1185,1
DA:1186,1
DA:1187,1
DA:1188,1
DA:1189,1
DA:1190,1
DA:1191,1
DA:1192,1
DA:1193,1
DA:1194,1
DA:1195,1
DA:1196,1
DA:1197,1
DA:1198,1
DA:1199,1
DA:1200,1
DA:1201,1
DA:1202,1
DA:1203,1
DA:1204,1
DA:1205,1
DA:1206,1
DA:1207,1
DA:1208,1
DA:1209,1
DA:1210,1
DA:1211,1
DA:1212,1
DA:1213,1
DA:1214,1
DA:1215,1
DA:1216,1
DA:1217,1
DA:1218,1
DA:1219,1
DA:1220,1
DA:1221,1
DA:1222,1
DA:1223,1
DA:1224,1
DA:1225,1
DA:1226,1
DA:1227,1
DA:1228,1
DA:1229,1
DA:1230,1
DA:1231,1
DA:1232,1
DA:1233,1
DA:1234,1
DA:1235,1
DA:1236,1
DA:1237,1
DA:1238,1
DA:1239,1
DA:1240,1
DA:1241,1
DA:1242,1
DA:1243,1
DA:1244,1
DA:1245,1
DA:1246,1
DA:1247,1
DA:1248,1
BRF:0
BRH:0
LF:161
LH:161
end_of_record