SF:/Users/dan/dev/callisto/callisto/src/authentication.rs
FN:384,_RINvXNvXNvNtCslhfdDc0yCcO_8callisto14authentications3_1__NtB8_19GoogleTokenResponseNtNtCs8pDKiTx8cJZ_5serde2de11Deserialize11deserializeNtB3_14___FieldVisitorNtB1l_7Visitor9visit_strNtNtCskKh7HUD1hBV_10serde_json5error5ErrorECs8XtiJWrXG9U_8callisto
FN:394,_RINvXNvXNvNtCslhfdDc0yCcO_8callisto14authentications4_1__NtB8_16GooglePublicKeysNtNtCs8pDKiTx8cJZ_5serde2de11Deserialize11deserializeNtB3_14___FieldVisitorNtB1i_7Visitor9visit_strNtNtCskKh7HUD1hBV_10serde_json5error5ErrorECs8XtiJWrXG9U_8callisto
FN:399,_RINvXNvXNvNtCslhfdDc0yCcO_8callisto14authentications5_1__NtB8_15GooglePublicKeyNtNtCs8pDKiTx8cJZ_5serde2de11Deserialize11deserializeNtB3_14___FieldVisitorNtB1h_7Visitor9visit_strNtNtCskKh7HUD1hBV_10serde_json5error5ErrorECs8XtiJWrXG9U_8callisto
FN:363,_RINvXNvXNvNtCslhfdDc0yCcO_8callisto14authentications_1__NtB8_12GoogleClaimsNtNtCs8pDKiTx8cJZ_5serde2de11Deserialize11deserializeNtB3_14___FieldVisitorNtB1d_7Visitor9visit_strNtNtCskKh7HUD1hBV_10serde_json5error5ErrorECs8XtiJWrXG9U_8callisto
FN:384,_RINvXs0_NvXNvNtCslhfdDc0yCcO_8callisto14authentications3_1__NtBb_19GoogleTokenResponseNtNtCs8pDKiTx8cJZ_5serde2de11Deserialize11deserializeNtB6_9___VisitorNtB1o_7Visitor9visit_mapINtNtCskKh7HUD1hBV_10serde_json2de9MapAccessNtNtB2W_4read7StrReadEECs8XtiJWrXG9U_8callisto
FN:384,_RINvXs0_NvXNvNtCslhfdDc0yCcO_8callisto14authentications3_1__NtBb_19GoogleTokenResponseNtNtCs8pDKiTx8cJZ_5serde2de11Deserialize11deserializeNtB6_9___VisitorNtB1o_7Visitor9visit_seqINtNtCskKh7HUD1hBV_10serde_json2de9SeqAccessNtNtB2W_4read7StrReadEECs8XtiJWrXG9U_8callisto
FN:394,_RINvXs0_NvXNvNtCslhfdDc0yCcO_8callisto14authentications4_1__NtBb_16GooglePublicKeysNtNtCs8pDKiTx8cJZ_5serde2de11Deserialize11deserializeNtB6_9___VisitorNtB1l_7Visitor9visit_mapINtNtCskKh7HUD1hBV_10serde_json2de9MapAccessNtNtB2T_4read7StrReadEECs8XtiJWrXG9U_8callisto
FN:394,_RINvXs0_NvXNvNtCslhfdDc0yCcO_8callisto14authentications4_1__NtBb_16GooglePublicKeysNtNtCs8pDKiTx8cJZ_5serde2de11Deserialize11deserializeNtB6_9___VisitorNtB1l_7Visitor9visit_seqINtNtCskKh7HUD1hBV_10serde_json2de9SeqAccessNtNtB2T_4read7StrReadEECs8XtiJWrXG9U_8callisto
FN:399,_RINvXs0_NvXNvNtCslhfdDc0yCcO_8callisto14authentications5_1__NtBb_15GooglePublicKeyNtNtCs8pDKiTx8cJZ_5serde2de11Deserialize11deserializeNtB6_9___VisitorNtB1k_7Visitor9visit_mapINtNtCskKh7HUD1hBV_10serde_json2de9MapAccessNtNtB2S_4read7StrReadEECs8XtiJWrXG9U_8callisto
FN:399,_RINvXs0_NvXNvNtCslhfdDc0yCcO_8callisto14authentications5_1__NtBb_15GooglePublicKeyNtNtCs8pDKiTx8cJZ_5serde2de11Deserialize11deserializeNtB6_9___VisitorNtB1k_7Visitor9visit_seqINtNtCskKh7HUD1hBV_10serde_json2de9SeqAccessNtNtB2S_4read7StrReadEECs8XtiJWrXG9U_8callisto
FN:363,_RINvXs0_NvXNvNtCslhfdDc0yCcO_8callisto14authentications_1__NtBb_12GoogleClaimsNtNtCs8pDKiTx8cJZ_5serde2de11Deserialize11deserializeNtB6_9___VisitorNtB1g_7Visitor9visit_mapINtNtCskKh7HUD1hBV_10serde_json2de9MapAccessNtNtB2O_4read9SliceReadEECs8XtiJWrXG9U_8callisto
FN:363,_RINvXs0_NvXNvNtCslhfdDc0yCcO_8callisto14authentications_1__NtBb_12GoogleClaimsNtNtCs8pDKiTx8cJZ_5serde2de11Deserialize11deserializeNtB6_9___VisitorNtB1g_7Visitor9visit_seqINtNtCskKh7HUD1hBV_10serde_json2de9SeqAccessNtNtB2O_4read9SliceReadEECs8XtiJWrXG9U_8callisto
FN:384,_RINvXs_NvXNvNtCslhfdDc0yCcO_8callisto14authentications3_1__NtBa_19GoogleTokenResponseNtNtCs8pDKiTx8cJZ_5serde2de11Deserialize11deserializeNtB5_7___FieldB1l_11deserializeINtNtCskKh7HUD1hBV_10serde_json2de6MapKeyNtNtB2M_4read7StrReadEECs8XtiJWrXG9U_8callisto
FN:394,_RINvXs_NvXNvNtCslhfdDc0yCcO_8callisto14authentications4_1__NtBa_16GooglePublicKeysNtNtCs8pDKiTx8cJZ_5serde2de11Deserialize11deserializeNtB5_7___FieldB1i_11deserializeINtNtCskKh7HUD1hBV_10serde_json2de6MapKeyNtNtB2J_4read7StrReadEECs8XtiJWrXG9U_8callisto
FN:399,_RINvXs_NvXNvNtCslhfdDc0yCcO_8callisto14authentications5_1__NtBa_15GooglePublicKeyNtNtCs8pDKiTx8cJZ_5serde2de11Deserialize11deserializeNtB5_7___FieldB1h_11deserializeINtNtCskKh7HUD1hBV_10serde_json2de6MapKeyNtNtB2I_4read7StrReadEECs8XtiJWrXG9U_8callisto
FN:363,_RINvXs_NvXNvNtCslhfdDc0yCcO_8callisto14authentications_1__NtBa_12GoogleClaimsNtNtCs8pDKiTx8cJZ_5serde2de11Deserialize11deserializeNtB5_7___FieldB1d_11deserializeINtNtCskKh7HUD1hBV_10serde_json2de6MapKeyNtNtB2E_4read9SliceReadEECs8XtiJWrXG9U_8callisto
FN:96,_RNCNCNvMNtCslhfdDc0yCcO_8callisto14authenticationNtB6_13Authenticator24authenticate_google_user00Cs8XtiJWrXG9U_8callisto
FN:119,_RNCNCNvMNtCslhfdDc0yCcO_8callisto14authenticationNtB6_13Authenticator24authenticate_google_user0s0_0Cs8XtiJWrXG9U_8callisto
FN:125,_RNCNCNvMNtCslhfdDc0yCcO_8callisto14authenticationNtB6_13Authenticator24authenticate_google_user0s1_0Cs8XtiJWrXG9U_8callisto
FN:136,_RNCNCNvMNtCslhfdDc0yCcO_8callisto14authenticationNtB6_13Authenticator24authenticate_google_user0s2_0Cs8XtiJWrXG9U_8callisto
FN:109,_RNCNCNvMNtCslhfdDc0yCcO_8callisto14authenticationNtB6_13Authenticator24authenticate_google_user0s_0Cs8XtiJWrXG9U_8callisto
FN:258,_RNCNCNvMNtCslhfdDc0yCcO_8callisto14authenticationNtB6_13Authenticator24fetch_google_public_keys00Cs8XtiJWrXG9U_8callisto
FN:36,_RNCNCNvMNtCslhfdDc0yCcO_8callisto14authenticationNtB6_13Authenticator3new00Cs8XtiJWrXG9U_8callisto
FN:292,_RNCNCNvNtCslhfdDc0yCcO_8callisto14authentication31load_authorized_users_from_file00Cs8XtiJWrXG9U_8callisto
FN:320,_RNCNCNvNtCslhfdDc0yCcO_8callisto14authentication31load_authorized_users_from_file0s0_0Cs8XtiJWrXG9U_8callisto
FN:311,_RNCNCNvNtCslhfdDc0yCcO_8callisto14authentication31load_authorized_users_from_file0s_0Cs8XtiJWrXG9U_8callisto
FN:202,_RNCNvMNtCslhfdDc0yCcO_8callisto14authenticationNtB4_13Authenticator19check_authorization0Cs8XtiJWrXG9U_8callisto
FN:61,_RNCNvMNtCslhfdDc0yCcO_8callisto14authenticationNtB4_13Authenticator24authenticate_google_user0Cs8XtiJWrXG9U_8callisto
FN:241,_RNCNvMNtCslhfdDc0yCcO_8callisto14authenticationNtB4_13Authenticator24fetch_google_public_keys0Cs8XtiJWrXG9U_8callisto
FN:35,_RNCNvMNtCslhfdDc0yCcO_8callisto14authenticationNtB4_13Authenticator3new0Cs8XtiJWrXG9U_8callisto
FN:290,_RNCNvNtCslhfdDc0yCcO_8callisto14authentication31load_authorized_users_from_file0Cs8XtiJWrXG9U_8callisto
FN:35,_RNCNvMNtCslhfdDc0yCcO_8callisto14authenticationNtB4_13Authenticator3new0B6_
FN:36,_RNCNCNvMNtCslhfdDc0yCcO_8callisto14authenticationNtB6_13Authenticator3new00B8_
FN:61,_RNCNvMNtCslhfdDc0yCcO_8callisto14authenticationNtB4_13Authenticator24authenticate_google_user0B6_
FN:96,_RNCNCNvMNtCslhfdDc0yCcO_8callisto14authenticationNtB6_13Authenticator24authenticate_google_user00B8_
FN:109,_RNCNCNvMNtCslhfdDc0yCcO_8callisto14authenticationNtB6_13Authenticator24authenticate_google_user0s_0B8_
FN:119,_RNCNCNvMNtCslhfdDc0yCcO_8callisto14authenticationNtB6_13Authenticator24authenticate_google_user0s0_0B8_
FN:125,_RNCNCNvMNtCslhfdDc0yCcO_8callisto14authenticationNtB6_13Authenticator24authenticate_google_user0s1_0B8_
FN:136,_RNCNCNvMNtCslhfdDc0yCcO_8callisto14authenticationNtB6_13Authenticator24authenticate_google_user0s2_0B8_
FN:202,_RNCNvMNtCslhfdDc0yCcO_8callisto14authenticationNtB4_13Authenticator19check_authorization0B6_
FN:241,_RNCNvMNtCslhfdDc0yCcO_8callisto14authenticationNtB4_13Authenticator24fetch_google_public_keys0B6_
FN:258,_RNCNCNvMNtCslhfdDc0yCcO_8callisto14authenticationNtB6_13Authenticator24fetch_google_public_keys00B8_
FN:290,_RNCNvNtCslhfdDc0yCcO_8callisto14authentication31load_authorized_users_from_file0B5_
FN:292,_RNCNCNvNtCslhfdDc0yCcO_8callisto14authentication31load_authorized_users_from_file00B7_
FN:311,_RNCNCNvNtCslhfdDc0yCcO_8callisto14authentication31load_authorized_users_from_file0s_0B7_
FN:320,_RNCNCNvNtCslhfdDc0yCcO_8callisto14authentication31load_authorized_users_from_file0s0_0B7_
FN:363,_RINvXNvXNvNtCslhfdDc0yCcO_8callisto14authentications_1__NtB8_12GoogleClaimsNtNtCs8pDKiTx8cJZ_5serde2de11Deserialize11deserializeNtB3_14___FieldVisitorNtB1d_7Visitor9visit_u64pEBa_
FN:363,_RINvXNvXNvNtCslhfdDc0yCcO_8callisto14authentications_1__NtB8_12GoogleClaimsNtNtCs8pDKiTx8cJZ_5serde2de11Deserialize11deserializeNtB3_14___FieldVisitorNtB1d_7Visitor9visit_strpEBa_
FN:363,_RINvXNvXNvNtCslhfdDc0yCcO_8callisto14authentications_1__NtB8_12GoogleClaimsNtNtCs8pDKiTx8cJZ_5serde2de11Deserialize11deserializeNtB3_14___FieldVisitorNtB1d_7Visitor11visit_bytespEBa_
FN:363,_RINvXs_NvXNvNtCslhfdDc0yCcO_8callisto14authentications_1__NtBa_12GoogleClaimsNtNtCs8pDKiTx8cJZ_5serde2de11Deserialize11deserializeNtB5_7___FieldB1d_11deserializepEBc_
FN:363,_RINvXs0_NvXNvNtCslhfdDc0yCcO_8callisto14authentications_1__NtBb_12GoogleClaimsNtNtCs8pDKiTx8cJZ_5serde2de11Deserialize11deserializeNtB6_9___VisitorNtB1g_7Visitor9visit_seqpEBd_
FN:363,_RINvXs0_NvXNvNtCslhfdDc0yCcO_8callisto14authentications_1__NtBb_12GoogleClaimsNtNtCs8pDKiTx8cJZ_5serde2de11Deserialize11deserializeNtB6_9___VisitorNtB1g_7Visitor9visit_mappEBd_
FN:375,_RINvXNvXNvNtCslhfdDc0yCcO_8callisto14authentications1_1__NtB8_18GoogleTokenRequestNtNtCs8pDKiTx8cJZ_5serde2de11Deserialize11deserializeNtB3_14___FieldVisitorNtB1k_7Visitor9visit_u64pEBa_
FN:375,_RINvXNvXNvNtCslhfdDc0yCcO_8callisto14authentications1_1__NtB8_18GoogleTokenRequestNtNtCs8pDKiTx8cJZ_5serde2de11Deserialize11deserializeNtB3_14___FieldVisitorNtB1k_7Visitor9visit_strpEBa_
FN:375,_RINvXNvXNvNtCslhfdDc0yCcO_8callisto14authentications1_1__NtB8_18GoogleTokenRequestNtNtCs8pDKiTx8cJZ_5serde2de11Deserialize11deserializeNtB3_14___FieldVisitorNtB1k_7Visitor11visit_bytespEBa_
FN:375,_RINvXs_NvXNvNtCslhfdDc0yCcO_8callisto14authentications1_1__NtBa_18GoogleTokenRequestNtNtCs8pDKiTx8cJZ_5serde2de11Deserialize11deserializeNtB5_7___FieldB1k_11deserializepEBc_
FN:375,_RINvXs0_NvXNvNtCslhfdDc0yCcO_8callisto14authentications1_1__NtBb_18GoogleTokenRequestNtNtCs8pDKiTx8cJZ_5serde2de11Deserialize11deserializeNtB6_9___VisitorNtB1n_7Visitor9visit_seqpEBd_
FN:375,_RINvXs0_NvXNvNtCslhfdDc0yCcO_8callisto14authentications1_1__NtBb_18GoogleTokenRequestNtNtCs8pDKiTx8cJZ_5serde2de11Deserialize11deserializeNtB6_9___VisitorNtB1n_7Visitor9visit_mappEBd_
FN:384,_RINvXNvXNvNtCslhfdDc0yCcO_8callisto14authentications3_1__NtB8_19GoogleTokenResponseNtNtCs8pDKiTx8cJZ_5serde2de11Deserialize11deserializeNtB3_14___FieldVisitorNtB1l_7Visitor9visit_u64pEBa_
FN:384,_RINvXNvXNvNtCslhfdDc0yCcO_8callisto14authentications3_1__NtB8_19GoogleTokenResponseNtNtCs8pDKiTx8cJZ_5serde2de11Deserialize11deserializeNtB3_14___FieldVisitorNtB1l_7Visitor9visit_strpEBa_
FN:384,_RINvXNvXNvNtCslhfdDc0yCcO_8callisto14authentications3_1__NtB8_19GoogleTokenResponseNtNtCs8pDKiTx8cJZ_5serde2de11Deserialize11deserializeNtB3_14___FieldVisitorNtB1l_7Visitor11visit_bytespEBa_
FN:384,_RINvXs_NvXNvNtCslhfdDc0yCcO_8callisto14authentications3_1__NtBa_19GoogleTokenResponseNtNtCs8pDKiTx8cJZ_5serde2de11Deserialize11deserializeNtB5_7___FieldB1l_11deserializepEBc_
FN:384,_RINvXs0_NvXNvNtCslhfdDc0yCcO_8callisto14authentications3_1__NtBb_19GoogleTokenResponseNtNtCs8pDKiTx8cJZ_5serde2de11Deserialize11deserializeNtB6_9___VisitorNtB1o_7Visitor9visit_seqpEBd_
FN:384,_RINvXs0_NvXNvNtCslhfdDc0yCcO_8callisto14authentications3_1__NtBb_19GoogleTokenResponseNtNtCs8pDKiTx8cJZ_5serde2de11Deserialize11deserializeNtB6_9___VisitorNtB1o_7Visitor9visit_mappEBd_
FN:394,_RINvXNvXNvNtCslhfdDc0yCcO_8callisto14authentications4_1__NtB8_16GooglePublicKeysNtNtCs8pDKiTx8cJZ_5serde2de11Deserialize11deserializeNtB3_14___FieldVisitorNtB1i_7Visitor9visit_u64pEBa_
FN:394,_RINvXNvXNvNtCslhfdDc0yCcO_8callisto14authentications4_1__NtB8_16GooglePublicKeysNtNtCs8pDKiTx8cJZ_5serde2de11Deserialize11deserializeNtB3_14___FieldVisitorNtB1i_7Visitor9visit_strpEBa_
FN:394,_RINvXNvXNvNtCslhfdDc0yCcO_8callisto14authentications4_1__NtB8_16GooglePublicKeysNtNtCs8pDKiTx8cJZ_5serde2de11Deserialize11deserializeNtB3_14___FieldVisitorNtB1i_7Visitor11visit_bytespEBa_
FN:394,_RINvXs_NvXNvNtCslhfdDc0yCcO_8callisto14authentications4_1__NtBa_16GooglePublicKeysNtNtCs8pDKiTx8cJZ_5serde2de11Deserialize11deserializeNtB5_7___FieldB1i_11deserializepEBc_
FN:394,_RINvXs0_NvXNvNtCslhfdDc0yCcO_8callisto14authentications4_1__NtBb_16GooglePublicKeysNtNtCs8pDKiTx8cJZ_5serde2de11Deserialize11deserializeNtB6_9___VisitorNtB1l_7Visitor9visit_seqpEBd_
FN:394,_RINvXs0_NvXNvNtCslhfdDc0yCcO_8callisto14authentications4_1__NtBb_16GooglePublicKeysNtNtCs8pDKiTx8cJZ_5serde2de11Deserialize11deserializeNtB6_9___VisitorNtB1l_7Visitor9visit_mappEBd_
FN:399,_RINvXNvXNvNtCslhfdDc0yCcO_8callisto14authentications5_1__NtB8_15GooglePublicKeyNtNtCs8pDKiTx8cJZ_5serde2de11Deserialize11deserializeNtB3_14___FieldVisitorNtB1h_7Visitor9visit_u64pEBa_
FN:399,_RINvXNvXNvNtCslhfdDc0yCcO_8callisto14authentications5_1__NtB8_15GooglePublicKeyNtNtCs8pDKiTx8cJZ_5serde2de11Deserialize11deserializeNtB3_14___FieldVisitorNtB1h_7Visitor9visit_strpEBa_
FN:399,_RINvXNvXNvNtCslhfdDc0yCcO_8callisto14authentications5_1__NtB8_15GooglePublicKeyNtNtCs8pDKiTx8cJZ_5serde2de11Deserialize11deserializeNtB3_14___FieldVisitorNtB1h_7Visitor11visit_bytespEBa_
FN:399,_RINvXs_NvXNvNtCslhfdDc0yCcO_8callisto14authentications5_1__NtBa_15GooglePublicKeyNtNtCs8pDKiTx8cJZ_5serde2de11Deserialize11deserializeNtB5_7___FieldB1h_11deserializepEBc_
FN:399,_RINvXs0_NvXNvNtCslhfdDc0yCcO_8callisto14authentications5_1__NtBb_15GooglePublicKeyNtNtCs8pDKiTx8cJZ_5serde2de11Deserialize11deserializeNtB6_9___VisitorNtB1k_7Visitor9visit_seqpEBd_
FN:399,_RINvXs0_NvXNvNtCslhfdDc0yCcO_8callisto14authentications5_1__NtBb_15GooglePublicKeyNtNtCs8pDKiTx8cJZ_5serde2de11Deserialize11deserializeNtB6_9___VisitorNtB1k_7Visitor9visit_mappEBd_
FN:407,_RINvXNvXNvNtCslhfdDc0yCcO_8callisto14authentications6_1__NtB8_17GoogleCredentialsNtNtCs8pDKiTx8cJZ_5serde2de11Deserialize11deserializeNtB3_14___FieldVisitorNtB1j_7Visitor9visit_u64pEBa_
FN:407,_RINvXNvXNvNtCslhfdDc0yCcO_8callisto14authentications6_1__NtB8_17GoogleCredentialsNtNtCs8pDKiTx8cJZ_5serde2de11Deserialize11deserializeNtB3_14___FieldVisitorNtB1j_7Visitor11visit_bytespEBa_
FN:418,_RINvXNvXNvNtCslhfdDc0yCcO_8callisto14authentications7_1__NtB8_15GoogleCredsJsonNtNtCs8pDKiTx8cJZ_5serde2de11Deserialize11deserializeNtB3_14___FieldVisitorNtB1h_7Visitor9visit_u64pEBa_
FN:418,_RINvXNvXNvNtCslhfdDc0yCcO_8callisto14authentications7_1__NtB8_15GoogleCredsJsonNtNtCs8pDKiTx8cJZ_5serde2de11Deserialize11deserializeNtB3_14___FieldVisitorNtB1h_7Visitor11visit_bytespEBa_
FN:270,_RNCNvNtCslhfdDc0yCcO_8callisto14authentication33load_google_credentials_from_file0B5_
FN:277,_RNCNvNtCslhfdDc0yCcO_8callisto14authentication33load_google_credentials_from_files_0B5_
FN:407,_RINvXNvXNvNtCslhfdDc0yCcO_8callisto14authentications6_1__NtB8_17GoogleCredentialsNtNtCs8pDKiTx8cJZ_5serde2de11Deserialize11deserializeNtB3_14___FieldVisitorNtB1j_7Visitor9visit_strNtNtCskKh7HUD1hBV_10serde_json5error5ErrorEBa_
FN:407,_RINvXs_NvXNvNtCslhfdDc0yCcO_8callisto14authentications6_1__NtBa_17GoogleCredentialsNtNtCs8pDKiTx8cJZ_5serde2de11Deserialize11deserializeNtB5_7___FieldB1j_11deserializeINtNtCskKh7HUD1hBV_10serde_json2de6MapKeyINtNtB2K_4read6IoReadINtNtNtNtCs27l1GJC5rMQ_3std2io8buffered9bufreader9BufReaderNtNtB3O_2fs4FileEEEEBc_
FN:407,_RINvXs0_NvXNvNtCslhfdDc0yCcO_8callisto14authentications6_1__NtBb_17GoogleCredentialsNtNtCs8pDKiTx8cJZ_5serde2de11Deserialize11deserializeNtB6_9___VisitorNtB1m_7Visitor9visit_seqINtNtCskKh7HUD1hBV_10serde_json2de9SeqAccessINtNtB2U_4read6IoReadINtNtNtNtCs27l1GJC5rMQ_3std2io8buffered9bufreader9BufReaderNtNtB41_2fs4FileEEEEBd_
FN:407,_RINvXs0_NvXNvNtCslhfdDc0yCcO_8callisto14authentications6_1__NtBb_17GoogleCredentialsNtNtCs8pDKiTx8cJZ_5serde2de11Deserialize11deserializeNtB6_9___VisitorNtB1m_7Visitor9visit_mapINtNtCskKh7HUD1hBV_10serde_json2de9MapAccessINtNtB2U_4read6IoReadINtNtNtNtCs27l1GJC5rMQ_3std2io8buffered9bufreader9BufReaderNtNtB41_2fs4FileEEEEBd_
FN:418,_RINvXNvXNvNtCslhfdDc0yCcO_8callisto14authentications7_1__NtB8_15GoogleCredsJsonNtNtCs8pDKiTx8cJZ_5serde2de11Deserialize11deserializeNtB3_14___FieldVisitorNtB1h_7Visitor9visit_strNtNtCskKh7HUD1hBV_10serde_json5error5ErrorEBa_
FN:418,_RINvXs_NvXNvNtCslhfdDc0yCcO_8callisto14authentications7_1__NtBa_15GoogleCredsJsonNtNtCs8pDKiTx8cJZ_5serde2de11Deserialize11deserializeNtB5_7___FieldB1h_11deserializeINtNtCskKh7HUD1hBV_10serde_json2de6MapKeyINtNtB2I_4read6IoReadINtNtNtNtCs27l1GJC5rMQ_3std2io8buffered9bufreader9BufReaderNtNtB3M_2fs4FileEEEEBc_
FN:418,_RINvXs0_NvXNvNtCslhfdDc0yCcO_8callisto14authentications7_1__NtBb_15GoogleCredsJsonNtNtCs8pDKiTx8cJZ_5serde2de11Deserialize11deserializeNtB6_9___VisitorNtB1k_7Visitor9visit_seqINtNtCskKh7HUD1hBV_10serde_json2de9SeqAccessINtNtB2S_4read6IoReadINtNtNtNtCs27l1GJC5rMQ_3std2io8buffered9bufreader9BufReaderNtNtB3Z_2fs4FileEEEEBd_
FN:418,_RINvXs0_NvXNvNtCslhfdDc0yCcO_8callisto14authentications7_1__NtBb_15GoogleCredsJsonNtNtCs8pDKiTx8cJZ_5serde2de11Deserialize11deserializeNtB6_9___VisitorNtB1k_7Visitor9visit_mapINtNtCskKh7HUD1hBV_10serde_json2de9MapAccessINtNtB2S_4read6IoReadINtNtNtNtCs27l1GJC5rMQ_3std2io8buffered9bufreader9BufReaderNtNtB3Z_2fs4FileEEEEBd_
FN:35,_RNvMNtCslhfdDc0yCcO_8callisto14authenticationNtB2_13Authenticator3new
FN:58,_RNvMNtCslhfdDc0yCcO_8callisto14authenticationNtB2_13Authenticator24authenticate_google_user
FN:191,_RNvMNtCslhfdDc0yCcO_8callisto14authenticationNtB2_13Authenticator20validate_session_key
FN:199,_RNvMNtCslhfdDc0yCcO_8callisto14authenticationNtB2_13Authenticator19check_authorization
FN:241,_RNvMNtCslhfdDc0yCcO_8callisto14authenticationNtB2_13Authenticator24fetch_google_public_keys
FN:269,_RNvNtCslhfdDc0yCcO_8callisto14authentication33load_google_credentials_from_file
FN:287,_RNvNtCslhfdDc0yCcO_8callisto14authentication31load_authorized_users_from_file
FN:346,_RNvXs0_NtCslhfdDc0yCcO_8callisto14authenticationNtB5_17TokenTimeoutErrorNtNtCs9f3LFPSIp77_4core3fmt7Display3fmt
FN:355,_RNvXs1_NtCslhfdDc0yCcO_8callisto14authenticationNtB5_15InvalidKeyErrorNtNtCs9f3LFPSIp77_4core3fmt7Display3fmt
FN:363,_RNvXNvXNvNtCslhfdDc0yCcO_8callisto14authentications_1__NtB7_12GoogleClaimsNtNtCs8pDKiTx8cJZ_5serde2de11Deserialize11deserializeNtB2_14___FieldVisitorNtB1c_7Visitor9expecting
FN:363,_RNvXs0_NvXNvNtCslhfdDc0yCcO_8callisto14authentications_1__NtBa_12GoogleClaimsNtNtCs8pDKiTx8cJZ_5serde2de11Deserialize11deserializeNtB5_9___VisitorNtB1f_7Visitor9expecting
FN:375,_RNvXNvXNvNtCslhfdDc0yCcO_8callisto14authentications1_1__NtB7_18GoogleTokenRequestNtNtCs8pDKiTx8cJZ_5serde2de11Deserialize11deserializeNtB2_14___FieldVisitorNtB1j_7Visitor9expecting
FN:375,_RNvXs0_NvXNvNtCslhfdDc0yCcO_8callisto14authentications1_1__NtBa_18GoogleTokenRequestNtNtCs8pDKiTx8cJZ_5serde2de11Deserialize11deserializeNtB5_9___VisitorNtB1m_7Visitor9expecting
FN:384,_RNvXNvXNvNtCslhfdDc0yCcO_8callisto14authentications3_1__NtB7_19GoogleTokenResponseNtNtCs8pDKiTx8cJZ_5serde2de11Deserialize11deserializeNtB2_14___FieldVisitorNtB1k_7Visitor9expecting
FN:384,_RNvXs0_NvXNvNtCslhfdDc0yCcO_8callisto14authentications3_1__NtBa_19GoogleTokenResponseNtNtCs8pDKiTx8cJZ_5serde2de11Deserialize11deserializeNtB5_9___VisitorNtB1n_7Visitor9expecting
FN:394,_RNvXNvXNvNtCslhfdDc0yCcO_8callisto14authentications4_1__NtB7_16GooglePublicKeysNtNtCs8pDKiTx8cJZ_5serde2de11Deserialize11deserializeNtB2_14___FieldVisitorNtB1h_7Visitor9expecting
FN:394,_RNvXs0_NvXNvNtCslhfdDc0yCcO_8callisto14authentications4_1__NtBa_16GooglePublicKeysNtNtCs8pDKiTx8cJZ_5serde2de11Deserialize11deserializeNtB5_9___VisitorNtB1k_7Visitor9expecting
FN:399,_RNvXNvXNvNtCslhfdDc0yCcO_8callisto14authentications5_1__NtB7_15GooglePublicKeyNtNtCs8pDKiTx8cJZ_5serde2de11Deserialize11deserializeNtB2_14___FieldVisitorNtB1g_7Visitor9expecting
FN:399,_RNvXs0_NvXNvNtCslhfdDc0yCcO_8callisto14authentications5_1__NtBa_15GooglePublicKeyNtNtCs8pDKiTx8cJZ_5serde2de11Deserialize11deserializeNtB5_9___VisitorNtB1j_7Visitor9expecting
FN:407,_RNvXNvXNvNtCslhfdDc0yCcO_8callisto14authentications6_1__NtB7_17GoogleCredentialsNtNtCs8pDKiTx8cJZ_5serde2de11Deserialize11deserializeNtB2_14___FieldVisitorNtB1i_7Visitor9expecting
FN:407,_RNvXs0_NvXNvNtCslhfdDc0yCcO_8callisto14authentications6_1__NtBa_17GoogleCredentialsNtNtCs8pDKiTx8cJZ_5serde2de11Deserialize11deserializeNtB5_9___VisitorNtB1l_7Visitor9expecting
FN:418,_RNvXNvXNvNtCslhfdDc0yCcO_8callisto14authentications7_1__NtB7_15GoogleCredsJsonNtNtCs8pDKiTx8cJZ_5serde2de11Deserialize11deserializeNtB2_14___FieldVisitorNtB1g_7Visitor9expecting
FN:418,_RNvXs0_NvXNvNtCslhfdDc0yCcO_8callisto14authentications7_1__NtBa_15GoogleCredsJsonNtNtCs8pDKiTx8cJZ_5serde2de11Deserialize11deserializeNtB5_9___VisitorNtB1j_7Visitor9expecting
FN:58,_RNvMNtCs7Mo7RppkHCU_8callisto14authenticationNtB2_13Authenticator24authenticate_google_user
FN:61,_RNCNvMNtCs7Mo7RppkHCU_8callisto14authenticationNtB4_13Authenticator24authenticate_google_user0B6_
FN:96,_RNCNCNvMNtCs7Mo7RppkHCU_8callisto14authenticationNtB6_13Authenticator24authenticate_google_user00B8_
FN:109,_RNCNCNvMNtCs7Mo7RppkHCU_8callisto14authenticationNtB6_13Authenticator24authenticate_google_user0s_0B8_
FN:119,_RNCNCNvMNtCs7Mo7RppkHCU_8callisto14authenticationNtB6_13Authenticator24authenticate_google_user0s0_0B8_
FN:125,_RNCNCNvMNtCs7Mo7RppkHCU_8callisto14authenticationNtB6_13Authenticator24authenticate_google_user0s1_0B8_
FN:136,_RNCNCNvMNtCs7Mo7RppkHCU_8callisto14authenticationNtB6_13Authenticator24authenticate_google_user0s2_0B8_
FN:191,_RNvMNtCs7Mo7RppkHCU_8callisto14authenticationNtB2_13Authenticator20validate_session_key
FN:199,_RNvMNtCs7Mo7RppkHCU_8callisto14authenticationNtB2_13Authenticator19check_authorization
FN:202,_RNCNvMNtCs7Mo7RppkHCU_8callisto14authenticationNtB4_13Authenticator19check_authorization0B6_
FN:346,_RNvXs0_NtCs7Mo7RppkHCU_8callisto14authenticationNtB5_17TokenTimeoutErrorNtNtCs9f3LFPSIp77_4core3fmt7Display3fmt
FN:355,_RNvXs1_NtCs7Mo7RppkHCU_8callisto14authenticationNtB5_15InvalidKeyErrorNtNtCs9f3LFPSIp77_4core3fmt7Display3fmt
FN:363,_RNvXNvXNvNtCs7Mo7RppkHCU_8callisto14authentications_1__NtB7_12GoogleClaimsNtNtCs8pDKiTx8cJZ_5serde2de11Deserialize11deserializeNtB2_14___FieldVisitorNtB1c_7Visitor9expecting
FN:363,_RINvXNvXNvNtCs7Mo7RppkHCU_8callisto14authentications_1__NtB8_12GoogleClaimsNtNtCs8pDKiTx8cJZ_5serde2de11Deserialize11deserializeNtB3_14___FieldVisitorNtB1d_7Visitor9visit_u64pEBa_
FN:363,_RINvXNvXNvNtCs7Mo7RppkHCU_8callisto14authentications_1__NtB8_12GoogleClaimsNtNtCs8pDKiTx8cJZ_5serde2de11Deserialize11deserializeNtB3_14___FieldVisitorNtB1d_7Visitor9visit_strpEBa_
FN:363,_RINvXNvXNvNtCs7Mo7RppkHCU_8callisto14authentications_1__NtB8_12GoogleClaimsNtNtCs8pDKiTx8cJZ_5serde2de11Deserialize11deserializeNtB3_14___FieldVisitorNtB1d_7Visitor11visit_bytespEBa_
FN:363,_RINvXs_NvXNvNtCs7Mo7RppkHCU_8callisto14authentications_1__NtBa_12GoogleClaimsNtNtCs8pDKiTx8cJZ_5serde2de11Deserialize11deserializeNtB5_7___FieldB1d_11deserializepEBc_
FN:363,_RNvXs0_NvXNvNtCs7Mo7RppkHCU_8callisto14authentications_1__NtBa_12GoogleClaimsNtNtCs8pDKiTx8cJZ_5serde2de11Deserialize11deserializeNtB5_9___VisitorNtB1f_7Visitor9expecting
FN:363,_RINvXs0_NvXNvNtCs7Mo7RppkHCU_8callisto14authentications_1__NtBb_12GoogleClaimsNtNtCs8pDKiTx8cJZ_5serde2de11Deserialize11deserializeNtB6_9___VisitorNtB1g_7Visitor9visit_seqpEBd_
FN:363,_RINvXs0_NvXNvNtCs7Mo7RppkHCU_8callisto14authentications_1__NtBb_12GoogleClaimsNtNtCs8pDKiTx8cJZ_5serde2de11Deserialize11deserializeNtB6_9___VisitorNtB1g_7Visitor9visit_mappEBd_
FN:375,_RNvXNvXNvNtCs7Mo7RppkHCU_8callisto14authentications1_1__NtB7_18GoogleTokenRequestNtNtCs8pDKiTx8cJZ_5serde2de11Deserialize11deserializeNtB2_14___FieldVisitorNtB1j_7Visitor9expecting
FN:375,_RINvXNvXNvNtCs7Mo7RppkHCU_8callisto14authentications1_1__NtB8_18GoogleTokenRequestNtNtCs8pDKiTx8cJZ_5serde2de11Deserialize11deserializeNtB3_14___FieldVisitorNtB1k_7Visitor9visit_u64pEBa_
FN:375,_RINvXNvXNvNtCs7Mo7RppkHCU_8callisto14authentications1_1__NtB8_18GoogleTokenRequestNtNtCs8pDKiTx8cJZ_5serde2de11Deserialize11deserializeNtB3_14___FieldVisitorNtB1k_7Visitor9visit_strpEBa_
FN:375,_RINvXNvXNvNtCs7Mo7RppkHCU_8callisto14authentications1_1__NtB8_18GoogleTokenRequestNtNtCs8pDKiTx8cJZ_5serde2de11Deserialize11deserializeNtB3_14___FieldVisitorNtB1k_7Visitor11visit_bytespEBa_
FN:375,_RINvXs_NvXNvNtCs7Mo7RppkHCU_8callisto14authentications1_1__NtBa_18GoogleTokenRequestNtNtCs8pDKiTx8cJZ_5serde2de11Deserialize11deserializeNtB5_7___FieldB1k_11deserializepEBc_
FN:375,_RNvXs0_NvXNvNtCs7Mo7RppkHCU_8callisto14authentications1_1__NtBa_18GoogleTokenRequestNtNtCs8pDKiTx8cJZ_5serde2de11Deserialize11deserializeNtB5_9___VisitorNtB1m_7Visitor9expecting
FN:375,_RINvXs0_NvXNvNtCs7Mo7RppkHCU_8callisto14authentications1_1__NtBb_18GoogleTokenRequestNtNtCs8pDKiTx8cJZ_5serde2de11Deserialize11deserializeNtB6_9___VisitorNtB1n_7Visitor9visit_seqpEBd_
FN:375,_RINvXs0_NvXNvNtCs7Mo7RppkHCU_8callisto14authentications1_1__NtBb_18GoogleTokenRequestNtNtCs8pDKiTx8cJZ_5serde2de11Deserialize11deserializeNtB6_9___VisitorNtB1n_7Visitor9visit_mappEBd_
FN:384,_RNvXNvXNvNtCs7Mo7RppkHCU_8callisto14authentications3_1__NtB7_19GoogleTokenResponseNtNtCs8pDKiTx8cJZ_5serde2de11Deserialize11deserializeNtB2_14___FieldVisitorNtB1k_7Visitor9expecting
FN:384,_RINvXNvXNvNtCs7Mo7RppkHCU_8callisto14authentications3_1__NtB8_19GoogleTokenResponseNtNtCs8pDKiTx8cJZ_5serde2de11Deserialize11deserializeNtB3_14___FieldVisitorNtB1l_7Visitor9visit_u64pEBa_
FN:384,_RINvXNvXNvNtCs7Mo7RppkHCU_8callisto14authentications3_1__NtB8_19GoogleTokenResponseNtNtCs8pDKiTx8cJZ_5serde2de11Deserialize11deserializeNtB3_14___FieldVisitorNtB1l_7Visitor9visit_strpEBa_
FN:384,_RINvXNvXNvNtCs7Mo7RppkHCU_8callisto14authentications3_1__NtB8_19GoogleTokenResponseNtNtCs8pDKiTx8cJZ_5serde2de11Deserialize11deserializeNtB3_14___FieldVisitorNtB1l_7Visitor11visit_bytespEBa_
FN:384,_RINvXs_NvXNvNtCs7Mo7RppkHCU_8callisto14authentications3_1__NtBa_19GoogleTokenResponseNtNtCs8pDKiTx8cJZ_5serde2de11Deserialize11deserializeNtB5_7___FieldB1l_11deserializepEBc_
FN:384,_RNvXs0_NvXNvNtCs7Mo7RppkHCU_8callisto14authentications3_1__NtBa_19GoogleTokenResponseNtNtCs8pDKiTx8cJZ_5serde2de11Deserialize11deserializeNtB5_9___VisitorNtB1n_7Visitor9expecting
FN:384,_RINvXs0_NvXNvNtCs7Mo7RppkHCU_8callisto14authentications3_1__NtBb_19GoogleTokenResponseNtNtCs8pDKiTx8cJZ_5serde2de11Deserialize11deserializeNtB6_9___VisitorNtB1o_7Visitor9visit_seqpEBd_
FN:384,_RINvXs0_NvXNvNtCs7Mo7RppkHCU_8callisto14authentications3_1__NtBb_19GoogleTokenResponseNtNtCs8pDKiTx8cJZ_5serde2de11Deserialize11deserializeNtB6_9___VisitorNtB1o_7Visitor9visit_mappEBd_
FN:394,_RNvXNvXNvNtCs7Mo7RppkHCU_8callisto14authentications4_1__NtB7_16GooglePublicKeysNtNtCs8pDKiTx8cJZ_5serde2de11Deserialize11deserializeNtB2_14___FieldVisitorNtB1h_7Visitor9expecting
FN:394,_RINvXNvXNvNtCs7Mo7RppkHCU_8callisto14authentications4_1__NtB8_16GooglePublicKeysNtNtCs8pDKiTx8cJZ_5serde2de11Deserialize11deserializeNtB3_14___FieldVisitorNtB1i_7Visitor9visit_u64pEBa_
FN:394,_RINvXNvXNvNtCs7Mo7RppkHCU_8callisto14authentications4_1__NtB8_16GooglePublicKeysNtNtCs8pDKiTx8cJZ_5serde2de11Deserialize11deserializeNtB3_14___FieldVisitorNtB1i_7Visitor11visit_bytespEBa_
FN:399,_RNvXNvXNvNtCs7Mo7RppkHCU_8callisto14authentications5_1__NtB7_15GooglePublicKeyNtNtCs8pDKiTx8cJZ_5serde2de11Deserialize11deserializeNtB2_14___FieldVisitorNtB1g_7Visitor9expecting
FN:399,_RINvXNvXNvNtCs7Mo7RppkHCU_8callisto14authentications5_1__NtB8_15GooglePublicKeyNtNtCs8pDKiTx8cJZ_5serde2de11Deserialize11deserializeNtB3_14___FieldVisitorNtB1h_7Visitor9visit_u64pEBa_
FN:399,_RINvXNvXNvNtCs7Mo7RppkHCU_8callisto14authentications5_1__NtB8_15GooglePublicKeyNtNtCs8pDKiTx8cJZ_5serde2de11Deserialize11deserializeNtB3_14___FieldVisitorNtB1h_7Visitor11visit_bytespEBa_
FN:407,_RNvXNvXNvNtCs7Mo7RppkHCU_8callisto14authentications6_1__NtB7_17GoogleCredentialsNtNtCs8pDKiTx8cJZ_5serde2de11Deserialize11deserializeNtB2_14___FieldVisitorNtB1i_7Visitor9expecting
FN:407,_RINvXNvXNvNtCs7Mo7RppkHCU_8callisto14authentications6_1__NtB8_17GoogleCredentialsNtNtCs8pDKiTx8cJZ_5serde2de11Deserialize11deserializeNtB3_14___FieldVisitorNtB1j_7Visitor9visit_u64pEBa_
FN:407,_RINvXNvXNvNtCs7Mo7RppkHCU_8callisto14authentications6_1__NtB8_17GoogleCredentialsNtNtCs8pDKiTx8cJZ_5serde2de11Deserialize11deserializeNtB3_14___FieldVisitorNtB1j_7Visitor11visit_bytespEBa_
FN:418,_RNvXNvXNvNtCs7Mo7RppkHCU_8callisto14authentications7_1__NtB7_15GoogleCredsJsonNtNtCs8pDKiTx8cJZ_5serde2de11Deserialize11deserializeNtB2_14___FieldVisitorNtB1g_7Visitor9expecting
FN:418,_RINvXNvXNvNtCs7Mo7RppkHCU_8callisto14authentications7_1__NtB8_15GoogleCredsJsonNtNtCs8pDKiTx8cJZ_5serde2de11Deserialize11deserializeNtB3_14___FieldVisitorNtB1h_7Visitor9visit_u64pEBa_
FN:418,_RINvXNvXNvNtCs7Mo7RppkHCU_8callisto14authentications7_1__NtB8_15GoogleCredsJsonNtNtCs8pDKiTx8cJZ_5serde2de11Deserialize11deserializeNtB3_14___FieldVisitorNtB1h_7Visitor11visit_bytespEBa_
FN:35,_RNvMNtCs7Mo7RppkHCU_8callisto14authenticationNtB2_13Authenticator3new
FN:241,_RNvMNtCs7Mo7RppkHCU_8callisto14authenticationNtB2_13Authenticator24fetch_google_public_keys
FN:269,_RNvNtCs7Mo7RppkHCU_8callisto14authentication33load_google_credentials_from_file
FN:287,_RNvNtCs7Mo7RppkHCU_8callisto14authentication31load_authorized_users_from_file
FN:394,_RNvXs0_NvXNvNtCs7Mo7RppkHCU_8callisto14authentications4_1__NtBa_16GooglePublicKeysNtNtCs8pDKiTx8cJZ_5serde2de11Deserialize11deserializeNtB5_9___VisitorNtB1k_7Visitor9expecting
FN:399,_RNvXs0_NvXNvNtCs7Mo7RppkHCU_8callisto14authentications5_1__NtBa_15GooglePublicKeyNtNtCs8pDKiTx8cJZ_5serde2de11Deserialize11deserializeNtB5_9___VisitorNtB1j_7Visitor9expecting
FN:407,_RNvXs0_NvXNvNtCs7Mo7RppkHCU_8callisto14authentications6_1__NtBa_17GoogleCredentialsNtNtCs8pDKiTx8cJZ_5serde2de11Deserialize11deserializeNtB5_9___VisitorNtB1l_7Visitor9expecting
FN:418,_RNvXs0_NvXNvNtCs7Mo7RppkHCU_8callisto14authentications7_1__NtBa_15GoogleCredsJsonNtNtCs8pDKiTx8cJZ_5serde2de11Deserialize11deserializeNtB5_9___VisitorNtB1j_7Visitor9expecting
FN:430,_RNvNtNtCs7Mo7RppkHCU_8callisto14authentication5testss_25test_bad_credentials_file
FN:430,_RNvNtNCNvNtNtCs7Mo7RppkHCU_8callisto14authentication5testss_25test_bad_credentials_file04init4init
FN:440,_RNvNtNtCs7Mo7RppkHCU_8callisto14authentication5testss_35test_load_authorized_users_from_gcs
FN:440,_RNvNtNCNvNtNtCs7Mo7RppkHCU_8callisto14authentication5testss_35test_load_authorized_users_from_gcs04init4init
FN:457,_RNvNtNtCs7Mo7RppkHCU_8callisto14authentication5testss_36test_load_authorized_users_from_file
FN:457,_RNvNtNCNvNtNtCs7Mo7RppkHCU_8callisto14authentication5testss_36test_load_authorized_users_from_file04init4init
FN:469,_RNvNtNtCs7Mo7RppkHCU_8callisto14authentication5testss_38test_load_google_credentials_from_file
FN:469,_RNvNtNCNvNtNtCs7Mo7RppkHCU_8callisto14authentication5testss_38test_load_google_credentials_from_file04init4init
FN:477,_RNvNtNtCs7Mo7RppkHCU_8callisto14authentication5testss_29test_fetch_google_public_keys
FN:477,_RNvNtNCNvNtNtCs7Mo7RppkHCU_8callisto14authentication5testss_29test_fetch_google_public_keys04init4init
FN:35,_RNCNvMNtCs7Mo7RppkHCU_8callisto14authenticationNtB4_13Authenticator3new0B6_
FN:36,_RNCNCNvMNtCs7Mo7RppkHCU_8callisto14authenticationNtB6_13Authenticator3new00B8_
FN:241,_RNCNvMNtCs7Mo7RppkHCU_8callisto14authenticationNtB4_13Authenticator24fetch_google_public_keys0B6_
FN:258,_RNCNCNvMNtCs7Mo7RppkHCU_8callisto14authenticationNtB6_13Authenticator24fetch_google_public_keys00B8_
FN:270,_RNCNvNtCs7Mo7RppkHCU_8callisto14authentication33load_google_credentials_from_file0B5_
FN:277,_RNCNvNtCs7Mo7RppkHCU_8callisto14authentication33load_google_credentials_from_files_0B5_
FN:290,_RNCNvNtCs7Mo7RppkHCU_8callisto14authentication31load_authorized_users_from_file0B5_
FN:292,_RNCNCNvNtCs7Mo7RppkHCU_8callisto14authentication31load_authorized_users_from_file00B7_
FN:311,_RNCNCNvNtCs7Mo7RppkHCU_8callisto14authentication31load_authorized_users_from_file0s_0B7_
FN:320,_RNCNCNvNtCs7Mo7RppkHCU_8callisto14authentication31load_authorized_users_from_file0s0_0B7_
FN:394,_RINvXNvXNvNtCs7Mo7RppkHCU_8callisto14authentications4_1__NtB8_16GooglePublicKeysNtNtCs8pDKiTx8cJZ_5serde2de11Deserialize11deserializeNtB3_14___FieldVisitorNtB1i_7Visitor9visit_strNtNtCskKh7HUD1hBV_10serde_json5error5ErrorEBa_
FN:394,_RINvXs_NvXNvNtCs7Mo7RppkHCU_8callisto14authentications4_1__NtBa_16GooglePublicKeysNtNtCs8pDKiTx8cJZ_5serde2de11Deserialize11deserializeNtB5_7___FieldB1i_11deserializeINtNtCskKh7HUD1hBV_10serde_json2de6MapKeyNtNtB2J_4read7StrReadEEBc_
FN:394,_RINvXs0_NvXNvNtCs7Mo7RppkHCU_8callisto14authentications4_1__NtBb_16GooglePublicKeysNtNtCs8pDKiTx8cJZ_5serde2de11Deserialize11deserializeNtB6_9___VisitorNtB1l_7Visitor9visit_seqINtNtCskKh7HUD1hBV_10serde_json2de9SeqAccessNtNtB2T_4read7StrReadEEBd_
FN:394,_RINvXs0_NvXNvNtCs7Mo7RppkHCU_8callisto14authentications4_1__NtBb_16GooglePublicKeysNtNtCs8pDKiTx8cJZ_5serde2de11Deserialize11deserializeNtB6_9___VisitorNtB1l_7Visitor9visit_mapINtNtCskKh7HUD1hBV_10serde_json2de9MapAccessNtNtB2T_4read7StrReadEEBd_
FN:399,_RINvXNvXNvNtCs7Mo7RppkHCU_8callisto14authentications5_1__NtB8_15GooglePublicKeyNtNtCs8pDKiTx8cJZ_5serde2de11Deserialize11deserializeNtB3_14___FieldVisitorNtB1h_7Visitor9visit_strNtNtCskKh7HUD1hBV_10serde_json5error5ErrorEBa_
FN:399,_RINvXs_NvXNvNtCs7Mo7RppkHCU_8callisto14authentications5_1__NtBa_15GooglePublicKeyNtNtCs8pDKiTx8cJZ_5serde2de11Deserialize11deserializeNtB5_7___FieldB1h_11deserializeINtNtCskKh7HUD1hBV_10serde_json2de6MapKeyNtNtB2I_4read7StrReadEEBc_
FN:399,_RINvXs0_NvXNvNtCs7Mo7RppkHCU_8callisto14authentications5_1__NtBb_15GooglePublicKeyNtNtCs8pDKiTx8cJZ_5serde2de11Deserialize11deserializeNtB6_9___VisitorNtB1k_7Visitor9visit_seqINtNtCskKh7HUD1hBV_10serde_json2de9SeqAccessNtNtB2S_4read7StrReadEEBd_
FN:399,_RINvXs0_NvXNvNtCs7Mo7RppkHCU_8callisto14authentications5_1__NtBb_15GooglePublicKeyNtNtCs8pDKiTx8cJZ_5serde2de11Deserialize11deserializeNtB6_9___VisitorNtB1k_7Visitor9visit_mapINtNtCskKh7HUD1hBV_10serde_json2de9MapAccessNtNtB2S_4read7StrReadEEBd_
FN:407,_RINvXNvXNvNtCs7Mo7RppkHCU_8callisto14authentications6_1__NtB8_17GoogleCredentialsNtNtCs8pDKiTx8cJZ_5serde2de11Deserialize11deserializeNtB3_14___FieldVisitorNtB1j_7Visitor9visit_strNtNtCskKh7HUD1hBV_10serde_json5error5ErrorEBa_
FN:407,_RINvXs_NvXNvNtCs7Mo7RppkHCU_8callisto14authentications6_1__NtBa_17GoogleCredentialsNtNtCs8pDKiTx8cJZ_5serde2de11Deserialize11deserializeNtB5_7___FieldB1j_11deserializeINtNtCskKh7HUD1hBV_10serde_json2de6MapKeyINtNtB2K_4read6IoReadINtNtNtNtCs27l1GJC5rMQ_3std2io8buffered9bufreader9BufReaderNtNtB3O_2fs4FileEEEEBc_
FN:407,_RINvXs0_NvXNvNtCs7Mo7RppkHCU_8callisto14authentications6_1__NtBb_17GoogleCredentialsNtNtCs8pDKiTx8cJZ_5serde2de11Deserialize11deserializeNtB6_9___VisitorNtB1m_7Visitor9visit_seqINtNtCskKh7HUD1hBV_10serde_json2de9SeqAccessINtNtB2U_4read6IoReadINtNtNtNtCs27l1GJC5rMQ_3std2io8buffered9bufreader9BufReaderNtNtB41_2fs4FileEEEEBd_
FN:407,_RINvXs0_NvXNvNtCs7Mo7RppkHCU_8callisto14authentications6_1__NtBb_17GoogleCredentialsNtNtCs8pDKiTx8cJZ_5serde2de11Deserialize11deserializeNtB6_9___VisitorNtB1m_7Visitor9visit_mapINtNtCskKh7HUD1hBV_10serde_json2de9MapAccessINtNtB2U_4read6IoReadINtNtNtNtCs27l1GJC5rMQ_3std2io8buffered9bufreader9BufReaderNtNtB41_2fs4FileEEEEBd_
FN:418,_RINvXNvXNvNtCs7Mo7RppkHCU_8callisto14authentications7_1__NtB8_15GoogleCredsJsonNtNtCs8pDKiTx8cJZ_5serde2de11Deserialize11deserializeNtB3_14___FieldVisitorNtB1h_7Visitor9visit_strNtNtCskKh7HUD1hBV_10serde_json5error5ErrorEBa_
FN:418,_RINvXs_NvXNvNtCs7Mo7RppkHCU_8callisto14authentications7_1__NtBa_15GoogleCredsJsonNtNtCs8pDKiTx8cJZ_5serde2de11Deserialize11deserializeNtB5_7___FieldB1h_11deserializeINtNtCskKh7HUD1hBV_10serde_json2de6MapKeyINtNtB2I_4read6IoReadINtNtNtNtCs27l1GJC5rMQ_3std2io8buffered9bufreader9BufReaderNtNtB3M_2fs4FileEEEEBc_
FN:418,_RINvXs0_NvXNvNtCs7Mo7RppkHCU_8callisto14authentications7_1__NtBb_15GoogleCredsJsonNtNtCs8pDKiTx8cJZ_5serde2de11Deserialize11deserializeNtB6_9___VisitorNtB1k_7Visitor9visit_seqINtNtCskKh7HUD1hBV_10serde_json2de9SeqAccessINtNtB2S_4read6IoReadINtNtNtNtCs27l1GJC5rMQ_3std2io8buffered9bufreader9BufReaderNtNtB3Z_2fs4FileEEEEBd_
FN:418,_RINvXs0_NvXNvNtCs7Mo7RppkHCU_8callisto14authentications7_1__NtBb_15GoogleCredsJsonNtNtCs8pDKiTx8cJZ_5serde2de11Deserialize11deserializeNtB6_9___VisitorNtB1k_7Visitor9visit_mapINtNtCskKh7HUD1hBV_10serde_json2de9MapAccessINtNtB2S_4read6IoReadINtNtNtNtCs27l1GJC5rMQ_3std2io8buffered9bufreader9BufReaderNtNtB3Z_2fs4FileEEEEBd_
FNDA:0,_RINvXNvXNvNtCslhfdDc0yCcO_8callisto14authentications3_1__NtB8_19GoogleTokenResponseNtNtCs8pDKiTx8cJZ_5serde2de11Deserialize11deserializeNtB3_14___FieldVisitorNtB1l_7Visitor9visit_strNtNtCskKh7HUD1hBV_10serde_json5error5ErrorECs8XtiJWrXG9U_8callisto
FNDA:0,_RINvXNvXNvNtCslhfdDc0yCcO_8callisto14authentications4_1__NtB8_16GooglePublicKeysNtNtCs8pDKiTx8cJZ_5serde2de11Deserialize11deserializeNtB3_14___FieldVisitorNtB1i_7Visitor9visit_strNtNtCskKh7HUD1hBV_10serde_json5error5ErrorECs8XtiJWrXG9U_8callisto
FNDA:0,_RINvXNvXNvNtCslhfdDc0yCcO_8callisto14authentications5_1__NtB8_15GooglePublicKeyNtNtCs8pDKiTx8cJZ_5serde2de11Deserialize11deserializeNtB3_14___FieldVisitorNtB1h_7Visitor9visit_strNtNtCskKh7HUD1hBV_10serde_json5error5ErrorECs8XtiJWrXG9U_8callisto
FNDA:0,_RINvXNvXNvNtCslhfdDc0yCcO_8callisto14authentications_1__NtB8_12GoogleClaimsNtNtCs8pDKiTx8cJZ_5serde2de11Deserialize11deserializeNtB3_14___FieldVisitorNtB1d_7Visitor9visit_strNtNtCskKh7HUD1hBV_10serde_json5error5ErrorECs8XtiJWrXG9U_8callisto
FNDA:0,_RINvXs0_NvXNvNtCslhfdDc0yCcO_8callisto14authentications3_1__NtBb_19GoogleTokenResponseNtNtCs8pDKiTx8cJZ_5serde2de11Deserialize11deserializeNtB6_9___VisitorNtB1o_7Visitor9visit_mapINtNtCskKh7HUD1hBV_10serde_json2de9MapAccessNtNtB2W_4read7StrReadEECs8XtiJWrXG9U_8callisto
FNDA:0,_RINvXs0_NvXNvNtCslhfdDc0yCcO_8callisto14authentications3_1__NtBb_19GoogleTokenResponseNtNtCs8pDKiTx8cJZ_5serde2de11Deserialize11deserializeNtB6_9___VisitorNtB1o_7Visitor9visit_seqINtNtCskKh7HUD1hBV_10serde_json2de9SeqAccessNtNtB2W_4read7StrReadEECs8XtiJWrXG9U_8callisto
FNDA:0,_RINvXs0_NvXNvNtCslhfdDc0yCcO_8callisto14authentications4_1__NtBb_16GooglePublicKeysNtNtCs8pDKiTx8cJZ_5serde2de11Deserialize11deserializeNtB6_9___VisitorNtB1l_7Visitor9visit_mapINtNtCskKh7HUD1hBV_10serde_json2de9MapAccessNtNtB2T_4read7StrReadEECs8XtiJWrXG9U_8callisto
FNDA:0,_RINvXs0_NvXNvNtCslhfdDc0yCcO_8callisto14authentications4_1__NtBb_16GooglePublicKeysNtNtCs8pDKiTx8cJZ_5serde2de11Deserialize11deserializeNtB6_9___VisitorNtB1l_7Visitor9visit_seqINtNtCskKh7HUD1hBV_10serde_json2de9SeqAccessNtNtB2T_4read7StrReadEECs8XtiJWrXG9U_8callisto
FNDA:0,_RINvXs0_NvXNvNtCslhfdDc0yCcO_8callisto14authentications5_1__NtBb_15GooglePublicKeyNtNtCs8pDKiTx8cJZ_5serde2de11Deserialize11deserializeNtB6_9___VisitorNtB1k_7Visitor9visit_mapINtNtCskKh7HUD1hBV_10serde_json2de9MapAccessNtNtB2S_4read7StrReadEECs8XtiJWrXG9U_8callisto
FNDA:0,_RINvXs0_NvXNvNtCslhfdDc0yCcO_8callisto14authentications5_1__NtBb_15GooglePublicKeyNtNtCs8pDKiTx8cJZ_5serde2de11Deserialize11deserializeNtB6_9___VisitorNtB1k_7Visitor9visit_seqINtNtCskKh7HUD1hBV_10serde_json2de9SeqAccessNtNtB2S_4read7StrReadEECs8XtiJWrXG9U_8callisto
FNDA:0,_RINvXs0_NvXNvNtCslhfdDc0yCcO_8callisto14authentications_1__NtBb_12GoogleClaimsNtNtCs8pDKiTx8cJZ_5serde2de11Deserialize11deserializeNtB6_9___VisitorNtB1g_7Visitor9visit_mapINtNtCskKh7HUD1hBV_10serde_json2de9MapAccessNtNtB2O_4read9SliceReadEECs8XtiJWrXG9U_8callisto
FNDA:0,_RINvXs0_NvXNvNtCslhfdDc0yCcO_8callisto14authentications_1__NtBb_12GoogleClaimsNtNtCs8pDKiTx8cJZ_5serde2de11Deserialize11deserializeNtB6_9___VisitorNtB1g_7Visitor9visit_seqINtNtCskKh7HUD1hBV_10serde_json2de9SeqAccessNtNtB2O_4read9SliceReadEECs8XtiJWrXG9U_8callisto
FNDA:0,_RINvXs_NvXNvNtCslhfdDc0yCcO_8callisto14authentications3_1__NtBa_19GoogleTokenResponseNtNtCs8pDKiTx8cJZ_5serde2de11Deserialize11deserializeNtB5_7___FieldB1l_11deserializeINtNtCskKh7HUD1hBV_10serde_json2de6MapKeyNtNtB2M_4read7StrReadEECs8XtiJWrXG9U_8callisto
FNDA:0,_RINvXs_NvXNvNtCslhfdDc0yCcO_8callisto14authentications4_1__NtBa_16GooglePublicKeysNtNtCs8pDKiTx8cJZ_5serde2de11Deserialize11deserializeNtB5_7___FieldB1i_11deserializeINtNtCskKh7HUD1hBV_10serde_json2de6MapKeyNtNtB2J_4read7StrReadEECs8XtiJWrXG9U_8callisto
FNDA:0,_RINvXs_NvXNvNtCslhfdDc0yCcO_8callisto14authentications5_1__NtBa_15GooglePublicKeyNtNtCs8pDKiTx8cJZ_5serde2de11Deserialize11deserializeNtB5_7___FieldB1h_11deserializeINtNtCskKh7HUD1hBV_10serde_json2de6MapKeyNtNtB2I_4read7StrReadEECs8XtiJWrXG9U_8callisto
FNDA:0,_RINvXs_NvXNvNtCslhfdDc0yCcO_8callisto14authentications_1__NtBa_12GoogleClaimsNtNtCs8pDKiTx8cJZ_5serde2de11Deserialize11deserializeNtB5_7___FieldB1d_11deserializeINtNtCskKh7HUD1hBV_10serde_json2de6MapKeyNtNtB2E_4read9SliceReadEECs8XtiJWrXG9U_8callisto
FNDA:0,_RNCNCNvMNtCslhfdDc0yCcO_8callisto14authenticationNtB6_13Authenticator24authenticate_google_user00Cs8XtiJWrXG9U_8callisto
FNDA:0,_RNCNCNvMNtCslhfdDc0yCcO_8callisto14authenticationNtB6_13Authenticator24authenticate_google_user0s0_0Cs8XtiJWrXG9U_8callisto
FNDA:0,_RNCNCNvMNtCslhfdDc0yCcO_8callisto14authenticationNtB6_13Authenticator24authenticate_google_user0s1_0Cs8XtiJWrXG9U_8callisto
FNDA:0,_RNCNCNvMNtCslhfdDc0yCcO_8callisto14authenticationNtB6_13Authenticator24authenticate_google_user0s2_0Cs8XtiJWrXG9U_8callisto
FNDA:0,_RNCNCNvMNtCslhfdDc0yCcO_8callisto14authenticationNtB6_13Authenticator24authenticate_google_user0s_0Cs8XtiJWrXG9U_8callisto
FNDA:0,_RNCNCNvMNtCslhfdDc0yCcO_8callisto14authenticationNtB6_13Authenticator24fetch_google_public_keys00Cs8XtiJWrXG9U_8callisto
FNDA:0,_RNCNCNvMNtCslhfdDc0yCcO_8callisto14authenticationNtB6_13Authenticator3new00Cs8XtiJWrXG9U_8callisto
FNDA:0,_RNCNCNvNtCslhfdDc0yCcO_8callisto14authentication31load_authorized_users_from_file00Cs8XtiJWrXG9U_8callisto
FNDA:0,_RNCNCNvNtCslhfdDc0yCcO_8callisto14authentication31load_authorized_users_from_file0s0_0Cs8XtiJWrXG9U_8callisto
FNDA:0,_RNCNCNvNtCslhfdDc0yCcO_8callisto14authentication31load_authorized_users_from_file0s_0Cs8XtiJWrXG9U_8callisto
FNDA:0,_RNCNvMNtCslhfdDc0yCcO_8callisto14authenticationNtB4_13Authenticator19check_authorization0Cs8XtiJWrXG9U_8callisto
FNDA:0,_RNCNvMNtCslhfdDc0yCcO_8callisto14authenticationNtB4_13Authenticator24authenticate_google_user0Cs8XtiJWrXG9U_8callisto
FNDA:0,_RNCNvMNtCslhfdDc0yCcO_8callisto14authenticationNtB4_13Authenticator24fetch_google_public_keys0Cs8XtiJWrXG9U_8callisto
FNDA:0,_RNCNvMNtCslhfdDc0yCcO_8callisto14authenticationNtB4_13Authenticator3new0Cs8XtiJWrXG9U_8callisto
FNDA:0,_RNCNvNtCslhfdDc0yCcO_8callisto14authentication31load_authorized_users_from_file0Cs8XtiJWrXG9U_8callisto
FNDA:0,_RNCNvMNtCslhfdDc0yCcO_8callisto14authenticationNtB4_13Authenticator3new0B6_
FNDA:0,_RNCNCNvMNtCslhfdDc0yCcO_8callisto14authenticationNtB6_13Authenticator3new00B8_
FNDA:0,_RNCNvMNtCslhfdDc0yCcO_8callisto14authenticationNtB4_13Authenticator24authenticate_google_user0B6_
FNDA:0,_RNCNCNvMNtCslhfdDc0yCcO_8callisto14authenticationNtB6_13Authenticator24authenticate_google_user00B8_
FNDA:0,_RNCNCNvMNtCslhfdDc0yCcO_8callisto14authenticationNtB6_13Authenticator24authenticate_google_user0s_0B8_
FNDA:0,_RNCNCNvMNtCslhfdDc0yCcO_8callisto14authenticationNtB6_13Authenticator24authenticate_google_user0s0_0B8_
FNDA:0,_RNCNCNvMNtCslhfdDc0yCcO_8callisto14authenticationNtB6_13Authenticator24authenticate_google_user0s1_0B8_
FNDA:0,_RNCNCNvMNtCslhfdDc0yCcO_8callisto14authenticationNtB6_13Authenticator24authenticate_google_user0s2_0B8_
FNDA:0,_RNCNvMNtCslhfdDc0yCcO_8callisto14authenticationNtB4_13Authenticator19check_authorization0B6_
FNDA:0,_RNCNvMNtCslhfdDc0yCcO_8callisto14authenticationNtB4_13Authenticator24fetch_google_public_keys0B6_
FNDA:0,_RNCNCNvMNtCslhfdDc0yCcO_8callisto14authenticationNtB6_13Authenticator24fetch_google_public_keys00B8_
FNDA:0,_RNCNvNtCslhfdDc0yCcO_8callisto14authentication31load_authorized_users_from_file0B5_
FNDA:0,_RNCNCNvNtCslhfdDc0yCcO_8callisto14authentication31load_authorized_users_from_file00B7_
FNDA:0,_RNCNCNvNtCslhfdDc0yCcO_8callisto14authentication31load_authorized_users_from_file0s_0B7_
FNDA:0,_RNCNCNvNtCslhfdDc0yCcO_8callisto14authentication31load_authorized_users_from_file0s0_0B7_
FNDA:0,_RINvXNvXNvNtCslhfdDc0yCcO_8callisto14authentications_1__NtB8_12GoogleClaimsNtNtCs8pDKiTx8cJZ_5serde2de11Deserialize11deserializeNtB3_14___FieldVisitorNtB1d_7Visitor9visit_u64pEBa_
FNDA:0,_RINvXNvXNvNtCslhfdDc0yCcO_8callisto14authentications_1__NtB8_12GoogleClaimsNtNtCs8pDKiTx8cJZ_5serde2de11Deserialize11deserializeNtB3_14___FieldVisitorNtB1d_7Visitor9visit_strpEBa_
FNDA:0,_RINvXNvXNvNtCslhfdDc0yCcO_8callisto14authentications_1__NtB8_12GoogleClaimsNtNtCs8pDKiTx8cJZ_5serde2de11Deserialize11deserializeNtB3_14___FieldVisitorNtB1d_7Visitor11visit_bytespEBa_
FNDA:0,_RINvXs_NvXNvNtCslhfdDc0yCcO_8callisto14authentications_1__NtBa_12GoogleClaimsNtNtCs8pDKiTx8cJZ_5serde2de11Deserialize11deserializeNtB5_7___FieldB1d_11deserializepEBc_
FNDA:0,_RINvXs0_NvXNvNtCslhfdDc0yCcO_8callisto14authentications_1__NtBb_12GoogleClaimsNtNtCs8pDKiTx8cJZ_5serde2de11Deserialize11deserializeNtB6_9___VisitorNtB1g_7Visitor9visit_seqpEBd_
FNDA:0,_RINvXs0_NvXNvNtCslhfdDc0yCcO_8callisto14authentications_1__NtBb_12GoogleClaimsNtNtCs8pDKiTx8cJZ_5serde2de11Deserialize11deserializeNtB6_9___VisitorNtB1g_7Visitor9visit_mappEBd_
FNDA:0,_RINvXNvXNvNtCslhfdDc0yCcO_8callisto14authentications1_1__NtB8_18GoogleTokenRequestNtNtCs8pDKiTx8cJZ_5serde2de11Deserialize11deserializeNtB3_14___FieldVisitorNtB1k_7Visitor9visit_u64pEBa_
FNDA:0,_RINvXNvXNvNtCslhfdDc0yCcO_8callisto14authentications1_1__NtB8_18GoogleTokenRequestNtNtCs8pDKiTx8cJZ_5serde2de11Deserialize11deserializeNtB3_14___FieldVisitorNtB1k_7Visitor9visit_strpEBa_
FNDA:0,_RINvXNvXNvNtCslhfdDc0yCcO_8callisto14authentications1_1__NtB8_18GoogleTokenRequestNtNtCs8pDKiTx8cJZ_5serde2de11Deserialize11deserializeNtB3_14___FieldVisitorNtB1k_7Visitor11visit_bytespEBa_
FNDA:0,_RINvXs_NvXNvNtCslhfdDc0yCcO_8callisto14authentications1_1__NtBa_18GoogleTokenRequestNtNtCs8pDKiTx8cJZ_5serde2de11Deserialize11deserializeNtB5_7___FieldB1k_11deserializepEBc_
FNDA:0,_RINvXs0_NvXNvNtCslhfdDc0yCcO_8callisto14authentications1_1__NtBb_18GoogleTokenRequestNtNtCs8pDKiTx8cJZ_5serde2de11Deserialize11deserializeNtB6_9___VisitorNtB1n_7Visitor9visit_seqpEBd_
FNDA:0,_RINvXs0_NvXNvNtCslhfdDc0yCcO_8callisto14authentications1_1__NtBb_18GoogleTokenRequestNtNtCs8pDKiTx8cJZ_5serde2de11Deserialize11deserializeNtB6_9___VisitorNtB1n_7Visitor9visit_mappEBd_
FNDA:0,_RINvXNvXNvNtCslhfdDc0yCcO_8callisto14authentications3_1__NtB8_19GoogleTokenResponseNtNtCs8pDKiTx8cJZ_5serde2de11Deserialize11deserializeNtB3_14___FieldVisitorNtB1l_7Visitor9visit_u64pEBa_
FNDA:0,_RINvXNvXNvNtCslhfdDc0yCcO_8callisto14authentications3_1__NtB8_19GoogleTokenResponseNtNtCs8pDKiTx8cJZ_5serde2de11Deserialize11deserializeNtB3_14___FieldVisitorNtB1l_7Visitor9visit_strpEBa_
FNDA:0,_RINvXNvXNvNtCslhfdDc0yCcO_8callisto14authentications3_1__NtB8_19GoogleTokenResponseNtNtCs8pDKiTx8cJZ_5serde2de11Deserialize11deserializeNtB3_14___FieldVisitorNtB1l_7Visitor11visit_bytespEBa_
FNDA:0,_RINvXs_NvXNvNtCslhfdDc0yCcO_8callisto14authentications3_1__NtBa_19GoogleTokenResponseNtNtCs8pDKiTx8cJZ_5serde2de11Deserialize11deserializeNtB5_7___FieldB1l_11deserializepEBc_
FNDA:0,_RINvXs0_NvXNvNtCslhfdDc0yCcO_8callisto14authentications3_1__NtBb_19GoogleTokenResponseNtNtCs8pDKiTx8cJZ_5serde2de11Deserialize11deserializeNtB6_9___VisitorNtB1o_7Visitor9visit_seqpEBd_
FNDA:0,_RINvXs0_NvXNvNtCslhfdDc0yCcO_8callisto14authentications3_1__NtBb_19GoogleTokenResponseNtNtCs8pDKiTx8cJZ_5serde2de11Deserialize11deserializeNtB6_9___VisitorNtB1o_7Visitor9visit_mappEBd_
FNDA:0,_RINvXNvXNvNtCslhfdDc0yCcO_8callisto14authentications4_1__NtB8_16GooglePublicKeysNtNtCs8pDKiTx8cJZ_5serde2de11Deserialize11deserializeNtB3_14___FieldVisitorNtB1i_7Visitor9visit_u64pEBa_
FNDA:0,_RINvXNvXNvNtCslhfdDc0yCcO_8callisto14authentications4_1__NtB8_16GooglePublicKeysNtNtCs8pDKiTx8cJZ_5serde2de11Deserialize11deserializeNtB3_14___FieldVisitorNtB1i_7Visitor9visit_strpEBa_
FNDA:0,_RINvXNvXNvNtCslhfdDc0yCcO_8callisto14authentications4_1__NtB8_16GooglePublicKeysNtNtCs8pDKiTx8cJZ_5serde2de11Deserialize11deserializeNtB3_14___FieldVisitorNtB1i_7Visitor11visit_bytespEBa_
FNDA:0,_RINvXs_NvXNvNtCslhfdDc0yCcO_8callisto14authentications4_1__NtBa_16GooglePublicKeysNtNtCs8pDKiTx8cJZ_5serde2de11Deserialize11deserializeNtB5_7___FieldB1i_11deserializepEBc_
FNDA:0,_RINvXs0_NvXNvNtCslhfdDc0yCcO_8callisto14authentications4_1__NtBb_16GooglePublicKeysNtNtCs8pDKiTx8cJZ_5serde2de11Deserialize11deserializeNtB6_9___VisitorNtB1l_7Visitor9visit_seqpEBd_
FNDA:0,_RINvXs0_NvXNvNtCslhfdDc0yCcO_8callisto14authentications4_1__NtBb_16GooglePublicKeysNtNtCs8pDKiTx8cJZ_5serde2de11Deserialize11deserializeNtB6_9___VisitorNtB1l_7Visitor9visit_mappEBd_
FNDA:0,_RINvXNvXNvNtCslhfdDc0yCcO_8callisto14authentications5_1__NtB8_15GooglePublicKeyNtNtCs8pDKiTx8cJZ_5serde2de11Deserialize11deserializeNtB3_14___FieldVisitorNtB1h_7Visitor9visit_u64pEBa_
FNDA:0,_RINvXNvXNvNtCslhfdDc0yCcO_8callisto14authentications5_1__NtB8_15GooglePublicKeyNtNtCs8pDKiTx8cJZ_5serde2de11Deserialize11deserializeNtB3_14___FieldVisitorNtB1h_7Visitor9visit_strpEBa_
FNDA:0,_RINvXNvXNvNtCslhfdDc0yCcO_8callisto14authentications5_1__NtB8_15GooglePublicKeyNtNtCs8pDKiTx8cJZ_5serde2de11Deserialize11deserializeNtB3_14___FieldVisitorNtB1h_7Visitor11visit_bytespEBa_
FNDA:0,_RINvXs_NvXNvNtCslhfdDc0yCcO_8callisto14authentications5_1__NtBa_15GooglePublicKeyNtNtCs8pDKiTx8cJZ_5serde2de11Deserialize11deserializeNtB5_7___FieldB1h_11deserializepEBc_
FNDA:0,_RINvXs0_NvXNvNtCslhfdDc0yCcO_8callisto14authentications5_1__NtBb_15GooglePublicKeyNtNtCs8pDKiTx8cJZ_5serde2de11Deserialize11deserializeNtB6_9___VisitorNtB1k_7Visitor9visit_seqpEBd_
FNDA:0,_RINvXs0_NvXNvNtCslhfdDc0yCcO_8callisto14authentications5_1__NtBb_15GooglePublicKeyNtNtCs8pDKiTx8cJZ_5serde2de11Deserialize11deserializeNtB6_9___VisitorNtB1k_7Visitor9visit_mappEBd_
FNDA:0,_RINvXNvXNvNtCslhfdDc0yCcO_8callisto14authentications6_1__NtB8_17GoogleCredentialsNtNtCs8pDKiTx8cJZ_5serde2de11Deserialize11deserializeNtB3_14___FieldVisitorNtB1j_7Visitor9visit_u64pEBa_
FNDA:0,_RINvXNvXNvNtCslhfdDc0yCcO_8callisto14authentications6_1__NtB8_17GoogleCredentialsNtNtCs8pDKiTx8cJZ_5serde2de11Deserialize11deserializeNtB3_14___FieldVisitorNtB1j_7Visitor11visit_bytespEBa_
FNDA:0,_RINvXNvXNvNtCslhfdDc0yCcO_8callisto14authentications7_1__NtB8_15GoogleCredsJsonNtNtCs8pDKiTx8cJZ_5serde2de11Deserialize11deserializeNtB3_14___FieldVisitorNtB1h_7Visitor9visit_u64pEBa_
FNDA:0,_RINvXNvXNvNtCslhfdDc0yCcO_8callisto14authentications7_1__NtB8_15GoogleCredsJsonNtNtCs8pDKiTx8cJZ_5serde2de11Deserialize11deserializeNtB3_14___FieldVisitorNtB1h_7Visitor11visit_bytespEBa_
FNDA:0,_RNCNvNtCslhfdDc0yCcO_8callisto14authentication33load_google_credentials_from_file0B5_
FNDA:0,_RNCNvNtCslhfdDc0yCcO_8callisto14authentication33load_google_credentials_from_files_0B5_
FNDA:0,_RINvXNvXNvNtCslhfdDc0yCcO_8callisto14authentications6_1__NtB8_17GoogleCredentialsNtNtCs8pDKiTx8cJZ_5serde2de11Deserialize11deserializeNtB3_14___FieldVisitorNtB1j_7Visitor9visit_strNtNtCskKh7HUD1hBV_10serde_json5error5ErrorEBa_
FNDA:0,_RINvXs_NvXNvNtCslhfdDc0yCcO_8callisto14authentications6_1__NtBa_17GoogleCredentialsNtNtCs8pDKiTx8cJZ_5serde2de11Deserialize11deserializeNtB5_7___FieldB1j_11deserializeINtNtCskKh7HUD1hBV_10serde_json2de6MapKeyINtNtB2K_4read6IoReadINtNtNtNtCs27l1GJC5rMQ_3std2io8buffered9bufreader9BufReaderNtNtB3O_2fs4FileEEEEBc_
FNDA:0,_RINvXs0_NvXNvNtCslhfdDc0yCcO_8callisto14authentications6_1__NtBb_17GoogleCredentialsNtNtCs8pDKiTx8cJZ_5serde2de11Deserialize11deserializeNtB6_9___VisitorNtB1m_7Visitor9visit_seqINtNtCskKh7HUD1hBV_10serde_json2de9SeqAccessINtNtB2U_4read6IoReadINtNtNtNtCs27l1GJC5rMQ_3std2io8buffered9bufreader9BufReaderNtNtB41_2fs4FileEEEEBd_
FNDA:0,_RINvXs0_NvXNvNtCslhfdDc0yCcO_8callisto14authentications6_1__NtBb_17GoogleCredentialsNtNtCs8pDKiTx8cJZ_5serde2de11Deserialize11deserializeNtB6_9___VisitorNtB1m_7Visitor9visit_mapINtNtCskKh7HUD1hBV_10serde_json2de9MapAccessINtNtB2U_4read6IoReadINtNtNtNtCs27l1GJC5rMQ_3std2io8buffered9bufreader9BufReaderNtNtB41_2fs4FileEEEEBd_
FNDA:0,_RINvXNvXNvNtCslhfdDc0yCcO_8callisto14authentications7_1__NtB8_15GoogleCredsJsonNtNtCs8pDKiTx8cJZ_5serde2de11Deserialize11deserializeNtB3_14___FieldVisitorNtB1h_7Visitor9visit_strNtNtCskKh7HUD1hBV_10serde_json5error5ErrorEBa_
FNDA:0,_RINvXs_NvXNvNtCslhfdDc0yCcO_8callisto14authentications7_1__NtBa_15GoogleCredsJsonNtNtCs8pDKiTx8cJZ_5serde2de11Deserialize11deserializeNtB5_7___FieldB1h_11deserializeINtNtCskKh7HUD1hBV_10serde_json2de6MapKeyINtNtB2I_4read6IoReadINtNtNtNtCs27l1GJC5rMQ_3std2io8buffered9bufreader9BufReaderNtNtB3M_2fs4FileEEEEBc_
FNDA:0,_RINvXs0_NvXNvNtCslhfdDc0yCcO_8callisto14authentications7_1__NtBb_15GoogleCredsJsonNtNtCs8pDKiTx8cJZ_5serde2de11Deserialize11deserializeNtB6_9___VisitorNtB1k_7Visitor9visit_seqINtNtCskKh7HUD1hBV_10serde_json2de9SeqAccessINtNtB2S_4read6IoReadINtNtNtNtCs27l1GJC5rMQ_3std2io8buffered9bufreader9BufReaderNtNtB3Z_2fs4FileEEEEBd_
FNDA:0,_RINvXs0_NvXNvNtCslhfdDc0yCcO_8callisto14authentications7_1__NtBb_15GoogleCredsJsonNtNtCs8pDKiTx8cJZ_5serde2de11Deserialize11deserializeNtB6_9___VisitorNtB1k_7Visitor9visit_mapINtNtCskKh7HUD1hBV_10serde_json2de9MapAccessINtNtB2S_4read6IoReadINtNtNtNtCs27l1GJC5rMQ_3std2io8buffered9bufreader9BufReaderNtNtB3Z_2fs4FileEEEEBd_
FNDA:0,_RNvMNtCslhfdDc0yCcO_8callisto14authenticationNtB2_13Authenticator3new
FNDA:0,_RNvMNtCslhfdDc0yCcO_8callisto14authenticationNtB2_13Authenticator24authenticate_google_user
FNDA:0,_RNvMNtCslhfdDc0yCcO_8callisto14authenticationNtB2_13Authenticator20validate_session_key
FNDA:0,_RNvMNtCslhfdDc0yCcO_8callisto14authenticationNtB2_13Authenticator19check_authorization
FNDA:0,_RNvMNtCslhfdDc0yCcO_8callisto14authenticationNtB2_13Authenticator24fetch_google_public_keys
FNDA:0,_RNvNtCslhfdDc0yCcO_8callisto14authentication33load_google_credentials_from_file
FNDA:0,_RNvNtCslhfdDc0yCcO_8callisto14authentication31load_authorized_users_from_file
FNDA:0,_RNvXs0_NtCslhfdDc0yCcO_8callisto14authenticationNtB5_17TokenTimeoutErrorNtNtCs9f3LFPSIp77_4core3fmt7Display3fmt
FNDA:0,_RNvXs1_NtCslhfdDc0yCcO_8callisto14authenticationNtB5_15InvalidKeyErrorNtNtCs9f3LFPSIp77_4core3fmt7Display3fmt
FNDA:0,_RNvXNvXNvNtCslhfdDc0yCcO_8callisto14authentications_1__NtB7_12GoogleClaimsNtNtCs8pDKiTx8cJZ_5serde2de11Deserialize11deserializeNtB2_14___FieldVisitorNtB1c_7Visitor9expecting
FNDA:0,_RNvXs0_NvXNvNtCslhfdDc0yCcO_8callisto14authentications_1__NtBa_12GoogleClaimsNtNtCs8pDKiTx8cJZ_5serde2de11Deserialize11deserializeNtB5_9___VisitorNtB1f_7Visitor9expecting
FNDA:0,_RNvXNvXNvNtCslhfdDc0yCcO_8callisto14authentications1_1__NtB7_18GoogleTokenRequestNtNtCs8pDKiTx8cJZ_5serde2de11Deserialize11deserializeNtB2_14___FieldVisitorNtB1j_7Visitor9expecting
FNDA:0,_RNvXs0_NvXNvNtCslhfdDc0yCcO_8callisto14authentications1_1__NtBa_18GoogleTokenRequestNtNtCs8pDKiTx8cJZ_5serde2de11Deserialize11deserializeNtB5_9___VisitorNtB1m_7Visitor9expecting
FNDA:0,_RNvXNvXNvNtCslhfdDc0yCcO_8callisto14authentications3_1__NtB7_19GoogleTokenResponseNtNtCs8pDKiTx8cJZ_5serde2de11Deserialize11deserializeNtB2_14___FieldVisitorNtB1k_7Visitor9expecting
FNDA:0,_RNvXs0_NvXNvNtCslhfdDc0yCcO_8callisto14authentications3_1__NtBa_19GoogleTokenResponseNtNtCs8pDKiTx8cJZ_5serde2de11Deserialize11deserializeNtB5_9___VisitorNtB1n_7Visitor9expecting
FNDA:0,_RNvXNvXNvNtCslhfdDc0yCcO_8callisto14authentications4_1__NtB7_16GooglePublicKeysNtNtCs8pDKiTx8cJZ_5serde2de11Deserialize11deserializeNtB2_14___FieldVisitorNtB1h_7Visitor9expecting
FNDA:0,_RNvXs0_NvXNvNtCslhfdDc0yCcO_8callisto14authentications4_1__NtBa_16GooglePublicKeysNtNtCs8pDKiTx8cJZ_5serde2de11Deserialize11deserializeNtB5_9___VisitorNtB1k_7Visitor9expecting
FNDA:0,_RNvXNvXNvNtCslhfdDc0yCcO_8callisto14authentications5_1__NtB7_15GooglePublicKeyNtNtCs8pDKiTx8cJZ_5serde2de11Deserialize11deserializeNtB2_14___FieldVisitorNtB1g_7Visitor9expecting
FNDA:0,_RNvXs0_NvXNvNtCslhfdDc0yCcO_8callisto14authentications5_1__NtBa_15GooglePublicKeyNtNtCs8pDKiTx8cJZ_5serde2de11Deserialize11deserializeNtB5_9___VisitorNtB1j_7Visitor9expecting
FNDA:0,_RNvXNvXNvNtCslhfdDc0yCcO_8callisto14authentications6_1__NtB7_17GoogleCredentialsNtNtCs8pDKiTx8cJZ_5serde2de11Deserialize11deserializeNtB2_14___FieldVisitorNtB1i_7Visitor9expecting
FNDA:0,_RNvXs0_NvXNvNtCslhfdDc0yCcO_8callisto14authentications6_1__NtBa_17GoogleCredentialsNtNtCs8pDKiTx8cJZ_5serde2de11Deserialize11deserializeNtB5_9___VisitorNtB1l_7Visitor9expecting
FNDA:0,_RNvXNvXNvNtCslhfdDc0yCcO_8callisto14authentications7_1__NtB7_15GoogleCredsJsonNtNtCs8pDKiTx8cJZ_5serde2de11Deserialize11deserializeNtB2_14___FieldVisitorNtB1g_7Visitor9expecting
FNDA:0,_RNvXs0_NvXNvNtCslhfdDc0yCcO_8callisto14authentications7_1__NtBa_15GoogleCredsJsonNtNtCs8pDKiTx8cJZ_5serde2de11Deserialize11deserializeNtB5_9___VisitorNtB1j_7Visitor9expecting
FNDA:0,_RNvMNtCs7Mo7RppkHCU_8callisto14authenticationNtB2_13Authenticator24authenticate_google_user
FNDA:0,_RNCNvMNtCs7Mo7RppkHCU_8callisto14authenticationNtB4_13Authenticator24authenticate_google_user0B6_
FNDA:0,_RNCNCNvMNtCs7Mo7RppkHCU_8callisto14authenticationNtB6_13Authenticator24authenticate_google_user00B8_
FNDA:0,_RNCNCNvMNtCs7Mo7RppkHCU_8callisto14authenticationNtB6_13Authenticator24authenticate_google_user0s_0B8_
FNDA:0,_RNCNCNvMNtCs7Mo7RppkHCU_8callisto14authenticationNtB6_13Authenticator24authenticate_google_user0s0_0B8_
FNDA:0,_RNCNCNvMNtCs7Mo7RppkHCU_8callisto14authenticationNtB6_13Authenticator24authenticate_google_user0s1_0B8_
FNDA:0,_RNCNCNvMNtCs7Mo7RppkHCU_8callisto14authenticationNtB6_13Authenticator24authenticate_google_user0s2_0B8_
FNDA:0,_RNvMNtCs7Mo7RppkHCU_8callisto14authenticationNtB2_13Authenticator20validate_session_key
FNDA:0,_RNvMNtCs7Mo7RppkHCU_8callisto14authenticationNtB2_13Authenticator19check_authorization
FNDA:0,_RNCNvMNtCs7Mo7RppkHCU_8callisto14authenticationNtB4_13Authenticator19check_authorization0B6_
FNDA:0,_RNvXs0_NtCs7Mo7RppkHCU_8callisto14authenticationNtB5_17TokenTimeoutErrorNtNtCs9f3LFPSIp77_4core3fmt7Display3fmt
FNDA:0,_RNvXs1_NtCs7Mo7RppkHCU_8callisto14authenticationNtB5_15InvalidKeyErrorNtNtCs9f3LFPSIp77_4core3fmt7Display3fmt
FNDA:0,_RNvXNvXNvNtCs7Mo7RppkHCU_8callisto14authentications_1__NtB7_12GoogleClaimsNtNtCs8pDKiTx8cJZ_5serde2de11Deserialize11deserializeNtB2_14___FieldVisitorNtB1c_7Visitor9expecting
FNDA:0,_RINvXNvXNvNtCs7Mo7RppkHCU_8callisto14authentications_1__NtB8_12GoogleClaimsNtNtCs8pDKiTx8cJZ_5serde2de11Deserialize11deserializeNtB3_14___FieldVisitorNtB1d_7Visitor9visit_u64pEBa_
FNDA:0,_RINvXNvXNvNtCs7Mo7RppkHCU_8callisto14authentications_1__NtB8_12GoogleClaimsNtNtCs8pDKiTx8cJZ_5serde2de11Deserialize11deserializeNtB3_14___FieldVisitorNtB1d_7Visitor9visit_strpEBa_
FNDA:0,_RINvXNvXNvNtCs7Mo7RppkHCU_8callisto14authentications_1__NtB8_12GoogleClaimsNtNtCs8pDKiTx8cJZ_5serde2de11Deserialize11deserializeNtB3_14___FieldVisitorNtB1d_7Visitor11visit_bytespEBa_
FNDA:0,_RINvXs_NvXNvNtCs7Mo7RppkHCU_8callisto14authentications_1__NtBa_12GoogleClaimsNtNtCs8pDKiTx8cJZ_5serde2de11Deserialize11deserializeNtB5_7___FieldB1d_11deserializepEBc_
FNDA:0,_RNvXs0_NvXNvNtCs7Mo7RppkHCU_8callisto14authentications_1__NtBa_12GoogleClaimsNtNtCs8pDKiTx8cJZ_5serde2de11Deserialize11deserializeNtB5_9___VisitorNtB1f_7Visitor9expecting
FNDA:0,_RINvXs0_NvXNvNtCs7Mo7RppkHCU_8callisto14authentications_1__NtBb_12GoogleClaimsNtNtCs8pDKiTx8cJZ_5serde2de11Deserialize11deserializeNtB6_9___VisitorNtB1g_7Visitor9visit_seqpEBd_
FNDA:0,_RINvXs0_NvXNvNtCs7Mo7RppkHCU_8callisto14authentications_1__NtBb_12GoogleClaimsNtNtCs8pDKiTx8cJZ_5serde2de11Deserialize11deserializeNtB6_9___VisitorNtB1g_7Visitor9visit_mappEBd_
FNDA:0,_RNvXNvXNvNtCs7Mo7RppkHCU_8callisto14authentications1_1__NtB7_18GoogleTokenRequestNtNtCs8pDKiTx8cJZ_5serde2de11Deserialize11deserializeNtB2_14___FieldVisitorNtB1j_7Visitor9expecting
FNDA:0,_RINvXNvXNvNtCs7Mo7RppkHCU_8callisto14authentications1_1__NtB8_18GoogleTokenRequestNtNtCs8pDKiTx8cJZ_5serde2de11Deserialize11deserializeNtB3_14___FieldVisitorNtB1k_7Visitor9visit_u64pEBa_
FNDA:0,_RINvXNvXNvNtCs7Mo7RppkHCU_8callisto14authentications1_1__NtB8_18GoogleTokenRequestNtNtCs8pDKiTx8cJZ_5serde2de11Deserialize11deserializeNtB3_14___FieldVisitorNtB1k_7Visitor9visit_strpEBa_
FNDA:0,_RINvXNvXNvNtCs7Mo7RppkHCU_8callisto14authentications1_1__NtB8_18GoogleTokenRequestNtNtCs8pDKiTx8cJZ_5serde2de11Deserialize11deserializeNtB3_14___FieldVisitorNtB1k_7Visitor11visit_bytespEBa_
FNDA:0,_RINvXs_NvXNvNtCs7Mo7RppkHCU_8callisto14authentications1_1__NtBa_18GoogleTokenRequestNtNtCs8pDKiTx8cJZ_5serde2de11Deserialize11deserializeNtB5_7___FieldB1k_11deserializepEBc_
FNDA:0,_RNvXs0_NvXNvNtCs7Mo7RppkHCU_8callisto14authentications1_1__NtBa_18GoogleTokenRequestNtNtCs8pDKiTx8cJZ_5serde2de11Deserialize11deserializeNtB5_9___VisitorNtB1m_7Visitor9expecting
FNDA:0,_RINvXs0_NvXNvNtCs7Mo7RppkHCU_8callisto14authentications1_1__NtBb_18GoogleTokenRequestNtNtCs8pDKiTx8cJZ_5serde2de11Deserialize11deserializeNtB6_9___VisitorNtB1n_7Visitor9visit_seqpEBd_
FNDA:0,_RINvXs0_NvXNvNtCs7Mo7RppkHCU_8callisto14authentications1_1__NtBb_18GoogleTokenRequestNtNtCs8pDKiTx8cJZ_5serde2de11Deserialize11deserializeNtB6_9___VisitorNtB1n_7Visitor9visit_mappEBd_
FNDA:0,_RNvXNvXNvNtCs7Mo7RppkHCU_8callisto14authentications3_1__NtB7_19GoogleTokenResponseNtNtCs8pDKiTx8cJZ_5serde2de11Deserialize11deserializeNtB2_14___FieldVisitorNtB1k_7Visitor9expecting
FNDA:0,_RINvXNvXNvNtCs7Mo7RppkHCU_8callisto14authentications3_1__NtB8_19GoogleTokenResponseNtNtCs8pDKiTx8cJZ_5serde2de11Deserialize11deserializeNtB3_14___FieldVisitorNtB1l_7Visitor9visit_u64pEBa_
FNDA:0,_RINvXNvXNvNtCs7Mo7RppkHCU_8callisto14authentications3_1__NtB8_19GoogleTokenResponseNtNtCs8pDKiTx8cJZ_5serde2de11Deserialize11deserializeNtB3_14___FieldVisitorNtB1l_7Visitor9visit_strpEBa_
FNDA:0,_RINvXNvXNvNtCs7Mo7RppkHCU_8callisto14authentications3_1__NtB8_19GoogleTokenResponseNtNtCs8pDKiTx8cJZ_5serde2de11Deserialize11deserializeNtB3_14___FieldVisitorNtB1l_7Visitor11visit_bytespEBa_
FNDA:0,_RINvXs_NvXNvNtCs7Mo7RppkHCU_8callisto14authentications3_1__NtBa_19GoogleTokenResponseNtNtCs8pDKiTx8cJZ_5serde2de11Deserialize11deserializeNtB5_7___FieldB1l_11deserializepEBc_
FNDA:0,_RNvXs0_NvXNvNtCs7Mo7RppkHCU_8callisto14authentications3_1__NtBa_19GoogleTokenResponseNtNtCs8pDKiTx8cJZ_5serde2de11Deserialize11deserializeNtB5_9___VisitorNtB1n_7Visitor9expecting
FNDA:0,_RINvXs0_NvXNvNtCs7Mo7RppkHCU_8callisto14authentications3_1__NtBb_19GoogleTokenResponseNtNtCs8pDKiTx8cJZ_5serde2de11Deserialize11deserializeNtB6_9___VisitorNtB1o_7Visitor9visit_seqpEBd_
FNDA:0,_RINvXs0_NvXNvNtCs7Mo7RppkHCU_8callisto14authentications3_1__NtBb_19GoogleTokenResponseNtNtCs8pDKiTx8cJZ_5serde2de11Deserialize11deserializeNtB6_9___VisitorNtB1o_7Visitor9visit_mappEBd_
FNDA:0,_RNvXNvXNvNtCs7Mo7RppkHCU_8callisto14authentications4_1__NtB7_16GooglePublicKeysNtNtCs8pDKiTx8cJZ_5serde2de11Deserialize11deserializeNtB2_14___FieldVisitorNtB1h_7Visitor9expecting
FNDA:0,_RINvXNvXNvNtCs7Mo7RppkHCU_8callisto14authentications4_1__NtB8_16GooglePublicKeysNtNtCs8pDKiTx8cJZ_5serde2de11Deserialize11deserializeNtB3_14___FieldVisitorNtB1i_7Visitor9visit_u64pEBa_
FNDA:0,_RINvXNvXNvNtCs7Mo7RppkHCU_8callisto14authentications4_1__NtB8_16GooglePublicKeysNtNtCs8pDKiTx8cJZ_5serde2de11Deserialize11deserializeNtB3_14___FieldVisitorNtB1i_7Visitor11visit_bytespEBa_
FNDA:0,_RNvXNvXNvNtCs7Mo7RppkHCU_8callisto14authentications5_1__NtB7_15GooglePublicKeyNtNtCs8pDKiTx8cJZ_5serde2de11Deserialize11deserializeNtB2_14___FieldVisitorNtB1g_7Visitor9expecting
FNDA:0,_RINvXNvXNvNtCs7Mo7RppkHCU_8callisto14authentications5_1__NtB8_15GooglePublicKeyNtNtCs8pDKiTx8cJZ_5serde2de11Deserialize11deserializeNtB3_14___FieldVisitorNtB1h_7Visitor9visit_u64pEBa_
FNDA:0,_RINvXNvXNvNtCs7Mo7RppkHCU_8callisto14authentications5_1__NtB8_15GooglePublicKeyNtNtCs8pDKiTx8cJZ_5serde2de11Deserialize11deserializeNtB3_14___FieldVisitorNtB1h_7Visitor11visit_bytespEBa_
FNDA:0,_RNvXNvXNvNtCs7Mo7RppkHCU_8callisto14authentications6_1__NtB7_17GoogleCredentialsNtNtCs8pDKiTx8cJZ_5serde2de11Deserialize11deserializeNtB2_14___FieldVisitorNtB1i_7Visitor9expecting
FNDA:0,_RINvXNvXNvNtCs7Mo7RppkHCU_8callisto14authentications6_1__NtB8_17GoogleCredentialsNtNtCs8pDKiTx8cJZ_5serde2de11Deserialize11deserializeNtB3_14___FieldVisitorNtB1j_7Visitor9visit_u64pEBa_
FNDA:0,_RINvXNvXNvNtCs7Mo7RppkHCU_8callisto14authentications6_1__NtB8_17GoogleCredentialsNtNtCs8pDKiTx8cJZ_5serde2de11Deserialize11deserializeNtB3_14___FieldVisitorNtB1j_7Visitor11visit_bytespEBa_
FNDA:0,_RNvXNvXNvNtCs7Mo7RppkHCU_8callisto14authentications7_1__NtB7_15GoogleCredsJsonNtNtCs8pDKiTx8cJZ_5serde2de11Deserialize11deserializeNtB2_14___FieldVisitorNtB1g_7Visitor9expecting
FNDA:0,_RINvXNvXNvNtCs7Mo7RppkHCU_8callisto14authentications7_1__NtB8_15GoogleCredsJsonNtNtCs8pDKiTx8cJZ_5serde2de11Deserialize11deserializeNtB3_14___FieldVisitorNtB1h_7Visitor9visit_u64pEBa_
FNDA:0,_RINvXNvXNvNtCs7Mo7RppkHCU_8callisto14authentications7_1__NtB8_15GoogleCredsJsonNtNtCs8pDKiTx8cJZ_5serde2de11Deserialize11deserializeNtB3_14___FieldVisitorNtB1h_7Visitor11visit_bytespEBa_
FNDA:2,_RNvMNtCs7Mo7RppkHCU_8callisto14authenticationNtB2_13Authenticator3new
FNDA:1,_RNvMNtCs7Mo7RppkHCU_8callisto14authenticationNtB2_13Authenticator24fetch_google_public_keys
FNDA:3,_RNvNtCs7Mo7RppkHCU_8callisto14authentication33load_google_credentials_from_file
FNDA:3,_RNvNtCs7Mo7RppkHCU_8callisto14authentication31load_authorized_users_from_file
FNDA:0,_RNvXs0_NvXNvNtCs7Mo7RppkHCU_8callisto14authentications4_1__NtBa_16GooglePublicKeysNtNtCs8pDKiTx8cJZ_5serde2de11Deserialize11deserializeNtB5_9___VisitorNtB1k_7Visitor9expecting
FNDA:0,_RNvXs0_NvXNvNtCs7Mo7RppkHCU_8callisto14authentications5_1__NtBa_15GooglePublicKeyNtNtCs8pDKiTx8cJZ_5serde2de11Deserialize11deserializeNtB5_9___VisitorNtB1j_7Visitor9expecting
FNDA:0,_RNvXs0_NvXNvNtCs7Mo7RppkHCU_8callisto14authentications6_1__NtBa_17GoogleCredentialsNtNtCs8pDKiTx8cJZ_5serde2de11Deserialize11deserializeNtB5_9___VisitorNtB1l_7Visitor9expecting
FNDA:0,_RNvXs0_NvXNvNtCs7Mo7RppkHCU_8callisto14authentications7_1__NtBa_15GoogleCredsJsonNtNtCs8pDKiTx8cJZ_5serde2de11Deserialize11deserializeNtB5_9___VisitorNtB1j_7Visitor9expecting
FNDA:1,_RNvNtNtCs7Mo7RppkHCU_8callisto14authentication5testss_25test_bad_credentials_file
FNDA:1,_RNvNtNCNvNtNtCs7Mo7RppkHCU_8callisto14authentication5testss_25test_bad_credentials_file04init4init
FNDA:1,_RNvNtNtCs7Mo7RppkHCU_8callisto14authentication5testss_35test_load_authorized_users_from_gcs
FNDA:1,_RNvNtNCNvNtNtCs7Mo7RppkHCU_8callisto14authentication5testss_35test_load_authorized_users_from_gcs04init4init
FNDA:1,_RNvNtNtCs7Mo7RppkHCU_8callisto14authentication5testss_36test_load_authorized_users_from_file
FNDA:1,_RNvNtNCNvNtNtCs7Mo7RppkHCU_8callisto14authentication5testss_36test_load_authorized_users_from_file04init4init
FNDA:1,_RNvNtNtCs7Mo7RppkHCU_8callisto14authentication5testss_38test_load_google_credentials_from_file
FNDA:1,_RNvNtNCNvNtNtCs7Mo7RppkHCU_8callisto14authentication5testss_38test_load_google_credentials_from_file04init4init
FNDA:1,_RNvNtNtCs7Mo7RppkHCU_8callisto14authentication5testss_29test_fetch_google_public_keys
FNDA:1,_RNvNtNCNvNtNtCs7Mo7RppkHCU_8callisto14authentication5testss_29test_fetch_google_public_keys04init4init
FNDA:2,_RNCNvMNtCs7Mo7RppkHCU_8callisto14authenticationNtB4_13Authenticator3new0B6_
FNDA:0,_RNCNCNvMNtCs7Mo7RppkHCU_8callisto14authenticationNtB6_13Authenticator3new00B8_
FNDA:1,_RNCNvMNtCs7Mo7RppkHCU_8callisto14authenticationNtB4_13Authenticator24fetch_google_public_keys0B6_
FNDA:0,_RNCNCNvMNtCs7Mo7RppkHCU_8callisto14authenticationNtB6_13Authenticator24fetch_google_public_keys00B8_
FNDA:1,_RNCNvNtCs7Mo7RppkHCU_8callisto14authentication33load_google_credentials_from_file0B5_
FNDA:0,_RNCNvNtCs7Mo7RppkHCU_8callisto14authentication33load_google_credentials_from_files_0B5_
FNDA:3,_RNCNvNtCs7Mo7RppkHCU_8callisto14authentication31load_authorized_users_from_file0B5_
FNDA:0,_RNCNCNvNtCs7Mo7RppkHCU_8callisto14authentication31load_authorized_users_from_file00B7_
FNDA:0,_RNCNCNvNtCs7Mo7RppkHCU_8callisto14authentication31load_authorized_users_from_file0s_0B7_
FNDA:0,_RNCNCNvNtCs7Mo7RppkHCU_8callisto14authentication31load_authorized_users_from_file0s0_0B7_
FNDA:1,_RINvXNvXNvNtCs7Mo7RppkHCU_8callisto14authentications4_1__NtB8_16GooglePublicKeysNtNtCs8pDKiTx8cJZ_5serde2de11Deserialize11deserializeNtB3_14___FieldVisitorNtB1i_7Visitor9visit_strNtNtCskKh7HUD1hBV_10serde_json5error5ErrorEBa_
FNDA:1,_RINvXs_NvXNvNtCs7Mo7RppkHCU_8callisto14authentications4_1__NtBa_16GooglePublicKeysNtNtCs8pDKiTx8cJZ_5serde2de11Deserialize11deserializeNtB5_7___FieldB1i_11deserializeINtNtCskKh7HUD1hBV_10serde_json2de6MapKeyNtNtB2J_4read7StrReadEEBc_
FNDA:0,_RINvXs0_NvXNvNtCs7Mo7RppkHCU_8callisto14authentications4_1__NtBb_16GooglePublicKeysNtNtCs8pDKiTx8cJZ_5serde2de11Deserialize11deserializeNtB6_9___VisitorNtB1l_7Visitor9visit_seqINtNtCskKh7HUD1hBV_10serde_json2de9SeqAccessNtNtB2T_4read7StrReadEEBd_
FNDA:1,_RINvXs0_NvXNvNtCs7Mo7RppkHCU_8callisto14authentications4_1__NtBb_16GooglePublicKeysNtNtCs8pDKiTx8cJZ_5serde2de11Deserialize11deserializeNtB6_9___VisitorNtB1l_7Visitor9visit_mapINtNtCskKh7HUD1hBV_10serde_json2de9MapAccessNtNtB2T_4read7StrReadEEBd_
FNDA:12,_RINvXNvXNvNtCs7Mo7RppkHCU_8callisto14authentications5_1__NtB8_15GooglePublicKeyNtNtCs8pDKiTx8cJZ_5serde2de11Deserialize11deserializeNtB3_14___FieldVisitorNtB1h_7Visitor9visit_strNtNtCskKh7HUD1hBV_10serde_json5error5ErrorEBa_
FNDA:12,_RINvXs_NvXNvNtCs7Mo7RppkHCU_8callisto14authentications5_1__NtBa_15GooglePublicKeyNtNtCs8pDKiTx8cJZ_5serde2de11Deserialize11deserializeNtB5_7___FieldB1h_11deserializeINtNtCskKh7HUD1hBV_10serde_json2de6MapKeyNtNtB2I_4read7StrReadEEBc_
FNDA:0,_RINvXs0_NvXNvNtCs7Mo7RppkHCU_8callisto14authentications5_1__NtBb_15GooglePublicKeyNtNtCs8pDKiTx8cJZ_5serde2de11Deserialize11deserializeNtB6_9___VisitorNtB1k_7Visitor9visit_seqINtNtCskKh7HUD1hBV_10serde_json2de9SeqAccessNtNtB2S_4read7StrReadEEBd_
FNDA:2,_RINvXs0_NvXNvNtCs7Mo7RppkHCU_8callisto14authentications5_1__NtBb_15GooglePublicKeyNtNtCs8pDKiTx8cJZ_5serde2de11Deserialize11deserializeNtB6_9___VisitorNtB1k_7Visitor9visit_mapINtNtCskKh7HUD1hBV_10serde_json2de9MapAccessNtNtB2S_4read7StrReadEEBd_
FNDA:16,_RINvXNvXNvNtCs7Mo7RppkHCU_8callisto14authentications6_1__NtB8_17GoogleCredentialsNtNtCs8pDKiTx8cJZ_5serde2de11Deserialize11deserializeNtB3_14___FieldVisitorNtB1j_7Visitor9visit_strNtNtCskKh7HUD1hBV_10serde_json5error5ErrorEBa_
FNDA:16,_RINvXs_NvXNvNtCs7Mo7RppkHCU_8callisto14authentications6_1__NtBa_17GoogleCredentialsNtNtCs8pDKiTx8cJZ_5serde2de11Deserialize11deserializeNtB5_7___FieldB1j_11deserializeINtNtCskKh7HUD1hBV_10serde_json2de6MapKeyINtNtB2K_4read6IoReadINtNtNtNtCs27l1GJC5rMQ_3std2io8buffered9bufreader9BufReaderNtNtB3O_2fs4FileEEEEBc_
FNDA:0,_RINvXs0_NvXNvNtCs7Mo7RppkHCU_8callisto14authentications6_1__NtBb_17GoogleCredentialsNtNtCs8pDKiTx8cJZ_5serde2de11Deserialize11deserializeNtB6_9___VisitorNtB1m_7Visitor9visit_seqINtNtCskKh7HUD1hBV_10serde_json2de9SeqAccessINtNtB2U_4read6IoReadINtNtNtNtCs27l1GJC5rMQ_3std2io8buffered9bufreader9BufReaderNtNtB41_2fs4FileEEEEBd_
FNDA:2,_RINvXs0_NvXNvNtCs7Mo7RppkHCU_8callisto14authentications6_1__NtBb_17GoogleCredentialsNtNtCs8pDKiTx8cJZ_5serde2de11Deserialize11deserializeNtB6_9___VisitorNtB1m_7Visitor9visit_mapINtNtCskKh7HUD1hBV_10serde_json2de9MapAccessINtNtB2U_4read6IoReadINtNtNtNtCs27l1GJC5rMQ_3std2io8buffered9bufreader9BufReaderNtNtB41_2fs4FileEEEEBd_
FNDA:2,_RINvXNvXNvNtCs7Mo7RppkHCU_8callisto14authentications7_1__NtB8_15GoogleCredsJsonNtNtCs8pDKiTx8cJZ_5serde2de11Deserialize11deserializeNtB3_14___FieldVisitorNtB1h_7Visitor9visit_strNtNtCskKh7HUD1hBV_10serde_json5error5ErrorEBa_
FNDA:2,_RINvXs_NvXNvNtCs7Mo7RppkHCU_8callisto14authentications7_1__NtBa_15GoogleCredsJsonNtNtCs8pDKiTx8cJZ_5serde2de11Deserialize11deserializeNtB5_7___FieldB1h_11deserializeINtNtCskKh7HUD1hBV_10serde_json2de6MapKeyINtNtB2I_4read6IoReadINtNtNtNtCs27l1GJC5rMQ_3std2io8buffered9bufreader9BufReaderNtNtB3M_2fs4FileEEEEBc_
FNDA:0,_RINvXs0_NvXNvNtCs7Mo7RppkHCU_8callisto14authentications7_1__NtBb_15GoogleCredsJsonNtNtCs8pDKiTx8cJZ_5serde2de11Deserialize11deserializeNtB6_9___VisitorNtB1k_7Visitor9visit_seqINtNtCskKh7HUD1hBV_10serde_json2de9SeqAccessINtNtB2S_4read6IoReadINtNtNtNtCs27l1GJC5rMQ_3std2io8buffered9bufreader9BufReaderNtNtB3Z_2fs4FileEEEEBd_
FNDA:2,_RINvXs0_NvXNvNtCs7Mo7RppkHCU_8callisto14authentications7_1__NtBb_15GoogleCredsJsonNtNtCs8pDKiTx8cJZ_5serde2de11Deserialize11deserializeNtB6_9___VisitorNtB1k_7Visitor9visit_mapINtNtCskKh7HUD1hBV_10serde_json2de9MapAccessINtNtB2S_4read6IoReadINtNtNtNtCs27l1GJC5rMQ_3std2io8buffered9bufreader9BufReaderNtNtB3Z_2fs4FileEEEEBd_
FNF:38
FNH:17
DA:35,2
DA:36,2
DA:37,0
DA:38,0
DA:39,0
DA:40,0
DA:41,2
DA:42,1
DA:43,2
DA:44,2
DA:45,1
DA:46,1
DA:47,1
DA:48,1
DA:49,1
DA:50,1
DA:51,1
DA:52,1
DA:53,1
DA:58,0
DA:59,0
DA:60,0
DA:61,0
DA:70,0
DA:71,0
DA:72,0
DA:73,0
DA:74,0
DA:75,0
DA:76,0
DA:77,0
DA:78,0
DA:79,0
DA:80,0
DA:81,0
DA:82,0
DA:83,0
DA:84,0
DA:85,0
DA:86,0
DA:88,0
DA:89,0
DA:90,0
DA:91,0
DA:92,0
DA:93,0
DA:96,0
DA:97,0
DA:98,0
DA:99,0
DA:100,0
DA:101,0
DA:102,0
DA:103,0
DA:104,0
DA:105,0
DA:106,0
DA:107,0
DA:108,0
DA:109,0
DA:110,0
DA:111,0
DA:112,0
DA:113,0
DA:114,0
DA:115,0
DA:116,0
DA:117,0
DA:118,0
DA:119,0
DA:120,0
DA:121,0
DA:122,0
DA:123,0
DA:124,0
DA:125,0
DA:126,0
DA:127,0
DA:130,0
DA:131,0
DA:132,0
DA:133,0
DA:134,0
DA:135,0
DA:136,0
DA:137,0
DA:145,0
DA:146,0
DA:147,0
DA:148,0
DA:149,0
DA:150,0
DA:151,0
DA:152,0
DA:155,0
DA:157,0
DA:158,0
DA:163,0
DA:164,0
DA:165,0
DA:166,0
DA:167,0
DA:168,0
DA:169,0
DA:170,0
DA:171,0
DA:172,0
DA:173,0
DA:174,0
DA:175,0
DA:176,0
DA:177,0
DA:178,0
DA:179,0
DA:180,0
DA:181,0
DA:182,0
DA:183,0
DA:184,0
DA:185,0
DA:186,0
DA:187,0
DA:188,0
DA:189,0
DA:191,0
DA:192,0
DA:193,0
DA:195,0
DA:197,0
DA:199,0
DA:200,0
DA:201,0
DA:202,0
DA:203,0
DA:204,0
DA:205,0
DA:206,0
DA:207,0
DA:208,0
DA:209,0
DA:210,0
DA:211,0
DA:212,0
DA:213,0
DA:214,0
DA:215,0
DA:217,0
DA:218,0
DA:219,0
DA:220,0
DA:223,0
DA:224,0
DA:225,0
DA:226,0
DA:227,0
DA:228,0
DA:229,0
DA:230,0
DA:231,0
DA:235,0
DA:236,0
DA:237,0
DA:238,0
DA:240,0
DA:241,1
DA:242,1
DA:243,1
DA:244,1
DA:245,1
DA:246,1
DA:247,1
DA:248,1
DA:252,1
DA:253,1
DA:254,1
DA:255,1
DA:256,1
DA:257,1
DA:258,1
DA:259,0
DA:260,0
DA:261,0
DA:262,0
DA:263,1
DA:264,1
DA:265,1
DA:266,1
DA:269,3
DA:270,3
DA:271,1
DA:272,1
DA:273,1
DA:274,1
DA:275,3
DA:276,3
DA:277,3
DA:278,0
DA:279,0
DA:280,0
DA:281,0
DA:282,3
DA:283,3
DA:284,3
DA:285,3
DA:287,3
DA:288,3
DA:289,3
DA:290,3
DA:291,3
DA:292,1
DA:293,0
DA:294,0
DA:295,0
DA:296,0
DA:297,1
DA:298,1
DA:301,1
DA:302,1
DA:303,1
DA:304,1
DA:305,1
DA:306,1
DA:307,1
DA:308,1
DA:309,1
DA:310,1
DA:311,1
DA:312,0
DA:313,0
DA:314,0
DA:315,0
DA:316,1
DA:317,1
DA:318,1
DA:319,1
DA:320,1
DA:321,0
DA:322,0
DA:323,0
DA:324,0
DA:325,1
DA:326,1
DA:328,2
DA:330,2
DA:331,2
DA:332,2
DA:333,2
DA:334,2
DA:336,3
DA:346,0
DA:347,0
DA:348,0
DA:355,0
DA:356,0
DA:357,0
DA:363,0
DA:375,0
DA:384,0
DA:394,2
DA:399,14
DA:407,18
DA:418,4
DA:430,2
DA:440,2
DA:457,2
DA:469,2
DA:477,2
BRF:0
BRH:0
LF:284
LH:93
end_of_record
SF:/Users/dan/dev/callisto/callisto/src/combat.rs
FN:17,_RNvNtCslhfdDc0yCcO_8callisto6combat4roll
FN:21,_RNvNtCslhfdDc0yCcO_8callisto6combat9roll_dice
FN:25,_RNvNtCslhfdDc0yCcO_8callisto6combat17task_chain_impact
FN:36,_RNvNtCslhfdDc0yCcO_8callisto6combat6attack
FN:236,_RNvNtCslhfdDc0yCcO_8callisto6combat11do_critical
FN:253,_RNvNtCslhfdDc0yCcO_8callisto6combat10apply_crit
FN:521,_RNvNtCslhfdDc0yCcO_8callisto6combat15find_range_band
FN:529,_RNvNtCslhfdDc0yCcO_8callisto6combat15do_fire_actions
FN:689,_RNvNtCslhfdDc0yCcO_8callisto6combat18create_sand_counts
FN:22,_RNCNvNtCslhfdDc0yCcO_8callisto6combat9roll_dice0B5_
FN:387,_RNCNvNtCslhfdDc0yCcO_8callisto6combat10apply_crit0B5_
FN:401,_RNCNvNtCslhfdDc0yCcO_8callisto6combat10apply_crits_0B5_
FN:403,_RNCNvNtCslhfdDc0yCcO_8callisto6combat10apply_crits0_0B5_
FN:524,_RNCNvNtCslhfdDc0yCcO_8callisto6combat15find_range_band0B5_
FN:549,_RNCNvNtCslhfdDc0yCcO_8callisto6combat15do_fire_actions0B5_
FN:692,_RNCNvNtCslhfdDc0yCcO_8callisto6combat18create_sand_counts0B5_
FN:699,_RNCNCNvNtCslhfdDc0yCcO_8callisto6combat18create_sand_counts00B7_
FN:836,_RNCNvNtNtCs7Mo7RppkHCU_8callisto6combat5testss_25test_missile_fire_actions0B7_
FN:873,_RNCNvNtNtCs7Mo7RppkHCU_8callisto6combat5testss_15test_apply_crit0B7_
FN:926,_RNCNvNtNtCs7Mo7RppkHCU_8callisto6combat5testss_15test_apply_crits_0B7_
FN:937,_RNCNvNtNtCs7Mo7RppkHCU_8callisto6combat5testss_15test_apply_crits0_0B7_
FN:955,_RNCNvNtNtCs7Mo7RppkHCU_8callisto6combat5testss_15test_apply_crits1_0B7_
FN:1000,_RNCNvNtNtCs7Mo7RppkHCU_8callisto6combat5testss_15test_apply_crits2_0B7_
FN:1013,_RNCNvNtNtCs7Mo7RppkHCU_8callisto6combat5testss_15test_apply_crits3_0B7_
FN:1056,_RNCNvNtNtCs7Mo7RppkHCU_8callisto6combat5testss_15test_apply_crits4_0B7_
FN:1066,_RNCNvNtNtCs7Mo7RppkHCU_8callisto6combat5testss_15test_apply_crits5_0B7_
FN:1326,_RNCNvNtNtCs7Mo7RppkHCU_8callisto6combat5testss_11test_attack0B7_
FN:1210,_RNCNvNtNtCs7Mo7RppkHCU_8callisto6combat5testss_11test_attacks_0B7_
FN:1218,_RNCNvNtNtCs7Mo7RppkHCU_8callisto6combat5testss_11test_attacks0_0B7_
FN:1232,_RNCNvNtNtCs7Mo7RppkHCU_8callisto6combat5testss_11test_attacks1_0B7_
FN:1238,_RNCNvNtNtCs7Mo7RppkHCU_8callisto6combat5testss_11test_attacks2_0B7_
FN:1286,_RNCNvNtNtCs7Mo7RppkHCU_8callisto6combat5testss_11test_attacks3_0B7_
FN:1305,_RNCNvNtNtCs7Mo7RppkHCU_8callisto6combat5testss_11test_attacks4_0B7_
FN:1356,_RNCNvNtNtCs7Mo7RppkHCU_8callisto6combat5testss_11test_attacks5_0B7_
FN:22,_RNCNvNtCs7Mo7RppkHCU_8callisto6combat9roll_dice0B5_
FN:387,_RNCNvNtCs7Mo7RppkHCU_8callisto6combat10apply_crit0B5_
FN:401,_RNCNvNtCs7Mo7RppkHCU_8callisto6combat10apply_crits_0B5_
FN:403,_RNCNvNtCs7Mo7RppkHCU_8callisto6combat10apply_crits0_0B5_
FN:524,_RNCNvNtCs7Mo7RppkHCU_8callisto6combat15find_range_band0B5_
FN:549,_RNCNvNtCs7Mo7RppkHCU_8callisto6combat15do_fire_actions0B5_
FN:692,_RNCNvNtCs7Mo7RppkHCU_8callisto6combat18create_sand_counts0B5_
FN:699,_RNCNCNvNtCs7Mo7RppkHCU_8callisto6combat18create_sand_counts00B7_
FN:740,_RNvNtNtCs7Mo7RppkHCU_8callisto6combat5testss_25test_missile_fire_actions
FN:740,_RNvNtNvNtNtCs7Mo7RppkHCU_8callisto6combat5testss_25test_missile_fire_actions4init4init
FN:855,_RNvNtNtCs7Mo7RppkHCU_8callisto6combat5testss_15test_apply_crit
FN:855,_RNvNtNvNtNtCs7Mo7RppkHCU_8callisto6combat5testss_15test_apply_crit4init4init
FN:1093,_RNvNtNtCs7Mo7RppkHCU_8callisto6combat5testss_11test_attack
FN:1093,_RNvNtNvNtNtCs7Mo7RppkHCU_8callisto6combat5testss_11test_attack4init4init
FN:17,_RNvNtCs7Mo7RppkHCU_8callisto6combat4roll
FN:21,_RNvNtCs7Mo7RppkHCU_8callisto6combat9roll_dice
FN:25,_RNvNtCs7Mo7RppkHCU_8callisto6combat17task_chain_impact
FN:36,_RNvNtCs7Mo7RppkHCU_8callisto6combat6attack
FN:236,_RNvNtCs7Mo7RppkHCU_8callisto6combat11do_critical
FN:253,_RNvNtCs7Mo7RppkHCU_8callisto6combat10apply_crit
FN:521,_RNvNtCs7Mo7RppkHCU_8callisto6combat15find_range_band
FN:529,_RNvNtCs7Mo7RppkHCU_8callisto6combat15do_fire_actions
FN:689,_RNvNtCs7Mo7RppkHCU_8callisto6combat18create_sand_counts
FNDA:0,_RNvNtCslhfdDc0yCcO_8callisto6combat4roll
FNDA:0,_RNvNtCslhfdDc0yCcO_8callisto6combat9roll_dice
FNDA:0,_RNvNtCslhfdDc0yCcO_8callisto6combat17task_chain_impact
FNDA:0,_RNvNtCslhfdDc0yCcO_8callisto6combat6attack
FNDA:0,_RNvNtCslhfdDc0yCcO_8callisto6combat11do_critical
FNDA:0,_RNvNtCslhfdDc0yCcO_8callisto6combat10apply_crit
FNDA:0,_RNvNtCslhfdDc0yCcO_8callisto6combat15find_range_band
FNDA:0,_RNvNtCslhfdDc0yCcO_8callisto6combat15do_fire_actions
FNDA:0,_RNvNtCslhfdDc0yCcO_8callisto6combat18create_sand_counts
FNDA:0,_RNCNvNtCslhfdDc0yCcO_8callisto6combat9roll_dice0B5_
FNDA:0,_RNCNvNtCslhfdDc0yCcO_8callisto6combat10apply_crit0B5_
FNDA:0,_RNCNvNtCslhfdDc0yCcO_8callisto6combat10apply_crits_0B5_
FNDA:0,_RNCNvNtCslhfdDc0yCcO_8callisto6combat10apply_crits0_0B5_
FNDA:0,_RNCNvNtCslhfdDc0yCcO_8callisto6combat15find_range_band0B5_
FNDA:0,_RNCNvNtCslhfdDc0yCcO_8callisto6combat15do_fire_actions0B5_
FNDA:0,_RNCNvNtCslhfdDc0yCcO_8callisto6combat18create_sand_counts0B5_
FNDA:0,_RNCNCNvNtCslhfdDc0yCcO_8callisto6combat18create_sand_counts00B7_
FNDA:3,_RNCNvNtNtCs7Mo7RppkHCU_8callisto6combat5testss_25test_missile_fire_actions0B7_
FNDA:6,_RNCNvNtNtCs7Mo7RppkHCU_8callisto6combat5testss_15test_apply_crit0B7_
FNDA:6,_RNCNvNtNtCs7Mo7RppkHCU_8callisto6combat5testss_15test_apply_crits_0B7_
FNDA:6,_RNCNvNtNtCs7Mo7RppkHCU_8callisto6combat5testss_15test_apply_crits0_0B7_
FNDA:6,_RNCNvNtNtCs7Mo7RppkHCU_8callisto6combat5testss_15test_apply_crits1_0B7_
FNDA:6,_RNCNvNtNtCs7Mo7RppkHCU_8callisto6combat5testss_15test_apply_crits2_0B7_
FNDA:6,_RNCNvNtNtCs7Mo7RppkHCU_8callisto6combat5testss_15test_apply_crits3_0B7_
FNDA:6,_RNCNvNtNtCs7Mo7RppkHCU_8callisto6combat5testss_15test_apply_crits4_0B7_
FNDA:6,_RNCNvNtNtCs7Mo7RppkHCU_8callisto6combat5testss_15test_apply_crits5_0B7_
FNDA:5,_RNCNvNtNtCs7Mo7RppkHCU_8callisto6combat5testss_11test_attack0B7_
[...]
DA:216,3
DA:217,3
DA:219,0
DA:220,0
DA:221,0
DA:222,0
DA:225,7
DA:226,7
DA:229,3
DA:231,13
DA:233,39
DA:234,39
DA:235,39
DA:236,39
DA:237,39
DA:238,39
DA:239,39
DA:242,39
DA:244,122
DA:245,122
DA:246,122
DA:248,143
DA:249,143
DA:250,143
DA:252,106
DA:253,106
DA:254,106
DA:256,58
DA:257,58
DA:258,58
DA:260,55
DA:261,55
DA:262,55
DA:264,98
DA:265,98
DA:266,98
DA:268,1
DA:269,1
DA:270,1
DA:272,11
DA:273,11
DA:274,11
DA:275,11
DA:276,11
DA:277,11
DA:278,11
DA:279,11
DA:280,11
DA:281,11
DA:282,11
DA:283,11
DA:284,11
DA:285,2
DA:286,2
DA:287,2
DA:288,2
DA:289,2
DA:290,2
DA:291,2
DA:292,2
DA:293,2
DA:294,2
DA:295,2
DA:296,2
DA:298,9
DA:299,6
DA:300,6
DA:303,9
DA:304,5
DA:306,1
DA:307,1
DA:308,1
DA:309,1
DA:310,1
DA:311,1
DA:313,4
DA:314,4
DA:317,4
DA:320,11
DA:322,3
DA:323,3
DA:324,0
DA:325,3
DA:326,3
DA:327,3
DA:329,16
DA:330,16
DA:331,16
DA:332,38
DA:333,38
DA:334,38
DA:335,38
DA:337,87
DA:338,87
DA:339,87
DA:343,4
DA:344,4
DA:345,4
DA:349,1083
DA:350,1083
DA:351,1083
DA:353,1
DA:354,1
DA:355,1
DA:357,504
DA:358,504
DA:359,504
DA:361,3
DA:362,3
DA:363,3
DA:365,142
DA:366,142
DA:367,142
DA:369,1
DA:370,1
DA:371,1
DA:373,48
DA:374,48
DA:375,48
DA:376,48
DA:377,48
DA:379,2
DA:380,46
DA:381,46
DA:382,46
DA:383,37
DA:384,37
DA:385,37
DA:386,37
DA:389,9
DA:390,9
DA:391,9
DA:393,9
DA:394,9
DA:395,9
DA:396,9
DA:397,9
DA:398,9
DA:399,9
DA:400,9
DA:401,9
DA:402,9
DA:403,9
DA:404,9
DA:405,9
DA:406,9
DA:407,9
DA:409,46
DA:410,48
DA:427,56
DA:428,49
DA:429,49
DA:430,49
DA:431,49
DA:435,26
DA:436,26
DA:437,26
DA:438,26
DA:439,26
DA:440,26
DA:443,26
DA:444,26
DA:445,182
DA:446,182
DA:447,182
DA:448,182
DA:449,26
DA:450,26
DA:451,26
DA:452,26
DA:455,26
DA:457,26
DA:458,26
DA:459,26
DA:460,24
DA:461,26
DA:462,26
DA:467,39
DA:468,39
DA:469,39
DA:471,39
DA:472,39
DA:473,0
DA:474,2
DA:475,2
DA:476,34
DA:477,1
DA:480,39
DA:481,0
DA:482,39
DA:483,39
DA:484,39
DA:485,39
DA:486,39
DA:487,39
DA:488,39
DA:492,0
DA:493,0
DA:494,0
DA:498,0
DA:499,0
DA:501,0
DA:503,0
DA:505,0
DA:508,0
DA:510,0
DA:512,0
DA:515,0
DA:518,0
DA:520,0
DA:521,0
DA:522,0
DA:523,0
DA:524,0
DA:526,0
DA:530,0
DA:531,0
DA:532,0
DA:534,0
DA:536,0
DA:539,0
DA:540,0
DA:541,0
DA:542,0
DA:543,0
DA:544,0
DA:545,0
DA:547,0
DA:551,6
DA:552,6
DA:553,2
DA:554,2
DA:555,2
DA:556,0
DA:557,0
DA:559,6
DA:565,10
DA:566,10
DA:567,10
DA:568,4
DA:570,6
DA:572,10
DA:576,0
DA:577,0
DA:578,0
DA:579,0
DA:580,0
DA:581,0
DA:583,0
DA:587,0
DA:588,0
DA:589,0
DA:590,0
DA:591,0
DA:592,0
DA:594,0
DA:598,11
DA:599,11
DA:600,11
DA:604,89
DA:605,89
DA:606,18
DA:607,19
DA:608,26
DA:609,10
DA:610,16
DA:612,89
DA:616,21
DA:617,21
DA:618,1
DA:619,13
DA:620,2
DA:621,0
DA:622,0
DA:624,1
DA:625,1
DA:626,2
DA:627,2
DA:629,1
DA:631,21
DA:635,0
DA:636,0
DA:637,0
DA:641,0
DA:642,0
DA:643,0
DA:644,0
DA:645,0
DA:646,0
DA:647,0
DA:648,0
DA:649,0
DA:650,0
DA:651,0
DA:652,0
DA:653,0
DA:655,0
DA:662,2
DA:663,2
DA:664,2
DA:668,1
DA:669,1
DA:670,1
DA:674,1
DA:675,1
DA:676,1
DA:680,116
DA:684,462
DA:685,462
DA:686,462
DA:690,75
DA:691,75
DA:692,75
DA:696,216
DA:697,216
DA:698,60
DA:699,216
DA:701,58
DA:712,4
DA:713,4
DA:714,4
DA:716,25
DA:717,25
DA:718,25
DA:722,259
DA:723,259
DA:724,259
DA:728,53
DA:729,53
DA:730,53
DA:733,7
DA:734,7
DA:735,7
DA:736,7
DA:738,11
DA:739,11
DA:740,11
DA:742,62
DA:743,62
DA:744,62
DA:746,2
DA:747,2
DA:748,2
DA:750,46
DA:751,46
DA:752,46
DA:754,13
DA:755,13
DA:756,2
DA:757,11
DA:759,13
DA:760,4
DA:761,2
DA:762,2
DA:763,9
DA:764,13
DA:769,71
DA:770,71
DA:774,40
DA:775,40
DA:776,2
DA:780,2
DA:781,2
DA:782,2
DA:783,2
DA:784,2
DA:785,2
DA:786,2
DA:787,2
DA:788,2
DA:789,1
DA:791,1
DA:798,29
DA:799,29
DA:800,29
DA:801,29
DA:803,71
DA:805,114
DA:806,114
DA:807,103
DA:809,11
DA:811,114
DA:815,28
DA:816,28
DA:817,28
DA:818,28
DA:819,28
DA:820,28
DA:821,28
DA:822,28
DA:823,28
DA:824,28
DA:825,28
DA:826,28
DA:827,28
DA:828,28
DA:829,28
DA:830,28
DA:831,28
DA:832,28
DA:833,28
DA:834,28
DA:835,28
DA:836,28
DA:837,28
DA:838,28
DA:839,28
DA:840,28
DA:841,28
DA:842,28
DA:843,28
DA:844,28
DA:845,28
DA:846,28
DA:847,28
DA:848,28
DA:849,28
DA:853,26
DA:854,26
DA:855,1
DA:856,0
DA:857,0
DA:858,0
DA:859,0
DA:860,0
DA:861,0
DA:862,1
DA:863,0
DA:864,1
DA:865,1
DA:866,0
DA:867,0
DA:868,1
DA:869,1
DA:870,1
DA:871,1
DA:872,1
DA:873,1
DA:874,1
DA:875,1
DA:876,1
DA:877,1
DA:878,1
DA:879,1
DA:880,1
DA:881,1
DA:882,1
DA:883,1
DA:884,1
DA:885,1
DA:886,1
DA:887,1
DA:888,1
DA:889,1
DA:891,25
DA:894,7
DA:895,7
DA:896,7
DA:897,5
DA:898,2
DA:899,2
DA:900,1
DA:902,6
DA:911,1
DA:912,1
DA:913,1
DA:914,1
DA:915,1
DA:916,1
DA:917,1
DA:918,1
DA:919,1
DA:920,1
DA:921,1
DA:923,6
DA:924,5
DA:925,5
DA:926,5
DA:927,5
DA:930,11
DA:931,10
DA:932,10
DA:933,10
DA:934,10
DA:936,1
DA:940,1
DA:941,1
DA:942,1
DA:945,1
DA:946,1
DA:947,1
DA:948,1
DA:949,1
DA:950,1
DA:951,1
DA:952,1
DA:956,1
DA:957,1
DA:958,1
DA:961,1
DA:962,1
DA:963,1
DA:964,1
DA:965,1
DA:966,1
DA:967,1
DA:968,1
DA:969,1
DA:970,1
DA:971,1
DA:972,1
DA:973,1
DA:974,1
DA:975,1
DA:976,1
DA:977,1
DA:978,1
DA:979,1
DA:982,1
DA:983,1
DA:984,1
DA:985,1
DA:986,1
DA:987,1
DA:988,1
DA:989,1
DA:990,1
DA:993,1
DA:994,1
DA:995,1
DA:996,1
DA:999,1
DA:1002,1
DA:1003,1
DA:1004,1
DA:1005,1
DA:1007,1
DA:1008,1
DA:1009,1
DA:1010,1
DA:1011,1
DA:1012,1
DA:1013,1
DA:1014,1
DA:1015,1
DA:1016,1
DA:1017,1
DA:1020,1
DA:1021,1
DA:1022,1
DA:1023,1
DA:1024,1
DA:1025,1
DA:1026,1
DA:1029,1
DA:1030,1
DA:1031,1
DA:1032,1
DA:1033,1
DA:1034,1
DA:1035,1
DA:1038,1
DA:1039,1
DA:1040,1
DA:1041,1
DA:1042,1
DA:1043,1
DA:1044,1
DA:1045,1
DA:1046,1
DA:1049,1
DA:1050,1
DA:1051,1
DA:1052,1
DA:1053,1
DA:1054,1
DA:1055,1
DA:1056,1
DA:1057,1
DA:1058,1
DA:1059,1
DA:1060,1
DA:1061,1
DA:1062,1
DA:1063,1
DA:1066,1
DA:1067,1
DA:1068,1
DA:1069,1
DA:1070,1
DA:1071,1
DA:1072,1
DA:1073,1
DA:1074,1
DA:1075,1
DA:1076,1
DA:1079,1
DA:1080,1
DA:1081,1
DA:1082,1
DA:1083,1
DA:1084,1
DA:1085,1
DA:1086,1
DA:1087,1
DA:1090,1
DA:1091,1
DA:1092,1
DA:1093,1
DA:1094,1
DA:1095,1
DA:1096,1
DA:1097,1
DA:1098,1
DA:1099,1
DA:1102,1
DA:1103,1
DA:1104,1
DA:1105,1
DA:1106,1
DA:1107,1
DA:1108,1
DA:1109,1
DA:1110,1
DA:1111,1
DA:1112,1
DA:1113,1
DA:1114,1
DA:1115,1
DA:1116,1
DA:1117,1
DA:1118,1
DA:1121,1
DA:1122,1
DA:1123,1
DA:1124,1
DA:1125,1
DA:1126,1
DA:1127,1
DA:1130,1
DA:1131,1
DA:1132,1
DA:1133,1
DA:1134,1
DA:1135,1
DA:1136,1
DA:1137,1
DA:1138,1
DA:1139,1
DA:1140,1
DA:1143,1
DA:1144,1
DA:1145,1
DA:1146,1
DA:1147,1
DA:1148,1
DA:1149,1
DA:1150,1
DA:1152,1
DA:1212,1
DA:1213,1
DA:1214,1
DA:1215,1
DA:1216,1
DA:1217,1
DA:1218,1
DA:1219,1
DA:1220,1
DA:1221,1
DA:1222,1
DA:1223,1
DA:1224,1
DA:1225,1
DA:1226,1
DA:1227,1
DA:1228,1
DA:1229,1
DA:1230,1
DA:1231,1
DA:1232,1
DA:1233,1
DA:1234,1
DA:1237,1
DA:1238,1
DA:1239,1
DA:1240,1
DA:1241,1
DA:1242,1
DA:1243,1
DA:1244,1
DA:1245,1
DA:1246,1
DA:1247,1
DA:1248,1
DA:1251,1
DA:1252,1
DA:1253,1
DA:1254,1
DA:1255,1
DA:1258,1
DA:1259,1
DA:1260,1
DA:1261,1
DA:1262,1
DA:1265,1
DA:1266,1
DA:1267,1
DA:1268,1
DA:1269,1
DA:1270,1
DA:1271,1
DA:1272,1
DA:1273,1
DA:1274,1
DA:1277,1
DA:1278,1
DA:1279,1
DA:1280,2
DA:1281,2
DA:1282,1
DA:1283,1
DA:1284,0
DA:1286,2
DA:1288,1
DA:1289,1
DA:1292,1
DA:1293,1
DA:1294,1
DA:1295,1
DA:1296,1
DA:1297,1
DA:1298,1
DA:1299,1
DA:1300,1
DA:1301,1
DA:1302,1
DA:1303,1
DA:1304,1
DA:1307,1
DA:1308,1
DA:1311,1
DA:1312,1
DA:1315,1
DA:1316,1
DA:1317,1
DA:1320,1
DA:1321,1
DA:1322,1
DA:1323,1
DA:1326,1
DA:1327,1
DA:1328,1
DA:1331,1
DA:1332,1
DA:1333,1
DA:1334,1
DA:1335,1
DA:1336,1
DA:1337,1
DA:1338,1
DA:1339,1
DA:1340,1
DA:1341,1
DA:1342,1
DA:1343,1
DA:1344,1
DA:1345,1
DA:1346,1
DA:1347,1
DA:1348,1
DA:1349,1
DA:1352,1
DA:1353,1
DA:1354,1
DA:1355,1
DA:1356,1
DA:1357,1
DA:1358,1
DA:1359,1
DA:1360,1
DA:1361,1
DA:1362,1
DA:1363,1
DA:1364,1
DA:1365,1
DA:1366,1
DA:1367,1
DA:1368,1
DA:1369,1
DA:1370,1
DA:1371,1
DA:1372,1
DA:1373,1
DA:1374,1
DA:1375,1
DA:1376,1
DA:1377,1
DA:1378,1
DA:1379,1
DA:1380,1
DA:1381,1
BRF:0
BRH:0
LF:879
LH:781
end_of_record
SF:/Users/dan/dev/callisto/callisto/src/tests.rs
FN:301,_RNCNvNtCs7Mo7RppkHCU_8callisto5testss_19test_update_missile0B5_
FN:572,_RNCNvNtCs7Mo7RppkHCU_8callisto5testss_22test_exhausted_missile0B5_
FN:665,_RNCNvNtCs7Mo7RppkHCU_8callisto5testss_14test_big_fight0B5_
FN:674,_RNCNvNtCs7Mo7RppkHCU_8callisto5testss_14test_big_fights_0B5_
FN:683,_RNCNvNtCs7Mo7RppkHCU_8callisto5testss_14test_big_fights0_0B5_
FN:775,_RNCNvNtCs7Mo7RppkHCU_8callisto5testss_20test_fight_with_crew0B5_
FN:784,_RNCNvNtCs7Mo7RppkHCU_8callisto5testss_20test_fight_with_crews_0B5_
FN:793,_RNCNvNtCs7Mo7RppkHCU_8callisto5testss_20test_fight_with_crews0_0B5_
FN:1029,_RNCNvNtCs7Mo7RppkHCU_8callisto5testss_25test_missile_impact_close0B5_
FN:1038,_RNCNvNtCs7Mo7RppkHCU_8callisto5testss_25test_missile_impact_closes_0B5_
FN:1069,_RNCNvNtCs7Mo7RppkHCU_8callisto5testss_25test_missile_impact_closes0_0B5_
FN:1078,_RNCNvNtCs7Mo7RppkHCU_8callisto5testss_25test_missile_impact_closes1_0B5_
FN:24,_RNvNtCs7Mo7RppkHCU_8callisto5tests22setup_test_with_server
FN:35,_RNvNtCs7Mo7RppkHCU_8callisto5testss_15test_simple_get
FN:45,_RNvNtCs7Mo7RppkHCU_8callisto5testss_13test_add_ship
FN:81,_RNvNtCs7Mo7RppkHCU_8callisto5testss_20test_add_planet_ship
FN:246,_RNvNtCs7Mo7RppkHCU_8callisto5testss_16test_update_ship
FN:273,_RNvNtCs7Mo7RppkHCU_8callisto5testss_19test_update_missile
FN:351,_RNvNtCs7Mo7RppkHCU_8callisto5testss_16test_remove_ship
FN:375,_RNvNtCs7Mo7RppkHCU_8callisto5testss_21test_set_acceleration
FN:410,_RNvNtCs7Mo7RppkHCU_8callisto5testss_23test_compute_path_basic
FN:472,_RNvNtCs7Mo7RppkHCU_8callisto5testss_31test_compute_path_with_standoff
FN:531,_RNvNtCs7Mo7RppkHCU_8callisto5testss_22test_exhausted_missile
FN:580,_RNvNtCs7Mo7RppkHCU_8callisto5testss_17test_destroy_ship
FN:621,_RNvNtCs7Mo7RppkHCU_8callisto5testss_14test_big_fight
FN:720,_RNvNtCs7Mo7RppkHCU_8callisto5testss_20test_fight_with_crew
FN:720,_RNvNtNvNtCs7Mo7RppkHCU_8callisto5testss_20test_fight_with_crew4init4init
FN:830,_RNvNtCs7Mo7RppkHCU_8callisto5testss_13test_slugfest
FN:830,_RNvNtNvNtCs7Mo7RppkHCU_8callisto5testss_13test_slugfest4init4init
FN:924,_RNvNtCs7Mo7RppkHCU_8callisto5testss_17test_get_entities
FN:991,_RNvNtCs7Mo7RppkHCU_8callisto5testss_16test_get_designs
FN:1001,_RNvNtCs7Mo7RppkHCU_8callisto5testss_25test_missile_impact_close
FN:1092,_RNvNtCs7Mo7RppkHCU_8callisto5testss_16test_set_agility
FN:1092,_RNvNtNvNtCs7Mo7RppkHCU_8callisto5testss_16test_set_agility4init4init
FN:1136,_RNvNtCs7Mo7RppkHCU_8callisto5testss_32test_set_crew_actions_aid_gunner
FNDA:5,_RNCNvNtCs7Mo7RppkHCU_8callisto5testss_19test_update_missile0B5_
FNDA:3,_RNCNvNtCs7Mo7RppkHCU_8callisto5testss_22test_exhausted_missile0B5_
FNDA:22,_RNCNvNtCs7Mo7RppkHCU_8callisto5testss_14test_big_fight0B5_
FNDA:6,_RNCNvNtCs7Mo7RppkHCU_8callisto5testss_14test_big_fights_0B5_
FNDA:7,_RNCNvNtCs7Mo7RppkHCU_8callisto5testss_14test_big_fights0_0B5_
FNDA:21,_RNCNvNtCs7Mo7RppkHCU_8callisto5testss_20test_fight_with_crew0B5_
FNDA:4,_RNCNvNtCs7Mo7RppkHCU_8callisto5testss_20test_fight_with_crews_0B5_
FNDA:5,_RNCNvNtCs7Mo7RppkHCU_8callisto5testss_20test_fight_with_crews0_0B5_
FNDA:5,_RNCNvNtCs7Mo7RppkHCU_8callisto5testss_25test_missile_impact_close0B5_
FNDA:5,_RNCNvNtCs7Mo7RppkHCU_8callisto5testss_25test_missile_impact_closes_0B5_
FNDA:5,_RNCNvNtCs7Mo7RppkHCU_8callisto5testss_25test_missile_impact_closes0_0B5_
FNDA:5,_RNCNvNtCs7Mo7RppkHCU_8callisto5testss_25test_missile_impact_closes1_0B5_
FNDA:19,_RNvNtCs7Mo7RppkHCU_8callisto5tests22setup_test_with_server
FNDA:1,_RNvNtCs7Mo7RppkHCU_8callisto5testss_15test_simple_get
FNDA:1,_RNvNtCs7Mo7RppkHCU_8callisto5testss_13test_add_ship
FNDA:1,_RNvNtCs7Mo7RppkHCU_8callisto5testss_20test_add_planet_ship
FNDA:1,_RNvNtCs7Mo7RppkHCU_8callisto5testss_16test_update_ship
FNDA:1,_RNvNtCs7Mo7RppkHCU_8callisto5testss_19test_update_missile
FNDA:1,_RNvNtCs7Mo7RppkHCU_8callisto5testss_16test_remove_ship
FNDA:1,_RNvNtCs7Mo7RppkHCU_8callisto5testss_21test_set_acceleration
FNDA:1,_RNvNtCs7Mo7RppkHCU_8callisto5testss_23test_compute_path_basic
FNDA:1,_RNvNtCs7Mo7RppkHCU_8callisto5testss_31test_compute_path_with_standoff
FNDA:1,_RNvNtCs7Mo7RppkHCU_8callisto5testss_22test_exhausted_missile
FNDA:1,_RNvNtCs7Mo7RppkHCU_8callisto5testss_17test_destroy_ship
FNDA:1,_RNvNtCs7Mo7RppkHCU_8callisto5testss_14test_big_fight
FNDA:1,_RNvNtCs7Mo7RppkHCU_8callisto5testss_20test_fight_with_crew
FNDA:1,_RNvNtNvNtCs7Mo7RppkHCU_8callisto5testss_20test_fight_with_crew4init4init
FNDA:1,_RNvNtCs7Mo7RppkHCU_8callisto5testss_13test_slugfest
FNDA:1,_RNvNtNvNtCs7Mo7RppkHCU_8callisto5testss_13test_slugfest4init4init
FNDA:1,_RNvNtCs7Mo7RppkHCU_8callisto5testss_17test_get_entities
FNDA:1,_RNvNtCs7Mo7RppkHCU_8callisto5testss_16test_get_designs
FNDA:1,_RNvNtCs7Mo7RppkHCU_8callisto5testss_25test_missile_impact_close
FNDA:1,_RNvNtCs7Mo7RppkHCU_8callisto5testss_16test_set_agility
FNDA:1,_RNvNtNvNtCs7Mo7RppkHCU_8callisto5testss_16test_set_agility4init4init
FNDA:1,_RNvNtCs7Mo7RppkHCU_8callisto5testss_32test_set_crew_actions_aid_gunner
FNF:35
FNH:35
DA:24,19
DA:25,19
DA:26,19
DA:27,19
DA:28,19
DA:29,19
DA:35,1
DA:36,1
DA:37,1
DA:38,1
DA:39,1
DA:45,1
DA:46,1
DA:47,1
DA:48,1
DA:49,1
DA:50,1
DA:51,1
DA:52,1
DA:53,1
DA:54,1
DA:55,1
DA:56,1
DA:57,1
DA:58,1
DA:59,1
DA:60,1
DA:62,1
DA:63,1
DA:64,1
DA:65,1
DA:66,1
DA:67,1
DA:68,1
DA:69,1
DA:70,1
DA:71,1
DA:72,1
DA:73,1
DA:74,1
DA:75,1
DA:81,1
DA:82,1
DA:83,1
DA:84,1
DA:85,1
DA:86,1
DA:87,1
DA:88,1
DA:90,1
DA:91,1
DA:92,1
DA:93,1
DA:94,1
DA:96,1
DA:97,1
DA:98,1
DA:99,1
DA:100,1
DA:101,1
DA:102,1
DA:103,1
DA:104,1
DA:105,1
DA:106,1
DA:107,1
DA:108,1
DA:109,1
DA:110,1
DA:111,1
DA:112,1
DA:113,1
DA:114,1
DA:115,1
DA:116,1
DA:117,1
DA:118,1
DA:119,1
DA:120,1
DA:121,1
DA:122,1
DA:123,1
DA:124,1
DA:125,1
DA:126,1
DA:127,1
DA:128,1
DA:129,1
DA:130,1
DA:131,1
DA:132,1
DA:133,1
DA:135,1
DA:136,1
DA:137,1
DA:138,1
DA:139,1
DA:140,1
DA:142,1
DA:143,1
DA:144,1
DA:145,1
DA:146,1
DA:147,1
DA:148,1
DA:149,1
DA:150,1
DA:151,1
DA:152,1
DA:153,1
DA:154,1
DA:155,1
DA:156,1
DA:157,1
DA:158,1
DA:159,1
DA:160,1
DA:161,1
DA:162,1
DA:163,1
DA:164,1
DA:165,1
DA:166,1
DA:167,1
DA:168,1
DA:169,1
DA:170,1
DA:171,1
DA:172,1
DA:173,1
DA:174,1
DA:175,1
DA:176,1
DA:177,1
DA:178,1
DA:179,1
DA:180,1
DA:181,1
DA:182,1
DA:183,1
DA:184,1
DA:185,1
DA:187,1
DA:188,1
DA:189,1
DA:190,1
DA:191,1
DA:193,1
DA:194,1
DA:195,1
DA:196,1
DA:197,1
DA:198,1
DA:199,1
DA:200,1
DA:201,1
DA:202,1
DA:203,1
DA:204,1
DA:205,1
DA:206,1
DA:207,1
DA:208,1
DA:209,1
DA:210,1
DA:211,1
DA:212,1
DA:213,1
DA:214,1
DA:215,1
DA:216,1
DA:217,1
DA:218,1
DA:219,1
DA:220,1
DA:221,1
DA:222,1
DA:223,1
DA:224,1
DA:225,1
DA:226,1
DA:227,1
DA:228,1
DA:229,1
DA:230,1
DA:231,1
DA:232,1
DA:233,1
DA:234,1
DA:235,1
DA:236,1
DA:237,1
DA:238,1
DA:239,1
DA:240,1
DA:246,1
DA:247,1
DA:248,1
DA:249,1
DA:250,1
DA:251,1
DA:252,1
DA:253,1
DA:255,1
DA:256,1
DA:258,1
DA:259,1
DA:260,1
DA:261,1
DA:262,1
DA:263,1
DA:264,1
DA:265,1
DA:266,1
DA:273,1
DA:274,1
DA:275,1
DA:276,1
DA:277,1
DA:278,1
DA:279,1
DA:280,1
DA:282,1
DA:283,1
DA:284,1
DA:285,1
DA:286,1
DA:288,1
DA:289,1
DA:290,1
DA:291,1
DA:292,1
DA:293,1
DA:294,1
DA:295,1
DA:296,1
DA:297,1
DA:298,1
DA:299,1
DA:300,1
DA:301,5
DA:302,1
DA:303,1
DA:304,1
DA:306,1
DA:307,1
DA:308,1
DA:309,1
DA:310,1
DA:311,1
DA:312,1
DA:313,1
DA:314,1
DA:315,1
DA:316,1
DA:317,1
DA:318,1
DA:319,1
DA:320,1
DA:321,1
DA:322,1
DA:323,1
DA:324,1
DA:325,1
DA:326,1
DA:327,1
DA:328,1
DA:329,1
DA:330,1
DA:331,1
DA:332,1
DA:333,1
DA:334,1
DA:335,1
DA:336,1
DA:337,1
DA:338,1
DA:339,1
DA:340,1
DA:341,1
DA:342,1
DA:343,1
DA:344,1
DA:345,1
DA:351,1
DA:352,1
DA:353,1
DA:354,1
DA:355,1
DA:356,1
DA:357,1
DA:359,1
DA:360,1
DA:362,1
DA:363,1
DA:364,1
DA:367,1
DA:368,1
DA:369,1
DA:375,1
DA:376,1
DA:377,1
DA:378,1
DA:379,1
DA:380,1
DA:381,1
DA:382,1
DA:384,1
DA:385,1
DA:386,1
DA:387,1
DA:388,1
DA:389,1
DA:390,1
DA:391,1
DA:393,1
DA:394,1
DA:395,1
DA:397,1
DA:398,1
DA:399,1
DA:400,1
DA:401,1
DA:402,1
DA:403,1
DA:404,1
DA:410,1
DA:411,1
DA:412,1
DA:413,1
DA:414,1
DA:415,1
DA:416,1
DA:417,1
DA:419,1
DA:420,1
DA:421,1
DA:422,1
DA:423,1
DA:424,1
DA:425,1
DA:426,1
DA:427,1
DA:428,1
DA:429,1
DA:430,1
DA:431,1
DA:432,1
DA:433,1
DA:434,1
DA:435,1
DA:436,1
DA:437,1
DA:438,1
DA:439,1
DA:440,1
DA:441,1
DA:442,1
DA:443,1
DA:444,1
DA:445,1
DA:446,1
DA:447,1
DA:448,1
DA:449,1
DA:450,1
DA:451,1
DA:452,1
DA:453,1
DA:455,1
DA:456,1
DA:457,1
DA:458,1
DA:459,1
DA:460,1
DA:461,1
DA:462,1
DA:463,1
DA:464,1
DA:466,0
DA:468,1
DA:469,1
DA:472,1
DA:473,1
DA:474,1
DA:475,1
DA:476,1
DA:477,1
DA:478,1
DA:479,1
DA:481,1
DA:482,1
DA:483,1
DA:484,1
DA:485,1
DA:486,1
DA:487,1
DA:488,1
DA:489,1
DA:490,1
DA:491,1
DA:492,1
DA:493,1
DA:494,1
DA:495,1
DA:496,1
DA:497,1
DA:498,1
DA:499,1
DA:500,1
DA:501,1
DA:502,1
DA:503,1
DA:504,1
DA:505,1
DA:506,1
DA:507,1
DA:508,1
DA:509,1
DA:510,1
DA:511,1
DA:512,1
DA:514,1
DA:515,1
DA:516,1
DA:517,1
DA:518,1
DA:519,1
DA:520,1
DA:521,1
DA:522,1
DA:523,1
DA:525,0
DA:527,1
DA:528,1
DA:531,1
DA:532,1
DA:533,1
DA:534,1
DA:535,1
DA:536,1
DA:537,1
DA:538,1
DA:539,1
DA:542,1
DA:543,1
DA:544,1
DA:545,1
DA:546,1
DA:549,1
DA:550,1
DA:551,1
DA:552,1
DA:553,1
DA:554,1
DA:555,1
DA:557,0
DA:561,10
DA:562,9
DA:563,9
DA:567,1
DA:568,1
DA:569,1
DA:570,1
DA:571,1
DA:572,3
DA:573,1
DA:575,0
DA:577,1
DA:580,1
DA:581,1
DA:582,1
DA:583,1
DA:584,1
DA:585,1
DA:586,1
DA:589,1
DA:590,1
DA:591,1
DA:592,1
DA:593,1
DA:596,1
DA:597,1
DA:598,1
DA:599,1
DA:600,1
DA:601,1
DA:602,1
DA:603,1
DA:604,1
DA:605,1
DA:606,1
DA:607,1
DA:608,1
DA:609,1
DA:610,1
DA:611,1
DA:612,1
DA:613,1
DA:614,1
DA:615,1
DA:616,1
DA:617,1
DA:618,1
DA:621,1
DA:622,1
DA:623,1
DA:624,1
DA:625,1
DA:626,1
DA:627,1
DA:628,1
DA:630,1
DA:631,1
DA:632,1
DA:633,1
DA:634,1
DA:636,1
DA:637,1
DA:638,1
DA:639,1
DA:640,1
DA:641,1
DA:642,1
DA:643,1
DA:644,1
DA:645,1
DA:646,1
DA:647,1
DA:648,1
DA:649,1
DA:650,1
DA:651,1
DA:652,1
DA:653,1
DA:654,1
DA:655,1
DA:656,1
DA:657,1
DA:658,1
DA:659,1
DA:660,1
DA:661,1
DA:662,1
DA:663,1
DA:664,1
DA:665,22
DA:666,22
DA:667,15
DA:669,7
DA:671,22
DA:672,1
DA:673,1
DA:674,6
DA:675,6
DA:676,6
DA:677,6
DA:678,6
DA:679,1
DA:680,1
DA:681,1
DA:682,1
DA:683,7
DA:684,1
DA:685,1
DA:686,1
DA:688,1
DA:689,1
DA:690,1
DA:691,1
DA:692,1
DA:693,1
DA:694,1
DA:695,1
DA:696,1
DA:697,1
DA:698,1
DA:699,1
DA:700,1
DA:701,1
DA:702,1
DA:703,1
DA:704,1
DA:705,1
DA:706,1
DA:707,1
DA:708,1
DA:709,1
DA:710,1
DA:711,1
DA:712,1
DA:713,1
DA:714,1
DA:715,1
DA:716,1
DA:717,1
DA:718,1
DA:720,1
DA:775,21
DA:776,21
DA:777,16
DA:779,5
DA:781,21
DA:784,4
DA:785,4
DA:786,4
DA:787,4
DA:788,4
DA:793,5
DA:830,1
DA:924,1
DA:925,1
DA:926,1
DA:927,1
DA:928,1
DA:929,1
DA:930,1
DA:931,1
DA:932,1
DA:933,1
DA:936,1
DA:937,1
DA:938,1
DA:939,1
DA:940,1
DA:941,1
DA:942,1
DA:943,1
DA:944,1
DA:945,1
DA:946,1
DA:947,1
DA:948,1
DA:949,1
DA:950,1
DA:951,1
DA:952,1
DA:953,1
DA:954,1
DA:955,1
DA:956,1
DA:957,1
DA:958,1
DA:959,1
DA:960,1
DA:961,1
DA:962,1
DA:963,1
DA:964,1
DA:965,1
DA:966,1
DA:967,1
DA:968,1
DA:969,1
DA:970,1
DA:971,1
DA:972,1
DA:973,1
DA:974,1
DA:975,1
DA:976,1
DA:979,1
DA:980,1
DA:981,1
DA:982,1
DA:983,1
DA:986,1
DA:987,1
DA:991,1
DA:992,1
DA:993,1
DA:994,1
DA:995,1
DA:996,1
DA:997,1
DA:998,1
DA:1001,1
DA:1002,1
DA:1003,1
DA:1004,1
DA:1005,1
DA:1006,1
DA:1007,1
DA:1008,1
DA:1009,1
DA:1012,1
DA:1013,1
DA:1014,1
DA:1015,1
DA:1016,1
DA:1019,1
DA:1020,1
DA:1021,1
DA:1022,1
DA:1023,1
DA:1024,1
DA:1025,1
DA:1026,1
DA:1027,1
DA:1028,1
DA:1029,5
DA:1030,0
DA:1035,1
DA:1036,1
DA:1037,1
DA:1038,5
DA:1039,0
DA:1043,1
DA:1044,1
DA:1045,1
DA:1046,1
DA:1047,1
DA:1048,0
DA:1052,1
DA:1053,1
DA:1054,1
DA:1055,1
DA:1056,1
DA:1059,1
DA:1060,1
DA:1061,1
DA:1062,1
DA:1063,1
DA:1064,1
DA:1065,1
DA:1066,1
DA:1067,1
DA:1068,1
DA:1069,5
DA:1070,0
DA:1075,1
DA:1076,1
DA:1077,1
DA:1078,5
DA:1079,0
DA:1083,1
DA:1084,1
DA:1085,1
DA:1086,1
DA:1087,1
DA:1088,0
DA:1090,1
DA:1092,1
DA:1136,1
DA:1137,1
DA:1138,1
DA:1139,1
DA:1140,1
DA:1141,1
DA:1142,1
DA:1143,1
DA:1144,1
DA:1147,1
DA:1148,1
DA:1149,1
DA:1150,1
DA:1151,1
DA:1152,1
DA:1155,1
DA:1156,1
DA:1157,1
DA:1160,1
DA:1161,1
DA:1162,1
DA:1163,1
DA:1164,1
DA:1165,1
DA:1168,1
DA:1169,1
DA:1170,1
DA:1173,1
DA:1174,1
DA:1175,1
DA:1176,1
DA:1177,1
DA:1179,1
DA:1180,1
DA:1181,1
DA:1182,1
DA:1183,1
DA:1184,1
DA:1185,1
DA:1186,1
DA:1187,1
DA:1188,1
DA:1191,1
DA:1192,1
DA:1193,1
DA:1194,1
DA:1195,1
DA:1196,1
BRF:0
BRH:0
LF:805
LH:795
end_of_record