SF:/Users/dan/dev/callisto/callisto/src/authentication.rs
FN:165,_RNCNCNvMs_NtCs24HmxZt1CvP_8callisto14authenticationNtB8_19GoogleAuthenticator24fetch_google_public_keys00Cs7HOTlFOITGX_8callisto
FN:63,_RNCNCNvNtCs24HmxZt1CvP_8callisto14authentication21load_authorized_users00Cs7HOTlFOITGX_8callisto
FN:410,_RNCNCNvNtCs24HmxZt1CvP_8callisto14authentication31load_authorized_users_from_file00Cs7HOTlFOITGX_8callisto
FN:148,_RNCNvMs_NtCs24HmxZt1CvP_8callisto14authenticationNtB6_19GoogleAuthenticator24fetch_google_public_keys0Cs7HOTlFOITGX_8callisto
FN:60,_RNCNvNtCs24HmxZt1CvP_8callisto14authentication21load_authorized_users0Cs7HOTlFOITGX_8callisto
FN:408,_RNCNvNtCs24HmxZt1CvP_8callisto14authentication31load_authorized_users_from_file0Cs7HOTlFOITGX_8callisto
FN:182,_RNCNvMs_NtCs24HmxZt1CvP_8callisto14authenticationNtB6_19GoogleAuthenticator23load_google_credentials0B8_
FN:185,_RNCNvMs_NtCs24HmxZt1CvP_8callisto14authenticationNtB6_19GoogleAuthenticator23load_google_credentialss_0B8_
FN:197,_RNCNvNtCs24HmxZt1CvP_8callisto14authentication18generic_on_request0B5_
FN:203,_RNCNCNvNtCs24HmxZt1CvP_8callisto14authentication18generic_on_request00B7_
FN:218,_RNCNvNtCs24HmxZt1CvP_8callisto14authentication18generic_on_requests_0B5_
FN:221,_RNCNCNvNtCs24HmxZt1CvP_8callisto14authentication18generic_on_requests_00B7_
FN:221,_RNCNCNCNvNtCs24HmxZt1CvP_8callisto14authentication18generic_on_requests_000B9_
FN:285,_RNCNvXs9_NtCs24HmxZt1CvP_8callisto14authenticationNtB7_19GoogleAuthenticatorNtB7_13Authenticator17authenticate_user0B9_
FN:318,_RNCNCNvXs9_NtCs24HmxZt1CvP_8callisto14authenticationNtB9_19GoogleAuthenticatorNtB9_13Authenticator17authenticate_user00Bb_
FN:321,_RNCNCNvXs9_NtCs24HmxZt1CvP_8callisto14authenticationNtB9_19GoogleAuthenticatorNtB9_13Authenticator17authenticate_user0s_0Bb_
FN:327,_RNCNCNvXs9_NtCs24HmxZt1CvP_8callisto14authenticationNtB9_19GoogleAuthenticatorNtB9_13Authenticator17authenticate_user0s0_0Bb_
FN:330,_RNCNCNvXs9_NtCs24HmxZt1CvP_8callisto14authenticationNtB9_19GoogleAuthenticatorNtB9_13Authenticator17authenticate_user0s1_0Bb_
FN:337,_RNCNCNvXs9_NtCs24HmxZt1CvP_8callisto14authenticationNtB9_19GoogleAuthenticatorNtB9_13Authenticator17authenticate_user0s2_0Bb_
FN:461,_RNCNvXsc_NtCs24HmxZt1CvP_8callisto14authenticationNtB7_17MockAuthenticatorNtB7_13Authenticator17authenticate_user0B9_
FN:481,_RNCNCNvXsc_NtCs24HmxZt1CvP_8callisto14authenticationNtB9_17MockAuthenticatorNtB9_13Authenticator17authenticate_user00Bb_
FN:60,_RNCNvNtCs24HmxZt1CvP_8callisto14authentication21load_authorized_users0B5_
FN:63,_RNCNCNvNtCs24HmxZt1CvP_8callisto14authentication21load_authorized_users00B7_
FN:148,_RNCNvMs_NtCs24HmxZt1CvP_8callisto14authenticationNtB6_19GoogleAuthenticator24fetch_google_public_keys0B8_
FN:165,_RNCNCNvMs_NtCs24HmxZt1CvP_8callisto14authenticationNtB8_19GoogleAuthenticator24fetch_google_public_keys00Ba_
FN:408,_RNCNvNtCs24HmxZt1CvP_8callisto14authentication31load_authorized_users_from_file0B5_
FN:410,_RNCNCNvNtCs24HmxZt1CvP_8callisto14authentication31load_authorized_users_from_file00B7_
FN:60,_RNvNtCs24HmxZt1CvP_8callisto14authentication21load_authorized_users
FN:75,_RNvXNtCs24HmxZt1CvP_8callisto14authenticationNtB2_14HeaderCallbackNtNtNtCs3uussRAeG4T_11tungstenite9handshake6server8Callback10on_request
FN:123,_RNvMs_NtCs24HmxZt1CvP_8callisto14authenticationNtB4_19GoogleAuthenticator3new
FN:148,_RNvMs_NtCs24HmxZt1CvP_8callisto14authenticationNtB4_19GoogleAuthenticator24fetch_google_public_keys
FN:180,_RNvMs_NtCs24HmxZt1CvP_8callisto14authenticationNtB4_19GoogleAuthenticator23load_google_credentials
FN:191,_RNvNtCs24HmxZt1CvP_8callisto14authentication18generic_on_request
FN:408,_RNvNtCs24HmxZt1CvP_8callisto14authentication31load_authorized_users_from_file
FN:423,_RNvMs0_NtCs24HmxZt1CvP_8callisto14authenticationNtB5_17MockAuthenticator3new
FN:432,_RNvMs0_NtCs24HmxZt1CvP_8callisto14authenticationNtB5_17MockAuthenticator15mock_valid_code
FN:489,_RNvNtCs24HmxZt1CvP_8callisto14authentication20generate_session_key
FN:503,_RNvXs2_NtCs24HmxZt1CvP_8callisto14authenticationNtB5_17TokenTimeoutErrorNtNtCsdwlQpJenJj9_4core3fmt7Display3fmt
FN:512,_RNvXs3_NtCs24HmxZt1CvP_8callisto14authenticationNtB5_15InvalidKeyErrorNtNtCsdwlQpJenJj9_4core3fmt7Display3fmt
FN:523,_RNvXs5_NtCs24HmxZt1CvP_8callisto14authenticationNtB5_21UnauthorizedUserErrorNtNtCsdwlQpJenJj9_4core3fmt7Display3fmt
FN:263,_RNvXs9_NtCs24HmxZt1CvP_8callisto14authenticationNtB5_19GoogleAuthenticatorNtB5_13Authenticator14get_web_server
FN:267,_RNvXs9_NtCs24HmxZt1CvP_8callisto14authenticationNtB5_19GoogleAuthenticatorNtB5_13Authenticator9get_email
FN:271,_RNvXs9_NtCs24HmxZt1CvP_8callisto14authenticationNtB5_19GoogleAuthenticatorNtB5_13Authenticator15get_session_key
FN:275,_RNvXs9_NtCs24HmxZt1CvP_8callisto14authenticationNtB5_19GoogleAuthenticatorNtB5_13Authenticator9set_email
FN:279,_RNvXs9_NtCs24HmxZt1CvP_8callisto14authenticationNtB5_19GoogleAuthenticatorNtB5_13Authenticator15set_session_key
FN:385,_RNvXs9_NtCs24HmxZt1CvP_8callisto14authenticationNtB5_19GoogleAuthenticatorNtB5_13Authenticator17authenticate_user
FN:393,_RNvXs9_NtCs24HmxZt1CvP_8callisto14authenticationNtB5_19GoogleAuthenticatorNtB5_13Authenticator14validated_user
FN:439,_RNvXsc_NtCs24HmxZt1CvP_8callisto14authenticationNtB5_17MockAuthenticatorNtB5_13Authenticator14get_web_server
FN:443,_RNvXsc_NtCs24HmxZt1CvP_8callisto14authenticationNtB5_17MockAuthenticatorNtB5_13Authenticator9get_email
FN:447,_RNvXsc_NtCs24HmxZt1CvP_8callisto14authenticationNtB5_17MockAuthenticatorNtB5_13Authenticator15get_session_key
FN:451,_RNvXsc_NtCs24HmxZt1CvP_8callisto14authenticationNtB5_17MockAuthenticatorNtB5_13Authenticator9set_email
FN:455,_RNvXsc_NtCs24HmxZt1CvP_8callisto14authenticationNtB5_17MockAuthenticatorNtB5_13Authenticator15set_session_key
FN:482,_RNvXsc_NtCs24HmxZt1CvP_8callisto14authenticationNtB5_17MockAuthenticatorNtB5_13Authenticator17authenticate_user
FN:484,_RNvXsc_NtCs24HmxZt1CvP_8callisto14authenticationNtB5_17MockAuthenticatorNtB5_13Authenticator14validated_user
FN:75,_RNvXNtCsgE9SocY5l2l_8callisto14authenticationNtB2_14HeaderCallbackNtNtNtCs3uussRAeG4T_11tungstenite9handshake6server8Callback10on_request
FN:123,_RNvMs_NtCsgE9SocY5l2l_8callisto14authenticationNtB4_19GoogleAuthenticator3new
FN:191,_RNvNtCsgE9SocY5l2l_8callisto14authentication18generic_on_request
FN:197,_RNCNvNtCsgE9SocY5l2l_8callisto14authentication18generic_on_request0B5_
FN:203,_RNCNCNvNtCsgE9SocY5l2l_8callisto14authentication18generic_on_request00B7_
FN:218,_RNCNvNtCsgE9SocY5l2l_8callisto14authentication18generic_on_requests_0B5_
FN:221,_RNCNCNvNtCsgE9SocY5l2l_8callisto14authentication18generic_on_requests_00B7_
FN:221,_RNCNCNCNvNtCsgE9SocY5l2l_8callisto14authentication18generic_on_requests_000B9_
FN:263,_RNvXs9_NtCsgE9SocY5l2l_8callisto14authenticationNtB5_19GoogleAuthenticatorNtB5_13Authenticator14get_web_server
FN:267,_RNvXs9_NtCsgE9SocY5l2l_8callisto14authenticationNtB5_19GoogleAuthenticatorNtB5_13Authenticator9get_email
FN:271,_RNvXs9_NtCsgE9SocY5l2l_8callisto14authenticationNtB5_19GoogleAuthenticatorNtB5_13Authenticator15get_session_key
FN:275,_RNvXs9_NtCsgE9SocY5l2l_8callisto14authenticationNtB5_19GoogleAuthenticatorNtB5_13Authenticator9set_email
FN:279,_RNvXs9_NtCsgE9SocY5l2l_8callisto14authenticationNtB5_19GoogleAuthenticatorNtB5_13Authenticator15set_session_key
FN:385,_RNvXs9_NtCsgE9SocY5l2l_8callisto14authenticationNtB5_19GoogleAuthenticatorNtB5_13Authenticator17authenticate_user
FN:285,_RNCNvXs9_NtCsgE9SocY5l2l_8callisto14authenticationNtB7_19GoogleAuthenticatorNtB7_13Authenticator17authenticate_user0B9_
FN:318,_RNCNCNvXs9_NtCsgE9SocY5l2l_8callisto14authenticationNtB9_19GoogleAuthenticatorNtB9_13Authenticator17authenticate_user00Bb_
FN:321,_RNCNCNvXs9_NtCsgE9SocY5l2l_8callisto14authenticationNtB9_19GoogleAuthenticatorNtB9_13Authenticator17authenticate_user0s_0Bb_
FN:327,_RNCNCNvXs9_NtCsgE9SocY5l2l_8callisto14authenticationNtB9_19GoogleAuthenticatorNtB9_13Authenticator17authenticate_user0s0_0Bb_
FN:330,_RNCNCNvXs9_NtCsgE9SocY5l2l_8callisto14authenticationNtB9_19GoogleAuthenticatorNtB9_13Authenticator17authenticate_user0s1_0Bb_
FN:337,_RNCNCNvXs9_NtCsgE9SocY5l2l_8callisto14authenticationNtB9_19GoogleAuthenticatorNtB9_13Authenticator17authenticate_user0s2_0Bb_
FN:393,_RNvXs9_NtCsgE9SocY5l2l_8callisto14authenticationNtB5_19GoogleAuthenticatorNtB5_13Authenticator14validated_user
FN:489,_RNvNtCsgE9SocY5l2l_8callisto14authentication20generate_session_key
FN:503,_RNvXs2_NtCsgE9SocY5l2l_8callisto14authenticationNtB5_17TokenTimeoutErrorNtNtCsdwlQpJenJj9_4core3fmt7Display3fmt
FN:523,_RNvXs5_NtCsgE9SocY5l2l_8callisto14authenticationNtB5_21UnauthorizedUserErrorNtNtCsdwlQpJenJj9_4core3fmt7Display3fmt
FN:598,_RNvNtNtCsgE9SocY5l2l_8callisto14authentication5testss_23test_mock_authenticator
FN:620,_RNvNtNtCsgE9SocY5l2l_8callisto14authentication5testss_25test_bad_credentials_file
FN:620,_RNvNtNCNvNtNtCsgE9SocY5l2l_8callisto14authentication5testss_25test_bad_credentials_file04init4init
FN:633,_RNvNtNtCsgE9SocY5l2l_8callisto14authentication5testss_35test_load_authorized_users_from_gcs
FN:633,_RNvNtNCNvNtNtCsgE9SocY5l2l_8callisto14authentication5testss_35test_load_authorized_users_from_gcs04init4init
FN:641,_RNvNtNtCsgE9SocY5l2l_8callisto14authentication5testss_36test_load_authorized_users_from_file
FN:641,_RNvNtNCNvNtNtCsgE9SocY5l2l_8callisto14authentication5testss_36test_load_authorized_users_from_file04init4init
FN:648,_RNvNtNtCsgE9SocY5l2l_8callisto14authentication5testss_38test_load_google_credentials_from_file
FN:648,_RNvNtNCNvNtNtCsgE9SocY5l2l_8callisto14authentication5testss_38test_load_google_credentials_from_file04init4init
FN:657,_RNvNtNtCsgE9SocY5l2l_8callisto14authentication5testss_29test_fetch_google_public_keys
FN:657,_RNvNtNCNvNtNtCsgE9SocY5l2l_8callisto14authentication5testss_29test_fetch_google_public_keys04init4init
FN:60,_RNCNvNtCsgE9SocY5l2l_8callisto14authentication21load_authorized_users0B5_
FN:63,_RNCNCNvNtCsgE9SocY5l2l_8callisto14authentication21load_authorized_users00B7_
FN:148,_RNCNvMs_NtCsgE9SocY5l2l_8callisto14authenticationNtB6_19GoogleAuthenticator24fetch_google_public_keys0B8_
FN:165,_RNCNCNvMs_NtCsgE9SocY5l2l_8callisto14authenticationNtB8_19GoogleAuthenticator24fetch_google_public_keys00Ba_
FN:182,_RNCNvMs_NtCsgE9SocY5l2l_8callisto14authenticationNtB6_19GoogleAuthenticator23load_google_credentials0B8_
FN:185,_RNCNvMs_NtCsgE9SocY5l2l_8callisto14authenticationNtB6_19GoogleAuthenticator23load_google_credentialss_0B8_
FN:408,_RNCNvNtCsgE9SocY5l2l_8callisto14authentication31load_authorized_users_from_file0B5_
FN:410,_RNCNCNvNtCsgE9SocY5l2l_8callisto14authentication31load_authorized_users_from_file00B7_
FN:461,_RNCNvXsc_NtCsgE9SocY5l2l_8callisto14authenticationNtB7_17MockAuthenticatorNtB7_13Authenticator17authenticate_user0B9_
FN:481,_RNCNCNvXsc_NtCsgE9SocY5l2l_8callisto14authenticationNtB9_17MockAuthenticatorNtB9_13Authenticator17authenticate_user00Bb_
FN:60,_RNvNtCsgE9SocY5l2l_8callisto14authentication21load_authorized_users
FN:148,_RNvMs_NtCsgE9SocY5l2l_8callisto14authenticationNtB4_19GoogleAuthenticator24fetch_google_public_keys
FN:180,_RNvMs_NtCsgE9SocY5l2l_8callisto14authenticationNtB4_19GoogleAuthenticator23load_google_credentials
FN:408,_RNvNtCsgE9SocY5l2l_8callisto14authentication31load_authorized_users_from_file
FN:423,_RNvMs0_NtCsgE9SocY5l2l_8callisto14authenticationNtB5_17MockAuthenticator3new
FN:432,_RNvMs0_NtCsgE9SocY5l2l_8callisto14authenticationNtB5_17MockAuthenticator15mock_valid_code
FN:512,_RNvXs3_NtCsgE9SocY5l2l_8callisto14authenticationNtB5_15InvalidKeyErrorNtNtCsdwlQpJenJj9_4core3fmt7Display3fmt
FN:439,_RNvXsc_NtCsgE9SocY5l2l_8callisto14authenticationNtB5_17MockAuthenticatorNtB5_13Authenticator14get_web_server
FN:443,_RNvXsc_NtCsgE9SocY5l2l_8callisto14authenticationNtB5_17MockAuthenticatorNtB5_13Authenticator9get_email
FN:447,_RNvXsc_NtCsgE9SocY5l2l_8callisto14authenticationNtB5_17MockAuthenticatorNtB5_13Authenticator15get_session_key
FN:451,_RNvXsc_NtCsgE9SocY5l2l_8callisto14authenticationNtB5_17MockAuthenticatorNtB5_13Authenticator9set_email
FN:455,_RNvXsc_NtCsgE9SocY5l2l_8callisto14authenticationNtB5_17MockAuthenticatorNtB5_13Authenticator15set_session_key
FN:482,_RNvXsc_NtCsgE9SocY5l2l_8callisto14authenticationNtB5_17MockAuthenticatorNtB5_13Authenticator17authenticate_user
FN:484,_RNvXsc_NtCsgE9SocY5l2l_8callisto14authenticationNtB5_17MockAuthenticatorNtB5_13Authenticator14validated_user
FN:598,_RNCNvNtNtCsgE9SocY5l2l_8callisto14authentication5testss_23test_mock_authenticator0B7_
FNDA:0,_RNCNCNvMs_NtCs24HmxZt1CvP_8callisto14authenticationNtB8_19GoogleAuthenticator24fetch_google_public_keys00Cs7HOTlFOITGX_8callisto
FNDA:0,_RNCNCNvNtCs24HmxZt1CvP_8callisto14authentication21load_authorized_users00Cs7HOTlFOITGX_8callisto
FNDA:0,_RNCNCNvNtCs24HmxZt1CvP_8callisto14authentication31load_authorized_users_from_file00Cs7HOTlFOITGX_8callisto
FNDA:0,_RNCNvMs_NtCs24HmxZt1CvP_8callisto14authenticationNtB6_19GoogleAuthenticator24fetch_google_public_keys0Cs7HOTlFOITGX_8callisto
FNDA:0,_RNCNvNtCs24HmxZt1CvP_8callisto14authentication21load_authorized_users0Cs7HOTlFOITGX_8callisto
FNDA:0,_RNCNvNtCs24HmxZt1CvP_8callisto14authentication31load_authorized_users_from_file0Cs7HOTlFOITGX_8callisto
FNDA:0,_RNCNvMs_NtCs24HmxZt1CvP_8callisto14authenticationNtB6_19GoogleAuthenticator23load_google_credentials0B8_
FNDA:0,_RNCNvMs_NtCs24HmxZt1CvP_8callisto14authenticationNtB6_19GoogleAuthenticator23load_google_credentialss_0B8_
FNDA:100,_RNCNvNtCs24HmxZt1CvP_8callisto14authentication18generic_on_request0B5_
FNDA:0,_RNCNCNvNtCs24HmxZt1CvP_8callisto14authentication18generic_on_request00B7_
FNDA:0,_RNCNvNtCs24HmxZt1CvP_8callisto14authentication18generic_on_requests_0B5_
FNDA:0,_RNCNCNvNtCs24HmxZt1CvP_8callisto14authentication18generic_on_requests_00B7_
FNDA:0,_RNCNCNCNvNtCs24HmxZt1CvP_8callisto14authentication18generic_on_requests_000B9_
FNDA:0,_RNCNvXs9_NtCs24HmxZt1CvP_8callisto14authenticationNtB7_19GoogleAuthenticatorNtB7_13Authenticator17authenticate_user0B9_
FNDA:0,_RNCNCNvXs9_NtCs24HmxZt1CvP_8callisto14authenticationNtB9_19GoogleAuthenticatorNtB9_13Authenticator17authenticate_user00Bb_
FNDA:0,_RNCNCNvXs9_NtCs24HmxZt1CvP_8callisto14authenticationNtB9_19GoogleAuthenticatorNtB9_13Authenticator17authenticate_user0s_0Bb_
FNDA:0,_RNCNCNvXs9_NtCs24HmxZt1CvP_8callisto14authenticationNtB9_19GoogleAuthenticatorNtB9_13Authenticator17authenticate_user0s0_0Bb_
FNDA:0,_RNCNCNvXs9_NtCs24HmxZt1CvP_8callisto14authenticationNtB9_19GoogleAuthenticatorNtB9_13Authenticator17authenticate_user0s1_0Bb_
FNDA:0,_RNCNCNvXs9_NtCs24HmxZt1CvP_8callisto14authenticationNtB9_19GoogleAuthenticatorNtB9_13Authenticator17authenticate_user0s2_0Bb_
FNDA:19,_RNCNvXsc_NtCs24HmxZt1CvP_8callisto14authenticationNtB7_17MockAuthenticatorNtB7_13Authenticator17authenticate_user0B9_
FNDA:0,_RNCNCNvXsc_NtCs24HmxZt1CvP_8callisto14authenticationNtB9_17MockAuthenticatorNtB9_13Authenticator17authenticate_user00Bb_
FNDA:0,_RNCNvNtCs24HmxZt1CvP_8callisto14authentication21load_authorized_users0B5_
FNDA:0,_RNCNCNvNtCs24HmxZt1CvP_8callisto14authentication21load_authorized_users00B7_
FNDA:0,_RNCNvMs_NtCs24HmxZt1CvP_8callisto14authenticationNtB6_19GoogleAuthenticator24fetch_google_public_keys0B8_
FNDA:0,_RNCNCNvMs_NtCs24HmxZt1CvP_8callisto14authenticationNtB8_19GoogleAuthenticator24fetch_google_public_keys00Ba_
FNDA:0,_RNCNvNtCs24HmxZt1CvP_8callisto14authentication31load_authorized_users_from_file0B5_
FNDA:0,_RNCNCNvNtCs24HmxZt1CvP_8callisto14authentication31load_authorized_users_from_file00B7_
FNDA:0,_RNvNtCs24HmxZt1CvP_8callisto14authentication21load_authorized_users
FNDA:20,_RNvXNtCs24HmxZt1CvP_8callisto14authenticationNtB2_14HeaderCallbackNtNtNtCs3uussRAeG4T_11tungstenite9handshake6server8Callback10on_request
FNDA:0,_RNvMs_NtCs24HmxZt1CvP_8callisto14authenticationNtB4_19GoogleAuthenticator3new
FNDA:0,_RNvMs_NtCs24HmxZt1CvP_8callisto14authenticationNtB4_19GoogleAuthenticator24fetch_google_public_keys
FNDA:0,_RNvMs_NtCs24HmxZt1CvP_8callisto14authenticationNtB4_19GoogleAuthenticator23load_google_credentials
FNDA:20,_RNvNtCs24HmxZt1CvP_8callisto14authentication18generic_on_request
FNDA:0,_RNvNtCs24HmxZt1CvP_8callisto14authentication31load_authorized_users_from_file
FNDA:18,_RNvMs0_NtCs24HmxZt1CvP_8callisto14authenticationNtB5_17MockAuthenticator3new
FNDA:19,_RNvMs0_NtCs24HmxZt1CvP_8callisto14authenticationNtB5_17MockAuthenticator15mock_valid_code
FNDA:20,_RNvNtCs24HmxZt1CvP_8callisto14authentication20generate_session_key
FNDA:0,_RNvXs2_NtCs24HmxZt1CvP_8callisto14authenticationNtB5_17TokenTimeoutErrorNtNtCsdwlQpJenJj9_4core3fmt7Display3fmt
FNDA:0,_RNvXs3_NtCs24HmxZt1CvP_8callisto14authenticationNtB5_15InvalidKeyErrorNtNtCsdwlQpJenJj9_4core3fmt7Display3fmt
FNDA:0,_RNvXs5_NtCs24HmxZt1CvP_8callisto14authenticationNtB5_21UnauthorizedUserErrorNtNtCsdwlQpJenJj9_4core3fmt7Display3fmt
FNDA:0,_RNvXs9_NtCs24HmxZt1CvP_8callisto14authenticationNtB5_19GoogleAuthenticatorNtB5_13Authenticator14get_web_server
FNDA:0,_RNvXs9_NtCs24HmxZt1CvP_8callisto14authenticationNtB5_19GoogleAuthenticatorNtB5_13Authenticator9get_email
FNDA:0,_RNvXs9_NtCs24HmxZt1CvP_8callisto14authenticationNtB5_19GoogleAuthenticatorNtB5_13Authenticator15get_session_key
FNDA:0,_RNvXs9_NtCs24HmxZt1CvP_8callisto14authenticationNtB5_19GoogleAuthenticatorNtB5_13Authenticator9set_email
FNDA:0,_RNvXs9_NtCs24HmxZt1CvP_8callisto14authenticationNtB5_19GoogleAuthenticatorNtB5_13Authenticator15set_session_key
FNDA:0,_RNvXs9_NtCs24HmxZt1CvP_8callisto14authenticationNtB5_19GoogleAuthenticatorNtB5_13Authenticator17authenticate_user
FNDA:0,_RNvXs9_NtCs24HmxZt1CvP_8callisto14authenticationNtB5_19GoogleAuthenticatorNtB5_13Authenticator14validated_user
FNDA:0,_RNvXsc_NtCs24HmxZt1CvP_8callisto14authenticationNtB5_17MockAuthenticatorNtB5_13Authenticator14get_web_server
FNDA:0,_RNvXsc_NtCs24HmxZt1CvP_8callisto14authenticationNtB5_17MockAuthenticatorNtB5_13Authenticator9get_email
FNDA:0,_RNvXsc_NtCs24HmxZt1CvP_8callisto14authenticationNtB5_17MockAuthenticatorNtB5_13Authenticator15get_session_key
FNDA:20,_RNvXsc_NtCs24HmxZt1CvP_8callisto14authenticationNtB5_17MockAuthenticatorNtB5_13Authenticator9set_email
FNDA:20,_RNvXsc_NtCs24HmxZt1CvP_8callisto14authenticationNtB5_17MockAuthenticatorNtB5_13Authenticator15set_session_key
FNDA:19,_RNvXsc_NtCs24HmxZt1CvP_8callisto14authenticationNtB5_17MockAuthenticatorNtB5_13Authenticator17authenticate_user
FNDA:79,_RNvXsc_NtCs24HmxZt1CvP_8callisto14authenticationNtB5_17MockAuthenticatorNtB5_13Authenticator14validated_user
FNDA:0,_RNvXNtCsgE9SocY5l2l_8callisto14authenticationNtB2_14HeaderCallbackNtNtNtCs3uussRAeG4T_11tungstenite9handshake6server8Callback10on_request
FNDA:0,_RNvMs_NtCsgE9SocY5l2l_8callisto14authenticationNtB4_19GoogleAuthenticator3new
FNDA:0,_RNvNtCsgE9SocY5l2l_8callisto14authentication18generic_on_request
FNDA:0,_RNCNvNtCsgE9SocY5l2l_8callisto14authentication18generic_on_request0B5_
FNDA:0,_RNCNCNvNtCsgE9SocY5l2l_8callisto14authentication18generic_on_request00B7_
FNDA:0,_RNCNvNtCsgE9SocY5l2l_8callisto14authentication18generic_on_requests_0B5_
FNDA:0,_RNCNCNvNtCsgE9SocY5l2l_8callisto14authentication18generic_on_requests_00B7_
FNDA:0,_RNCNCNCNvNtCsgE9SocY5l2l_8callisto14authentication18generic_on_requests_000B9_
FNDA:0,_RNvXs9_NtCsgE9SocY5l2l_8callisto14authenticationNtB5_19GoogleAuthenticatorNtB5_13Authenticator14get_web_server
FNDA:0,_RNvXs9_NtCsgE9SocY5l2l_8callisto14authenticationNtB5_19GoogleAuthenticatorNtB5_13Authenticator9get_email
FNDA:0,_RNvXs9_NtCsgE9SocY5l2l_8callisto14authenticationNtB5_19GoogleAuthenticatorNtB5_13Authenticator15get_session_key
FNDA:0,_RNvXs9_NtCsgE9SocY5l2l_8callisto14authenticationNtB5_19GoogleAuthenticatorNtB5_13Authenticator9set_email
FNDA:0,_RNvXs9_NtCsgE9SocY5l2l_8callisto14authenticationNtB5_19GoogleAuthenticatorNtB5_13Authenticator15set_session_key
FNDA:0,_RNvXs9_NtCsgE9SocY5l2l_8callisto14authenticationNtB5_19GoogleAuthenticatorNtB5_13Authenticator17authenticate_user
FNDA:0,_RNCNvXs9_NtCsgE9SocY5l2l_8callisto14authenticationNtB7_19GoogleAuthenticatorNtB7_13Authenticator17authenticate_user0B9_
FNDA:0,_RNCNCNvXs9_NtCsgE9SocY5l2l_8callisto14authenticationNtB9_19GoogleAuthenticatorNtB9_13Authenticator17authenticate_user00Bb_
FNDA:0,_RNCNCNvXs9_NtCsgE9SocY5l2l_8callisto14authenticationNtB9_19GoogleAuthenticatorNtB9_13Authenticator17authenticate_user0s_0Bb_
FNDA:0,_RNCNCNvXs9_NtCsgE9SocY5l2l_8callisto14authenticationNtB9_19GoogleAuthenticatorNtB9_13Authenticator17authenticate_user0s0_0Bb_
FNDA:0,_RNCNCNvXs9_NtCsgE9SocY5l2l_8callisto14authenticationNtB9_19GoogleAuthenticatorNtB9_13Authenticator17authenticate_user0s1_0Bb_
FNDA:0,_RNCNCNvXs9_NtCsgE9SocY5l2l_8callisto14authenticationNtB9_19GoogleAuthenticatorNtB9_13Authenticator17authenticate_user0s2_0Bb_
FNDA:0,_RNvXs9_NtCsgE9SocY5l2l_8callisto14authenticationNtB5_19GoogleAuthenticatorNtB5_13Authenticator14validated_user
FNDA:0,_RNvNtCsgE9SocY5l2l_8callisto14authentication20generate_session_key
FNDA:0,_RNvXs2_NtCsgE9SocY5l2l_8callisto14authenticationNtB5_17TokenTimeoutErrorNtNtCsdwlQpJenJj9_4core3fmt7Display3fmt
FNDA:0,_RNvXs5_NtCsgE9SocY5l2l_8callisto14authenticationNtB5_21UnauthorizedUserErrorNtNtCsdwlQpJenJj9_4core3fmt7Display3fmt
FNDA:1,_RNvNtNtCsgE9SocY5l2l_8callisto14authentication5testss_23test_mock_authenticator
FNDA:1,_RNvNtNtCsgE9SocY5l2l_8callisto14authentication5testss_25test_bad_credentials_file
FNDA:1,_RNvNtNCNvNtNtCsgE9SocY5l2l_8callisto14authentication5testss_25test_bad_credentials_file04init4init
FNDA:1,_RNvNtNtCsgE9SocY5l2l_8callisto14authentication5testss_35test_load_authorized_users_from_gcs
FNDA:1,_RNvNtNCNvNtNtCsgE9SocY5l2l_8callisto14authentication5testss_35test_load_authorized_users_from_gcs04init4init
FNDA:1,_RNvNtNtCsgE9SocY5l2l_8callisto14authentication5testss_36test_load_authorized_users_from_file
FNDA:1,_RNvNtNCNvNtNtCsgE9SocY5l2l_8callisto14authentication5testss_36test_load_authorized_users_from_file04init4init
FNDA:1,_RNvNtNtCsgE9SocY5l2l_8callisto14authentication5testss_38test_load_google_credentials_from_file
FNDA:1,_RNvNtNCNvNtNtCsgE9SocY5l2l_8callisto14authentication5testss_38test_load_google_credentials_from_file04init4init
FNDA:1,_RNvNtNtCsgE9SocY5l2l_8callisto14authentication5testss_29test_fetch_google_public_keys
FNDA:1,_RNvNtNCNvNtNtCsgE9SocY5l2l_8callisto14authentication5testss_29test_fetch_google_public_keys04init4init
FNDA:1,_RNCNvNtCsgE9SocY5l2l_8callisto14authentication21load_authorized_users0B5_
FNDA:1,_RNCNCNvNtCsgE9SocY5l2l_8callisto14authentication21load_authorized_users00B7_
FNDA:1,_RNCNvMs_NtCsgE9SocY5l2l_8callisto14authenticationNtB6_19GoogleAuthenticator24fetch_google_public_keys0B8_
FNDA:0,_RNCNCNvMs_NtCsgE9SocY5l2l_8callisto14authenticationNtB8_19GoogleAuthenticator24fetch_google_public_keys00Ba_
FNDA:0,_RNCNvMs_NtCsgE9SocY5l2l_8callisto14authenticationNtB6_19GoogleAuthenticator23load_google_credentials0B8_
FNDA:0,_RNCNvMs_NtCsgE9SocY5l2l_8callisto14authenticationNtB6_19GoogleAuthenticator23load_google_credentialss_0B8_
FNDA:3,_RNCNvNtCsgE9SocY5l2l_8callisto14authentication31load_authorized_users_from_file0B5_
FNDA:0,_RNCNCNvNtCsgE9SocY5l2l_8callisto14authentication31load_authorized_users_from_file00B7_
FNDA:2,_RNCNvXsc_NtCsgE9SocY5l2l_8callisto14authenticationNtB7_17MockAuthenticatorNtB7_13Authenticator17authenticate_user0B9_
FNDA:0,_RNCNCNvXsc_NtCsgE9SocY5l2l_8callisto14authenticationNtB9_17MockAuthenticatorNtB9_13Authenticator17authenticate_user00Bb_
FNDA:1,_RNvNtCsgE9SocY5l2l_8callisto14authentication21load_authorized_users
FNDA:1,_RNvMs_NtCsgE9SocY5l2l_8callisto14authenticationNtB4_19GoogleAuthenticator24fetch_google_public_keys
FNDA:1,_RNvMs_NtCsgE9SocY5l2l_8callisto14authenticationNtB4_19GoogleAuthenticator23load_google_credentials
FNDA:3,_RNvNtCsgE9SocY5l2l_8callisto14authentication31load_authorized_users_from_file
FNDA:23,_RNvMs0_NtCsgE9SocY5l2l_8callisto14authenticationNtB5_17MockAuthenticator3new
FNDA:3,_RNvMs0_NtCsgE9SocY5l2l_8callisto14authenticationNtB5_17MockAuthenticator15mock_valid_code
FNDA:0,_RNvXs3_NtCsgE9SocY5l2l_8callisto14authenticationNtB5_15InvalidKeyErrorNtNtCsdwlQpJenJj9_4core3fmt7Display3fmt
FNDA:0,_RNvXsc_NtCsgE9SocY5l2l_8callisto14authenticationNtB5_17MockAuthenticatorNtB5_13Authenticator14get_web_server
FNDA:0,_RNvXsc_NtCsgE9SocY5l2l_8callisto14authenticationNtB5_17MockAuthenticatorNtB5_13Authenticator9get_email
FNDA:0,_RNvXsc_NtCsgE9SocY5l2l_8callisto14authenticationNtB5_17MockAuthenticatorNtB5_13Authenticator15get_session_key
FNDA:0,_RNvXsc_NtCsgE9SocY5l2l_8callisto14authenticationNtB5_17MockAuthenticatorNtB5_13Authenticator9set_email
FNDA:1,_RNvXsc_NtCsgE9SocY5l2l_8callisto14authenticationNtB5_17MockAuthenticatorNtB5_13Authenticator15set_session_key
FNDA:2,_RNvXsc_NtCsgE9SocY5l2l_8callisto14authenticationNtB5_17MockAuthenticatorNtB5_13Authenticator17authenticate_user
FNDA:1,_RNvXsc_NtCsgE9SocY5l2l_8callisto14authenticationNtB5_17MockAuthenticatorNtB5_13Authenticator14validated_user
FNDA:1,_RNCNvNtNtCsgE9SocY5l2l_8callisto14authentication5testss_23test_mock_authenticator0B7_
FNF:55
FNH:26
DA:60,1
DA:61,1
DA:62,1
DA:63,1
DA:64,1
DA:65,1
DA:66,1
DA:75,20
DA:76,20
DA:77,20
DA:78,20
DA:79,20
DA:123,0
DA:124,0
DA:125,0
DA:126,0
DA:127,0
DA:128,0
DA:129,0
DA:130,0
DA:131,0
DA:132,0
DA:133,0
DA:134,0
DA:135,0
DA:148,1
DA:149,1
DA:150,1
DA:151,1
DA:152,1
DA:153,1
DA:154,1
DA:155,1
DA:159,1
DA:160,1
DA:161,1
DA:162,1
DA:163,1
DA:164,1
DA:165,1
DA:166,1
DA:167,1
DA:180,1
DA:181,1
DA:182,1
DA:183,1
DA:184,1
DA:185,1
DA:186,1
DA:187,1
DA:188,1
DA:191,20
DA:192,20
DA:193,20
DA:194,20
DA:195,20
DA:196,20
DA:197,100
DA:198,100
DA:199,0
DA:201,100
DA:203,100
DA:204,0
DA:205,0
DA:206,0
DA:207,100
DA:208,100
DA:209,20
DA:213,20
DA:214,20
DA:215,20
DA:216,20
DA:217,20
DA:218,20
DA:219,0
DA:220,0
DA:221,0
DA:222,20
DA:223,20
DA:224,20
DA:225,20
DA:226,0
DA:227,20
DA:228,20
DA:231,20
DA:234,0
DA:235,20
DA:238,20
DA:239,20
DA:240,20
DA:241,20
DA:242,20
DA:243,20
DA:244,20
DA:245,20
DA:246,20
DA:247,20
DA:248,20
DA:249,20
DA:250,20
DA:251,20
DA:252,20
DA:253,20
DA:257,0
DA:259,20
DA:263,0
DA:264,0
DA:265,0
DA:267,0
DA:268,0
DA:269,0
DA:271,0
DA:272,0
DA:273,0
DA:275,0
DA:276,0
DA:277,0
DA:279,0
DA:280,0
DA:281,0
DA:285,0
DA:289,0
DA:290,0
DA:291,0
DA:292,0
DA:293,0
DA:294,0
DA:295,0
DA:296,0
DA:297,0
DA:298,0
DA:299,0
DA:300,0
DA:301,0
DA:302,0
DA:303,0
DA:304,0
DA:305,0
DA:307,0
DA:308,0
DA:309,0
DA:310,0
DA:311,0
DA:312,0
DA:315,0
DA:316,0
DA:317,0
DA:318,0
DA:319,0
DA:320,0
DA:321,0
DA:322,0
DA:323,0
DA:324,0
DA:325,0
DA:326,0
DA:327,0
DA:328,0
DA:329,0
DA:330,0
DA:333,0
DA:334,0
DA:335,0
DA:336,0
DA:337,0
DA:338,0
DA:343,0
DA:344,0
DA:345,0
DA:346,0
DA:347,0
DA:348,0
DA:349,0
DA:350,0
DA:353,0
DA:355,0
DA:356,0
DA:361,0
DA:362,0
DA:363,0
DA:364,0
DA:365,0
DA:366,0
DA:367,0
DA:368,0
DA:369,0
DA:370,0
DA:371,0
DA:372,0
DA:373,0
DA:374,0
DA:375,0
DA:376,0
DA:377,0
DA:378,0
DA:379,0
DA:380,0
DA:383,0
DA:384,0
DA:385,0
DA:393,0
DA:394,0
DA:395,0
DA:408,3
DA:409,3
DA:410,2
DA:411,3
DA:423,41
DA:424,41
DA:425,41
DA:426,41
DA:427,41
DA:428,41
DA:429,41
DA:432,22
DA:433,22
DA:434,22
DA:439,0
DA:440,0
DA:441,0
DA:443,0
DA:444,0
DA:445,0
DA:447,0
DA:448,0
DA:449,0
DA:451,20
DA:452,20
DA:453,20
DA:455,21
DA:456,21
DA:457,21
DA:461,21
DA:462,21
DA:463,1
DA:464,20
DA:465,20
DA:466,20
DA:467,20
DA:468,20
DA:469,1
DA:470,19
DA:471,19
DA:472,19
DA:473,19
DA:474,19
DA:475,19
DA:481,20
DA:482,42
DA:484,80
DA:485,80
DA:486,80
DA:489,20
DA:490,20
DA:491,20
DA:492,20
DA:493,20
DA:494,20
DA:503,0
DA:504,0
DA:505,0
DA:512,0
DA:513,0
DA:514,0
DA:523,0
DA:524,0
DA:525,0
DA:598,1
DA:599,1
DA:600,1
DA:601,1
DA:602,1
DA:603,1
DA:604,1
DA:605,1
DA:606,1
DA:607,1
DA:608,1
DA:609,1
DA:610,1
DA:611,1
DA:612,1
DA:613,1
DA:614,1
DA:620,2
DA:633,2
DA:641,2
DA:648,2
DA:657,2
BRF:0
BRH:0
LF:326
LH:169
end_of_record
SF:/Users/dan/dev/callisto/callisto/src/combat.rs
FN:28,_RNCNvNtCs24HmxZt1CvP_8callisto6combat9roll_dice0B5_
FN:436,_RNCNvNtCs24HmxZt1CvP_8callisto6combat10apply_crit0B5_
FN:438,_RNCNvNtCs24HmxZt1CvP_8callisto6combat10apply_crits_0B5_
FN:453,_RNCNvNtCs24HmxZt1CvP_8callisto6combat10apply_crits0_0B5_
FN:455,_RNCNvNtCs24HmxZt1CvP_8callisto6combat10apply_crits1_0B5_
FN:571,_RNCNvNtCs24HmxZt1CvP_8callisto6combat15find_range_band0B5_
FN:593,_RINvNtCs24HmxZt1CvP_8callisto6combat15do_fire_actionsNtNtNtCs9WEPyIzIF4R_3std4hash6random11RandomStateEB4_
FN:615,_RNCINvNtCs24HmxZt1CvP_8callisto6combat15do_fire_actionsNtNtNtCs9WEPyIzIF4R_3std4hash6random11RandomStateE0B6_
FN:784,_RINvNtCs24HmxZt1CvP_8callisto6combat18create_sand_countsNtNtNtCs9WEPyIzIF4R_3std4hash6random11RandomStateEB4_
FN:787,_RNCINvNtCs24HmxZt1CvP_8callisto6combat18create_sand_countsNtNtNtCs9WEPyIzIF4R_3std4hash6random11RandomStateE0B6_
FN:795,_RNCNCINvNtCs24HmxZt1CvP_8callisto6combat18create_sand_countsNtNtNtCs9WEPyIzIF4R_3std4hash6random11RandomStateE00B8_
FN:18,_RNvNtCs24HmxZt1CvP_8callisto6combat4roll
FN:22,_RNvNtCs24HmxZt1CvP_8callisto6combat9roll_dice
FN:32,_RNvNtCs24HmxZt1CvP_8callisto6combat17task_chain_impact
FN:62,_RNvNtCs24HmxZt1CvP_8callisto6combat6attack
FN:294,_RNvNtCs24HmxZt1CvP_8callisto6combat11do_critical
FN:312,_RNvNtCs24HmxZt1CvP_8callisto6combat10apply_crit
FN:568,_RNvNtCs24HmxZt1CvP_8callisto6combat15find_range_band
FN:28,_RNCNvNtCsgE9SocY5l2l_8callisto6combat9roll_dice0B5_
FN:436,_RNCNvNtCsgE9SocY5l2l_8callisto6combat10apply_crit0B5_
FN:438,_RNCNvNtCsgE9SocY5l2l_8callisto6combat10apply_crits_0B5_
FN:453,_RNCNvNtCsgE9SocY5l2l_8callisto6combat10apply_crits0_0B5_
FN:455,_RNCNvNtCsgE9SocY5l2l_8callisto6combat10apply_crits1_0B5_
FN:571,_RNCNvNtCsgE9SocY5l2l_8callisto6combat15find_range_band0B5_
FN:593,_RINvNtCsgE9SocY5l2l_8callisto6combat15do_fire_actionsNtNtNtCs9WEPyIzIF4R_3std4hash6random11RandomStateEB4_
FN:615,_RNCINvNtCsgE9SocY5l2l_8callisto6combat15do_fire_actionsNtNtNtCs9WEPyIzIF4R_3std4hash6random11RandomStateE0B6_
FN:784,_RINvNtCsgE9SocY5l2l_8callisto6combat18create_sand_countsNtNtNtCs9WEPyIzIF4R_3std4hash6random11RandomStateEB4_
FN:787,_RNCINvNtCsgE9SocY5l2l_8callisto6combat18create_sand_countsNtNtNtCs9WEPyIzIF4R_3std4hash6random11RandomStateE0B6_
FN:795,_RNCNCINvNtCsgE9SocY5l2l_8callisto6combat18create_sand_countsNtNtNtCs9WEPyIzIF4R_3std4hash6random11RandomStateE00B8_
FN:18,_RNvNtCsgE9SocY5l2l_8callisto6combat4roll
FN:22,_RNvNtCsgE9SocY5l2l_8callisto6combat9roll_dice
FN:32,_RNvNtCsgE9SocY5l2l_8callisto6combat17task_chain_impact
FN:62,_RNvNtCsgE9SocY5l2l_8callisto6combat6attack
FN:294,_RNvNtCsgE9SocY5l2l_8callisto6combat11do_critical
FN:312,_RNvNtCsgE9SocY5l2l_8callisto6combat10apply_crit
FN:568,_RNvNtCsgE9SocY5l2l_8callisto6combat15find_range_band
FN:930,_RNCNvNtNtCsgE9SocY5l2l_8callisto6combat5testss_25test_missile_fire_actions0B7_
FN:964,_RNCNvNtNtCsgE9SocY5l2l_8callisto6combat5testss_15test_apply_crit0B7_
FN:1008,_RNCNvNtNtCsgE9SocY5l2l_8callisto6combat5testss_15test_apply_crits_0B7_
FN:1017,_RNCNvNtNtCsgE9SocY5l2l_8callisto6combat5testss_15test_apply_crits0_0B7_
FN:1033,_RNCNvNtNtCsgE9SocY5l2l_8callisto6combat5testss_15test_apply_crits1_0B7_
FN:1070,_RNCNvNtNtCsgE9SocY5l2l_8callisto6combat5testss_15test_apply_crits2_0B7_
FN:1081,_RNCNvNtNtCsgE9SocY5l2l_8callisto6combat5testss_15test_apply_crits3_0B7_
FN:1107,_RNCNvNtNtCsgE9SocY5l2l_8callisto6combat5testss_15test_apply_crits4_0B7_
FN:1115,_RNCNvNtNtCsgE9SocY5l2l_8callisto6combat5testss_15test_apply_crits5_0B7_
FN:1334,_RNCNvNtNtCsgE9SocY5l2l_8callisto6combat5testss_11test_attack0B7_
FN:1235,_RNCNvNtNtCsgE9SocY5l2l_8callisto6combat5testss_11test_attacks_0B7_
FN:1240,_RNCNvNtNtCsgE9SocY5l2l_8callisto6combat5testss_11test_attacks0_0B7_
FN:1249,_RNCNvNtNtCsgE9SocY5l2l_8callisto6combat5testss_11test_attacks1_0B7_
FN:1253,_RNCNvNtNtCsgE9SocY5l2l_8callisto6combat5testss_11test_attacks2_0B7_
FN:1296,_RNCNvNtNtCsgE9SocY5l2l_8callisto6combat5testss_11test_attacks3_0B7_
FN:1316,_RNCNvNtNtCsgE9SocY5l2l_8callisto6combat5testss_11test_attacks4_0B7_
FN:1362,_RNCNvNtNtCsgE9SocY5l2l_8callisto6combat5testss_11test_attacks5_0B7_
FN:1391,_RNCNvNtNtCsgE9SocY5l2l_8callisto6combat5testss_21test_attack_range_mod0B7_
FN:1400,_RNCNvNtNtCsgE9SocY5l2l_8callisto6combat5testss_21test_attack_range_mods_0B7_
FN:1408,_RNCNvNtNtCsgE9SocY5l2l_8callisto6combat5testss_21test_attack_range_mods0_0B7_
FN:1472,_RNCNvNtNtCsgE9SocY5l2l_8callisto6combat5testss_24test_attack_out_of_range0B7_
FN:833,_RNvNtNvNtNtCsgE9SocY5l2l_8callisto6combat5testss_25test_missile_fire_actions4init4init
FN:949,_RNvNtNvNtNtCsgE9SocY5l2l_8callisto6combat5testss_15test_apply_crit4init4init
FN:1142,_RNvNtNvNtNtCsgE9SocY5l2l_8callisto6combat5testss_11test_attack4init4init
FN:1366,_RNvNtNvNtNtCsgE9SocY5l2l_8callisto6combat5testss_21test_attack_range_mod4init4init
FN:1412,_RNvNtNtCsgE9SocY5l2l_8callisto6combat5testss_24test_attack_out_of_range
FNDA:18,_RNCNvNtCs24HmxZt1CvP_8callisto6combat9roll_dice0B5_
FNDA:0,_RNCNvNtCs24HmxZt1CvP_8callisto6combat10apply_crit0B5_
FNDA:0,_RNCNvNtCs24HmxZt1CvP_8callisto6combat10apply_crits_0B5_
FNDA:0,_RNCNvNtCs24HmxZt1CvP_8callisto6combat10apply_crits0_0B5_
FNDA:0,_RNCNvNtCs24HmxZt1CvP_8callisto6combat10apply_crits1_0B5_
FNDA:3,_RNCNvNtCs24HmxZt1CvP_8callisto6combat15find_range_band0B5_
FNDA:1,_RINvNtCs24HmxZt1CvP_8callisto6combat15do_fire_actionsNtNtNtCs9WEPyIzIF4R_3std4hash6random11RandomStateEB4_
FNDA:1,_RNCINvNtCs24HmxZt1CvP_8callisto6combat15do_fire_actionsNtNtNtCs9WEPyIzIF4R_3std4hash6random11RandomStateE0B6_
FNDA:4,_RINvNtCs24HmxZt1CvP_8callisto6combat18create_sand_countsNtNtNtCs9WEPyIzIF4R_3std4hash6random11RandomStateEB4_
FNDA:3,_RNCINvNtCs24HmxZt1CvP_8callisto6combat18create_sand_countsNtNtNtCs9WEPyIzIF4R_3std4hash6random11RandomStateE0B6_
FNDA:8,_RNCNCINvNtCs24HmxZt1CvP_8callisto6combat18create_sand_countsNtNtNtCs9WEPyIzIF4R_3std4hash6random11RandomStateE00B8_
FNDA:18,_RNvNtCs24HmxZt1CvP_8callisto6combat4roll
FNDA:6,_RNvNtCs24HmxZt1CvP_8callisto6combat9roll_dice
FNDA:0,_RNvNtCs24HmxZt1CvP_8callisto6combat17task_chain_impact
FNDA:3,_RNvNtCs24HmxZt1CvP_8callisto6combat6attack
FNDA:0,_RNvNtCs24HmxZt1CvP_8callisto6combat11do_critical
FNDA:0,_RNvNtCs24HmxZt1CvP_8callisto6combat10apply_crit
FNDA:3,_RNvNtCs24HmxZt1CvP_8callisto6combat15find_range_band
FNDA:1192,_RNCNvNtCsgE9SocY5l2l_8callisto6combat9roll_dice0B5_
FNDA:93,_RNCNvNtCsgE9SocY5l2l_8callisto6combat10apply_crit0B5_
FNDA:0,_RNCNvNtCsgE9SocY5l2l_8callisto6combat10apply_crits_0B5_
FNDA:61,_RNCNvNtCsgE9SocY5l2l_8callisto6combat10apply_crits0_0B5_
FNDA:21,_RNCNvNtCsgE9SocY5l2l_8callisto6combat10apply_crits1_0B5_
FNDA:107,_RNCNvNtCsgE9SocY5l2l_8callisto6combat15find_range_band0B5_
FNDA:15,_RINvNtCsgE9SocY5l2l_8callisto6combat15do_fire_actionsNtNtNtCs9WEPyIzIF4R_3std4hash6random11RandomStateEB4_
FNDA:59,_RNCINvNtCsgE9SocY5l2l_8callisto6combat15do_fire_actionsNtNtNtCs9WEPyIzIF4R_3std4hash6random11RandomStateE0B6_
FNDA:21,_RINvNtCsgE9SocY5l2l_8callisto6combat18create_sand_countsNtNtNtCs9WEPyIzIF4R_3std4hash6random11RandomStateEB4_
FNDA:42,_RNCINvNtCsgE9SocY5l2l_8callisto6combat18create_sand_countsNtNtNtCs9WEPyIzIF4R_3std4hash6random11RandomStateE0B6_
FNDA:143,_RNCNCINvNtCsgE9SocY5l2l_8callisto6combat18create_sand_countsNtNtNtCs9WEPyIzIF4R_3std4hash6random11RandomStateE00B8_
FNDA:1221,_RNvNtCsgE9SocY5l2l_8callisto6combat4roll
FNDA:446,_RNvNtCsgE9SocY5l2l_8callisto6combat9roll_dice
FNDA:2,_RNvNtCsgE9SocY5l2l_8callisto6combat17task_chain_impact
FNDA:90,_RNvNtCsgE9SocY5l2l_8callisto6combat6attack
FNDA:188,_RNvNtCsgE9SocY5l2l_8callisto6combat11do_critical
FNDA:274,_RNvNtCsgE9SocY5l2l_8callisto6combat10apply_crit
FNDA:92,_RNvNtCsgE9SocY5l2l_8callisto6combat15find_range_band
FNDA:3,_RNCNvNtNtCsgE9SocY5l2l_8callisto6combat5testss_25test_missile_fire_actions0B7_
FNDA:6,_RNCNvNtNtCsgE9SocY5l2l_8callisto6combat5testss_15test_apply_crit0B7_
FNDA:6,_RNCNvNtNtCsgE9SocY5l2l_8callisto6combat5testss_15test_apply_crits_0B7_
FNDA:6,_RNCNvNtNtCsgE9SocY5l2l_8callisto6combat5testss_15test_apply_crits0_0B7_
FNDA:6,_RNCNvNtNtCsgE9SocY5l2l_8callisto6combat5testss_15test_apply_crits1_0B7_
FNDA:6,_RNCNvNtNtCsgE9SocY5l2l_8callisto6combat5testss_15test_apply_crits2_0B7_
FNDA:6,_RNCNvNtNtCsgE9SocY5l2l_8callisto6combat5testss_15test_apply_crits3_0B7_
FNDA:6,_RNCNvNtNtCsgE9SocY5l2l_8callisto6combat5testss_15test_apply_crits4_0B7_
FNDA:6,_RNCNvNtNtCsgE9SocY5l2l_8callisto6combat5testss_15test_apply_crits5_0B7_
FNDA:2,_RNCNvNtNtCsgE9SocY5l2l_8callisto6combat5testss_11test_attack0B7_
FNDA:5,_RNCNvNtNtCsgE9SocY5l2l_8callisto6combat5testss_11test_attacks_0B7_
FNDA:0,_RNCNvNtNtCsgE9SocY5l2l_8callisto6combat5testss_11test_attacks0_0B7_
FNDA:8,_RNCNvNtNtCsgE9SocY5l2l_8callisto6combat5testss_11test_attacks1_0B7_
FNDA:1,_RNCNvNtNtCsgE9SocY5l2l_8callisto6combat5testss_11test_attacks2_0B7_
FNDA:0,_RNCNvNtNtCsgE9SocY5l2l_8callisto6combat5testss_11test_attacks3_0B7_
FNDA:2,_RNCNvNtNtCsgE9SocY5l2l_8callisto6combat5testss_11test_attacks4_0B7_
FNDA:2,_RNCNvNtNtCsgE9SocY5l2l_8callisto6combat5testss_11test_attacks5_0B7_
FNDA:1,_RNCNvNtNtCsgE9SocY5l2l_8callisto6combat5testss_21test_attack_range_mod0B7_
FNDA:1,_RNCNvNtNtCsgE9SocY5l2l_8callisto6combat5testss_21test_attack_range_mods_0B7_
FNDA:1,_RNCNvNtNtCsgE9SocY5l2l_8callisto6combat5testss_21test_attack_range_mods0_0B7_
FNDA:2,_RNCNvNtNtCsgE9SocY5l2l_8callisto6combat5testss_24test_attack_out_of_range0B7_
FNDA:1,_RNvNtNvNtNtCsgE9SocY5l2l_8callisto6combat5testss_25test_missile_fire_actions4init4init
FNDA:1,_RNvNtNvNtNtCsgE9SocY5l2l_8callisto6combat5testss_15test_apply_crit4init4init
FNDA:1,_RNvNtNvNtNtCsgE9SocY5l2l_8callisto6combat5testss_11test_attack4init4init
FNDA:1,_RNvNtNvNtNtCsgE9SocY5l2l_8callisto6combat5testss_21test_attack_range_mod4init4init
FNDA:1,_RNvNtNtCsgE9SocY5l2l_8callisto6combat5testss_24test_attack_out_of_range
FNF:44
FNH:41
DA:18,1239
DA:19,1239
DA:20,1239
DA:22,452
DA:23,452
DA:25,0
DA:26,452
DA:27,452
DA:28,1210
DA:29,452
DA:32,2
DA:33,2
DA:34,2
DA:35,2
DA:36,0
DA:37,0
DA:38,2
DA:39,0
DA:41,2
DA:62,93
DA:63,93
DA:64,93
DA:65,93
DA:66,93
DA:67,93
DA:68,93
DA:69,93
DA:70,93
DA:71,93
DA:72,93
DA:73,93
DA:86,93
DA:93,3
DA:94,3
DA:96,90
DA:99,93
DA:100,37
DA:101,56
DA:102,54
DA:111,2
DA:112,2
DA:113,2
DA:114,2
DA:115,2
DA:116,2
DA:130,91
DA:132,91
DA:133,91
DA:134,91
DA:135,91
DA:140,25
DA:141,25
DA:142,25
DA:143,25
DA:144,25
DA:145,25
DA:146,66
DA:147,66
DA:148,66
DA:149,66
DA:150,66
DA:151,66
DA:152,66
DA:153,66
DA:154,66
DA:155,66
DA:156,66
DA:157,66
DA:158,66
DA:159,66
DA:160,66
DA:161,66
DA:162,66
DA:163,66
DA:164,1
DA:166,65
DA:169,66
DA:170,52
DA:182,14
DA:183,14
DA:184,14
DA:185,14
DA:186,14
DA:187,14
DA:202,52
DA:204,14
DA:205,14
DA:206,14
DA:207,14
DA:208,14
DA:209,14
DA:210,14
DA:211,14
DA:214,38
DA:215,27
DA:216,27
DA:217,27
DA:218,8
DA:219,8
DA:220,8
DA:221,3
DA:222,1
DA:223,1
DA:224,1
DA:225,1
DA:226,1
DA:227,1
DA:228,1
DA:229,1
DA:230,1
DA:233,38
DA:234,38
DA:235,38
DA:236,38
DA:237,38
DA:238,38
DA:239,38
DA:240,38
DA:241,38
DA:242,38
DA:243,38
DA:244,38
DA:245,38
DA:246,38
DA:257,52
DA:258,52
DA:259,52
DA:260,9
DA:261,9
DA:262,9
DA:263,9
DA:264,9
DA:265,9
DA:266,9
DA:267,9
DA:268,9
DA:269,9
DA:270,9
DA:271,9
DA:272,43
DA:276,52
DA:277,52
DA:278,52
DA:279,52
DA:280,52
DA:281,52
DA:282,52
DA:283,52
DA:284,52
DA:285,52
DA:286,179
DA:287,179
DA:288,179
DA:290,52
DA:291,52
DA:292,93
DA:294,188
DA:295,188
DA:296,188
DA:297,188
DA:298,9
DA:300,179
DA:301,179
DA:304,188
DA:305,188
DA:306,188
DA:307,188
DA:308,188
DA:309,188
DA:312,274
DA:313,274
DA:314,274
DA:315,274
DA:316,274
DA:317,62
DA:318,62
DA:319,62
DA:320,62
DA:321,62
DA:322,62
DA:323,62
DA:324,62
DA:325,62
DA:326,62
DA:327,62
DA:328,62
DA:329,62
DA:331,212
DA:332,212
DA:333,212
DA:336,3
DA:337,3
DA:338,3
DA:339,3
DA:340,3
DA:343,2
DA:344,2
DA:345,2
DA:346,2
DA:347,2
DA:350,8
DA:351,2
DA:352,2
DA:353,2
DA:354,2
DA:355,2
DA:357,6
DA:358,6
DA:359,6
DA:360,6
DA:361,6
DA:362,6
DA:366,3
DA:367,3
DA:368,3
DA:369,3
DA:370,3
DA:373,2
DA:374,2
DA:375,2
DA:376,2
DA:377,2
DA:379,9
DA:380,7
DA:381,7
DA:382,7
DA:383,7
DA:384,7
DA:386,2
DA:387,2
DA:388,2
DA:389,2
DA:390,2
DA:391,2
DA:392,2
DA:393,2
DA:394,2
DA:395,2
DA:396,2
DA:397,2
DA:398,2
DA:400,18
DA:401,12
DA:402,5
DA:403,4
DA:404,3
DA:405,0
DA:407,12
DA:408,12
DA:409,12
DA:410,12
DA:411,12
DA:412,12
DA:414,6
DA:415,6
DA:416,6
DA:417,6
DA:418,6
DA:419,6
DA:420,6
DA:421,6
DA:422,6
DA:423,6
DA:424,6
DA:425,6
DA:426,6
DA:429,7
DA:430,7
DA:431,7
DA:432,7
DA:433,7
DA:435,23
DA:436,93
DA:437,23
DA:438,21
DA:439,0
DA:440,0
DA:441,21
DA:442,21
DA:443,21
DA:444,21
DA:445,21
DA:446,21
DA:447,21
DA:448,21
DA:449,21
DA:450,21
DA:451,21
DA:452,21
DA:453,61
DA:454,21
DA:455,21
DA:456,21
DA:457,21
DA:458,21
DA:459,21
DA:460,21
DA:461,21
DA:462,21
DA:463,21
DA:465,2
DA:466,2
DA:467,2
DA:468,2
DA:470,23
DA:471,3
DA:472,2
DA:473,18
DA:475,23
DA:477,15
DA:478,15
DA:479,4
DA:480,3
DA:481,8
DA:482,4
DA:485,15
DA:486,15
DA:487,15
DA:488,15
DA:489,15
DA:490,15
DA:491,15
DA:492,4
DA:493,11
DA:494,15
DA:496,23
DA:497,23
DA:498,23
DA:499,23
DA:500,23
DA:501,23
DA:502,23
DA:503,23
DA:506,4
DA:507,4
DA:508,4
DA:509,4
DA:510,4
DA:513,3
DA:514,3
DA:515,3
DA:516,3
DA:517,3
DA:518,3
DA:519,3
DA:522,25
DA:523,25
DA:524,25
DA:525,25
DA:526,25
DA:529,16
DA:530,16
DA:531,16
DA:532,16
DA:533,16
DA:535,6
DA:536,6
DA:537,6
DA:538,6
DA:539,6
DA:541,12
DA:542,12
DA:543,12
DA:544,12
DA:545,12
DA:546,12
DA:547,12
DA:548,6
DA:549,6
DA:550,12
DA:553,21
DA:554,21
DA:555,21
DA:556,21
DA:557,21
DA:559,12
DA:560,12
DA:561,12
DA:562,12
DA:563,12
DA:566,274
DA:568,95
DA:569,95
DA:570,95
DA:571,110
DA:572,95
DA:573,95
DA:574,95
DA:593,16
DA:594,16
DA:595,16
DA:596,16
DA:597,16
DA:599,16
DA:600,2
DA:601,2
DA:602,2
DA:603,2
DA:604,2
DA:605,2
DA:606,2
DA:607,2
DA:608,2
DA:610,14
DA:613,16
DA:614,16
DA:615,60
DA:616,60
DA:618,0
DA:627,60
DA:629,0
DA:630,60
DA:631,60
DA:632,60
DA:633,60
DA:634,60
DA:635,60
DA:636,60
DA:637,60
DA:638,60
DA:639,60
DA:640,60
DA:641,60
DA:643,0
DA:644,60
DA:645,60
DA:646,60
DA:647,60
DA:648,60
DA:649,60
DA:650,60
DA:651,60
DA:652,60
DA:653,60
DA:654,60
DA:655,60
DA:658,17
DA:659,13
DA:660,1
DA:661,1
DA:662,1
DA:663,1
DA:665,197
DA:666,197
DA:667,197
DA:668,197
DA:669,197
DA:670,197
DA:679,17
DA:680,17
DA:681,17
DA:682,17
DA:683,17
DA:684,17
DA:694,25
DA:695,25
DA:696,9
DA:697,9
DA:698,9
DA:699,9
DA:700,9
DA:708,4
DA:709,4
DA:710,4
DA:711,4
DA:712,4
DA:713,4
DA:714,4
DA:715,4
DA:716,4
DA:717,4
DA:727,5
DA:728,5
DA:729,5
DA:730,5
DA:731,5
DA:732,5
DA:733,5
DA:734,5
DA:743,16
DA:747,25
DA:748,25
DA:749,25
DA:750,25
DA:751,25
DA:752,25
DA:753,25
DA:754,25
DA:755,25
DA:756,25
DA:766,18
DA:767,18
DA:768,18
DA:769,18
DA:770,18
DA:771,18
DA:772,18
DA:773,18
DA:774,18
DA:777,60
DA:778,16
DA:779,16
DA:780,16
DA:781,16
DA:784,25
DA:785,25
DA:786,25
DA:787,45
DA:788,45
DA:789,45
DA:790,45
DA:791,45
DA:792,45
DA:793,45
DA:794,45
DA:795,151
DA:796,151
DA:797,38
DA:798,38
DA:801,0
DA:805,0
DA:809,113
DA:811,151
DA:812,45
DA:813,45
DA:814,45
DA:815,25
DA:816,25
DA:833,1
DA:930,3
DA:949,1
DA:964,6
DA:1008,6
DA:1017,6
DA:1033,6
DA:1070,6
DA:1081,6
DA:1107,6
DA:1115,6
DA:1142,1
DA:1235,10
DA:1240,4
DA:1249,8
DA:1253,1
DA:1296,1
DA:1316,2
DA:1334,5
DA:1362,2
DA:1366,1
DA:1391,1
DA:1400,1
DA:1408,1
DA:1412,1
DA:1413,1
DA:1414,1
DA:1415,1
DA:1416,1
DA:1417,1
DA:1418,1
DA:1419,1
DA:1420,1
DA:1421,1
DA:1422,1
DA:1423,1
DA:1424,1
DA:1425,1
DA:1426,1
DA:1427,1
DA:1428,1
DA:1429,1
DA:1430,1
DA:1431,1
DA:1432,1
DA:1433,1
DA:1434,1
DA:1435,1
DA:1436,1
DA:1437,1
DA:1438,1
DA:1439,1
DA:1440,1
DA:1441,1
DA:1442,1
DA:1443,1
DA:1445,1
DA:1446,1
DA:1447,1
DA:1448,1
DA:1449,1
DA:1450,0
DA:1455,1
DA:1456,1
DA:1457,1
DA:1458,1
DA:1459,1
DA:1460,1
DA:1461,1
DA:1462,1
DA:1463,1
DA:1464,1
DA:1465,1
DA:1466,1
DA:1467,1
DA:1468,1
DA:1470,1
DA:1471,1
DA:1472,2
DA:1473,0
DA:1475,1
BRF:0
BRH:0
LF:623
LH:607
end_of_record
SF:/Users/dan/dev/callisto/callisto/src/computer.rs
FN:170,_RNCNvMNtCs24HmxZt1CvP_8callisto8computerNtB4_12FlightParams19compute_flight_path0B6_
FN:300,_RINvXs0_NtCs24HmxZt1CvP_8callisto8computerNtB6_12FlightParamsNtNtNtCs1aWiqRNNIJD_5gomez4core6system6System4evalINtNtNtCsgOCA6PSk97e_8nalgebra4base11vec_storage10VecStoragedNtNtB1Q_9dimension3DynINtB2M_5ConstKj1_EEB1L_EB8_
FN:300,_RINvXs0_NtCs24HmxZt1CvP_8callisto8computerNtB6_12FlightParamsNtNtNtCs1aWiqRNNIJD_5gomez4core6system6System4evalINtNtNtCsgOCA6PSk97e_8nalgebra4base11vec_storage10VecStoragedNtNtB1Q_9dimension3DynINtB2M_5ConstKj1_EEINtNtB1Q_11matrix_view14ViewStorageMutdB2K_B36_B36_B2K_EEB8_
FN:359,_RNCNvMs1_NtCs24HmxZt1CvP_8callisto8computerNtB7_12TargetParams5solve0B9_
FN:414,_RNCNvMs1_NtCs24HmxZt1CvP_8callisto8computerNtB7_12TargetParams19compute_target_path0B9_
FN:462,_RNCNvMs1_NtCs24HmxZt1CvP_8callisto8computerNtB7_12TargetParams19compute_target_paths_0B9_
FN:466,_RNCNvMs1_NtCs24HmxZt1CvP_8callisto8computerNtB7_12TargetParams19compute_target_paths0_0B9_
FN:515,_RINvXs3_NtCs24HmxZt1CvP_8callisto8computerNtB6_12TargetParamsNtNtNtCs1aWiqRNNIJD_5gomez4core6system6System4evalINtNtNtCsgOCA6PSk97e_8nalgebra4base11vec_storage10VecStoragedNtNtB1Q_9dimension3DynINtB2M_5ConstKj1_EEB1L_EB8_
FN:515,_RINvXs3_NtCs24HmxZt1CvP_8callisto8computerNtB6_12TargetParamsNtNtNtCs1aWiqRNNIJD_5gomez4core6system6System4evalINtNtNtCsgOCA6PSk97e_8nalgebra4base11vec_storage10VecStoragedNtNtB1Q_9dimension3DynINtB2M_5ConstKj1_EEINtNtB1Q_11matrix_view14ViewStorageMutdB2K_B36_B36_B2K_EEB8_
FN:20,_RNCINvXs0_NvXNvNtCs24HmxZt1CvP_8callisto8computers_1__NtBd_16FlightPathResultNtNtCskILVqQZxyKx_5serde2de11Deserialize11deserializeNtB8_9___VisitorNtB1f_7Visitor9visit_seqpE0Bf_
FN:20,_RNCINvXs0_NvXNvNtCs24HmxZt1CvP_8callisto8computers_1__NtBd_16FlightPathResultNtNtCskILVqQZxyKx_5serde2de11Deserialize11deserializeNtB8_9___VisitorNtB1f_7Visitor9visit_seqpEs_0Bf_
FN:52,_RNvMNtCs24HmxZt1CvP_8callisto8computerNtB2_12FlightParams3new
FN:66,_RNvMNtCs24HmxZt1CvP_8callisto8computerNtB2_12FlightParams6pos_eq
FN:80,_RNvMNtCs24HmxZt1CvP_8callisto8computerNtB2_12FlightParams6vel_eq
FN:88,_RNvMNtCs24HmxZt1CvP_8callisto8computerNtB2_12FlightParams10best_guess
FN:157,_RNvMNtCs24HmxZt1CvP_8callisto8computerNtB2_12FlightParams19compute_flight_path
FN:277,_RNvXs_NtCs24HmxZt1CvP_8callisto8computerNtB4_12FlightParamsNtNtNtCs1aWiqRNNIJD_5gomez4core4base7Problem6domain
FN:344,_RNvMs1_NtCs24HmxZt1CvP_8callisto8computerNtB5_12TargetParams3new
FN:354,_RNvMs1_NtCs24HmxZt1CvP_8callisto8computerNtB5_12TargetParams5solve
FN:373,_RNvMs1_NtCs24HmxZt1CvP_8callisto8computerNtB5_12TargetParams12compute_path
FN:397,_RNvMs1_NtCs24HmxZt1CvP_8callisto8computerNtB5_12TargetParams19compute_target_path
FN:499,_RNvXs2_NtCs24HmxZt1CvP_8callisto8computerNtB5_12TargetParamsNtNtNtCs1aWiqRNNIJD_5gomez4core4base7Problem6domain
FN:20,_RNCINvXs0_NvXNvNtCsgE9SocY5l2l_8callisto8computers_1__NtBd_16FlightPathResultNtNtCskILVqQZxyKx_5serde2de11Deserialize11deserializeNtB8_9___VisitorNtB1f_7Visitor9visit_seqpE0Bf_
FN:20,_RNCINvXs0_NvXNvNtCsgE9SocY5l2l_8callisto8computers_1__NtBd_16FlightPathResultNtNtCskILVqQZxyKx_5serde2de11Deserialize11deserializeNtB8_9___VisitorNtB1f_7Visitor9visit_seqpEs_0Bf_
FN:545,_RNvNtNtCsgE9SocY5l2l_8callisto8computer5tests9pos_error
FN:549,_RNvNtNtCsgE9SocY5l2l_8callisto8computer5tests9vel_error
FN:560,_RNvNtNvNtNtCsgE9SocY5l2l_8callisto8computer5testss_24test_compute_flight_path4init4init
FN:602,_RNvNtNvNtNtCsgE9SocY5l2l_8callisto8computer5testss_50test_compute_flight_path_with_null_target_velocity4init4init
FN:649,_RNvNtNvNtNtCsgE9SocY5l2l_8callisto8computer5testss_37test_compute_flight_short_first_accel4init4init
FN:699,_RNvNtNvNtNtCsgE9SocY5l2l_8callisto8computer5testss_26test_fast_velocity_compute4init4init
FN:730,_RNvNtNvNtNtCsgE9SocY5l2l_8callisto8computer5testss_45test_compute_flight_path_with_target_velocity4init4init
FN:799,_RNvNtNvNtNtCsgE9SocY5l2l_8callisto8computer5testss_38test_compute_flight_path_zero_velocity4init4init
FN:849,_RNvNtNvNtNtCsgE9SocY5l2l_8callisto8computer5testss_44test_compute_flight_path_acceleration_limits4init4init
FN:885,_RNvNtNvNtNtCsgE9SocY5l2l_8callisto8computer5testss_44test_compute_flight_plan_to_current_location4init4init
FN:170,_RNCNvMNtCsgE9SocY5l2l_8callisto8computerNtB4_12FlightParams19compute_flight_path0B6_
FN:300,_RINvXs0_NtCsgE9SocY5l2l_8callisto8computerNtB6_12FlightParamsNtNtNtCs1aWiqRNNIJD_5gomez4core6system6System4evalINtNtNtCsgOCA6PSk97e_8nalgebra4base11vec_storage10VecStoragedNtNtB1Q_9dimension3DynINtB2M_5ConstKj1_EEB1L_EB8_
FN:300,_RINvXs0_NtCsgE9SocY5l2l_8callisto8computerNtB6_12FlightParamsNtNtNtCs1aWiqRNNIJD_5gomez4core6system6System4evalINtNtNtCsgOCA6PSk97e_8nalgebra4base11vec_storage10VecStoragedNtNtB1Q_9dimension3DynINtB2M_5ConstKj1_EEINtNtB1Q_11matrix_view14ViewStorageMutdB2K_B36_B36_B2K_EEB8_
FN:359,_RNCNvMs1_NtCsgE9SocY5l2l_8callisto8computerNtB7_12TargetParams5solve0B9_
FN:414,_RNCNvMs1_NtCsgE9SocY5l2l_8callisto8computerNtB7_12TargetParams19compute_target_path0B9_
FN:462,_RNCNvMs1_NtCsgE9SocY5l2l_8callisto8computerNtB7_12TargetParams19compute_target_paths_0B9_
FN:466,_RNCNvMs1_NtCsgE9SocY5l2l_8callisto8computerNtB7_12TargetParams19compute_target_paths0_0B9_
FN:515,_RINvXs3_NtCsgE9SocY5l2l_8callisto8computerNtB6_12TargetParamsNtNtNtCs1aWiqRNNIJD_5gomez4core6system6System4evalINtNtNtCsgOCA6PSk97e_8nalgebra4base11vec_storage10VecStoragedNtNtB1Q_9dimension3DynINtB2M_5ConstKj1_EEB1L_EB8_
FN:515,_RINvXs3_NtCsgE9SocY5l2l_8callisto8computerNtB6_12TargetParamsNtNtNtCs1aWiqRNNIJD_5gomez4core6system6System4evalINtNtNtCsgOCA6PSk97e_8nalgebra4base11vec_storage10VecStoragedNtNtB1Q_9dimension3DynINtB2M_5ConstKj1_EEINtNtB1Q_11matrix_view14ViewStorageMutdB2K_B36_B36_B2K_EEB8_
FN:52,_RNvMNtCsgE9SocY5l2l_8callisto8computerNtB2_12FlightParams3new
FN:66,_RNvMNtCsgE9SocY5l2l_8callisto8computerNtB2_12FlightParams6pos_eq
FN:80,_RNvMNtCsgE9SocY5l2l_8callisto8computerNtB2_12FlightParams6vel_eq
FN:88,_RNvMNtCsgE9SocY5l2l_8callisto8computerNtB2_12FlightParams10best_guess
FN:157,_RNvMNtCsgE9SocY5l2l_8callisto8computerNtB2_12FlightParams19compute_flight_path
FN:277,_RNvXs_NtCsgE9SocY5l2l_8callisto8computerNtB4_12FlightParamsNtNtNtCs1aWiqRNNIJD_5gomez4core4base7Problem6domain
FN:344,_RNvMs1_NtCsgE9SocY5l2l_8callisto8computerNtB5_12TargetParams3new
FN:354,_RNvMs1_NtCsgE9SocY5l2l_8callisto8computerNtB5_12TargetParams5solve
FN:373,_RNvMs1_NtCsgE9SocY5l2l_8callisto8computerNtB5_12TargetParams12compute_path
FN:397,_RNvMs1_NtCsgE9SocY5l2l_8callisto8computerNtB5_12TargetParams19compute_target_path
FN:499,_RNvXs2_NtCsgE9SocY5l2l_8callisto8computerNtB5_12TargetParamsNtNtNtCs1aWiqRNNIJD_5gomez4core4base7Problem6domain
FN:20,_RNCINvXs0_NvXNvNtCs24HmxZt1CvP_8callisto8computers_1__NtBd_16FlightPathResultNtNtCskILVqQZxyKx_5serde2de11Deserialize11deserializeNtB8_9___VisitorNtB1f_7Visitor9visit_seqINtNtCs3LCPAjl3QLA_10serde_json2de9SeqAccessNtNtB2N_4read7StrReadEE0CsibFzNM8H52O_9webserver
FN:20,_RNCINvXs0_NvXNvNtCs24HmxZt1CvP_8callisto8computers_1__NtBd_16FlightPathResultNtNtCskILVqQZxyKx_5serde2de11Deserialize11deserializeNtB8_9___VisitorNtB1f_7Visitor9visit_seqINtNtCs3LCPAjl3QLA_10serde_json2de9SeqAccessNtNtB2N_4read7StrReadEEs_0CsibFzNM8H52O_9webserver
FNDA:234,_RNCNvMNtCs24HmxZt1CvP_8callisto8computerNtB4_12FlightParams19compute_flight_path0B6_
FNDA:468,_RINvXs0_NtCs24HmxZt1CvP_8callisto8computerNtB6_12FlightParamsNtNtNtCs1aWiqRNNIJD_5gomez4core6system6System4evalINtNtNtCsgOCA6PSk97e_8nalgebra4base11vec_storage10VecStoragedNtNtB1Q_9dimension3DynINtB2M_5ConstKj1_EEB1L_EB8_
FNDA:1872,_RINvXs0_NtCs24HmxZt1CvP_8callisto8computerNtB6_12FlightParamsNtNtNtCs1aWiqRNNIJD_5gomez4core6system6System4evalINtNtNtCsgOCA6PSk97e_8nalgebra4base11vec_storage10VecStoragedNtNtB1Q_9dimension3DynINtB2M_5ConstKj1_EEINtNtB1Q_11matrix_view14ViewStorageMutdB2K_B36_B36_B2K_EEB8_
FNDA:0,_RNCNvMs1_NtCs24HmxZt1CvP_8callisto8computerNtB7_12TargetParams5solve0B9_
FNDA:0,_RNCNvMs1_NtCs24HmxZt1CvP_8callisto8computerNtB7_12TargetParams19compute_target_path0B9_
FNDA:0,_RNCNvMs1_NtCs24HmxZt1CvP_8callisto8computerNtB7_12TargetParams19compute_target_paths_0B9_
FNDA:0,_RNCNvMs1_NtCs24HmxZt1CvP_8callisto8computerNtB7_12TargetParams19compute_target_paths0_0B9_
FNDA:0,_RINvXs3_NtCs24HmxZt1CvP_8callisto8computerNtB6_12TargetParamsNtNtNtCs1aWiqRNNIJD_5gomez4core6system6System4evalINtNtNtCsgOCA6PSk97e_8nalgebra4base11vec_storage10VecStoragedNtNtB1Q_9dimension3DynINtB2M_5ConstKj1_EEB1L_EB8_
FNDA:0,_RINvXs3_NtCs24HmxZt1CvP_8callisto8computerNtB6_12TargetParamsNtNtNtCs1aWiqRNNIJD_5gomez4core6system6System4evalINtNtNtCsgOCA6PSk97e_8nalgebra4base11vec_storage10VecStoragedNtNtB1Q_9dimension3DynINtB2M_5ConstKj1_EEINtNtB1Q_11matrix_view14ViewStorageMutdB2K_B36_B36_B2K_EEB8_
FNDA:0,_RNCINvXs0_NvXNvNtCs24HmxZt1CvP_8callisto8computers_1__NtBd_16FlightPathResultNtNtCskILVqQZxyKx_5serde2de11Deserialize11deserializeNtB8_9___VisitorNtB1f_7Visitor9visit_seqpE0Bf_
FNDA:0,_RNCINvXs0_NvXNvNtCs24HmxZt1CvP_8callisto8computers_1__NtBd_16FlightPathResultNtNtCskILVqQZxyKx_5serde2de11Deserialize11deserializeNtB8_9___VisitorNtB1f_7Visitor9visit_seqpEs_0Bf_
FNDA:2,_RNvMNtCs24HmxZt1CvP_8callisto8computerNtB2_12FlightParams3new
FNDA:2340,_RNvMNtCs24HmxZt1CvP_8callisto8computerNtB2_12FlightParams6pos_eq
FNDA:2340,_RNvMNtCs24HmxZt1CvP_8callisto8computerNtB2_12FlightParams6vel_eq
FNDA:2,_RNvMNtCs24HmxZt1CvP_8callisto8computerNtB2_12FlightParams10best_guess
FNDA:2,_RNvMNtCs24HmxZt1CvP_8callisto8computerNtB2_12FlightParams19compute_flight_path
FNDA:8,_RNvXs_NtCs24HmxZt1CvP_8callisto8computerNtB4_12FlightParamsNtNtNtCs1aWiqRNNIJD_5gomez4core4base7Problem6domain
FNDA:6,_RNvMs1_NtCs24HmxZt1CvP_8callisto8computerNtB5_12TargetParams3new
FNDA:0,_RNvMs1_NtCs24HmxZt1CvP_8callisto8computerNtB5_12TargetParams5solve
FNDA:0,_RNvMs1_NtCs24HmxZt1CvP_8callisto8computerNtB5_12TargetParams12compute_path
FNDA:6,_RNvMs1_NtCs24HmxZt1CvP_8callisto8computerNtB5_12TargetParams19compute_target_path
FNDA:0,_RNvXs2_NtCs24HmxZt1CvP_8callisto8computerNtB5_12TargetParamsNtNtNtCs1aWiqRNNIJD_5gomez4core4base7Problem6domain
FNDA:0,_RNCINvXs0_NvXNvNtCsgE9SocY5l2l_8callisto8computers_1__NtBd_16FlightPathResultNtNtCskILVqQZxyKx_5serde2de11Deserialize11deserializeNtB8_9___VisitorNtB1f_7Visitor9visit_seqpE0Bf_
FNDA:0,_RNCINvXs0_NvXNvNtCsgE9SocY5l2l_8callisto8computers_1__NtBd_16FlightPathResultNtNtCskILVqQZxyKx_5serde2de11Deserialize11deserializeNtB8_9___VisitorNtB1f_7Visitor9visit_seqpEs_0Bf_
FNDA:5,_RNvNtNtCsgE9SocY5l2l_8callisto8computer5tests9pos_error
FNDA:5,_RNvNtNtCsgE9SocY5l2l_8callisto8computer5tests9vel_error
FNDA:1,_RNvNtNvNtNtCsgE9SocY5l2l_8callisto8computer5testss_24test_compute_flight_path4init4init
FNDA:1,_RNvNtNvNtNtCsgE9SocY5l2l_8callisto8computer5testss_50test_compute_flight_path_with_null_target_velocity4init4init
FNDA:1,_RNvNtNvNtNtCsgE9SocY5l2l_8callisto8computer5testss_37test_compute_flight_short_first_accel4init4init
FNDA:1,_RNvNtNvNtNtCsgE9SocY5l2l_8callisto8computer5testss_26test_fast_velocity_compute4init4init
FNDA:1,_RNvNtNvNtNtCsgE9SocY5l2l_8callisto8computer5testss_45test_compute_flight_path_with_target_velocity4init4init
FNDA:1,_RNvNtNvNtNtCsgE9SocY5l2l_8callisto8computer5testss_38test_compute_flight_path_zero_velocity4init4init
FNDA:1,_RNvNtNvNtNtCsgE9SocY5l2l_8callisto8computer5testss_44test_compute_flight_path_acceleration_limits4init4init
FNDA:1,_RNvNtNvNtNtCsgE9SocY5l2l_8callisto8computer5testss_44test_compute_flight_plan_to_current_location4init4init
FNDA:16859,_RNCNvMNtCsgE9SocY5l2l_8callisto8computerNtB4_12FlightParams19compute_flight_path0B6_
FNDA:33722,_RINvXs0_NtCsgE9SocY5l2l_8callisto8computerNtB6_12FlightParamsNtNtNtCs1aWiqRNNIJD_5gomez4core6system6System4evalINtNtNtCsgOCA6PSk97e_8nalgebra4base11vec_storage10VecStoragedNtNtB1Q_9dimension3DynINtB2M_5ConstKj1_EEB1L_EB8_
FNDA:134888,_RINvXs0_NtCsgE9SocY5l2l_8callisto8computerNtB6_12FlightParamsNtNtNtCs1aWiqRNNIJD_5gomez4core6system6System4evalINtNtNtCsgOCA6PSk97e_8nalgebra4base11vec_storage10VecStoragedNtNtB1Q_9dimension3DynINtB2M_5ConstKj1_EEINtNtB1Q_11matrix_view14ViewStorageMutdB2K_B36_B36_B2K_EEB8_
FNDA:228,_RNCNvMs1_NtCsgE9SocY5l2l_8callisto8computerNtB7_12TargetParams5solve0B9_
FNDA:117,_RNCNvMs1_NtCsgE9SocY5l2l_8callisto8computerNtB7_12TargetParams19compute_target_path0B9_
FNDA:0,_RNCNvMs1_NtCsgE9SocY5l2l_8callisto8computerNtB7_12TargetParams19compute_target_paths_0B9_
FNDA:33,_RNCNvMs1_NtCsgE9SocY5l2l_8callisto8computerNtB7_12TargetParams19compute_target_paths0_0B9_
FNDA:456,_RINvXs3_NtCsgE9SocY5l2l_8callisto8computerNtB6_12TargetParamsNtNtNtCs1aWiqRNNIJD_5gomez4core6system6System4evalINtNtNtCsgOCA6PSk97e_8nalgebra4base11vec_storage10VecStoragedNtNtB1Q_9dimension3DynINtB2M_5ConstKj1_EEB1L_EB8_
FNDA:912,_RINvXs3_NtCsgE9SocY5l2l_8callisto8computerNtB6_12TargetParamsNtNtNtCs1aWiqRNNIJD_5gomez4core6system6System4evalINtNtNtCsgOCA6PSk97e_8nalgebra4base11vec_storage10VecStoragedNtNtB1Q_9dimension3DynINtB2M_5ConstKj1_EEINtNtB1Q_11matrix_view14ViewStorageMutdB2K_B36_B36_B2K_EEB8_
FNDA:2,_RNvMNtCsgE9SocY5l2l_8callisto8computerNtB2_12FlightParams3new
FNDA:168610,_RNvMNtCsgE9SocY5l2l_8callisto8computerNtB2_12FlightParams6pos_eq
FNDA:168610,_RNvMNtCsgE9SocY5l2l_8callisto8computerNtB2_12FlightParams6vel_eq
FNDA:122,_RNvMNtCsgE9SocY5l2l_8callisto8computerNtB2_12FlightParams10best_guess
FNDA:109,_RNvMNtCsgE9SocY5l2l_8callisto8computerNtB2_12FlightParams19compute_flight_path
FNDA:488,_RNvXs_NtCsgE9SocY5l2l_8callisto8computerNtB4_12FlightParamsNtNtNtCs1aWiqRNNIJD_5gomez4core4base7Problem6domain
FNDA:97,_RNvMs1_NtCsgE9SocY5l2l_8callisto8computerNtB5_12TargetParams3new
FNDA:72,_RNvMs1_NtCsgE9SocY5l2l_8callisto8computerNtB5_12TargetParams5solve
FNDA:39,_RNvMs1_NtCsgE9SocY5l2l_8callisto8computerNtB5_12TargetParams12compute_path
FNDA:97,_RNvMs1_NtCsgE9SocY5l2l_8callisto8computerNtB5_12TargetParams19compute_target_path
FNDA:288,_RNvXs2_NtCsgE9SocY5l2l_8callisto8computerNtB5_12TargetParamsNtNtNtCs1aWiqRNNIJD_5gomez4core4base7Problem6domain
FNDA:0,_RNCINvXs0_NvXNvNtCs24HmxZt1CvP_8callisto8computers_1__NtBd_16FlightPathResultNtNtCskILVqQZxyKx_5serde2de11Deserialize11deserializeNtB8_9___VisitorNtB1f_7Visitor9visit_seqINtNtCs3LCPAjl3QLA_10serde_json2de9SeqAccessNtNtB2N_4read7StrReadEE0CsibFzNM8H52O_9webserver
FNDA:0,_RNCINvXs0_NvXNvNtCs24HmxZt1CvP_8callisto8computers_1__NtBd_16FlightPathResultNtNtCskILVqQZxyKx_5serde2de11Deserialize11deserializeNtB8_9___VisitorNtB1f_7Visitor9visit_seqINtNtCs3LCPAjl3QLA_10serde_json2de9SeqAccessNtNtB2N_4read7StrReadEEs_0CsibFzNM8H52O_9webserver
FNF:29
FNH:27
DA:20,0
DA:52,4
DA:53,4
DA:54,4
DA:55,4
DA:56,4
DA:57,4
DA:58,4
DA:59,4
DA:60,4
DA:61,4
DA:62,4
DA:63,4
DA:64,4
DA:66,170950
DA:67,170950
DA:68,170950
DA:69,170950
DA:70,170950
DA:71,170950
DA:72,170950
DA:73,170950
DA:74,2140
DA:76,168810
DA:78,170950
DA:80,170950
DA:81,170950
DA:82,170950
DA:88,124
DA:89,124
DA:90,124
DA:91,124
DA:92,124
DA:93,124
DA:94,124
DA:95,124
DA:96,124
DA:97,124
DA:98,124
DA:100,1
DA:101,1
DA:102,1
DA:103,1
DA:104,1
DA:105,0
DA:106,0
DA:107,0
DA:109,123
DA:112,1
DA:113,1
DA:114,0
DA:115,0
DA:116,0
DA:120,122
DA:121,122
DA:122,122
DA:123,122
DA:124,122
DA:125,122
DA:126,122
DA:128,0
DA:129,122
DA:131,122
DA:132,109
DA:133,109
DA:134,109
DA:135,109
DA:136,13
DA:137,0
DA:138,0
DA:142,122
DA:143,122
DA:144,0
DA:145,0
DA:148,0
DA:151,124
DA:157,111
DA:158,124
DA:160,124
DA:161,124
DA:162,124
DA:163,124
DA:164,124
DA:165,124
DA:166,124
DA:167,124
DA:168,124
DA:169,124
DA:170,17093
DA:171,17093
DA:172,17093
DA:173,17093
DA:174,17093
DA:175,17093
DA:176,17093
DA:177,17093
DA:178,17093
DA:179,17093
DA:181,124
DA:184,2
DA:186,122
DA:187,122
DA:188,111
DA:192,11
DA:196,111
DA:197,111
DA:198,111
DA:199,111
DA:200,111
DA:201,111
DA:202,111
DA:203,111
DA:204,111
DA:205,111
DA:206,111
DA:207,111
DA:208,111
DA:214,0
DA:215,111
DA:216,111
DA:217,111
DA:218,111
DA:219,111
DA:220,111
DA:221,111
DA:222,111
DA:223,111
DA:224,111
DA:225,111
DA:226,111
DA:227,111
DA:228,111
DA:229,222
DA:230,222
DA:231,222
DA:232,1303
DA:233,1081
DA:234,220
DA:235,861
DA:236,1081
DA:237,1081
DA:238,1081
DA:239,1081
DA:240,1081
DA:241,1081
DA:242,1081
DA:243,1081
DA:244,1081
DA:245,1081
DA:252,111
DA:253,111
DA:254,111
DA:255,111
DA:256,111
DA:257,111
DA:258,111
DA:259,111
DA:260,111
DA:261,111
DA:262,111
DA:264,0
DA:265,111
DA:277,496
DA:278,496
DA:279,496
DA:280,496
DA:281,496
DA:282,496
DA:300,170950
DA:301,170950
DA:302,170950
DA:303,170950
DA:304,170950
DA:305,170950
DA:306,170950
DA:307,170950
DA:308,170950
DA:309,170950
DA:310,170950
DA:311,170950
DA:312,170950
DA:313,170950
DA:314,170950
DA:315,170950
DA:316,170950
DA:317,170950
DA:318,170950
DA:319,170950
DA:320,170950
DA:321,170950
DA:322,170950
DA:323,170950
DA:324,170950
DA:325,170950
DA:326,170950
DA:327,170950
DA:328,170950
DA:329,170950
DA:330,170950
DA:331,170950
DA:344,103
DA:345,103
DA:346,103
DA:347,103
DA:348,103
DA:349,103
DA:350,103
DA:351,103
DA:352,103
DA:354,72
DA:355,72
DA:356,72
DA:358,72
DA:359,228
DA:360,228
DA:361,228
DA:362,228
DA:363,228
DA:364,228
DA:365,228
DA:366,228
DA:367,228
DA:368,228
DA:370,72
DA:371,72
DA:373,39
DA:374,39
DA:375,39
DA:376,39
DA:377,39
DA:378,39
DA:379,39
DA:380,39
DA:381,39
DA:382,39
DA:383,1494
DA:384,1455
DA:385,39
DA:386,1416
DA:387,1455
DA:388,1455
DA:389,1455
DA:390,1455
DA:391,1455
DA:392,1455
DA:394,39
DA:395,39
DA:397,103
DA:398,103
DA:399,103
DA:400,103
DA:401,103
DA:402,103
DA:403,103
DA:405,64
DA:406,64
DA:407,64
DA:408,64
DA:409,64
DA:410,39
DA:411,39
DA:412,39
DA:413,39
DA:414,117
DA:415,39
DA:416,39
DA:417,39
DA:418,39
DA:419,39
DA:420,39
DA:421,39
DA:422,39
DA:423,39
DA:424,39
DA:425,39
DA:426,39
DA:427,39
DA:428,39
DA:429,39
DA:430,39
DA:431,39
DA:432,6
DA:433,6
DA:434,6
DA:435,6
DA:436,6
DA:437,6
DA:439,0
DA:440,6
DA:441,6
DA:442,6
DA:443,6
DA:444,6
DA:445,6
DA:446,6
DA:447,6
DA:448,6
DA:449,6
DA:450,0
DA:451,6
DA:452,6
DA:453,6
DA:454,6
DA:455,6
DA:456,6
DA:458,33
DA:459,33
DA:460,33
DA:461,33
DA:462,33
DA:463,0
DA:464,0
DA:465,33
DA:466,33
DA:467,33
DA:468,33
DA:469,33
DA:470,33
DA:471,33
DA:472,33
DA:474,0
DA:475,33
DA:476,33
DA:477,33
DA:478,33
DA:479,33
DA:480,33
DA:481,33
DA:482,33
DA:483,33
DA:484,33
DA:485,33
DA:486,33
DA:487,33
DA:489,0
DA:490,0
DA:491,0
DA:494,103
DA:499,288
DA:500,288
DA:501,288
DA:515,1368
DA:516,1368
DA:517,1368
DA:518,1368
DA:519,1368
DA:520,1368
DA:521,1368
DA:522,1368
DA:523,1368
DA:524,1368
DA:525,1368
DA:526,1368
DA:527,1368
DA:528,1368
DA:529,1368
DA:530,1368
DA:531,1368
DA:532,1368
DA:533,1368
DA:534,1368
DA:535,1368
DA:545,5
DA:546,5
DA:547,5
DA:549,5
DA:551,5
DA:552,2
DA:554,3
DA:557,5
DA:558,5
DA:560,1
DA:602,1
DA:649,1
DA:699,1
DA:730,1
DA:799,1
DA:849,1
DA:885,1
BRF:0
BRH:0
LF:388
LH:363
end_of_record
SF:/Users/dan/dev/callisto/callisto/src/crew.rs
FN:30,_RNvNtCs24HmxZt1CvP_8callisto4crew15default_gunnery
FN:36,_RNvMNtCs24HmxZt1CvP_8callisto4crewNtB2_4Crew3new
FN:57,_RNvMNtCs24HmxZt1CvP_8callisto4crewNtB2_4Crew9get_skill
FN:69,_RNvMNtCs24HmxZt1CvP_8callisto4crewNtB2_4Crew9get_pilot
FN:74,_RNvMNtCs24HmxZt1CvP_8callisto4crewNtB2_4Crew20get_engineering_jump
FN:79,_RNvMNtCs24HmxZt1CvP_8callisto4crewNtB2_4Crew21get_engineering_power
FN:84,_RNvMNtCs24HmxZt1CvP_8callisto4crewNtB2_4Crew24get_engineering_maneuver
FN:89,_RNvMNtCs24HmxZt1CvP_8callisto4crewNtB2_4Crew11get_sensors
FN:94,_RNvMNtCs24HmxZt1CvP_8callisto4crewNtB2_4Crew11get_gunnery
FN:110,_RNvMNtCs24HmxZt1CvP_8callisto4crewNtB2_4Crew9set_skill
FN:121,_RNvMNtCs24HmxZt1CvP_8callisto4crewNtB2_4Crew11add_gunnery
FN:127,_RNvXs_NtCs24HmxZt1CvP_8callisto4crewNtB4_4CrewNtNtCsdwlQpJenJj9_4core7default7Default7default
FN:30,_RNvNtCsgE9SocY5l2l_8callisto4crew15default_gunnery
FN:36,_RNvMNtCsgE9SocY5l2l_8callisto4crewNtB2_4Crew3new
FN:57,_RNvMNtCsgE9SocY5l2l_8callisto4crewNtB2_4Crew9get_skill
FN:69,_RNvMNtCsgE9SocY5l2l_8callisto4crewNtB2_4Crew9get_pilot
FN:74,_RNvMNtCsgE9SocY5l2l_8callisto4crewNtB2_4Crew20get_engineering_jump
FN:79,_RNvMNtCsgE9SocY5l2l_8callisto4crewNtB2_4Crew21get_engineering_power
FN:84,_RNvMNtCsgE9SocY5l2l_8callisto4crewNtB2_4Crew24get_engineering_maneuver
FN:89,_RNvMNtCsgE9SocY5l2l_8callisto4crewNtB2_4Crew11get_sensors
FN:94,_RNvMNtCsgE9SocY5l2l_8callisto4crewNtB2_4Crew11get_gunnery
FN:110,_RNvMNtCsgE9SocY5l2l_8callisto4crewNtB2_4Crew9set_skill
FN:121,_RNvMNtCsgE9SocY5l2l_8callisto4crewNtB2_4Crew11add_gunnery
FN:127,_RNvXs_NtCsgE9SocY5l2l_8callisto4crewNtB4_4CrewNtNtCsdwlQpJenJj9_4core7default7Default7default
FN:138,_RNvNtNvNtNtCsgE9SocY5l2l_8callisto4crew5testss_13test_crew_new4init4init
FN:149,_RNvNtNvNtNtCsgE9SocY5l2l_8callisto4crew5testss_14test_get_skill4init4init
FN:165,_RNvNtNvNtNtCsgE9SocY5l2l_8callisto4crew5testss_28test_get_skill_gunnery_panic4init4init
FN:172,_RNvNtNvNtNtCsgE9SocY5l2l_8callisto4crew5testss_26test_get_individual_skills4init4init
FN:188,_RNvNtNvNtNtCsgE9SocY5l2l_8callisto4crew5testss_16test_get_gunnery4init4init
FN:199,_RNvNtNvNtNtCsgE9SocY5l2l_8callisto4crew5testss_14test_set_skill4init4init
FN:216,_RNvNtNvNtNtCsgE9SocY5l2l_8callisto4crew5testss_28test_set_skill_gunnery_panic4init4init
FN:223,_RNvNtNvNtNtCsgE9SocY5l2l_8callisto4crew5testss_16test_add_gunnery4init4init
FN:234,_RNvNtNvNtNtCsgE9SocY5l2l_8callisto4crew5testss_20test_default_gunnery4init4init
FN:240,_RNvNtNvNtNtCsgE9SocY5l2l_8callisto4crew5testss_39test_crew_serialization_deserialization4init4init
FNDA:0,_RNvNtCs24HmxZt1CvP_8callisto4crew15default_gunnery
FNDA:14,_RNvMNtCs24HmxZt1CvP_8callisto4crewNtB2_4Crew3new
FNDA:0,_RNvMNtCs24HmxZt1CvP_8callisto4crewNtB2_4Crew9get_skill
FNDA:1,_RNvMNtCs24HmxZt1CvP_8callisto4crewNtB2_4Crew9get_pilot
FNDA:1,_RNvMNtCs24HmxZt1CvP_8callisto4crewNtB2_4Crew20get_engineering_jump
FNDA:1,_RNvMNtCs24HmxZt1CvP_8callisto4crewNtB2_4Crew21get_engineering_power
FNDA:1,_RNvMNtCs24HmxZt1CvP_8callisto4crewNtB2_4Crew24get_engineering_maneuver
FNDA:1,_RNvMNtCs24HmxZt1CvP_8callisto4crewNtB2_4Crew11get_sensors
FNDA:6,_RNvMNtCs24HmxZt1CvP_8callisto4crewNtB2_4Crew11get_gunnery
FNDA:5,_RNvMNtCs24HmxZt1CvP_8callisto4crewNtB2_4Crew9set_skill
FNDA:3,_RNvMNtCs24HmxZt1CvP_8callisto4crewNtB2_4Crew11add_gunnery
FNDA:14,_RNvXs_NtCs24HmxZt1CvP_8callisto4crewNtB4_4CrewNtNtCsdwlQpJenJj9_4core7default7Default7default
FNDA:1,_RNvNtCsgE9SocY5l2l_8callisto4crew15default_gunnery
FNDA:111,_RNvMNtCsgE9SocY5l2l_8callisto4crewNtB2_4Crew3new
FNDA:6,_RNvMNtCsgE9SocY5l2l_8callisto4crewNtB2_4Crew9get_skill
FNDA:8,_RNvMNtCsgE9SocY5l2l_8callisto4crewNtB2_4Crew9get_pilot
FNDA:3,_RNvMNtCsgE9SocY5l2l_8callisto4crewNtB2_4Crew20get_engineering_jump
FNDA:3,_RNvMNtCsgE9SocY5l2l_8callisto4crewNtB2_4Crew21get_engineering_power
FNDA:3,_RNvMNtCsgE9SocY5l2l_8callisto4crewNtB2_4Crew24get_engineering_maneuver
FNDA:29,_RNvMNtCsgE9SocY5l2l_8callisto4crewNtB2_4Crew11get_sensors
FNDA:101,_RNvMNtCsgE9SocY5l2l_8callisto4crewNtB2_4Crew11get_gunnery
FNDA:21,_RNvMNtCsgE9SocY5l2l_8callisto4crewNtB2_4Crew9set_skill
FNDA:4,_RNvMNtCsgE9SocY5l2l_8callisto4crewNtB2_4Crew11add_gunnery
FNDA:99,_RNvXs_NtCsgE9SocY5l2l_8callisto4crewNtB4_4CrewNtNtCsdwlQpJenJj9_4core7default7Default7default
FNDA:1,_RNvNtNvNtNtCsgE9SocY5l2l_8callisto4crew5testss_13test_crew_new4init4init
FNDA:1,_RNvNtNvNtNtCsgE9SocY5l2l_8callisto4crew5testss_14test_get_skill4init4init
FNDA:1,_RNvNtNvNtNtCsgE9SocY5l2l_8callisto4crew5testss_28test_get_skill_gunnery_panic4init4init
FNDA:1,_RNvNtNvNtNtCsgE9SocY5l2l_8callisto4crew5testss_26test_get_individual_skills4init4init
FNDA:1,_RNvNtNvNtNtCsgE9SocY5l2l_8callisto4crew5testss_16test_get_gunnery4init4init
FNDA:1,_RNvNtNvNtNtCsgE9SocY5l2l_8callisto4crew5testss_14test_set_skill4init4init
FNDA:1,_RNvNtNvNtNtCsgE9SocY5l2l_8callisto4crew5testss_28test_set_skill_gunnery_panic4init4init
FNDA:1,_RNvNtNvNtNtCsgE9SocY5l2l_8callisto4crew5testss_16test_add_gunnery4init4init
FNDA:1,_RNvNtNvNtNtCsgE9SocY5l2l_8callisto4crew5testss_20test_default_gunnery4init4init
FNDA:1,_RNvNtNvNtNtCsgE9SocY5l2l_8callisto4crew5testss_39test_crew_serialization_deserialization4init4init
FNF:22
FNH:22
DA:30,1
DA:31,1
DA:32,1
DA:36,125
DA:37,125
DA:38,125
DA:39,125
DA:40,125
DA:41,125
DA:42,125
DA:43,125
DA:44,125
DA:45,125
DA:57,6
DA:58,6
DA:59,1
DA:60,1
DA:61,1
DA:62,1
DA:63,1
DA:64,1
DA:66,5
DA:69,9
DA:70,9
DA:71,9
DA:74,4
DA:75,4
DA:76,4
DA:79,4
DA:80,4
DA:81,4
DA:84,4
DA:85,4
DA:86,4
DA:89,30
DA:90,30
DA:91,30
DA:94,107
DA:95,107
DA:96,81
DA:97,26
DA:98,26
DA:99,107
DA:110,26
DA:111,26
DA:112,4
DA:113,4
DA:114,3
DA:115,3
DA:116,11
DA:117,1
DA:119,25
DA:121,7
DA:122,7
DA:123,7
DA:127,113
DA:128,113
DA:129,113
DA:138,1
DA:149,1
DA:165,1
DA:172,1
DA:188,1
DA:199,1
DA:216,1
DA:223,1
DA:234,1
DA:240,1
BRF:0
BRH:0
LF:68
LH:68
end_of_record
SF:/Users/dan/dev/callisto/callisto/src/entity.rs
FN:838,_RINvXs4_NtCs24HmxZt1CvP_8callisto6entityNtB6_8EntitiesNtNtCskILVqQZxyKx_5serde2de11Deserialize11deserializeQINtNtCs3LCPAjl3QLA_10serde_json2de12DeserializerNtNtB1N_4read9SliceReadEECs7HOTlFOITGX_8callisto
FN:857,_RNCINvXs4_NtCs24HmxZt1CvP_8callisto6entityNtB8_8EntitiesNtNtCskILVqQZxyKx_5serde2de11Deserialize11deserializeQINtNtCs3LCPAjl3QLA_10serde_json2de12DeserializerNtNtB1P_4read9SliceReadEE0Cs7HOTlFOITGX_8callisto
FN:867,_RNCINvXs4_NtCs24HmxZt1CvP_8callisto6entityNtB8_8EntitiesNtNtCskILVqQZxyKx_5serde2de11Deserialize11deserializeQINtNtCs3LCPAjl3QLA_10serde_json2de12DeserializerNtNtB1P_4read9SliceReadEEs0_0Cs7HOTlFOITGX_8callisto
FN:862,_RNCINvXs4_NtCs24HmxZt1CvP_8callisto6entityNtB8_8EntitiesNtNtCskILVqQZxyKx_5serde2de11Deserialize11deserializeQINtNtCs3LCPAjl3QLA_10serde_json2de12DeserializerNtNtB1P_4read9SliceReadEEs_0Cs7HOTlFOITGX_8callisto
FN:113,_RNCNvMs_NtCs24HmxZt1CvP_8callisto6entityNtB6_8Entities14load_from_file0Cs7HOTlFOITGX_8callisto
FN:113,_RNCNvMs_NtCs24HmxZt1CvP_8callisto6entityNtB6_8Entities14load_from_file0B8_
FN:64,_RNCNvXNtCs24HmxZt1CvP_8callisto6entityNtB4_8EntitiesNtNtCsdwlQpJenJj9_4core3cmp9PartialEq2eq0B6_
FN:65,_RNCNvXNtCs24HmxZt1CvP_8callisto6entityNtB4_8EntitiesNtNtCsdwlQpJenJj9_4core3cmp9PartialEq2eqs_0B6_
FN:66,_RNCNvXNtCs24HmxZt1CvP_8callisto6entityNtB4_8EntitiesNtNtCsdwlQpJenJj9_4core3cmp9PartialEq2eqs0_0B6_
FN:70,_RNCNvXNtCs24HmxZt1CvP_8callisto6entityNtB4_8EntitiesNtNtCsdwlQpJenJj9_4core3cmp9PartialEq2eqs1_0B6_
FN:74,_RNCNvXNtCs24HmxZt1CvP_8callisto6entityNtB4_8EntitiesNtNtCsdwlQpJenJj9_4core3cmp9PartialEq2eqs2_0B6_
FN:78,_RNCNvXNtCs24HmxZt1CvP_8callisto6entityNtB4_8EntitiesNtNtCsdwlQpJenJj9_4core3cmp9PartialEq2eqs3_0B6_
FN:207,_RNCNvMs_NtCs24HmxZt1CvP_8callisto6entityNtB6_8Entities10add_planet0B8_
FN:250,_RNCNvMs_NtCs24HmxZt1CvP_8callisto6entityNtB6_8Entities14launch_missile0B8_
FN:256,_RNCNvMs_NtCs24HmxZt1CvP_8callisto6entityNtB6_8Entities14launch_missiles_0B8_
FN:327,_RNCNvMs_NtCs24HmxZt1CvP_8callisto6entityNtB6_8Entities12fire_actions0B8_
FN:362,_RNCNvMs_NtCs24HmxZt1CvP_8callisto6entityNtB6_8Entities10update_all0B8_
FN:378,_RNCNvMs_NtCs24HmxZt1CvP_8callisto6entityNtB6_8Entities10update_alls_0B8_
FN:387,_RNCNvMs_NtCs24HmxZt1CvP_8callisto6entityNtB6_8Entities10update_alls0_0B8_
FN:414,_RNCNCNvMs_NtCs24HmxZt1CvP_8callisto6entityNtB8_8Entities10update_alls0_00Ba_
FN:418,_RNCNCNvMs_NtCs24HmxZt1CvP_8callisto6entityNtB8_8Entities10update_alls0_0s_0Ba_
FN:464,_RNCNvMs_NtCs24HmxZt1CvP_8callisto6entityNtB6_8Entities10update_alls1_0B8_
FN:608,_RNCNvMs_NtCs24HmxZt1CvP_8callisto6entityNtB6_8Entities12jam_missiles0B8_
FN:609,_RNCNvMs_NtCs24HmxZt1CvP_8callisto6entityNtB6_8Entities12jam_missiless_0B8_
FN:624,_RNCNvMs_NtCs24HmxZt1CvP_8callisto6entityNtB6_8Entities12jam_missiless0_0B8_
FN:656,_RNCNvMs_NtCs24HmxZt1CvP_8callisto6entityNtB6_8Entities17break_sensor_lock0B8_
FN:656,_RNCNCNvMs_NtCs24HmxZt1CvP_8callisto6entityNtB8_8Entities17break_sensor_lock00Ba_
FN:663,_RNCNvMs_NtCs24HmxZt1CvP_8callisto6entityNtB6_8Entities17break_sensor_locks_0B8_
FN:731,_RNCNvMs_NtCs24HmxZt1CvP_8callisto6entityNtB6_8Entities14fixup_pointers0B8_
FN:742,_RNCNvMs_NtCs24HmxZt1CvP_8callisto6entityNtB6_8Entities14fixup_pointerss_0B8_
FN:799,_RINvXs3_NtCs24HmxZt1CvP_8callisto6entityNtB6_8EntitiesNtNtCskILVqQZxyKx_5serde3ser9Serialize9serializeQINtNtCs3LCPAjl3QLA_10serde_json3ser10SerializerQINtNtCs3NOyuRaisWM_5alloc3vec3VechEEEB8_
FN:811,_RNCINvXs3_NtCs24HmxZt1CvP_8callisto6entityNtB8_8EntitiesNtNtCskILVqQZxyKx_5serde3ser9Serialize9serializeQINtNtCs3LCPAjl3QLA_10serde_json3ser10SerializerQINtNtCs3NOyuRaisWM_5alloc3vec3VechEEE0Ba_
FN:815,_RNCINvXs3_NtCs24HmxZt1CvP_8callisto6entityNtB8_8EntitiesNtNtCskILVqQZxyKx_5serde3ser9Serialize9serializeQINtNtCs3LCPAjl3QLA_10serde_json3ser10SerializerQINtNtCs3NOyuRaisWM_5alloc3vec3VechEEEs_0Ba_
FN:820,_RNCINvXs3_NtCs24HmxZt1CvP_8callisto6entityNtB8_8EntitiesNtNtCskILVqQZxyKx_5serde3ser9Serialize9serializeQINtNtCs3LCPAjl3QLA_10serde_json3ser10SerializerQINtNtCs3NOyuRaisWM_5alloc3vec3VechEEEs0_0Ba_
FN:826,_RNCINvXs3_NtCs24HmxZt1CvP_8callisto6entityNtB8_8EntitiesNtNtCskILVqQZxyKx_5serde3ser9Serialize9serializeQINtNtCs3LCPAjl3QLA_10serde_json3ser10SerializerQINtNtCs3NOyuRaisWM_5alloc3vec3VechEEEs1_0Ba_
FN:829,_RNCINvXs3_NtCs24HmxZt1CvP_8callisto6entityNtB8_8EntitiesNtNtCskILVqQZxyKx_5serde3ser9Serialize9serializeQINtNtCs3LCPAjl3QLA_10serde_json3ser10SerializerQINtNtCs3NOyuRaisWM_5alloc3vec3VechEEEs2_0Ba_
FN:830,_RNCINvXs3_NtCs24HmxZt1CvP_8callisto6entityNtB8_8EntitiesNtNtCskILVqQZxyKx_5serde3ser9Serialize9serializeQINtNtCs3LCPAjl3QLA_10serde_json3ser10SerializerQINtNtCs3NOyuRaisWM_5alloc3vec3VechEEEs3_0Ba_
FN:838,_RINvXs4_NtCs24HmxZt1CvP_8callisto6entityNtB6_8EntitiesNtNtCskILVqQZxyKx_5serde2de11Deserialize11deserializeQINtNtCs3LCPAjl3QLA_10serde_json2de12DeserializerNtNtB1N_4read7StrReadEEB8_
FN:857,_RNCINvXs4_NtCs24HmxZt1CvP_8callisto6entityNtB8_8EntitiesNtNtCskILVqQZxyKx_5serde2de11Deserialize11deserializeQINtNtCs3LCPAjl3QLA_10serde_json2de12DeserializerNtNtB1P_4read7StrReadEE0Ba_
FN:862,_RNCINvXs4_NtCs24HmxZt1CvP_8callisto6entityNtB8_8EntitiesNtNtCskILVqQZxyKx_5serde2de11Deserialize11deserializeQINtNtCs3LCPAjl3QLA_10serde_json2de12DeserializerNtNtB1P_4read7StrReadEEs_0Ba_
FN:867,_RNCINvXs4_NtCs24HmxZt1CvP_8callisto6entityNtB8_8EntitiesNtNtCskILVqQZxyKx_5serde2de11Deserialize11deserializeQINtNtCs3LCPAjl3QLA_10serde_json2de12DeserializerNtNtB1P_4read7StrReadEEs0_0Ba_
FN:878,_RNCNvNtCs24HmxZt1CvP_8callisto6entity10deep_clone0B5_
FN:60,_RNvXNtCs24HmxZt1CvP_8callisto6entityNtB2_8EntitiesNtNtCsdwlQpJenJj9_4core3cmp9PartialEq2eq
FN:84,_RNvMs_NtCs24HmxZt1CvP_8callisto6entityNtB4_8Entities3new
FN:94,_RNvMs_NtCs24HmxZt1CvP_8callisto6entityNtB4_8Entities3len
FN:99,_RNvMs_NtCs24HmxZt1CvP_8callisto6entityNtB4_8Entities8is_empty
FN:113,_RNvMs_NtCs24HmxZt1CvP_8callisto6entityNtB4_8Entities14load_from_file
FN:157,_RNvMs_NtCs24HmxZt1CvP_8callisto6entityNtB4_8Entities8add_ship
FN:190,_RNvMs_NtCs24HmxZt1CvP_8callisto6entityNtB4_8Entities10add_planet
FN:240,_RNvMs_NtCs24HmxZt1CvP_8callisto6entityNtB4_8Entities14launch_missile
FN:298,_RNvMs_NtCs24HmxZt1CvP_8callisto6entityNtB4_8Entities15set_flight_plan
FN:319,_RNvMs_NtCs24HmxZt1CvP_8callisto6entityNtB4_8Entities12fire_actions
FN:360,_RNvMs_NtCs24HmxZt1CvP_8callisto6entityNtB4_8Entities10update_all
FN:513,_RNvMs_NtCs24HmxZt1CvP_8callisto6entityNtB4_8Entities14sensor_actions
FN:602,_RNvMs_NtCs24HmxZt1CvP_8callisto6entityNtB4_8Entities12jam_missiles
FN:648,_RNvMs_NtCs24HmxZt1CvP_8callisto6entityNtB4_8Entities17break_sensor_lock
FN:685,_RNvMs_NtCs24HmxZt1CvP_8callisto6entityNtB4_8Entities8validate
FN:723,_RNvMs_NtCs24HmxZt1CvP_8callisto6entityNtB4_8Entities14fixup_pointers
FN:752,_RNvMs_NtCs24HmxZt1CvP_8callisto6entityNtB4_8Entities19reset_gravity_wells
FN:762,_RNvXs0_NtCs24HmxZt1CvP_8callisto6entityNtB5_8EntitiesNtNtCsdwlQpJenJj9_4core3fmt5Debug3fmt
FN:768,_RNvXs1_NtCs24HmxZt1CvP_8callisto6entityNtB5_8EntitiesNtNtCsdwlQpJenJj9_4core3fmt7Display3fmt
FN:793,_RNvXs2_NtCs24HmxZt1CvP_8callisto6entityNtB5_8EntitiesNtNtCsdwlQpJenJj9_4core5clone5Clone5clone
FN:875,_RNvNtCs24HmxZt1CvP_8callisto6entity10deep_clone
FN:1783,_RNvNtNtCsgE9SocY5l2l_8callisto6entity5tests24create_test_ship_sensors
FN:1792,_RNvNtNtCsgE9SocY5l2l_8callisto6entity5tests19create_test_missile
FN:895,_RNvNtNvNtNtCsgE9SocY5l2l_8callisto6entity5testss_31test_entities_display_and_debug4init4init
FN:957,_RNvNtNvNtNtCsgE9SocY5l2l_8callisto6entity5testss_13test_add_ship4init4init
FN:971,_RNvNtNvNtNtCsgE9SocY5l2l_8callisto6entity5testss_15test_update_all4init4init
FN:1045,_RNvNtNvNtNtCsgE9SocY5l2l_8callisto6entity5testss_22test_entities_validate4init4init
FN:1169,_RNvNtNvNtNtCsgE9SocY5l2l_8callisto6entity5testss_15test_sun_update4init4init
FN:1195,_RNvNtNvNtNtCsgE9SocY5l2l_8callisto6entity5testss_26test_complex_planet_update4init4init
FN:1200,_RNvNvNtNtCsgE9SocY5l2l_8callisto6entity5testss_26test_complex_planet_update18check_radius_and_y
FN:1286,_RNvNtNvNtNtCsgE9SocY5l2l_8callisto6entity5testss_21test_serialize_planet4init4init
FN:1348,_RNvNtNvNtNtCsgE9SocY5l2l_8callisto6entity5testss_29test_mixed_entities_serialize4init4init
FN:1467,_RNvNtNtCsgE9SocY5l2l_8callisto6entity5testss_28test_unordered_scenario_file
FN:1474,_RNvNtNtCsgE9SocY5l2l_8callisto6entity5testss_22test_entities_equality
FN:1474,_RNvNtNCNvNtNtCsgE9SocY5l2l_8callisto6entity5testss_22test_entities_equality04init4init
FN:1620,_RNvNtNvNtNtCsgE9SocY5l2l_8callisto6entity5testss_30test_entities_len_and_is_empty4init4init
FN:1662,_RNvNtNvNtNtCsgE9SocY5l2l_8callisto6entity5testss_34test_launch_missile_invalid_target4init4init
FN:1682,_RNvNtNtCsgE9SocY5l2l_8callisto6entity5testss_19test_fixup_pointers
FN:1682,_RNvNtNCNvNtNtCsgE9SocY5l2l_8callisto6entity5testss_19test_fixup_pointers04init4init
FN:1744,_RNvNtNvNtNtCsgE9SocY5l2l_8callisto6entity5testss_20test_set_flight_plan4init4init
FN:1799,_RNvNtNvNtNtCsgE9SocY5l2l_8callisto6entity5testss_17test_jam_missiles4init4init
FN:1863,_RNvNtNvNtNtCsgE9SocY5l2l_8callisto6entity5testss_16test_sensor_lock4init4init
FN:1900,_RNvNtNtCsgE9SocY5l2l_8callisto6entity5testss_22test_break_sensor_lock
FN:1943,_RNvNtNtCsgE9SocY5l2l_8callisto6entity5testss_14test_jam_comms
FN:60,_RNvXNtCsgE9SocY5l2l_8callisto6entityNtB2_8EntitiesNtNtCsdwlQpJenJj9_4core3cmp9PartialEq2eq
FN:84,_RNvMs_NtCsgE9SocY5l2l_8callisto6entityNtB4_8Entities3new
FN:94,_RNvMs_NtCsgE9SocY5l2l_8callisto6entityNtB4_8Entities3len
FN:99,_RNvMs_NtCsgE9SocY5l2l_8callisto6entityNtB4_8Entities8is_empty
FN:113,_RNvMs_NtCsgE9SocY5l2l_8callisto6entityNtB4_8Entities14load_from_file
FN:157,_RNvMs_NtCsgE9SocY5l2l_8callisto6entityNtB4_8Entities8add_ship
FN:190,_RNvMs_NtCsgE9SocY5l2l_8callisto6entityNtB4_8Entities10add_planet
FN:240,_RNvMs_NtCsgE9SocY5l2l_8callisto6entityNtB4_8Entities14launch_missile
FN:298,_RNvMs_NtCsgE9SocY5l2l_8callisto6entityNtB4_8Entities15set_flight_plan
FN:319,_RNvMs_NtCsgE9SocY5l2l_8callisto6entityNtB4_8Entities12fire_actions
FN:360,_RNvMs_NtCsgE9SocY5l2l_8callisto6entityNtB4_8Entities10update_all
FN:513,_RNvMs_NtCsgE9SocY5l2l_8callisto6entityNtB4_8Entities14sensor_actions
FN:602,_RNvMs_NtCsgE9SocY5l2l_8callisto6entityNtB4_8Entities12jam_missiles
FN:648,_RNvMs_NtCsgE9SocY5l2l_8callisto6entityNtB4_8Entities17break_sensor_lock
FN:685,_RNvMs_NtCsgE9SocY5l2l_8callisto6entityNtB4_8Entities8validate
FN:723,_RNvMs_NtCsgE9SocY5l2l_8callisto6entityNtB4_8Entities14fixup_pointers
FN:752,_RNvMs_NtCsgE9SocY5l2l_8callisto6entityNtB4_8Entities19reset_gravity_wells
FN:762,_RNvXs0_NtCsgE9SocY5l2l_8callisto6entityNtB5_8EntitiesNtNtCsdwlQpJenJj9_4core3fmt5Debug3fmt
FN:768,_RNvXs1_NtCsgE9SocY5l2l_8callisto6entityNtB5_8EntitiesNtNtCsdwlQpJenJj9_4core3fmt7Display3fmt
FN:793,_RNvXs2_NtCsgE9SocY5l2l_8callisto6entityNtB5_8EntitiesNtNtCsdwlQpJenJj9_4core5clone5Clone5clone
FN:875,_RNvNtCsgE9SocY5l2l_8callisto6entity10deep_clone
FN:1467,_RNCNvNtNtCsgE9SocY5l2l_8callisto6entity5testss_28test_unordered_scenario_file0B7_
FN:1829,_RNCNvNtNtCsgE9SocY5l2l_8callisto6entity5testss_17test_jam_missiles0B7_
FN:1858,_RNCNvNtNtCsgE9SocY5l2l_8callisto6entity5testss_17test_jam_missiless_0B7_
FN:1882,_RNCNvNtNtCsgE9SocY5l2l_8callisto6entity5testss_16test_sensor_lock0B7_
FN:1890,_RNCNvNtNtCsgE9SocY5l2l_8callisto6entity5testss_16test_sensor_locks_0B7_
FN:1923,_RNCNvNtNtCsgE9SocY5l2l_8callisto6entity5testss_22test_break_sensor_lock0B7_
FN:1937,_RNCNvNtNtCsgE9SocY5l2l_8callisto6entity5testss_22test_break_sensor_locks_0B7_
FN:1963,_RNCNvNtNtCsgE9SocY5l2l_8callisto6entity5testss_14test_jam_comms0B7_
FN:1970,_RNCNvNtNtCsgE9SocY5l2l_8callisto6entity5testss_14test_jam_commss_0B7_
FN:64,_RNCNvXNtCsgE9SocY5l2l_8callisto6entityNtB4_8EntitiesNtNtCsdwlQpJenJj9_4core3cmp9PartialEq2eq0B6_
FN:65,_RNCNvXNtCsgE9SocY5l2l_8callisto6entityNtB4_8EntitiesNtNtCsdwlQpJenJj9_4core3cmp9PartialEq2eqs_0B6_
FN:66,_RNCNvXNtCsgE9SocY5l2l_8callisto6entityNtB4_8EntitiesNtNtCsdwlQpJenJj9_4core3cmp9PartialEq2eqs0_0B6_
FN:70,_RNCNvXNtCsgE9SocY5l2l_8callisto6entityNtB4_8EntitiesNtNtCsdwlQpJenJj9_4core3cmp9PartialEq2eqs1_0B6_
FN:74,_RNCNvXNtCsgE9SocY5l2l_8callisto6entityNtB4_8EntitiesNtNtCsdwlQpJenJj9_4core3cmp9PartialEq2eqs2_0B6_
FN:78,_RNCNvXNtCsgE9SocY5l2l_8callisto6entityNtB4_8EntitiesNtNtCsdwlQpJenJj9_4core3cmp9PartialEq2eqs3_0B6_
FN:113,_RNCNvMs_NtCsgE9SocY5l2l_8callisto6entityNtB6_8Entities14load_from_file0B8_
[...]
FNDA:19,_RNvXs4_NtCsgE9SocY5l2l_8callisto4shipNtB5_6WeaponNtNtCsdwlQpJenJj9_4core3cmp10PartialOrd11partial_cmp
FNDA:19,_RNvXs5_NtCsgE9SocY5l2l_8callisto4shipNtB5_6WeaponNtNtCsdwlQpJenJj9_4core3cmp3Ord3cmp
FNDA:14,_RNvMs6_NtCsgE9SocY5l2l_8callisto4shipNtB5_7Sensors3max
FNDA:10,_RNvXs7_NtCsgE9SocY5l2l_8callisto4shiplINtNtCsdwlQpJenJj9_4core7convert4FromNtB5_7SensorsE4from
FNDA:10,_RNvXs9_NtCsgE9SocY5l2l_8callisto4shipNtB5_7SensorsINtNtNtCsdwlQpJenJj9_4core3ops5arith3SublE3sub
FNDA:4,_RNvXsa_NtCsgE9SocY5l2l_8callisto4shiplINtNtCsdwlQpJenJj9_4core7convert4FromNtB5_7StealthE4from
FNDA:5,_RNvMsf_NtCsgE9SocY5l2l_8callisto4shipNtB5_10WeaponType8is_laser
FNDA:56,_RNvMsf_NtCsgE9SocY5l2l_8callisto4shipNtB5_10WeaponType8in_range
FNDA:2,_RNvMsh_NtCsgE9SocY5l2l_8callisto4shipNtB5_18InvalidThrustError7get_msg
FNDA:1,_RNvXsi_NtCsgE9SocY5l2l_8callisto4shipNtB5_18InvalidThrustErrorNtNtCsdwlQpJenJj9_4core5error5Error6source
FNDA:1,_RNvXsj_NtCsgE9SocY5l2l_8callisto4shipNtB5_18InvalidThrustErrorNtNtCsdwlQpJenJj9_4core3fmt7Display3fmt
FNDA:411,_RNvXsk_NtCsgE9SocY5l2l_8callisto4shipNtB5_9AccelPairINtNtCsdwlQpJenJj9_4core7convert4FromTINtNtCs8cvKbb9jPo_6cgmath6vector7Vector3dEyEE4from
FNDA:217,_RNvMsm_NtCsgE9SocY5l2l_8callisto4shipNtB5_9AccelPair9in_limits
FNDA:4,_RNvNtCsgE9SocY5l2l_8callisto4ship11renormalize
FNDA:92,_RNvXso_NtCsgE9SocY5l2l_8callisto4shipNtB5_10FlightPlanNtNtCsdwlQpJenJj9_4core7default7Default7default
FNDA:259,_RNvMsp_NtCsgE9SocY5l2l_8callisto4shipNtB5_10FlightPlan3new
FNDA:2,_RNvMsp_NtCsgE9SocY5l2l_8callisto4shipNtB5_10FlightPlan12acceleration
FNDA:7,_RNvMsp_NtCsgE9SocY5l2l_8callisto4shipNtB5_10FlightPlan9set_first
FNDA:11,_RNvMsp_NtCsgE9SocY5l2l_8callisto4shipNtB5_10FlightPlan10set_second
FNDA:60,_RNvMsp_NtCsgE9SocY5l2l_8callisto4shipNtB5_10FlightPlan10has_second
FNDA:2,_RNvMsp_NtCsgE9SocY5l2l_8callisto4shipNtB5_10FlightPlan8duration
FNDA:48,_RNvMsp_NtCsgE9SocY5l2l_8callisto4shipNtB5_10FlightPlan5empty
FNDA:13,_RNvMsp_NtCsgE9SocY5l2l_8callisto4shipNtB5_10FlightPlan19ensure_thrust_limit
FNDA:71,_RNvMsp_NtCsgE9SocY5l2l_8callisto4shipNtB5_10FlightPlan12advance_time
FNDA:114,_RNvMsp_NtCsgE9SocY5l2l_8callisto4shipNtB5_10FlightPlan4iter
FNDA:41,_RNvXsq_NtCsgE9SocY5l2l_8callisto4shipNtB5_18ShipDesignTemplateNtNtCsdwlQpJenJj9_4core7default7Default7default
FNDA:77,_RNvNtCsgE9SocY5l2l_8callisto4ship12digit_to_int
FNDA:72,_RNvNtCsgE9SocY5l2l_8callisto4ship12int_to_digit
FNDA:9,_RNCINvMNvNtCs24HmxZt1CvP_8callisto4shipsg_1__NtB7_16TemplateNameOnly9serializeNtNtNtCs3LCPAjl3QLA_10serde_json5value3ser10SerializerE0CsibFzNM8H52O_9webserver
FNDA:9,_RNCNCNvNtCs24HmxZt1CvP_8callisto4ship26config_test_ship_templates00CsibFzNM8H52O_9webserver
FNDA:130,_RNCNCNvNtCs24HmxZt1CvP_8callisto4ship29load_ship_templates_from_file00CsibFzNM8H52O_9webserver
FNDA:10,_RNCNvNtCs24HmxZt1CvP_8callisto4ship26config_test_ship_templates0CsibFzNM8H52O_9webserver
FNDA:10,_RNCNvNtCs24HmxZt1CvP_8callisto4ship29load_ship_templates_from_file0CsibFzNM8H52O_9webserver
FNF:104
FNH:102
DA:25,0
DA:151,0
DA:152,0
DA:153,0
DA:181,102
DA:182,102
DA:183,102
DA:184,102
DA:185,102
DA:186,102
DA:187,102
DA:188,102
DA:189,102
DA:190,102
DA:191,102
DA:192,102
DA:193,102
DA:194,102
DA:195,102
DA:196,102
DA:197,102
DA:198,102
DA:199,102
DA:200,102
DA:201,102
DA:202,102
DA:203,102
DA:204,102
DA:205,102
DA:206,102
DA:208,11
DA:209,11
DA:210,11
DA:211,11
DA:212,11
DA:213,11
DA:214,11
DA:215,11
DA:216,11
DA:217,11
DA:218,11
DA:219,11
DA:220,11
DA:221,11
DA:228,14
DA:229,14
DA:230,14
DA:231,14
DA:232,14
DA:233,14
DA:234,14
DA:235,14
DA:236,14
DA:237,14
DA:238,14
DA:239,14
DA:240,14
DA:241,14
DA:242,12
DA:243,4
DA:244,3
DA:245,3
DA:247,1
DA:250,8
DA:251,8
DA:254,2
DA:256,14
DA:259,44
DA:260,44
DA:261,44
DA:262,44
DA:263,44
DA:266,130
DA:267,130
DA:268,130
DA:271,158
DA:272,158
DA:273,158
DA:275,114
DA:276,114
DA:277,114
DA:280,118
DA:281,118
DA:282,118
DA:285,60
DA:286,60
DA:287,60
DA:290,106
DA:291,106
DA:292,106
DA:294,1
DA:295,1
DA:296,1
DA:303,12
DA:304,12
DA:305,12
DA:306,12
DA:307,12
DA:308,12
DA:311,9
DA:312,9
DA:313,2
DA:314,2
DA:315,2
DA:316,2
DA:317,2
DA:318,2
DA:319,2
DA:320,2
DA:321,2
DA:322,2
DA:325,10
DA:326,7
DA:327,7
DA:330,10
DA:331,6
DA:333,1
DA:334,1
DA:335,1
DA:336,1
DA:338,5
DA:339,5
DA:342,4
DA:343,4
DA:347,12
DA:349,3
DA:350,3
DA:351,0
DA:352,3
DA:353,3
DA:354,3
DA:357,18
DA:358,18
DA:359,18
DA:360,43
DA:361,43
DA:362,43
DA:363,43
DA:366,99
DA:367,99
DA:368,99
DA:372,4
DA:373,4
DA:374,4
DA:378,8
DA:379,8
DA:380,8
DA:381,8
DA:382,8
DA:386,1231
DA:387,1231
DA:388,1231
DA:390,9
DA:391,9
DA:392,9
DA:394,632
DA:395,632
DA:396,632
DA:398,6
DA:399,6
DA:400,6
DA:402,153
DA:403,153
DA:404,153
DA:406,2
DA:407,2
DA:408,2
DA:410,53
DA:411,53
DA:412,53
DA:413,53
DA:414,53
DA:416,2
DA:417,51
DA:418,51
DA:419,51
DA:420,42
DA:421,42
DA:422,42
DA:423,42
DA:424,42
DA:425,42
DA:426,42
DA:429,9
DA:430,9
DA:431,9
DA:433,9
DA:434,9
DA:435,9
DA:436,9
DA:437,9
DA:438,9
DA:439,9
DA:440,9
DA:441,9
DA:442,9
DA:443,9
DA:444,9
DA:445,9
DA:447,51
DA:448,53
DA:465,119
DA:466,99
DA:467,99
DA:468,99
DA:469,99
DA:477,51
DA:478,51
DA:479,51
DA:480,51
DA:481,51
DA:484,51
DA:485,51
DA:486,663
DA:487,663
DA:488,663
DA:489,663
DA:490,51
DA:491,51
DA:492,51
DA:493,51
DA:500,33
DA:502,33
DA:503,33
DA:504,33
DA:505,33
DA:506,31
DA:507,33
DA:508,33
DA:514,49
DA:515,49
DA:516,49
DA:518,49
DA:519,0
DA:520,2
DA:521,7
DA:522,39
DA:523,1
DA:526,49
DA:527,1
DA:528,48
DA:529,48
DA:530,48
DA:531,48
DA:532,48
DA:533,48
DA:534,48
DA:535,48
DA:536,48
DA:537,49
DA:541,19
DA:542,19
DA:543,19
DA:547,19
DA:548,19
DA:549,19
DA:550,19
DA:551,19
DA:552,1
DA:553,2
DA:554,1
DA:555,1
DA:556,2
DA:557,1
DA:558,1
DA:559,2
DA:560,2
DA:561,1
DA:562,3
DA:563,1
DA:564,1
DA:566,19
DA:571,14
DA:572,14
DA:573,2
DA:575,12
DA:577,14
DA:580,10
DA:581,10
DA:582,2
DA:583,2
DA:584,2
DA:585,2
DA:586,2
DA:588,10
DA:592,18
DA:593,18
DA:594,4
DA:595,4
DA:596,4
DA:597,3
DA:598,3
DA:600,18
DA:606,10
DA:607,10
DA:608,10
DA:609,10
DA:610,10
DA:611,4
DA:615,6
DA:617,10
DA:621,4
DA:622,4
DA:623,2
DA:624,1
DA:625,1
DA:627,4
DA:631,6
DA:632,6
DA:633,2
DA:634,2
DA:635,1
DA:636,1
DA:638,6
DA:642,14
DA:643,14
DA:644,14
DA:648,100
DA:649,100
DA:650,23
DA:651,20
DA:652,29
DA:653,10
DA:654,18
DA:656,100
DA:660,21
DA:661,21
DA:662,1
DA:663,13
DA:664,2
DA:665,0
DA:666,0
DA:668,1
DA:669,1
DA:670,2
DA:671,2
DA:673,1
DA:675,21
DA:680,5
DA:681,5
DA:682,5
DA:688,56
DA:689,56
DA:690,21
DA:691,14
DA:692,4
DA:693,17
DA:695,56
DA:699,11
DA:700,11
DA:701,1
DA:702,1
DA:703,1
DA:704,1
DA:705,1
DA:706,1
DA:707,1
DA:708,1
DA:709,1
DA:710,1
DA:711,1
DA:713,11
DA:721,2
DA:722,2
DA:723,2
DA:727,1
DA:728,1
DA:729,1
DA:733,1
DA:734,1
DA:735,1
DA:739,106
DA:743,427
DA:744,427
DA:745,427
DA:749,78
DA:750,78
DA:751,78
DA:756,218
DA:757,218
DA:758,218
DA:760,2
DA:772,3
DA:773,3
DA:774,0
DA:775,3
DA:776,0
DA:777,0
DA:779,3
DA:783,4
DA:784,4
DA:785,4
DA:787,106
DA:788,106
DA:789,106
DA:794,267
DA:795,267
DA:796,267
DA:801,2
DA:802,2
DA:803,2
DA:806,7
DA:807,7
DA:808,7
DA:809,7
DA:811,11
DA:812,11
DA:813,11
DA:816,65
DA:817,65
DA:818,65
DA:821,2
DA:822,2
DA:823,2
DA:826,51
DA:827,51
DA:828,51
DA:830,13
DA:831,13
DA:832,2
DA:833,11
DA:835,13
DA:836,4
DA:837,2
DA:838,2
DA:839,9
DA:840,13
DA:850,74
DA:851,74
DA:855,40
DA:856,40
DA:858,34
DA:859,2
DA:860,2
DA:861,2
DA:862,2
DA:863,2
DA:864,2
DA:865,2
DA:866,2
DA:867,2
DA:868,2
DA:869,2
DA:870,2
DA:871,2
DA:872,2
DA:873,2
DA:874,1
DA:876,1
DA:884,32
DA:885,32
DA:886,32
DA:887,32
DA:891,74
DA:893,114
DA:894,114
DA:895,103
DA:897,11
DA:899,114
DA:903,41
DA:904,41
DA:905,41
DA:906,41
DA:907,41
DA:908,41
DA:909,41
DA:910,41
DA:911,41
DA:912,41
DA:913,41
DA:914,41
DA:915,41
DA:916,41
DA:917,41
DA:918,41
DA:919,41
DA:920,41
DA:921,41
DA:922,41
DA:923,41
DA:924,41
DA:925,41
DA:926,41
DA:927,41
DA:928,41
DA:929,41
DA:930,41
DA:931,41
DA:932,41
DA:933,41
DA:934,41
DA:935,41
DA:936,41
DA:937,41
DA:941,77
DA:942,77
DA:943,2
DA:944,2
DA:945,2
DA:946,2
DA:947,2
DA:948,2
DA:949,2
DA:950,2
DA:951,2
DA:952,2
DA:953,2
DA:954,2
DA:955,2
DA:956,2
DA:957,2
DA:958,2
DA:959,2
DA:960,2
DA:961,2
DA:962,2
DA:963,2
DA:964,2
DA:965,2
DA:966,2
DA:967,2
DA:968,2
DA:969,2
DA:970,2
DA:971,2
DA:972,2
DA:973,2
DA:974,2
DA:975,2
DA:976,2
DA:977,9
DA:979,68
DA:982,72
DA:983,72
DA:984,72
DA:985,52
DA:986,36
DA:987,26
DA:988,4
DA:990,68
DA:998,1
DA:1039,1
DA:1080,1
DA:1084,9
DA:1089,1
DA:1093,4
DA:1098,1
DA:1108,1
DA:1151,1
DA:1193,1
DA:1246,1
DA:1297,1
DA:1351,1
DA:1374,1
DA:1426,1
DA:1464,1
DA:1484,1
DA:1515,1
DA:1587,1
DA:1608,1
DA:1685,1
DA:1686,1
DA:1687,1
DA:1688,1
DA:1689,1
DA:1690,1
DA:1693,1
DA:1694,1
DA:1695,1
DA:1696,1
DA:1697,1
DA:1698,1
DA:1701,1
DA:1702,1
DA:1703,1
DA:1704,1
DA:1705,1
DA:1707,1
DA:1708,1
DA:1709,1
DA:1710,1
DA:1713,1
DA:1714,1
DA:1715,1
DA:1716,1
DA:1717,1
DA:1718,1
DA:1719,1
DA:1722,1
DA:1723,1
DA:1724,1
DA:1725,1
DA:1726,1
DA:1728,1
DA:1729,1
DA:1730,1
DA:1731,1
DA:1734,1
DA:1735,1
DA:1736,1
DA:1737,1
DA:1738,1
DA:1739,1
DA:1740,1
DA:1741,1
DA:1742,1
DA:1744,6
DA:1745,5
DA:1746,5
DA:1748,1
DA:1751,1
DA:1752,1
DA:1753,1
DA:1754,1
DA:1755,1
DA:1756,1
DA:1757,1
DA:1758,1
DA:1759,1
DA:1760,1
DA:1761,1
DA:1762,1
DA:1763,1
DA:1764,1
DA:1765,1
DA:1766,1
DA:1767,1
DA:1768,1
DA:1769,1
DA:1770,1
DA:1773,1
DA:1780,1
DA:1781,1
DA:1782,1
DA:1783,1
DA:1786,1
DA:1787,1
DA:1788,1
DA:1789,1
DA:1792,1
DA:1793,1
DA:1794,1
DA:1795,1
DA:1798,1
DA:1799,1
DA:1800,1
DA:1801,1
DA:1802,1
DA:1803,1
DA:1804,1
DA:1805,1
DA:1806,1
DA:1807,1
DA:1808,1
DA:1809,1
DA:1810,1
DA:1811,1
DA:1813,12
DA:1814,11
DA:1816,1
BRF:0
BRH:0
LF:667
LH:656
end_of_record
SF:/Users/dan/dev/callisto/callisto/src/tests.rs
FN:25,_RNvNtCsgE9SocY5l2l_8callisto5tests19setup_authenticator
FN:29,_RNvNtCsgE9SocY5l2l_8callisto5tests22setup_test_with_server
FN:39,_RNvNtCsgE9SocY5l2l_8callisto5testss_15test_simple_get
FN:39,_RNvNtNCNvNtCsgE9SocY5l2l_8callisto5testss_15test_simple_get04init4init
FN:50,_RNvNtCsgE9SocY5l2l_8callisto5testss_13test_add_ship
FN:50,_RNvNtNCNvNtCsgE9SocY5l2l_8callisto5testss_13test_add_ship04init4init
FN:89,_RNvNtCsgE9SocY5l2l_8callisto5testss_20test_add_planet_ship
FN:89,_RNvNtNCNvNtCsgE9SocY5l2l_8callisto5testss_20test_add_planet_ship04init4init
FN:254,_RNvNtCsgE9SocY5l2l_8callisto5testss_16test_update_ship
FN:254,_RNvNtNCNvNtCsgE9SocY5l2l_8callisto5testss_16test_update_ship04init4init
FN:278,_RNvNtCsgE9SocY5l2l_8callisto5testss_19test_update_missile
FN:278,_RNvNtNCNvNtCsgE9SocY5l2l_8callisto5testss_19test_update_missile04init4init
FN:349,_RNvNtCsgE9SocY5l2l_8callisto5testss_16test_remove_ship
FN:349,_RNvNtNCNvNtCsgE9SocY5l2l_8callisto5testss_16test_remove_ship04init4init
FN:373,_RNvNtCsgE9SocY5l2l_8callisto5testss_21test_set_acceleration
FN:373,_RNvNtNCNvNtCsgE9SocY5l2l_8callisto5testss_21test_set_acceleration04init4init
FN:406,_RNvNtCsgE9SocY5l2l_8callisto5testss_23test_compute_path_basic
FN:406,_RNvNtNCNvNtCsgE9SocY5l2l_8callisto5testss_23test_compute_path_basic04init4init
FN:457,_RNvNtCsgE9SocY5l2l_8callisto5testss_31test_compute_path_with_standoff
FN:457,_RNvNtNCNvNtCsgE9SocY5l2l_8callisto5testss_31test_compute_path_with_standoff04init4init
FN:514,_RNvNtCsgE9SocY5l2l_8callisto5testss_22test_exhausted_missile
FN:514,_RNvNtNCNvNtCsgE9SocY5l2l_8callisto5testss_22test_exhausted_missile04init4init
FN:560,_RNvNtCsgE9SocY5l2l_8callisto5testss_17test_destroy_ship
FN:560,_RNvNtNCNvNtCsgE9SocY5l2l_8callisto5testss_17test_destroy_ship04init4init
FN:596,_RNvNtCsgE9SocY5l2l_8callisto5testss_16test_called_shot
FN:596,_RNvNtNCNvNtCsgE9SocY5l2l_8callisto5testss_16test_called_shot04init4init
FN:656,_RNvNtCsgE9SocY5l2l_8callisto5testss_14test_big_fight
FN:656,_RNvNtNCNvNtCsgE9SocY5l2l_8callisto5testss_14test_big_fight04init4init
FN:746,_RNvNtCsgE9SocY5l2l_8callisto5testss_20test_fight_with_crew
FN:746,_RNvNtNCNvNtCsgE9SocY5l2l_8callisto5testss_20test_fight_with_crew04init4init
FN:845,_RNvNtCsgE9SocY5l2l_8callisto5testss_13test_slugfest
FN:845,_RNvNtNCNvNtCsgE9SocY5l2l_8callisto5testss_13test_slugfest04init4init
FN:927,_RNvNtCsgE9SocY5l2l_8callisto5testss_17test_get_entities
FN:927,_RNvNtNCNvNtCsgE9SocY5l2l_8callisto5testss_17test_get_entities04init4init
FN:989,_RNvNtCsgE9SocY5l2l_8callisto5testss_16test_get_designs
FN:989,_RNvNtNCNvNtCsgE9SocY5l2l_8callisto5testss_16test_get_designs04init4init
FN:998,_RNvNtCsgE9SocY5l2l_8callisto5testss_25test_missile_impact_close
FN:998,_RNvNtNCNvNtCsgE9SocY5l2l_8callisto5testss_25test_missile_impact_close04init4init
FN:1070,_RNvNtCsgE9SocY5l2l_8callisto5testss_16test_set_agility
FN:1070,_RNvNtNCNvNtCsgE9SocY5l2l_8callisto5testss_16test_set_agility04init4init
FN:1110,_RNvNtCsgE9SocY5l2l_8callisto5testss_33test_set_pilot_actions_aid_gunner
FN:1110,_RNvNtNCNvNtCsgE9SocY5l2l_8callisto5testss_33test_set_pilot_actions_aid_gunner04init4init
FN:1173,_RNvNtCsgE9SocY5l2l_8callisto5testss_18test_load_scenario
FN:29,_RNCNvNtCsgE9SocY5l2l_8callisto5tests22setup_test_with_server0B5_
FN:301,_RNCNCNvNtCsgE9SocY5l2l_8callisto5testss_19test_update_missile00B7_
FN:553,_RNCNCNvNtCsgE9SocY5l2l_8callisto5testss_22test_exhausted_missile00B7_
FN:636,_RNCNCNvNtCsgE9SocY5l2l_8callisto5testss_16test_called_shot00B7_
FN:626,_RNCNCNvNtCsgE9SocY5l2l_8callisto5testss_16test_called_shot0s_0B7_
FN:642,_RNCNCNvNtCsgE9SocY5l2l_8callisto5testss_16test_called_shot0s0_0B7_
FN:650,_RNCNCNvNtCsgE9SocY5l2l_8callisto5testss_16test_called_shot0s1_0B7_
FN:651,_RNCNCNvNtCsgE9SocY5l2l_8callisto5testss_16test_called_shot0s2_0B7_
FN:696,_RNCNCNvNtCsgE9SocY5l2l_8callisto5testss_14test_big_fight00B7_
FN:705,_RNCNCNvNtCsgE9SocY5l2l_8callisto5testss_14test_big_fight0s_0B7_
FN:710,_RNCNCNvNtCsgE9SocY5l2l_8callisto5testss_14test_big_fight0s0_0B7_
FN:795,_RNCNCNvNtCsgE9SocY5l2l_8callisto5testss_20test_fight_with_crew00B7_
FN:804,_RNCNCNvNtCsgE9SocY5l2l_8callisto5testss_20test_fight_with_crew0s_0B7_
FN:809,_RNCNCNvNtCsgE9SocY5l2l_8callisto5testss_20test_fight_with_crew0s0_0B7_
FN:1020,_RNCNCNvNtCsgE9SocY5l2l_8callisto5testss_25test_missile_impact_close00B7_
FN:1026,_RNCNCNvNtCsgE9SocY5l2l_8callisto5testss_25test_missile_impact_close0s_0B7_
FN:1050,_RNCNCNvNtCsgE9SocY5l2l_8callisto5testss_25test_missile_impact_close0s0_0B7_
FN:1056,_RNCNCNvNtCsgE9SocY5l2l_8callisto5testss_25test_missile_impact_close0s1_0B7_
FN:1173,_RNCNvNtCsgE9SocY5l2l_8callisto5testss_18test_load_scenario0B5_
FNDA:21,_RNvNtCsgE9SocY5l2l_8callisto5tests19setup_authenticator
FNDA:21,_RNvNtCsgE9SocY5l2l_8callisto5tests22setup_test_with_server
FNDA:1,_RNvNtCsgE9SocY5l2l_8callisto5testss_15test_simple_get
FNDA:1,_RNvNtNCNvNtCsgE9SocY5l2l_8callisto5testss_15test_simple_get04init4init
FNDA:1,_RNvNtCsgE9SocY5l2l_8callisto5testss_13test_add_ship
FNDA:1,_RNvNtNCNvNtCsgE9SocY5l2l_8callisto5testss_13test_add_ship04init4init
FNDA:1,_RNvNtCsgE9SocY5l2l_8callisto5testss_20test_add_planet_ship
FNDA:1,_RNvNtNCNvNtCsgE9SocY5l2l_8callisto5testss_20test_add_planet_ship04init4init
FNDA:1,_RNvNtCsgE9SocY5l2l_8callisto5testss_16test_update_ship
FNDA:1,_RNvNtNCNvNtCsgE9SocY5l2l_8callisto5testss_16test_update_ship04init4init
FNDA:1,_RNvNtCsgE9SocY5l2l_8callisto5testss_19test_update_missile
FNDA:1,_RNvNtNCNvNtCsgE9SocY5l2l_8callisto5testss_19test_update_missile04init4init
FNDA:1,_RNvNtCsgE9SocY5l2l_8callisto5testss_16test_remove_ship
FNDA:1,_RNvNtNCNvNtCsgE9SocY5l2l_8callisto5testss_16test_remove_ship04init4init
FNDA:1,_RNvNtCsgE9SocY5l2l_8callisto5testss_21test_set_acceleration
FNDA:1,_RNvNtNCNvNtCsgE9SocY5l2l_8callisto5testss_21test_set_acceleration04init4init
FNDA:1,_RNvNtCsgE9SocY5l2l_8callisto5testss_23test_compute_path_basic
FNDA:1,_RNvNtNCNvNtCsgE9SocY5l2l_8callisto5testss_23test_compute_path_basic04init4init
FNDA:1,_RNvNtCsgE9SocY5l2l_8callisto5testss_31test_compute_path_with_standoff
FNDA:1,_RNvNtNCNvNtCsgE9SocY5l2l_8callisto5testss_31test_compute_path_with_standoff04init4init
FNDA:1,_RNvNtCsgE9SocY5l2l_8callisto5testss_22test_exhausted_missile
FNDA:1,_RNvNtNCNvNtCsgE9SocY5l2l_8callisto5testss_22test_exhausted_missile04init4init
FNDA:1,_RNvNtCsgE9SocY5l2l_8callisto5testss_17test_destroy_ship
FNDA:1,_RNvNtNCNvNtCsgE9SocY5l2l_8callisto5testss_17test_destroy_ship04init4init
FNDA:1,_RNvNtCsgE9SocY5l2l_8callisto5testss_16test_called_shot
FNDA:1,_RNvNtNCNvNtCsgE9SocY5l2l_8callisto5testss_16test_called_shot04init4init
FNDA:1,_RNvNtCsgE9SocY5l2l_8callisto5testss_14test_big_fight
FNDA:1,_RNvNtNCNvNtCsgE9SocY5l2l_8callisto5testss_14test_big_fight04init4init
FNDA:1,_RNvNtCsgE9SocY5l2l_8callisto5testss_20test_fight_with_crew
FNDA:1,_RNvNtNCNvNtCsgE9SocY5l2l_8callisto5testss_20test_fight_with_crew04init4init
FNDA:1,_RNvNtCsgE9SocY5l2l_8callisto5testss_13test_slugfest
FNDA:1,_RNvNtNCNvNtCsgE9SocY5l2l_8callisto5testss_13test_slugfest04init4init
FNDA:1,_RNvNtCsgE9SocY5l2l_8callisto5testss_17test_get_entities
FNDA:1,_RNvNtNCNvNtCsgE9SocY5l2l_8callisto5testss_17test_get_entities04init4init
FNDA:1,_RNvNtCsgE9SocY5l2l_8callisto5testss_16test_get_designs
FNDA:1,_RNvNtNCNvNtCsgE9SocY5l2l_8callisto5testss_16test_get_designs04init4init
FNDA:1,_RNvNtCsgE9SocY5l2l_8callisto5testss_25test_missile_impact_close
FNDA:1,_RNvNtNCNvNtCsgE9SocY5l2l_8callisto5testss_25test_missile_impact_close04init4init
FNDA:1,_RNvNtCsgE9SocY5l2l_8callisto5testss_16test_set_agility
FNDA:1,_RNvNtNCNvNtCsgE9SocY5l2l_8callisto5testss_16test_set_agility04init4init
FNDA:1,_RNvNtCsgE9SocY5l2l_8callisto5testss_33test_set_pilot_actions_aid_gunner
FNDA:1,_RNvNtNCNvNtCsgE9SocY5l2l_8callisto5testss_33test_set_pilot_actions_aid_gunner04init4init
FNDA:1,_RNvNtCsgE9SocY5l2l_8callisto5testss_18test_load_scenario
FNDA:21,_RNCNvNtCsgE9SocY5l2l_8callisto5tests22setup_test_with_server0B5_
FNDA:1,_RNCNCNvNtCsgE9SocY5l2l_8callisto5testss_19test_update_missile00B7_
FNDA:3,_RNCNCNvNtCsgE9SocY5l2l_8callisto5testss_22test_exhausted_missile00B7_
FNDA:14,_RNCNCNvNtCsgE9SocY5l2l_8callisto5testss_16test_called_shot00B7_
FNDA:3,_RNCNCNvNtCsgE9SocY5l2l_8callisto5testss_16test_called_shot0s_0B7_
FNDA:7,_RNCNCNvNtCsgE9SocY5l2l_8callisto5testss_16test_called_shot0s0_0B7_
FNDA:7,_RNCNCNvNtCsgE9SocY5l2l_8callisto5testss_16test_called_shot0s1_0B7_
FNDA:1,_RNCNCNvNtCsgE9SocY5l2l_8callisto5testss_16test_called_shot0s2_0B7_
FNDA:22,_RNCNCNvNtCsgE9SocY5l2l_8callisto5testss_14test_big_fight00B7_
FNDA:12,_RNCNCNvNtCsgE9SocY5l2l_8callisto5testss_14test_big_fight0s_0B7_
FNDA:7,_RNCNCNvNtCsgE9SocY5l2l_8callisto5testss_14test_big_fight0s0_0B7_
FNDA:21,_RNCNCNvNtCsgE9SocY5l2l_8callisto5testss_20test_fight_with_crew00B7_
FNDA:8,_RNCNCNvNtCsgE9SocY5l2l_8callisto5testss_20test_fight_with_crew0s_0B7_
FNDA:5,_RNCNCNvNtCsgE9SocY5l2l_8callisto5testss_20test_fight_with_crew0s0_0B7_
FNDA:5,_RNCNCNvNtCsgE9SocY5l2l_8callisto5testss_25test_missile_impact_close00B7_
FNDA:5,_RNCNCNvNtCsgE9SocY5l2l_8callisto5testss_25test_missile_impact_close0s_0B7_
FNDA:5,_RNCNCNvNtCsgE9SocY5l2l_8callisto5testss_25test_missile_impact_close0s0_0B7_
FNDA:5,_RNCNCNvNtCsgE9SocY5l2l_8callisto5testss_25test_missile_impact_close0s1_0B7_
FNDA:1,_RNCNvNtCsgE9SocY5l2l_8callisto5testss_18test_load_scenario0B5_
FNF:42
FNH:42
DA:25,21
DA:26,21
DA:27,21
DA:29,21
DA:30,21
DA:31,21
DA:33,21
DA:34,21
DA:39,2
DA:50,2
DA:89,2
DA:254,2
DA:278,2
DA:301,5
DA:349,2
DA:373,2
DA:406,2
DA:457,2
DA:514,2
DA:553,3
DA:560,2
DA:596,2
DA:626,3
DA:636,14
DA:642,7
DA:650,7
DA:651,1
DA:656,2
DA:696,22
DA:697,22
DA:698,15
DA:700,7
DA:702,22
DA:705,12
DA:710,7
DA:746,2
DA:795,21
DA:796,21
DA:797,16
DA:799,5
DA:801,21
DA:804,8
DA:809,5
DA:845,2
DA:927,2
DA:989,2
DA:998,2
DA:1020,5
DA:1026,5
DA:1050,5
DA:1056,5
DA:1070,2
DA:1110,2
DA:1173,1
DA:1174,1
DA:1175,1
DA:1176,1
DA:1177,1
DA:1178,1
DA:1179,1
DA:1180,1
DA:1181,1
DA:1182,1
DA:1183,1
DA:1184,1
DA:1185,1
DA:1186,1
DA:1187,1
DA:1188,1
DA:1189,1
DA:1190,1
DA:1191,1
DA:1192,1
DA:1193,1
DA:1194,1
DA:1195,1
DA:1196,1
DA:1197,1
DA:1198,1
DA:1199,1
DA:1200,1
DA:1201,1
DA:1202,1
DA:1203,1
DA:1204,1
DA:1205,1
DA:1206,1
DA:1207,1
DA:1208,1
DA:1209,1
DA:1210,1
DA:1211,1
DA:1212,1
DA:1213,1
DA:1214,1
DA:1215,1
DA:1216,1
DA:1217,1
DA:1218,1
DA:1219,1
DA:1220,1
DA:1221,1
DA:1222,1
DA:1223,1
DA:1224,1
DA:1225,1
DA:1226,1
DA:1227,1
DA:1228,1
DA:1229,1
DA:1230,1
DA:1231,1
DA:1232,1
DA:1233,1
DA:1234,1
DA:1235,1
DA:1236,1
BRF:0
BRH:0
LF:159
LH:159
end_of_record